[0.496s] Invoking command in '/home/apoire/Documents/Robotica/robotica/ROSberta/build/ros_gz_example_application': CMAKE_PREFIX_PATH=${CMAKE_PREFIX_PATH}:/opt/ros/jazzy DEBUGINFOD_URLS=https://debuginfod.ubuntu.com /usr/bin/cmake /home/apoire/Documents/Robotica/robotica/ROSberta/src/ros_gz_project_template/ros_gz_example_application -DBUILD_TESTING=ON -DCMAKE_INSTALL_PREFIX=/home/apoire/Documents/Robotica/robotica/ROSberta/install/ros_gz_example_application
[0.512s] -- Found ament_cmake: 2.5.2 (/opt/ros/jazzy/share/ament_cmake/cmake)
[0.843s] -- Configuring done (0.3s)
[0.848s] -- Generating done (0.0s)
[0.851s] -- Build files have been written to: /home/apoire/Documents/Robotica/robotica/ROSberta/build/ros_gz_example_application
[0.855s] Invoked command in '/home/apoire/Documents/Robotica/robotica/ROSberta/build/ros_gz_example_application' returned '0': CMAKE_PREFIX_PATH=${CMAKE_PREFIX_PATH}:/opt/ros/jazzy DEBUGINFOD_URLS=https://debuginfod.ubuntu.com /usr/bin/cmake /home/apoire/Documents/Robotica/robotica/ROSberta/src/ros_gz_project_template/ros_gz_example_application -DBUILD_TESTING=ON -DCMAKE_INSTALL_PREFIX=/home/apoire/Documents/Robotica/robotica/ROSberta/install/ros_gz_example_application
[0.856s] Invoking command in '/home/apoire/Documents/Robotica/robotica/ROSberta/build/ros_gz_example_application': CMAKE_PREFIX_PATH=${CMAKE_PREFIX_PATH}:/opt/ros/jazzy DEBUGINFOD_URLS=https://debuginfod.ubuntu.com /usr/bin/cmake --build /home/apoire/Documents/Robotica/robotica/ROSberta/build/ros_gz_example_application -- -j12 -l12
[0.906s] Invoked command in '/home/apoire/Documents/Robotica/robotica/ROSberta/build/ros_gz_example_application' returned '0': CMAKE_PREFIX_PATH=${CMAKE_PREFIX_PATH}:/opt/ros/jazzy DEBUGINFOD_URLS=https://debuginfod.ubuntu.com /usr/bin/cmake --build /home/apoire/Documents/Robotica/robotica/ROSberta/build/ros_gz_example_application -- -j12 -l12
[0.907s] Invoking command in '/home/apoire/Documents/Robotica/robotica/ROSberta/build/ros_gz_example_application': CMAKE_PREFIX_PATH=${CMAKE_PREFIX_PATH}:/opt/ros/jazzy DEBUGINFOD_URLS=https://debuginfod.ubuntu.com /usr/bin/cmake --install /home/apoire/Documents/Robotica/robotica/ROSberta/build/ros_gz_example_application
[0.917s] -- Install configuration: ""
[0.917s] -- Up-to-date: /home/apoire/Documents/Robotica/robotica/ROSberta/install/ros_gz_example_application/share/ament_index/resource_index/package_run_dependencies/ros_gz_example_application
[0.918s] -- Installing: /home/apoire/Documents/Robotica/robotica/ROSberta/install/ros_gz_example_application/share/ament_index/resource_index/parent_prefix_path/ros_gz_example_application
[0.918s] -- Up-to-date: /home/apoire/Documents/Robotica/robotica/ROSberta/install/ros_gz_example_application/share/ros_gz_example_application/environment/ament_prefix_path.sh
[0.918s] -- Up-to-date: /home/apoire/Documents/Robotica/robotica/ROSberta/install/ros_gz_example_application/share/ros_gz_example_application/environment/ament_prefix_path.dsv
[0.918s] -- Up-to-date: /home/apoire/Documents/Robotica/robotica/ROSberta/install/ros_gz_example_application/share/ros_gz_example_application/environment/path.sh
[0.918s] -- Up-to-date: /home/apoire/Documents/Robotica/robotica/ROSberta/install/ros_gz_example_application/share/ros_gz_example_application/environment/path.dsv
[0.918s] -- Up-to-date: /home/apoire/Documents/Robotica/robotica/ROSberta/install/ros_gz_example_application/share/ros_gz_example_application/local_setup.bash
[0.919s] -- Up-to-date: /home/apoire/Documents/Robotica/robotica/ROSberta/install/ros_gz_example_application/share/ros_gz_example_application/local_setup.sh
[0.919s] -- Up-to-date: /home/apoire/Documents/Robotica/robotica/ROSberta/install/ros_gz_example_application/share/ros_gz_example_application/local_setup.zsh
[0.919s] -- Up-to-date: /home/apoire/Documents/Robotica/robotica/ROSberta/install/ros_gz_example_application/share/ros_gz_example_application/local_setup.dsv
[0.919s] -- Installing: /home/apoire/Documents/Robotica/robotica/ROSberta/install/ros_gz_example_application/share/ros_gz_example_application/package.dsv
[0.919s] -- Up-to-date: /home/apoire/Documents/Robotica/robotica/ROSberta/install/ros_gz_example_application/share/ament_index/resource_index/packages/ros_gz_example_application
[0.919s] -- Up-to-date: /home/apoire/Documents/Robotica/robotica/ROSberta/install/ros_gz_example_application/share/ros_gz_example_application/cmake/ros_gz_example_applicationConfig.cmake
[0.919s] -- Up-to-date: /home/apoire/Documents/Robotica/robotica/ROSberta/install/ros_gz_example_application/share/ros_gz_example_application/cmake/ros_gz_example_applicationConfig-version.cmake
[0.920s] -- Up-to-date: /home/apoire/Documents/Robotica/robotica/ROSberta/install/ros_gz_example_application/share/ros_gz_example_application/package.xml
[0.921s] Invoked command in '/home/apoire/Documents/Robotica/robotica/ROSberta/build/ros_gz_example_application' returned '0': CMAKE_PREFIX_PATH=${CMAKE_PREFIX_PATH}:/opt/ros/jazzy DEBUGINFOD_URLS=https://debuginfod.ubuntu.com /usr/bin/cmake --install /home/apoire/Documents/Robotica/robotica/ROSberta/build/ros_gz_example_application
