[0.030s] Invoking command in '/home/apoire/Documents/Robotica/robotica/ROSberta/build/ros_gz_example_description': CMAKE_PREFIX_PATH=${CMAKE_PREFIX_PATH}:/opt/ros/jazzy DEBUGINFOD_URLS=https://debuginfod.ubuntu.com /usr/bin/cmake /home/apoire/Documents/Robotica/robotica/ROSberta/src/ros_gz_project_template/ros_gz_example_description -DBUILD_TESTING=ON -DCMAKE_INSTALL_PREFIX=/home/apoire/Documents/Robotica/robotica/ROSberta/install/ros_gz_example_description
[0.514s] -- Found ament_cmake: 2.5.2 (/opt/ros/jazzy/share/ament_cmake/cmake)
[0.515s] -- Found ament_lint_auto: 0.17.1 (/opt/ros/jazzy/share/ament_lint_auto/cmake)
[0.515s] -- Configuring done (0.3s)
[0.515s] -- Generating done (0.0s)
[0.515s] -- Build files have been written to: /home/apoire/Documents/Robotica/robotica/ROSberta/build/ros_gz_example_description
[0.519s] Invoked command in '/home/apoire/Documents/Robotica/robotica/ROSberta/build/ros_gz_example_description' returned '0': CMAKE_PREFIX_PATH=${CMAKE_PREFIX_PATH}:/opt/ros/jazzy DEBUGINFOD_URLS=https://debuginfod.ubuntu.com /usr/bin/cmake /home/apoire/Documents/Robotica/robotica/ROSberta/src/ros_gz_project_template/ros_gz_example_description -DBUILD_TESTING=ON -DCMAKE_INSTALL_PREFIX=/home/apoire/Documents/Robotica/robotica/ROSberta/install/ros_gz_example_description
[0.520s] Invoking command in '/home/apoire/Documents/Robotica/robotica/ROSberta/build/ros_gz_example_description': CMAKE_PREFIX_PATH=${CMAKE_PREFIX_PATH}:/opt/ros/jazzy DEBUGINFOD_URLS=https://debuginfod.ubuntu.com /usr/bin/cmake --build /home/apoire/Documents/Robotica/robotica/ROSberta/build/ros_gz_example_description -- -j12 -l12
[0.573s] Invoked command in '/home/apoire/Documents/Robotica/robotica/ROSberta/build/ros_gz_example_description' returned '0': CMAKE_PREFIX_PATH=${CMAKE_PREFIX_PATH}:/opt/ros/jazzy DEBUGINFOD_URLS=https://debuginfod.ubuntu.com /usr/bin/cmake --build /home/apoire/Documents/Robotica/robotica/ROSberta/build/ros_gz_example_description -- -j12 -l12
[0.586s] Invoking command in '/home/apoire/Documents/Robotica/robotica/ROSberta/build/ros_gz_example_description': CMAKE_PREFIX_PATH=${CMAKE_PREFIX_PATH}:/opt/ros/jazzy DEBUGINFOD_URLS=https://debuginfod.ubuntu.com /usr/bin/cmake --install /home/apoire/Documents/Robotica/robotica/ROSberta/build/ros_gz_example_description
[0.597s] -- Install configuration: ""
[0.597s] -- Up-to-date: /home/apoire/Documents/Robotica/robotica/ROSberta/install/ros_gz_example_description/share/ros_gz_example_description/models
[0.597s] -- Up-to-date: /home/apoire/Documents/Robotica/robotica/ROSberta/install/ros_gz_example_description/share/ros_gz_example_description/models/rrbot
[0.597s] -- Up-to-date: /home/apoire/Documents/Robotica/robotica/ROSberta/install/ros_gz_example_description/share/ros_gz_example_description/models/rrbot/model.sdf
[0.597s] -- Up-to-date: /home/apoire/Documents/Robotica/robotica/ROSberta/install/ros_gz_example_description/share/ros_gz_example_description/models/diff_drive
[0.597s] -- Up-to-date: /home/apoire/Documents/Robotica/robotica/ROSberta/install/ros_gz_example_description/share/ros_gz_example_description/models/diff_drive/model.sdf
[0.597s] -- Up-to-date: /home/apoire/Documents/Robotica/robotica/ROSberta/install/ros_gz_example_description/share/ros_gz_example_description/models/diff_drive/model.config
[0.597s] -- Up-to-date: /home/apoire/Documents/Robotica/robotica/ROSberta/install/ros_gz_example_description/share/ros_gz_example_description/environment/ros_gz_example_description.dsv
[0.597s] -- Up-to-date: /home/apoire/Documents/Robotica/robotica/ROSberta/install/ros_gz_example_description/share/ros_gz_example_description/environment/ros_gz_example_description.sh
[0.598s] -- Up-to-date: /home/apoire/Documents/Robotica/robotica/ROSberta/install/ros_gz_example_description/share/ament_index/resource_index/package_run_dependencies/ros_gz_example_description
[0.598s] -- Installing: /home/apoire/Documents/Robotica/robotica/ROSberta/install/ros_gz_example_description/share/ament_index/resource_index/parent_prefix_path/ros_gz_example_description
[0.598s] -- Up-to-date: /home/apoire/Documents/Robotica/robotica/ROSberta/install/ros_gz_example_description/share/ros_gz_example_description/environment/ament_prefix_path.sh
[0.598s] -- Up-to-date: /home/apoire/Documents/Robotica/robotica/ROSberta/install/ros_gz_example_description/share/ros_gz_example_description/environment/ament_prefix_path.dsv
[0.598s] -- Up-to-date: /home/apoire/Documents/Robotica/robotica/ROSberta/install/ros_gz_example_description/share/ros_gz_example_description/environment/path.sh
[0.598s] -- Up-to-date: /home/apoire/Documents/Robotica/robotica/ROSberta/install/ros_gz_example_description/share/ros_gz_example_description/environment/path.dsv
[0.598s] -- Up-to-date: /home/apoire/Documents/Robotica/robotica/ROSberta/install/ros_gz_example_description/share/ros_gz_example_description/local_setup.bash
[0.598s] -- Up-to-date: /home/apoire/Documents/Robotica/robotica/ROSberta/install/ros_gz_example_description/share/ros_gz_example_description/local_setup.sh
[0.598s] -- Up-to-date: /home/apoire/Documents/Robotica/robotica/ROSberta/install/ros_gz_example_description/share/ros_gz_example_description/local_setup.zsh
[0.598s] -- Up-to-date: /home/apoire/Documents/Robotica/robotica/ROSberta/install/ros_gz_example_description/share/ros_gz_example_description/local_setup.dsv
[0.599s] -- Installing: /home/apoire/Documents/Robotica/robotica/ROSberta/install/ros_gz_example_description/share/ros_gz_example_description/package.dsv
[0.599s] -- Up-to-date: /home/apoire/Documents/Robotica/robotica/ROSberta/install/ros_gz_example_description/share/ament_index/resource_index/packages/ros_gz_example_description
[0.599s] -- Up-to-date: /home/apoire/Documents/Robotica/robotica/ROSberta/install/ros_gz_example_description/share/ros_gz_example_description/cmake/ros_gz_example_descriptionConfig.cmake
[0.599s] -- Up-to-date: /home/apoire/Documents/Robotica/robotica/ROSberta/install/ros_gz_example_description/share/ros_gz_example_description/cmake/ros_gz_example_descriptionConfig-version.cmake
[0.599s] -- Up-to-date: /home/apoire/Documents/Robotica/robotica/ROSberta/install/ros_gz_example_description/share/ros_gz_example_description/package.xml
[0.600s] Invoked command in '/home/apoire/Documents/Robotica/robotica/ROSberta/build/ros_gz_example_description' returned '0': CMAKE_PREFIX_PATH=${CMAKE_PREFIX_PATH}:/opt/ros/jazzy DEBUGINFOD_URLS=https://debuginfod.ubuntu.com /usr/bin/cmake --install /home/apoire/Documents/Robotica/robotica/ROSberta/build/ros_gz_example_description
