[0.013s] Invoking command in '/home/lau/template_ws/build/ros_gz_example_application': CMAKE_PREFIX_PATH=${CMAKE_PREFIX_PATH}:/opt/ros/jazzy DEBUGINFOD_URLS=https://debuginfod.ubuntu.com /usr/bin/cmake --build /home/lau/template_ws/build/ros_gz_example_application -- -j8 -l8
[0.076s] Invoked command in '/home/lau/template_ws/build/ros_gz_example_application' returned '0': CMAKE_PREFIX_PATH=${CMAKE_PREFIX_PATH}:/opt/ros/jazzy DEBUGINFOD_URLS=https://debuginfod.ubuntu.com /usr/bin/cmake --build /home/lau/template_ws/build/ros_gz_example_application -- -j8 -l8
[0.078s] Invoking command in '/home/lau/template_ws/build/ros_gz_example_application': CMAKE_PREFIX_PATH=${CMAKE_PREFIX_PATH}:/opt/ros/jazzy DEBUGINFOD_URLS=https://debuginfod.ubuntu.com /usr/bin/cmake --install /home/lau/template_ws/build/ros_gz_example_application
[0.087s] -- Install configuration: ""
[0.087s] -- Up-to-date: /home/lau/template_ws/install/ros_gz_example_application/share/ament_index/resource_index/package_run_dependencies/ros_gz_example_application
[0.088s] -- Up-to-date: /home/lau/template_ws/install/ros_gz_example_application/share/ament_index/resource_index/parent_prefix_path/ros_gz_example_application
[0.088s] -- Up-to-date: /home/lau/template_ws/install/ros_gz_example_application/share/ros_gz_example_application/environment/ament_prefix_path.sh
[0.088s] -- Up-to-date: /home/lau/template_ws/install/ros_gz_example_application/share/ros_gz_example_application/environment/ament_prefix_path.dsv
[0.090s] -- Up-to-date: /home/lau/template_ws/install/ros_gz_example_application/share/ros_gz_example_application/environment/path.sh
[0.091s] -- Up-to-date: /home/lau/template_ws/install/ros_gz_example_application/share/ros_gz_example_application/environment/path.dsv
[0.092s] -- Up-to-date: /home/lau/template_ws/install/ros_gz_example_application/share/ros_gz_example_application/local_setup.bash
[0.092s] -- Up-to-date: /home/lau/template_ws/install/ros_gz_example_application/share/ros_gz_example_application/local_setup.sh
[0.092s] -- Up-to-date: /home/lau/template_ws/install/ros_gz_example_application/share/ros_gz_example_application/local_setup.zsh
[0.093s] -- Up-to-date: /home/lau/template_ws/install/ros_gz_example_application/share/ros_gz_example_application/local_setup.dsv
[0.093s] -- Installing: /home/lau/template_ws/install/ros_gz_example_application/share/ros_gz_example_application/package.dsv
[0.095s] -- Up-to-date: /home/lau/template_ws/install/ros_gz_example_application/share/ament_index/resource_index/packages/ros_gz_example_application
[0.095s] -- Up-to-date: /home/lau/template_ws/install/ros_gz_example_application/share/ros_gz_example_application/cmake/ros_gz_example_applicationConfig.cmake
[0.095s] -- Up-to-date: /home/lau/template_ws/install/ros_gz_example_application/share/ros_gz_example_application/cmake/ros_gz_example_applicationConfig-version.cmake
[0.096s] -- Up-to-date: /home/lau/template_ws/install/ros_gz_example_application/share/ros_gz_example_application/package.xml
[0.118s] Invoked command in '/home/lau/template_ws/build/ros_gz_example_application' returned '0': CMAKE_PREFIX_PATH=${CMAKE_PREFIX_PATH}:/opt/ros/jazzy DEBUGINFOD_URLS=https://debuginfod.ubuntu.com /usr/bin/cmake --install /home/lau/template_ws/build/ros_gz_example_application
