[0.013s] Invoking command in '/home/lau/template_ws/build/ros_gz_example_description': CMAKE_PREFIX_PATH=${CMAKE_PREFIX_PATH}:/opt/ros/jazzy DEBUGINFOD_URLS=https://debuginfod.ubuntu.com /usr/bin/cmake /home/lau/template_ws/src/ros_gz_project_template/ros_gz_example_description -DBUILD_TESTING=ON -DCMAKE_INSTALL_PREFIX=/home/lau/template_ws/install/ros_gz_example_description
[0.277s] -- The C compiler identification is GNU 13.2.0
[0.509s] -- The CXX compiler identification is GNU 13.2.0
[0.535s] -- Detecting C compiler ABI info
[0.647s] -- Detecting C compiler ABI info - done
[0.659s] -- Check for working C compiler: /usr/bin/cc - skipped
[0.660s] -- Detecting C compile features
[0.660s] -- Detecting C compile features - done
[0.672s] -- Detecting CXX compiler ABI info
[0.806s] -- Detecting CXX compiler ABI info - done
[0.818s] -- Check for working CXX compiler: /usr/bin/c++ - skipped
[0.818s] -- Detecting CXX compile features
[0.819s] -- Detecting CXX compile features - done
[0.823s] -- Found ament_cmake: 2.5.2 (/opt/ros/jazzy/share/ament_cmake/cmake)
[1.001s] -- Found Python3: /usr/bin/python3 (found version "3.12.3") found components: Interpreter 
[1.168s] -- Found ament_lint_auto: 0.17.1 (/opt/ros/jazzy/share/ament_lint_auto/cmake)
[1.289s] -- Configuring done (1.2s)
[1.294s] -- Generating done (0.0s)
[1.296s] -- Build files have been written to: /home/lau/template_ws/build/ros_gz_example_description
[1.306s] Invoked command in '/home/lau/template_ws/build/ros_gz_example_description' returned '0': CMAKE_PREFIX_PATH=${CMAKE_PREFIX_PATH}:/opt/ros/jazzy DEBUGINFOD_URLS=https://debuginfod.ubuntu.com /usr/bin/cmake /home/lau/template_ws/src/ros_gz_project_template/ros_gz_example_description -DBUILD_TESTING=ON -DCMAKE_INSTALL_PREFIX=/home/lau/template_ws/install/ros_gz_example_description
[1.308s] Invoking command in '/home/lau/template_ws/build/ros_gz_example_description': CMAKE_PREFIX_PATH=${CMAKE_PREFIX_PATH}:/opt/ros/jazzy DEBUGINFOD_URLS=https://debuginfod.ubuntu.com /usr/bin/cmake --build /home/lau/template_ws/build/ros_gz_example_description -- -j8 -l8
[1.372s] Invoked command in '/home/lau/template_ws/build/ros_gz_example_description' returned '0': CMAKE_PREFIX_PATH=${CMAKE_PREFIX_PATH}:/opt/ros/jazzy DEBUGINFOD_URLS=https://debuginfod.ubuntu.com /usr/bin/cmake --build /home/lau/template_ws/build/ros_gz_example_description -- -j8 -l8
[1.374s] Invoking command in '/home/lau/template_ws/build/ros_gz_example_description': CMAKE_PREFIX_PATH=${CMAKE_PREFIX_PATH}:/opt/ros/jazzy DEBUGINFOD_URLS=https://debuginfod.ubuntu.com /usr/bin/cmake --install /home/lau/template_ws/build/ros_gz_example_description
[1.384s] -- Install configuration: ""
[1.384s] -- Installing: /home/lau/template_ws/install/ros_gz_example_description/share/ros_gz_example_description/models
[1.385s] -- Installing: /home/lau/template_ws/install/ros_gz_example_description/share/ros_gz_example_description/models/rrbot
[1.385s] -- Installing: /home/lau/template_ws/install/ros_gz_example_description/share/ros_gz_example_description/models/rrbot/model.sdf
[1.385s] -- Installing: /home/lau/template_ws/install/ros_gz_example_description/share/ros_gz_example_description/models/diff_drive
[1.386s] -- Installing: /home/lau/template_ws/install/ros_gz_example_description/share/ros_gz_example_description/models/diff_drive/model.config
[1.386s] -- Installing: /home/lau/template_ws/install/ros_gz_example_description/share/ros_gz_example_description/models/diff_drive/model.sdf
[1.386s] -- Installing: /home/lau/template_ws/install/ros_gz_example_description/share/ros_gz_example_description/environment/ros_gz_example_description.dsv
[1.386s] -- Installing: /home/lau/template_ws/install/ros_gz_example_description/share/ros_gz_example_description/environment/ros_gz_example_description.sh
[1.386s] -- Installing: /home/lau/template_ws/install/ros_gz_example_description/share/ament_index/resource_index/package_run_dependencies/ros_gz_example_description
[1.387s] -- Installing: /home/lau/template_ws/install/ros_gz_example_description/share/ament_index/resource_index/parent_prefix_path/ros_gz_example_description
[1.387s] -- Installing: /home/lau/template_ws/install/ros_gz_example_description/share/ros_gz_example_description/environment/ament_prefix_path.sh
[1.387s] -- Installing: /home/lau/template_ws/install/ros_gz_example_description/share/ros_gz_example_description/environment/ament_prefix_path.dsv
[1.388s] -- Installing: /home/lau/template_ws/install/ros_gz_example_description/share/ros_gz_example_description/environment/path.sh
[1.389s] -- Installing: /home/lau/template_ws/install/ros_gz_example_description/share/ros_gz_example_description/environment/path.dsv
[1.389s] -- Installing: /home/lau/template_ws/install/ros_gz_example_description/share/ros_gz_example_description/local_setup.bash
[1.389s] -- Installing: /home/lau/template_ws/install/ros_gz_example_description/share/ros_gz_example_description/local_setup.sh
[1.390s] -- Installing: /home/lau/template_ws/install/ros_gz_example_description/share/ros_gz_example_description/local_setup.zsh
[1.390s] -- Installing: /home/lau/template_ws/install/ros_gz_example_description/share/ros_gz_example_description/local_setup.dsv
[1.390s] -- Installing: /home/lau/template_ws/install/ros_gz_example_description/share/ros_gz_example_description/package.dsv
[1.391s] -- Installing: /home/lau/template_ws/install/ros_gz_example_description/share/ament_index/resource_index/packages/ros_gz_example_description
[1.391s] -- Installing: /home/lau/template_ws/install/ros_gz_example_description/share/ros_gz_example_description/cmake/ros_gz_example_descriptionConfig.cmake
[1.391s] -- Installing: /home/lau/template_ws/install/ros_gz_example_description/share/ros_gz_example_description/cmake/ros_gz_example_descriptionConfig-version.cmake
[1.391s] -- Installing: /home/lau/template_ws/install/ros_gz_example_description/share/ros_gz_example_description/package.xml
[1.411s] Invoked command in '/home/lau/template_ws/build/ros_gz_example_description' returned '0': CMAKE_PREFIX_PATH=${CMAKE_PREFIX_PATH}:/opt/ros/jazzy DEBUGINFOD_URLS=https://debuginfod.ubuntu.com /usr/bin/cmake --install /home/lau/template_ws/build/ros_gz_example_description
