[1.229s] Invoking command in '/home/apoire/Documents/Robotica/robotica/ROSberta/src/coverage': DEBUGINFOD_URLS=https://debuginfod.ubuntu.com PYTHONPATH=/home/apoire/Documents/Robotica/robotica/ROSberta/build/coverage/prefix_override:/usr/lib/python3/dist-packages/colcon_core/task/python/colcon_distutils_commands:/home/apoire/Documents/Robotica/robotica/ROSberta/install/coverage/lib/python3.12/site-packages:${PYTHONPATH} /usr/bin/python3 -W ignore:setup.py install is deprecated -W ignore:easy_install command is deprecated setup.py egg_info --egg-base ../../build/coverage build --build-base /home/apoire/Documents/Robotica/robotica/ROSberta/build/coverage/build install --record /home/apoire/Documents/Robotica/robotica/ROSberta/build/coverage/install.log --single-version-externally-managed install_data
[1.551s] running egg_info
[1.577s] writing ../../build/coverage/coverage.egg-info/PKG-INFO
[1.577s] writing dependency_links to ../../build/coverage/coverage.egg-info/dependency_links.txt
[1.577s] writing entry points to ../../build/coverage/coverage.egg-info/entry_points.txt
[1.577s] writing requirements to ../../build/coverage/coverage.egg-info/requires.txt
[1.577s] writing top-level names to ../../build/coverage/coverage.egg-info/top_level.txt
[1.629s] reading manifest file '../../build/coverage/coverage.egg-info/SOURCES.txt'
[1.629s] adding license file 'LICENSE'
[1.630s] writing manifest file '../../build/coverage/coverage.egg-info/SOURCES.txt'
[1.630s] running build
[1.630s] running build_py
[1.630s] creating /home/apoire/Documents/Robotica/robotica/ROSberta/build/coverage/build
[1.631s] creating /home/apoire/Documents/Robotica/robotica/ROSberta/build/coverage/build/lib
[1.631s] creating /home/apoire/Documents/Robotica/robotica/ROSberta/build/coverage/build/lib/coverage
[1.631s] copying coverage/__init__.py -> /home/apoire/Documents/Robotica/robotica/ROSberta/build/coverage/build/lib/coverage
[1.631s] copying coverage/odometry_sensor.py -> /home/apoire/Documents/Robotica/robotica/ROSberta/build/coverage/build/lib/coverage
[1.631s] copying coverage/coverage_server.py -> /home/apoire/Documents/Robotica/robotica/ROSberta/build/coverage/build/lib/coverage
[1.631s] running install
[1.639s] running install_lib
[1.665s] creating /home/apoire/Documents/Robotica/robotica/ROSberta/install/coverage/lib/python3.12/site-packages/coverage
[1.665s] copying /home/apoire/Documents/Robotica/robotica/ROSberta/build/coverage/build/lib/coverage/__init__.py -> /home/apoire/Documents/Robotica/robotica/ROSberta/install/coverage/lib/python3.12/site-packages/coverage
[1.665s] copying /home/apoire/Documents/Robotica/robotica/ROSberta/build/coverage/build/lib/coverage/odometry_sensor.py -> /home/apoire/Documents/Robotica/robotica/ROSberta/install/coverage/lib/python3.12/site-packages/coverage
[1.665s] copying /home/apoire/Documents/Robotica/robotica/ROSberta/build/coverage/build/lib/coverage/coverage_server.py -> /home/apoire/Documents/Robotica/robotica/ROSberta/install/coverage/lib/python3.12/site-packages/coverage
[1.666s] byte-compiling /home/apoire/Documents/Robotica/robotica/ROSberta/install/coverage/lib/python3.12/site-packages/coverage/__init__.py to __init__.cpython-312.pyc
[1.666s] byte-compiling /home/apoire/Documents/Robotica/robotica/ROSberta/install/coverage/lib/python3.12/site-packages/coverage/odometry_sensor.py to odometry_sensor.cpython-312.pyc
[1.667s] byte-compiling /home/apoire/Documents/Robotica/robotica/ROSberta/install/coverage/lib/python3.12/site-packages/coverage/coverage_server.py to coverage_server.cpython-312.pyc
[1.670s] running install_data
[1.670s] running install_egg_info
[1.697s] removing '/home/apoire/Documents/Robotica/robotica/ROSberta/install/coverage/lib/python3.12/site-packages/coverage-0.0.0-py3.12.egg-info' (and everything under it)
[1.697s] Copying ../../build/coverage/coverage.egg-info to /home/apoire/Documents/Robotica/robotica/ROSberta/install/coverage/lib/python3.12/site-packages/coverage-0.0.0-py3.12.egg-info
[1.698s] running install_scripts
[1.868s] Installing coverage_server script to /home/apoire/Documents/Robotica/robotica/ROSberta/install/coverage/lib/coverage
[1.868s] writing list of installed files to '/home/apoire/Documents/Robotica/robotica/ROSberta/build/coverage/install.log'
[1.895s] Invoked command in '/home/apoire/Documents/Robotica/robotica/ROSberta/src/coverage' returned '0': DEBUGINFOD_URLS=https://debuginfod.ubuntu.com PYTHONPATH=/home/apoire/Documents/Robotica/robotica/ROSberta/build/coverage/prefix_override:/usr/lib/python3/dist-packages/colcon_core/task/python/colcon_distutils_commands:/home/apoire/Documents/Robotica/robotica/ROSberta/install/coverage/lib/python3.12/site-packages:${PYTHONPATH} /usr/bin/python3 -W ignore:setup.py install is deprecated -W ignore:easy_install command is deprecated setup.py egg_info --egg-base ../../build/coverage build --build-base /home/apoire/Documents/Robotica/robotica/ROSberta/build/coverage/build install --record /home/apoire/Documents/Robotica/robotica/ROSberta/build/coverage/install.log --single-version-externally-managed install_data
