[0.013s] Invoking command in '/home/lau/template_ws/build/ros_gz_example_application': CMAKE_PREFIX_PATH=${CMAKE_PREFIX_PATH}:/opt/ros/jazzy DEBUGINFOD_URLS=https://debuginfod.ubuntu.com /usr/bin/cmake /home/lau/template_ws/src/ros_gz_project_template/ros_gz_example_application -DBUILD_TESTING=ON -DCMAKE_INSTALL_PREFIX=/home/lau/template_ws/install/ros_gz_example_application
[0.270s] -- The C compiler identification is GNU 13.2.0
[0.502s] -- The CXX compiler identification is GNU 13.2.0
[0.528s] -- Detecting C compiler ABI info
[0.640s] -- Detecting C compiler ABI info - done
[0.652s] -- Check for working C compiler: /usr/bin/cc - skipped
[0.653s] -- Detecting C compile features
[0.653s] -- Detecting C compile features - done
[0.665s] -- Detecting CXX compiler ABI info
[0.800s] -- Detecting CXX compiler ABI info - done
[0.812s] -- Check for working CXX compiler: /usr/bin/c++ - skipped
[0.813s] -- Detecting CXX compile features
[0.813s] -- Detecting CXX compile features - done
[0.817s] -- Found ament_cmake: 2.5.2 (/opt/ros/jazzy/share/ament_cmake/cmake)
[0.992s] -- Found Python3: /usr/bin/python3 (found version "3.12.3") found components: Interpreter 
[1.281s] -- Configuring done (1.2s)
[1.286s] -- Generating done (0.0s)
[1.289s] -- Build files have been written to: /home/lau/template_ws/build/ros_gz_example_application
[1.295s] Invoked command in '/home/lau/template_ws/build/ros_gz_example_application' returned '0': CMAKE_PREFIX_PATH=${CMAKE_PREFIX_PATH}:/opt/ros/jazzy DEBUGINFOD_URLS=https://debuginfod.ubuntu.com /usr/bin/cmake /home/lau/template_ws/src/ros_gz_project_template/ros_gz_example_application -DBUILD_TESTING=ON -DCMAKE_INSTALL_PREFIX=/home/lau/template_ws/install/ros_gz_example_application
[1.298s] Invoking command in '/home/lau/template_ws/build/ros_gz_example_application': CMAKE_PREFIX_PATH=${CMAKE_PREFIX_PATH}:/opt/ros/jazzy DEBUGINFOD_URLS=https://debuginfod.ubuntu.com /usr/bin/cmake --build /home/lau/template_ws/build/ros_gz_example_application -- -j8 -l8
[1.351s] Invoked command in '/home/lau/template_ws/build/ros_gz_example_application' returned '0': CMAKE_PREFIX_PATH=${CMAKE_PREFIX_PATH}:/opt/ros/jazzy DEBUGINFOD_URLS=https://debuginfod.ubuntu.com /usr/bin/cmake --build /home/lau/template_ws/build/ros_gz_example_application -- -j8 -l8
[1.364s] Invoking command in '/home/lau/template_ws/build/ros_gz_example_application': CMAKE_PREFIX_PATH=${CMAKE_PREFIX_PATH}:/opt/ros/jazzy DEBUGINFOD_URLS=https://debuginfod.ubuntu.com /usr/bin/cmake --install /home/lau/template_ws/build/ros_gz_example_application
[1.375s] -- Install configuration: ""
[1.375s] -- Installing: /home/lau/template_ws/install/ros_gz_example_application/share/ament_index/resource_index/package_run_dependencies/ros_gz_example_application
[1.375s] -- Installing: /home/lau/template_ws/install/ros_gz_example_application/share/ament_index/resource_index/parent_prefix_path/ros_gz_example_application
[1.376s] -- Installing: /home/lau/template_ws/install/ros_gz_example_application/share/ros_gz_example_application/environment/ament_prefix_path.sh
[1.376s] -- Installing: /home/lau/template_ws/install/ros_gz_example_application/share/ros_gz_example_application/environment/ament_prefix_path.dsv
[1.376s] -- Installing: /home/lau/template_ws/install/ros_gz_example_application/share/ros_gz_example_application/environment/path.sh
[1.376s] -- Installing: /home/lau/template_ws/install/ros_gz_example_application/share/ros_gz_example_application/environment/path.dsv
[1.376s] -- Installing: /home/lau/template_ws/install/ros_gz_example_application/share/ros_gz_example_application/local_setup.bash
[1.376s] -- Installing: /home/lau/template_ws/install/ros_gz_example_application/share/ros_gz_example_application/local_setup.sh
[1.376s] -- Installing: /home/lau/template_ws/install/ros_gz_example_application/share/ros_gz_example_application/local_setup.zsh
[1.377s] -- Installing: /home/lau/template_ws/install/ros_gz_example_application/share/ros_gz_example_application/local_setup.dsv
[1.377s] -- Installing: /home/lau/template_ws/install/ros_gz_example_application/share/ros_gz_example_application/package.dsv
[1.377s] -- Installing: /home/lau/template_ws/install/ros_gz_example_application/share/ament_index/resource_index/packages/ros_gz_example_application
[1.378s] -- Installing: /home/lau/template_ws/install/ros_gz_example_application/share/ros_gz_example_application/cmake/ros_gz_example_applicationConfig.cmake
[1.378s] -- Installing: /home/lau/template_ws/install/ros_gz_example_application/share/ros_gz_example_application/cmake/ros_gz_example_applicationConfig-version.cmake
[1.378s] -- Installing: /home/lau/template_ws/install/ros_gz_example_application/share/ros_gz_example_application/package.xml
[1.384s] Invoked command in '/home/lau/template_ws/build/ros_gz_example_application' returned '0': CMAKE_PREFIX_PATH=${CMAKE_PREFIX_PATH}:/opt/ros/jazzy DEBUGINFOD_URLS=https://debuginfod.ubuntu.com /usr/bin/cmake --install /home/lau/template_ws/build/ros_gz_example_application
