running egg_info
writing ../../build/robot_master/robot_master.egg-info/PKG-INFO
writing dependency_links to ../../build/robot_master/robot_master.egg-info/dependency_links.txt
writing entry points to ../../build/robot_master/robot_master.egg-info/entry_points.txt
writing requirements to ../../build/robot_master/robot_master.egg-info/requires.txt
writing top-level names to ../../build/robot_master/robot_master.egg-info/top_level.txt
reading manifest file '../../build/robot_master/robot_master.egg-info/SOURCES.txt'
adding license file 'LICENSE'
writing manifest file '../../build/robot_master/robot_master.egg-info/SOURCES.txt'
running build
running build_py
running install
running install_lib
running install_data
running install_egg_info
removing '/home/apoire/Documents/Robotica/robotica/ROSberta/install/robot_master/lib/python3.12/site-packages/robot_master-0.0.0-py3.12.egg-info' (and everything under it)
Copying ../../build/robot_master/robot_master.egg-info to /home/apoire/Documents/Robotica/robotica/ROSberta/install/robot_master/lib/python3.12/site-packages/robot_master-0.0.0-py3.12.egg-info
running install_scripts
Installing wall_follower script to /home/apoire/Documents/Robotica/robotica/ROSberta/install/robot_master/lib/robot_master
writing list of installed files to '/home/apoire/Documents/Robotica/robotica/ROSberta/build/robot_master/install.log'
