[0.233s] DEBUG:colcon:Command line arguments: ['/usr/bin/colcon', 'build', '--cmake-args', '-DBUILD_TESTING=ON']
[0.233s] DEBUG:colcon:Parsed command line arguments: Namespace(log_base=None, log_level=None, verb_name='build', build_base='build', install_base='install', merge_install=False, symlink_install=False, test_result_base=None, continue_on_error=False, executor='parallel', parallel_workers=8, event_handlers=None, ignore_user_meta=False, metas=['./colcon.meta'], base_paths=['.'], packages_ignore=None, packages_ignore_regex=None, paths=None, packages_up_to=None, packages_up_to_regex=None, packages_above=None, packages_above_and_dependencies=None, packages_above_depth=None, packages_select_by_dep=None, packages_skip_by_dep=None, packages_skip_up_to=None, packages_select_build_failed=False, packages_skip_build_finished=False, packages_select_test_failures=False, packages_skip_test_passed=False, packages_select=None, packages_skip=None, packages_select_regex=None, packages_skip_regex=None, packages_start=None, packages_end=None, allow_overriding=[], cmake_args=['-DBUILD_TESTING=ON'], cmake_target=None, cmake_target_skip_unavailable=False, cmake_clean_cache=False, cmake_clean_first=False, cmake_force_configure=False, ament_cmake_args=None, catkin_cmake_args=None, catkin_skip_building_tests=False, mixin_files=None, mixin=None, verb_parser=<colcon_mixin.mixin.mixin_argument.MixinArgumentDecorator object at 0x71c6cac7ae70>, verb_extension=<colcon_core.verb.build.BuildVerb object at 0x71c6cac20a40>, main=<bound method BuildVerb.main of <colcon_core.verb.build.BuildVerb object at 0x71c6cac20a40>>, mixin_verb=('build',))
[0.317s] Level 1:colcon.colcon_core.package_discovery:discover_packages(colcon_meta) check parameters
[0.317s] Level 1:colcon.colcon_core.package_discovery:discover_packages(recursive) check parameters
[0.317s] Level 1:colcon.colcon_core.package_discovery:discover_packages(ignore) check parameters
[0.317s] Level 1:colcon.colcon_core.package_discovery:discover_packages(path) check parameters
[0.317s] Level 1:colcon.colcon_core.package_discovery:discover_packages(colcon_meta) discover
[0.318s] Level 1:colcon.colcon_core.package_discovery:discover_packages(recursive) discover
[0.318s] INFO:colcon.colcon_core.package_discovery:Crawling recursively for packages in '/home/lau/template_ws'
[0.318s] Level 1:colcon.colcon_core.package_identification:_identify(.) by extensions ['ignore', 'ignore_ament_install']
[0.318s] Level 1:colcon.colcon_core.package_identification:_identify(.) by extension 'ignore'
[0.318s] Level 1:colcon.colcon_core.package_identification:_identify(.) by extension 'ignore_ament_install'
[0.318s] Level 1:colcon.colcon_core.package_identification:_identify(.) by extensions ['colcon_pkg']
[0.318s] Level 1:colcon.colcon_core.package_identification:_identify(.) by extension 'colcon_pkg'
[0.318s] Level 1:colcon.colcon_core.package_identification:_identify(.) by extensions ['colcon_meta']
[0.318s] Level 1:colcon.colcon_core.package_identification:_identify(.) by extension 'colcon_meta'
[0.318s] Level 1:colcon.colcon_core.package_identification:_identify(.) by extensions ['ros']
[0.318s] Level 1:colcon.colcon_core.package_identification:_identify(.) by extension 'ros'
[0.361s] Level 1:colcon.colcon_core.package_identification:_identify(.) by extensions ['cmake', 'python']
[0.361s] Level 1:colcon.colcon_core.package_identification:_identify(.) by extension 'cmake'
[0.361s] Level 1:colcon.colcon_core.package_identification:_identify(.) by extension 'python'
[0.362s] Level 1:colcon.colcon_core.package_identification:_identify(.) by extensions ['python_setup_py']
[0.362s] Level 1:colcon.colcon_core.package_identification:_identify(.) by extension 'python_setup_py'
[0.362s] Level 1:colcon.colcon_core.package_identification:_identify(build) by extensions ['ignore', 'ignore_ament_install']
[0.362s] Level 1:colcon.colcon_core.package_identification:_identify(build) by extension 'ignore'
[0.362s] Level 1:colcon.colcon_core.package_identification:_identify(build) ignored
[0.362s] Level 1:colcon.colcon_core.package_identification:_identify(install) by extensions ['ignore', 'ignore_ament_install']
[0.362s] Level 1:colcon.colcon_core.package_identification:_identify(install) by extension 'ignore'
[0.362s] Level 1:colcon.colcon_core.package_identification:_identify(install) ignored
[0.362s] Level 1:colcon.colcon_core.package_identification:_identify(log) by extensions ['ignore', 'ignore_ament_install']
[0.362s] Level 1:colcon.colcon_core.package_identification:_identify(log) by extension 'ignore'
[0.362s] Level 1:colcon.colcon_core.package_identification:_identify(log) ignored
[0.362s] Level 1:colcon.colcon_core.package_identification:_identify(src) by extensions ['ignore', 'ignore_ament_install']
[0.363s] Level 1:colcon.colcon_core.package_identification:_identify(src) by extension 'ignore'
[0.363s] Level 1:colcon.colcon_core.package_identification:_identify(src) by extension 'ignore_ament_install'
[0.363s] Level 1:colcon.colcon_core.package_identification:_identify(src) by extensions ['colcon_pkg']
[0.363s] Level 1:colcon.colcon_core.package_identification:_identify(src) by extension 'colcon_pkg'
[0.363s] Level 1:colcon.colcon_core.package_identification:_identify(src) by extensions ['colcon_meta']
[0.363s] Level 1:colcon.colcon_core.package_identification:_identify(src) by extension 'colcon_meta'
[0.363s] Level 1:colcon.colcon_core.package_identification:_identify(src) by extensions ['ros']
[0.363s] Level 1:colcon.colcon_core.package_identification:_identify(src) by extension 'ros'
[0.363s] Level 1:colcon.colcon_core.package_identification:_identify(src) by extensions ['cmake', 'python']
[0.363s] Level 1:colcon.colcon_core.package_identification:_identify(src) by extension 'cmake'
[0.363s] Level 1:colcon.colcon_core.package_identification:_identify(src) by extension 'python'
[0.363s] Level 1:colcon.colcon_core.package_identification:_identify(src) by extensions ['python_setup_py']
[0.363s] Level 1:colcon.colcon_core.package_identification:_identify(src) by extension 'python_setup_py'
[0.363s] Level 1:colcon.colcon_core.package_identification:_identify(src/ros_gz_project_template) by extensions ['ignore', 'ignore_ament_install']
[0.363s] Level 1:colcon.colcon_core.package_identification:_identify(src/ros_gz_project_template) by extension 'ignore'
[0.363s] Level 1:colcon.colcon_core.package_identification:_identify(src/ros_gz_project_template) by extension 'ignore_ament_install'
[0.363s] Level 1:colcon.colcon_core.package_identification:_identify(src/ros_gz_project_template) by extensions ['colcon_pkg']
[0.364s] Level 1:colcon.colcon_core.package_identification:_identify(src/ros_gz_project_template) by extension 'colcon_pkg'
[0.364s] Level 1:colcon.colcon_core.package_identification:_identify(src/ros_gz_project_template) by extensions ['colcon_meta']
[0.364s] Level 1:colcon.colcon_core.package_identification:_identify(src/ros_gz_project_template) by extension 'colcon_meta'
[0.364s] Level 1:colcon.colcon_core.package_identification:_identify(src/ros_gz_project_template) by extensions ['ros']
[0.364s] Level 1:colcon.colcon_core.package_identification:_identify(src/ros_gz_project_template) by extension 'ros'
[0.364s] Level 1:colcon.colcon_core.package_identification:_identify(src/ros_gz_project_template) by extensions ['cmake', 'python']
[0.364s] Level 1:colcon.colcon_core.package_identification:_identify(src/ros_gz_project_template) by extension 'cmake'
[0.364s] Level 1:colcon.colcon_core.package_identification:_identify(src/ros_gz_project_template) by extension 'python'
[0.364s] Level 1:colcon.colcon_core.package_identification:_identify(src/ros_gz_project_template) by extensions ['python_setup_py']
[0.364s] Level 1:colcon.colcon_core.package_identification:_identify(src/ros_gz_project_template) by extension 'python_setup_py'
[0.364s] Level 1:colcon.colcon_core.package_identification:_identify(src/ros_gz_project_template/ros_gz_example_application) by extensions ['ignore', 'ignore_ament_install']
[0.364s] Level 1:colcon.colcon_core.package_identification:_identify(src/ros_gz_project_template/ros_gz_example_application) by extension 'ignore'
[0.364s] Level 1:colcon.colcon_core.package_identification:_identify(src/ros_gz_project_template/ros_gz_example_application) by extension 'ignore_ament_install'
[0.364s] Level 1:colcon.colcon_core.package_identification:_identify(src/ros_gz_project_template/ros_gz_example_application) by extensions ['colcon_pkg']
[0.364s] Level 1:colcon.colcon_core.package_identification:_identify(src/ros_gz_project_template/ros_gz_example_application) by extension 'colcon_pkg'
[0.364s] Level 1:colcon.colcon_core.package_identification:_identify(src/ros_gz_project_template/ros_gz_example_application) by extensions ['colcon_meta']
[0.364s] Level 1:colcon.colcon_core.package_identification:_identify(src/ros_gz_project_template/ros_gz_example_application) by extension 'colcon_meta'
[0.365s] Level 1:colcon.colcon_core.package_identification:_identify(src/ros_gz_project_template/ros_gz_example_application) by extensions ['ros']
[0.365s] Level 1:colcon.colcon_core.package_identification:_identify(src/ros_gz_project_template/ros_gz_example_application) by extension 'ros'
[0.369s] DEBUG:colcon.colcon_core.package_identification:Package 'src/ros_gz_project_template/ros_gz_example_application' with type 'ros.ament_cmake' and name 'ros_gz_example_application'
[0.370s] Level 1:colcon.colcon_core.package_identification:_identify(src/ros_gz_project_template/ros_gz_example_bringup) by extensions ['ignore', 'ignore_ament_install']
[0.370s] Level 1:colcon.colcon_core.package_identification:_identify(src/ros_gz_project_template/ros_gz_example_bringup) by extension 'ignore'
[0.370s] Level 1:colcon.colcon_core.package_identification:_identify(src/ros_gz_project_template/ros_gz_example_bringup) by extension 'ignore_ament_install'
[0.370s] Level 1:colcon.colcon_core.package_identification:_identify(src/ros_gz_project_template/ros_gz_example_bringup) by extensions ['colcon_pkg']
[0.370s] Level 1:colcon.colcon_core.package_identification:_identify(src/ros_gz_project_template/ros_gz_example_bringup) by extension 'colcon_pkg'
[0.370s] Level 1:colcon.colcon_core.package_identification:_identify(src/ros_gz_project_template/ros_gz_example_bringup) by extensions ['colcon_meta']
[0.370s] Level 1:colcon.colcon_core.package_identification:_identify(src/ros_gz_project_template/ros_gz_example_bringup) by extension 'colcon_meta'
[0.370s] Level 1:colcon.colcon_core.package_identification:_identify(src/ros_gz_project_template/ros_gz_example_bringup) by extensions ['ros']
[0.370s] Level 1:colcon.colcon_core.package_identification:_identify(src/ros_gz_project_template/ros_gz_example_bringup) by extension 'ros'
[0.371s] DEBUG:colcon.colcon_core.package_identification:Package 'src/ros_gz_project_template/ros_gz_example_bringup' with type 'ros.ament_cmake' and name 'ros_gz_example_bringup'
[0.371s] Level 1:colcon.colcon_core.package_identification:_identify(src/ros_gz_project_template/ros_gz_example_description) by extensions ['ignore', 'ignore_ament_install']
[0.371s] Level 1:colcon.colcon_core.package_identification:_identify(src/ros_gz_project_template/ros_gz_example_description) by extension 'ignore'
[0.371s] Level 1:colcon.colcon_core.package_identification:_identify(src/ros_gz_project_template/ros_gz_example_description) by extension 'ignore_ament_install'
[0.371s] Level 1:colcon.colcon_core.package_identification:_identify(src/ros_gz_project_template/ros_gz_example_description) by extensions ['colcon_pkg']
[0.371s] Level 1:colcon.colcon_core.package_identification:_identify(src/ros_gz_project_template/ros_gz_example_description) by extension 'colcon_pkg'
[0.371s] Level 1:colcon.colcon_core.package_identification:_identify(src/ros_gz_project_template/ros_gz_example_description) by extensions ['colcon_meta']
[0.371s] Level 1:colcon.colcon_core.package_identification:_identify(src/ros_gz_project_template/ros_gz_example_description) by extension 'colcon_meta'
[0.371s] Level 1:colcon.colcon_core.package_identification:_identify(src/ros_gz_project_template/ros_gz_example_description) by extensions ['ros']
[0.371s] Level 1:colcon.colcon_core.package_identification:_identify(src/ros_gz_project_template/ros_gz_example_description) by extension 'ros'
[0.372s] DEBUG:colcon.colcon_core.package_identification:Package 'src/ros_gz_project_template/ros_gz_example_description' with type 'ros.ament_cmake' and name 'ros_gz_example_description'
[0.372s] Level 1:colcon.colcon_core.package_identification:_identify(src/ros_gz_project_template/ros_gz_example_gazebo) by extensions ['ignore', 'ignore_ament_install']
[0.372s] Level 1:colcon.colcon_core.package_identification:_identify(src/ros_gz_project_template/ros_gz_example_gazebo) by extension 'ignore'
[0.372s] Level 1:colcon.colcon_core.package_identification:_identify(src/ros_gz_project_template/ros_gz_example_gazebo) by extension 'ignore_ament_install'
[0.372s] Level 1:colcon.colcon_core.package_identification:_identify(src/ros_gz_project_template/ros_gz_example_gazebo) by extensions ['colcon_pkg']
[0.372s] Level 1:colcon.colcon_core.package_identification:_identify(src/ros_gz_project_template/ros_gz_example_gazebo) by extension 'colcon_pkg'
[0.372s] Level 1:colcon.colcon_core.package_identification:_identify(src/ros_gz_project_template/ros_gz_example_gazebo) by extensions ['colcon_meta']
[0.372s] Level 1:colcon.colcon_core.package_identification:_identify(src/ros_gz_project_template/ros_gz_example_gazebo) by extension 'colcon_meta'
[0.372s] Level 1:colcon.colcon_core.package_identification:_identify(src/ros_gz_project_template/ros_gz_example_gazebo) by extensions ['ros']
[0.372s] Level 1:colcon.colcon_core.package_identification:_identify(src/ros_gz_project_template/ros_gz_example_gazebo) by extension 'ros'
[0.373s] DEBUG:colcon.colcon_core.package_identification:Package 'src/ros_gz_project_template/ros_gz_example_gazebo' with type 'ros.ament_cmake' and name 'ros_gz_example_gazebo'
[0.373s] Level 1:colcon.colcon_core.package_discovery:discover_packages(recursive) using defaults
[0.373s] Level 1:colcon.colcon_core.package_discovery:discover_packages(ignore) discover
[0.373s] Level 1:colcon.colcon_core.package_discovery:discover_packages(ignore) using defaults
[0.373s] Level 1:colcon.colcon_core.package_discovery:discover_packages(path) discover
[0.373s] Level 1:colcon.colcon_core.package_discovery:discover_packages(path) using defaults
[0.408s] Level 1:colcon.colcon_core.package_discovery:discover_packages(prefix_path) check parameters
[0.408s] Level 1:colcon.colcon_core.package_discovery:discover_packages(prefix_path) discover
[0.414s] DEBUG:colcon.colcon_installed_package_information.package_discovery:Found 4 installed packages in /home/lau/template_ws/install
[0.416s] DEBUG:colcon.colcon_installed_package_information.package_discovery:Found 317 installed packages in /opt/ros/jazzy
[0.417s] Level 1:colcon.colcon_core.package_discovery:discover_packages(prefix_path) using defaults
[0.587s] Level 5:colcon.colcon_core.verb:set package 'ros_gz_example_application' build argument 'cmake_args' from command line to '['-DBUILD_TESTING=ON']'
[0.587s] Level 5:colcon.colcon_core.verb:set package 'ros_gz_example_application' build argument 'cmake_target' from command line to 'None'
[0.587s] Level 5:colcon.colcon_core.verb:set package 'ros_gz_example_application' build argument 'cmake_target_skip_unavailable' from command line to 'False'
[0.587s] Level 5:colcon.colcon_core.verb:set package 'ros_gz_example_application' build argument 'cmake_clean_cache' from command line to 'False'
[0.587s] Level 5:colcon.colcon_core.verb:set package 'ros_gz_example_application' build argument 'cmake_clean_first' from command line to 'False'
[0.587s] Level 5:colcon.colcon_core.verb:set package 'ros_gz_example_application' build argument 'cmake_force_configure' from command line to 'False'
[0.587s] Level 5:colcon.colcon_core.verb:set package 'ros_gz_example_application' build argument 'ament_cmake_args' from command line to 'None'
[0.587s] Level 5:colcon.colcon_core.verb:set package 'ros_gz_example_application' build argument 'catkin_cmake_args' from command line to 'None'
[0.587s] Level 5:colcon.colcon_core.verb:set package 'ros_gz_example_application' build argument 'catkin_skip_building_tests' from command line to 'False'
[0.587s] DEBUG:colcon.colcon_core.verb:Building package 'ros_gz_example_application' with the following arguments: {'ament_cmake_args': None, 'build_base': '/home/lau/template_ws/build/ros_gz_example_application', 'catkin_cmake_args': None, 'catkin_skip_building_tests': False, 'cmake_args': ['-DBUILD_TESTING=ON'], 'cmake_clean_cache': False, 'cmake_clean_first': False, 'cmake_force_configure': False, 'cmake_target': None, 'cmake_target_skip_unavailable': False, 'install_base': '/home/lau/template_ws/install/ros_gz_example_application', 'merge_install': False, 'path': '/home/lau/template_ws/src/ros_gz_project_template/ros_gz_example_application', 'symlink_install': False, 'test_result_base': None}
[0.587s] Level 5:colcon.colcon_core.verb:set package 'ros_gz_example_description' build argument 'cmake_args' from command line to '['-DBUILD_TESTING=ON']'
[0.588s] Level 5:colcon.colcon_core.verb:set package 'ros_gz_example_description' build argument 'cmake_target' from command line to 'None'
[0.588s] Level 5:colcon.colcon_core.verb:set package 'ros_gz_example_description' build argument 'cmake_target_skip_unavailable' from command line to 'False'
[0.588s] Level 5:colcon.colcon_core.verb:set package 'ros_gz_example_description' build argument 'cmake_clean_cache' from command line to 'False'
[0.588s] Level 5:colcon.colcon_core.verb:set package 'ros_gz_example_description' build argument 'cmake_clean_first' from command line to 'False'
[0.588s] Level 5:colcon.colcon_core.verb:set package 'ros_gz_example_description' build argument 'cmake_force_configure' from command line to 'False'
[0.588s] Level 5:colcon.colcon_core.verb:set package 'ros_gz_example_description' build argument 'ament_cmake_args' from command line to 'None'
[0.588s] Level 5:colcon.colcon_core.verb:set package 'ros_gz_example_description' build argument 'catkin_cmake_args' from command line to 'None'
[0.588s] Level 5:colcon.colcon_core.verb:set package 'ros_gz_example_description' build argument 'catkin_skip_building_tests' from command line to 'False'
[0.588s] DEBUG:colcon.colcon_core.verb:Building package 'ros_gz_example_description' with the following arguments: {'ament_cmake_args': None, 'build_base': '/home/lau/template_ws/build/ros_gz_example_description', 'catkin_cmake_args': None, 'catkin_skip_building_tests': False, 'cmake_args': ['-DBUILD_TESTING=ON'], 'cmake_clean_cache': False, 'cmake_clean_first': False, 'cmake_force_configure': False, 'cmake_target': None, 'cmake_target_skip_unavailable': False, 'install_base': '/home/lau/template_ws/install/ros_gz_example_description', 'merge_install': False, 'path': '/home/lau/template_ws/src/ros_gz_project_template/ros_gz_example_description', 'symlink_install': False, 'test_result_base': None}
[0.588s] Level 5:colcon.colcon_core.verb:set package 'ros_gz_example_gazebo' build argument 'cmake_args' from command line to '['-DBUILD_TESTING=ON']'
[0.588s] Level 5:colcon.colcon_core.verb:set package 'ros_gz_example_gazebo' build argument 'cmake_target' from command line to 'None'
[0.588s] Level 5:colcon.colcon_core.verb:set package 'ros_gz_example_gazebo' build argument 'cmake_target_skip_unavailable' from command line to 'False'
[0.588s] Level 5:colcon.colcon_core.verb:set package 'ros_gz_example_gazebo' build argument 'cmake_clean_cache' from command line to 'False'
[0.588s] Level 5:colcon.colcon_core.verb:set package 'ros_gz_example_gazebo' build argument 'cmake_clean_first' from command line to 'False'
[0.588s] Level 5:colcon.colcon_core.verb:set package 'ros_gz_example_gazebo' build argument 'cmake_force_configure' from command line to 'False'
[0.588s] Level 5:colcon.colcon_core.verb:set package 'ros_gz_example_gazebo' build argument 'ament_cmake_args' from command line to 'None'
[0.588s] Level 5:colcon.colcon_core.verb:set package 'ros_gz_example_gazebo' build argument 'catkin_cmake_args' from command line to 'None'
[0.588s] Level 5:colcon.colcon_core.verb:set package 'ros_gz_example_gazebo' build argument 'catkin_skip_building_tests' from command line to 'False'
[0.588s] DEBUG:colcon.colcon_core.verb:Building package 'ros_gz_example_gazebo' with the following arguments: {'ament_cmake_args': None, 'build_base': '/home/lau/template_ws/build/ros_gz_example_gazebo', 'catkin_cmake_args': None, 'catkin_skip_building_tests': False, 'cmake_args': ['-DBUILD_TESTING=ON'], 'cmake_clean_cache': False, 'cmake_clean_first': False, 'cmake_force_configure': False, 'cmake_target': None, 'cmake_target_skip_unavailable': False, 'install_base': '/home/lau/template_ws/install/ros_gz_example_gazebo', 'merge_install': False, 'path': '/home/lau/template_ws/src/ros_gz_project_template/ros_gz_example_gazebo', 'symlink_install': False, 'test_result_base': None}
[0.589s] Level 5:colcon.colcon_core.verb:set package 'ros_gz_example_bringup' build argument 'cmake_args' from command line to '['-DBUILD_TESTING=ON']'
[0.589s] Level 5:colcon.colcon_core.verb:set package 'ros_gz_example_bringup' build argument 'cmake_target' from command line to 'None'
[0.589s] Level 5:colcon.colcon_core.verb:set package 'ros_gz_example_bringup' build argument 'cmake_target_skip_unavailable' from command line to 'False'
[0.589s] Level 5:colcon.colcon_core.verb:set package 'ros_gz_example_bringup' build argument 'cmake_clean_cache' from command line to 'False'
[0.589s] Level 5:colcon.colcon_core.verb:set package 'ros_gz_example_bringup' build argument 'cmake_clean_first' from command line to 'False'
[0.589s] Level 5:colcon.colcon_core.verb:set package 'ros_gz_example_bringup' build argument 'cmake_force_configure' from command line to 'False'
[0.589s] Level 5:colcon.colcon_core.verb:set package 'ros_gz_example_bringup' build argument 'ament_cmake_args' from command line to 'None'
[0.589s] Level 5:colcon.colcon_core.verb:set package 'ros_gz_example_bringup' build argument 'catkin_cmake_args' from command line to 'None'
[0.589s] Level 5:colcon.colcon_core.verb:set package 'ros_gz_example_bringup' build argument 'catkin_skip_building_tests' from command line to 'False'
[0.589s] DEBUG:colcon.colcon_core.verb:Building package 'ros_gz_example_bringup' with the following arguments: {'ament_cmake_args': None, 'build_base': '/home/lau/template_ws/build/ros_gz_example_bringup', 'catkin_cmake_args': None, 'catkin_skip_building_tests': False, 'cmake_args': ['-DBUILD_TESTING=ON'], 'cmake_clean_cache': False, 'cmake_clean_first': False, 'cmake_force_configure': False, 'cmake_target': None, 'cmake_target_skip_unavailable': False, 'install_base': '/home/lau/template_ws/install/ros_gz_example_bringup', 'merge_install': False, 'path': '/home/lau/template_ws/src/ros_gz_project_template/ros_gz_example_bringup', 'symlink_install': False, 'test_result_base': None}
[0.589s] INFO:colcon.colcon_core.executor:Executing jobs using 'parallel' executor
[0.590s] DEBUG:colcon.colcon_parallel_executor.executor.parallel:run_until_complete
[0.590s] INFO:colcon.colcon_ros.task.ament_cmake.build:Building ROS package in '/home/lau/template_ws/src/ros_gz_project_template/ros_gz_example_description' with build type 'ament_cmake'
[0.590s] INFO:colcon.colcon_cmake.task.cmake.build:Building CMake package in '/home/lau/template_ws/src/ros_gz_project_template/ros_gz_example_description'
[0.596s] INFO:colcon.colcon_core.plugin_system:Skipping extension 'colcon_core.shell.bat': Not used on non-Windows systems
[0.596s] INFO:colcon.colcon_core.shell:Skip shell extension 'powershell' for command environment: Not usable outside of PowerShell
[0.596s] DEBUG:colcon.colcon_core.shell:Skip shell extension 'dsv' for command environment
[0.601s] INFO:colcon.colcon_ros.task.ament_cmake.build:Building ROS package in '/home/lau/template_ws/src/ros_gz_project_template/ros_gz_example_application' with build type 'ament_cmake'
[0.601s] INFO:colcon.colcon_cmake.task.cmake.build:Building CMake package in '/home/lau/template_ws/src/ros_gz_project_template/ros_gz_example_application'
[0.601s] INFO:colcon.colcon_core.shell:Skip shell extension 'powershell' for command environment: Not usable outside of PowerShell
[0.601s] DEBUG:colcon.colcon_core.shell:Skip shell extension 'dsv' for command environment
[0.609s] DEBUG:colcon.colcon_core.event_handler.log_command:Invoking command in '/home/lau/template_ws/build/ros_gz_example_description': CMAKE_PREFIX_PATH=${CMAKE_PREFIX_PATH}:/opt/ros/jazzy DEBUGINFOD_URLS=https://debuginfod.ubuntu.com /usr/bin/cmake --build /home/lau/template_ws/build/ros_gz_example_description -- -j8 -l8
[0.617s] DEBUG:colcon.colcon_core.event_handler.log_command:Invoking command in '/home/lau/template_ws/build/ros_gz_example_application': CMAKE_PREFIX_PATH=${CMAKE_PREFIX_PATH}:/opt/ros/jazzy DEBUGINFOD_URLS=https://debuginfod.ubuntu.com /usr/bin/cmake --build /home/lau/template_ws/build/ros_gz_example_application -- -j8 -l8
[0.672s] DEBUG:colcon.colcon_core.event_handler.log_command:Invoked command in '/home/lau/template_ws/build/ros_gz_example_description' returned '0': CMAKE_PREFIX_PATH=${CMAKE_PREFIX_PATH}:/opt/ros/jazzy DEBUGINFOD_URLS=https://debuginfod.ubuntu.com /usr/bin/cmake --build /home/lau/template_ws/build/ros_gz_example_description -- -j8 -l8
[0.685s] DEBUG:colcon.colcon_core.event_handler.log_command:Invoking command in '/home/lau/template_ws/build/ros_gz_example_description': CMAKE_PREFIX_PATH=${CMAKE_PREFIX_PATH}:/opt/ros/jazzy DEBUGINFOD_URLS=https://debuginfod.ubuntu.com /usr/bin/cmake --install /home/lau/template_ws/build/ros_gz_example_description
[0.686s] DEBUG:colcon.colcon_core.event_handler.log_command:Invoked command in '/home/lau/template_ws/build/ros_gz_example_application' returned '0': CMAKE_PREFIX_PATH=${CMAKE_PREFIX_PATH}:/opt/ros/jazzy DEBUGINFOD_URLS=https://debuginfod.ubuntu.com /usr/bin/cmake --build /home/lau/template_ws/build/ros_gz_example_application -- -j8 -l8
[0.687s] DEBUG:colcon.colcon_core.event_handler.log_command:Invoking command in '/home/lau/template_ws/build/ros_gz_example_application': CMAKE_PREFIX_PATH=${CMAKE_PREFIX_PATH}:/opt/ros/jazzy DEBUGINFOD_URLS=https://debuginfod.ubuntu.com /usr/bin/cmake --install /home/lau/template_ws/build/ros_gz_example_application
[0.702s] Level 1:colcon.colcon_core.environment:create_environment_scripts_only(ros_gz_example_description)
[0.703s] DEBUG:colcon.colcon_core.event_handler.log_command:Invoked command in '/home/lau/template_ws/build/ros_gz_example_description' returned '0': CMAKE_PREFIX_PATH=${CMAKE_PREFIX_PATH}:/opt/ros/jazzy DEBUGINFOD_URLS=https://debuginfod.ubuntu.com /usr/bin/cmake --install /home/lau/template_ws/build/ros_gz_example_description
[0.708s] Level 1:colcon.colcon_core.environment:checking '/home/lau/template_ws/install/ros_gz_example_description' for CMake module files
[0.709s] Level 1:colcon.colcon_core.environment:checking '/home/lau/template_ws/install/ros_gz_example_description' for CMake config files
[0.709s] Level 1:colcon.colcon_core.shell:create_environment_hook('ros_gz_example_description', 'cmake_prefix_path')
[0.709s] INFO:colcon.colcon_core.shell:Creating environment hook '/home/lau/template_ws/install/ros_gz_example_description/share/ros_gz_example_description/hook/cmake_prefix_path.ps1'
[0.710s] INFO:colcon.colcon_core.shell:Creating environment descriptor '/home/lau/template_ws/install/ros_gz_example_description/share/ros_gz_example_description/hook/cmake_prefix_path.dsv'
[0.710s] INFO:colcon.colcon_core.shell:Creating environment hook '/home/lau/template_ws/install/ros_gz_example_description/share/ros_gz_example_description/hook/cmake_prefix_path.sh'
[0.711s] Level 1:colcon.colcon_core.environment:checking '/home/lau/template_ws/install/ros_gz_example_description/bin'
[0.711s] Level 1:colcon.colcon_core.environment:checking '/home/lau/template_ws/install/ros_gz_example_description/lib/pkgconfig/ros_gz_example_description.pc'
[0.712s] Level 1:colcon.colcon_core.environment:checking '/home/lau/template_ws/install/ros_gz_example_description/lib/python3.12/site-packages'
[0.712s] Level 1:colcon.colcon_core.environment:checking '/home/lau/template_ws/install/ros_gz_example_description/bin'
[0.712s] INFO:colcon.colcon_core.shell:Creating package script '/home/lau/template_ws/install/ros_gz_example_description/share/ros_gz_example_description/package.ps1'
[0.713s] INFO:colcon.colcon_core.shell:Creating package descriptor '/home/lau/template_ws/install/ros_gz_example_description/share/ros_gz_example_description/package.dsv'
[0.714s] INFO:colcon.colcon_core.shell:Creating package script '/home/lau/template_ws/install/ros_gz_example_description/share/ros_gz_example_description/package.sh'
[0.714s] INFO:colcon.colcon_core.shell:Creating package script '/home/lau/template_ws/install/ros_gz_example_description/share/ros_gz_example_description/package.bash'
[0.715s] INFO:colcon.colcon_core.shell:Creating package script '/home/lau/template_ws/install/ros_gz_example_description/share/ros_gz_example_description/package.zsh'
[0.716s] Level 1:colcon.colcon_core.environment:create_file_with_runtime_dependencies(/home/lau/template_ws/install/ros_gz_example_description/share/colcon-core/packages/ros_gz_example_description)
[0.717s] Level 1:colcon.colcon_core.environment:create_environment_scripts_only(ros_gz_example_description)
[0.717s] Level 1:colcon.colcon_core.environment:checking '/home/lau/template_ws/install/ros_gz_example_description' for CMake module files
[0.717s] Level 1:colcon.colcon_core.environment:checking '/home/lau/template_ws/install/ros_gz_example_description' for CMake config files
[0.718s] Level 1:colcon.colcon_core.shell:create_environment_hook('ros_gz_example_description', 'cmake_prefix_path')
[0.718s] INFO:colcon.colcon_core.shell:Creating environment hook '/home/lau/template_ws/install/ros_gz_example_description/share/ros_gz_example_description/hook/cmake_prefix_path.ps1'
[0.718s] INFO:colcon.colcon_core.shell:Creating environment descriptor '/home/lau/template_ws/install/ros_gz_example_description/share/ros_gz_example_description/hook/cmake_prefix_path.dsv'
[0.718s] INFO:colcon.colcon_core.shell:Creating environment hook '/home/lau/template_ws/install/ros_gz_example_description/share/ros_gz_example_description/hook/cmake_prefix_path.sh'
[0.719s] Level 1:colcon.colcon_core.environment:checking '/home/lau/template_ws/install/ros_gz_example_description/bin'
[0.719s] Level 1:colcon.colcon_core.environment:checking '/home/lau/template_ws/install/ros_gz_example_description/lib/pkgconfig/ros_gz_example_description.pc'
[0.719s] Level 1:colcon.colcon_core.environment:checking '/home/lau/template_ws/install/ros_gz_example_description/lib/python3.12/site-packages'
[0.719s] Level 1:colcon.colcon_core.environment:checking '/home/lau/template_ws/install/ros_gz_example_description/bin'
[0.720s] INFO:colcon.colcon_core.shell:Creating package script '/home/lau/template_ws/install/ros_gz_example_description/share/ros_gz_example_description/package.ps1'
[0.720s] INFO:colcon.colcon_core.shell:Creating package descriptor '/home/lau/template_ws/install/ros_gz_example_description/share/ros_gz_example_description/package.dsv'
[0.721s] INFO:colcon.colcon_core.shell:Creating package script '/home/lau/template_ws/install/ros_gz_example_description/share/ros_gz_example_description/package.sh'
[0.721s] INFO:colcon.colcon_core.shell:Creating package script '/home/lau/template_ws/install/ros_gz_example_description/share/ros_gz_example_description/package.bash'
[0.721s] INFO:colcon.colcon_core.shell:Creating package script '/home/lau/template_ws/install/ros_gz_example_description/share/ros_gz_example_description/package.zsh'
[0.722s] Level 1:colcon.colcon_core.environment:create_file_with_runtime_dependencies(/home/lau/template_ws/install/ros_gz_example_description/share/colcon-core/packages/ros_gz_example_description)
[0.722s] INFO:colcon.colcon_ros.task.ament_cmake.build:Building ROS package in '/home/lau/template_ws/src/ros_gz_project_template/ros_gz_example_gazebo' with build type 'ament_cmake'
[0.723s] INFO:colcon.colcon_cmake.task.cmake.build:Building CMake package in '/home/lau/template_ws/src/ros_gz_project_template/ros_gz_example_gazebo'
[0.723s] INFO:colcon.colcon_core.shell:Skip shell extension 'powershell' for command environment: Not usable outside of PowerShell
[0.723s] DEBUG:colcon.colcon_core.shell:Skip shell extension 'dsv' for command environment
[0.729s] Level 1:colcon.colcon_core.environment:create_environment_scripts_only(ros_gz_example_application)
[0.729s] Level 1:colcon.colcon_core.environment:checking '/home/lau/template_ws/install/ros_gz_example_application' for CMake module files
[0.730s] DEBUG:colcon.colcon_core.event_handler.log_command:Invoked command in '/home/lau/template_ws/build/ros_gz_example_application' returned '0': CMAKE_PREFIX_PATH=${CMAKE_PREFIX_PATH}:/opt/ros/jazzy DEBUGINFOD_URLS=https://debuginfod.ubuntu.com /usr/bin/cmake --install /home/lau/template_ws/build/ros_gz_example_application
[0.730s] Level 1:colcon.colcon_core.environment:checking '/home/lau/template_ws/install/ros_gz_example_application' for CMake config files
[0.730s] Level 1:colcon.colcon_core.shell:create_environment_hook('ros_gz_example_application', 'cmake_prefix_path')
[0.731s] INFO:colcon.colcon_core.shell:Creating environment hook '/home/lau/template_ws/install/ros_gz_example_application/share/ros_gz_example_application/hook/cmake_prefix_path.ps1'
[0.731s] INFO:colcon.colcon_core.shell:Creating environment descriptor '/home/lau/template_ws/install/ros_gz_example_application/share/ros_gz_example_application/hook/cmake_prefix_path.dsv'
[0.732s] INFO:colcon.colcon_core.shell:Creating environment hook '/home/lau/template_ws/install/ros_gz_example_application/share/ros_gz_example_application/hook/cmake_prefix_path.sh'
[0.733s] Level 1:colcon.colcon_core.environment:checking '/home/lau/template_ws/install/ros_gz_example_application/bin'
[0.733s] Level 1:colcon.colcon_core.environment:checking '/home/lau/template_ws/install/ros_gz_example_application/lib/pkgconfig/ros_gz_example_application.pc'
[0.733s] Level 1:colcon.colcon_core.environment:checking '/home/lau/template_ws/install/ros_gz_example_application/lib/python3.12/site-packages'
[0.733s] Level 1:colcon.colcon_core.environment:checking '/home/lau/template_ws/install/ros_gz_example_application/bin'
[0.733s] INFO:colcon.colcon_core.shell:Creating package script '/home/lau/template_ws/install/ros_gz_example_application/share/ros_gz_example_application/package.ps1'
[0.734s] INFO:colcon.colcon_core.shell:Creating package descriptor '/home/lau/template_ws/install/ros_gz_example_application/share/ros_gz_example_application/package.dsv'
[0.734s] INFO:colcon.colcon_core.shell:Creating package script '/home/lau/template_ws/install/ros_gz_example_application/share/ros_gz_example_application/package.sh'
[0.735s] INFO:colcon.colcon_core.shell:Creating package script '/home/lau/template_ws/install/ros_gz_example_application/share/ros_gz_example_application/package.bash'
[0.735s] INFO:colcon.colcon_core.shell:Creating package script '/home/lau/template_ws/install/ros_gz_example_application/share/ros_gz_example_application/package.zsh'
[0.735s] Level 1:colcon.colcon_core.environment:create_file_with_runtime_dependencies(/home/lau/template_ws/install/ros_gz_example_application/share/colcon-core/packages/ros_gz_example_application)
[0.736s] Level 1:colcon.colcon_core.environment:create_environment_scripts_only(ros_gz_example_application)
[0.736s] Level 1:colcon.colcon_core.environment:checking '/home/lau/template_ws/install/ros_gz_example_application' for CMake module files
[0.736s] Level 1:colcon.colcon_core.environment:checking '/home/lau/template_ws/install/ros_gz_example_application' for CMake config files
[0.736s] Level 1:colcon.colcon_core.shell:create_environment_hook('ros_gz_example_application', 'cmake_prefix_path')
[0.737s] INFO:colcon.colcon_core.shell:Creating environment hook '/home/lau/template_ws/install/ros_gz_example_application/share/ros_gz_example_application/hook/cmake_prefix_path.ps1'
[0.737s] INFO:colcon.colcon_core.shell:Creating environment descriptor '/home/lau/template_ws/install/ros_gz_example_application/share/ros_gz_example_application/hook/cmake_prefix_path.dsv'
[0.737s] INFO:colcon.colcon_core.shell:Creating environment hook '/home/lau/template_ws/install/ros_gz_example_application/share/ros_gz_example_application/hook/cmake_prefix_path.sh'
[0.738s] Level 1:colcon.colcon_core.environment:checking '/home/lau/template_ws/install/ros_gz_example_application/bin'
[0.738s] Level 1:colcon.colcon_core.environment:checking '/home/lau/template_ws/install/ros_gz_example_application/lib/pkgconfig/ros_gz_example_application.pc'
[0.738s] Level 1:colcon.colcon_core.environment:checking '/home/lau/template_ws/install/ros_gz_example_application/lib/python3.12/site-packages'
[0.738s] Level 1:colcon.colcon_core.environment:checking '/home/lau/template_ws/install/ros_gz_example_application/bin'
[0.739s] INFO:colcon.colcon_core.shell:Creating package script '/home/lau/template_ws/install/ros_gz_example_application/share/ros_gz_example_application/package.ps1'
[0.739s] INFO:colcon.colcon_core.shell:Creating package descriptor '/home/lau/template_ws/install/ros_gz_example_application/share/ros_gz_example_application/package.dsv'
[0.740s] INFO:colcon.colcon_core.shell:Creating package script '/home/lau/template_ws/install/ros_gz_example_application/share/ros_gz_example_application/package.sh'
[0.740s] INFO:colcon.colcon_core.shell:Creating package script '/home/lau/template_ws/install/ros_gz_example_application/share/ros_gz_example_application/package.bash'
[0.740s] INFO:colcon.colcon_core.shell:Creating package script '/home/lau/template_ws/install/ros_gz_example_application/share/ros_gz_example_application/package.zsh'
[0.741s] Level 1:colcon.colcon_core.environment:create_file_with_runtime_dependencies(/home/lau/template_ws/install/ros_gz_example_application/share/colcon-core/packages/ros_gz_example_application)
[0.747s] DEBUG:colcon.colcon_core.event_handler.log_command:Invoking command in '/home/lau/template_ws/build/ros_gz_example_gazebo': CMAKE_PREFIX_PATH=/home/lau/template_ws/install/ros_gz_example_description:/home/lau/template_ws/install/ros_gz_example_bringup:/home/lau/template_ws/install/ros_gz_example_gazebo:/home/lau/template_ws/install/ros_gz_example_application:/opt/ros/jazzy/opt/gz_sim_vendor:/opt/ros/jazzy/opt/gz_sensors_vendor:/opt/ros/jazzy/opt/gz_physics_vendor:/opt/ros/jazzy/opt/sdformat_vendor:/opt/ros/jazzy/opt/gz_gui_vendor:/opt/ros/jazzy/opt/gz_transport_vendor:/opt/ros/jazzy/opt/gz_rendering_vendor:/opt/ros/jazzy/opt/gz_plugin_vendor:/opt/ros/jazzy/opt/gz_fuel_tools_vendor:/opt/ros/jazzy/opt/gz_msgs_vendor:/opt/ros/jazzy/opt/gz_common_vendor:/opt/ros/jazzy/opt/gz_tools_vendor:/opt/ros/jazzy/opt/gz_ogre_next_vendor:/opt/ros/jazzy/opt/gz_dartsim_vendor:/opt/ros/jazzy/opt/gz_math_vendor:/opt/ros/jazzy/opt/gz_utils_vendor:/opt/ros/jazzy/opt/gz_cmake_vendor:/opt/ros/jazzy DEBUGINFOD_URLS=https://debuginfod.ubuntu.com GZ_SIM_RESOURCE_PATH=/home/lau/template_ws/install/ros_gz_example_description/share/ros_gz_example_description/models:${GZ_SIM_RESOURCE_PATH} /usr/bin/cmake --build /home/lau/template_ws/build/ros_gz_example_gazebo -- -j8 -l8
[0.852s] DEBUG:colcon.colcon_core.event_handler.log_command:Invoked command in '/home/lau/template_ws/build/ros_gz_example_gazebo' returned '0': CMAKE_PREFIX_PATH=/home/lau/template_ws/install/ros_gz_example_description:/home/lau/template_ws/install/ros_gz_example_bringup:/home/lau/template_ws/install/ros_gz_example_gazebo:/home/lau/template_ws/install/ros_gz_example_application:/opt/ros/jazzy/opt/gz_sim_vendor:/opt/ros/jazzy/opt/gz_sensors_vendor:/opt/ros/jazzy/opt/gz_physics_vendor:/opt/ros/jazzy/opt/sdformat_vendor:/opt/ros/jazzy/opt/gz_gui_vendor:/opt/ros/jazzy/opt/gz_transport_vendor:/opt/ros/jazzy/opt/gz_rendering_vendor:/opt/ros/jazzy/opt/gz_plugin_vendor:/opt/ros/jazzy/opt/gz_fuel_tools_vendor:/opt/ros/jazzy/opt/gz_msgs_vendor:/opt/ros/jazzy/opt/gz_common_vendor:/opt/ros/jazzy/opt/gz_tools_vendor:/opt/ros/jazzy/opt/gz_ogre_next_vendor:/opt/ros/jazzy/opt/gz_dartsim_vendor:/opt/ros/jazzy/opt/gz_math_vendor:/opt/ros/jazzy/opt/gz_utils_vendor:/opt/ros/jazzy/opt/gz_cmake_vendor:/opt/ros/jazzy DEBUGINFOD_URLS=https://debuginfod.ubuntu.com GZ_SIM_RESOURCE_PATH=/home/lau/template_ws/install/ros_gz_example_description/share/ros_gz_example_description/models:${GZ_SIM_RESOURCE_PATH} /usr/bin/cmake --build /home/lau/template_ws/build/ros_gz_example_gazebo -- -j8 -l8
[0.854s] DEBUG:colcon.colcon_core.event_handler.log_command:Invoking command in '/home/lau/template_ws/build/ros_gz_example_gazebo': CMAKE_PREFIX_PATH=/home/lau/template_ws/install/ros_gz_example_description:/home/lau/template_ws/install/ros_gz_example_bringup:/home/lau/template_ws/install/ros_gz_example_gazebo:/home/lau/template_ws/install/ros_gz_example_application:/opt/ros/jazzy/opt/gz_sim_vendor:/opt/ros/jazzy/opt/gz_sensors_vendor:/opt/ros/jazzy/opt/gz_physics_vendor:/opt/ros/jazzy/opt/sdformat_vendor:/opt/ros/jazzy/opt/gz_gui_vendor:/opt/ros/jazzy/opt/gz_transport_vendor:/opt/ros/jazzy/opt/gz_rendering_vendor:/opt/ros/jazzy/opt/gz_plugin_vendor:/opt/ros/jazzy/opt/gz_fuel_tools_vendor:/opt/ros/jazzy/opt/gz_msgs_vendor:/opt/ros/jazzy/opt/gz_common_vendor:/opt/ros/jazzy/opt/gz_tools_vendor:/opt/ros/jazzy/opt/gz_ogre_next_vendor:/opt/ros/jazzy/opt/gz_dartsim_vendor:/opt/ros/jazzy/opt/gz_math_vendor:/opt/ros/jazzy/opt/gz_utils_vendor:/opt/ros/jazzy/opt/gz_cmake_vendor:/opt/ros/jazzy DEBUGINFOD_URLS=https://debuginfod.ubuntu.com GZ_SIM_RESOURCE_PATH=/home/lau/template_ws/install/ros_gz_example_description/share/ros_gz_example_description/models:${GZ_SIM_RESOURCE_PATH} /usr/bin/cmake --install /home/lau/template_ws/build/ros_gz_example_gazebo
[0.871s] Level 1:colcon.colcon_core.environment:create_environment_scripts_only(ros_gz_example_gazebo)
[0.872s] Level 1:colcon.colcon_core.environment:checking '/home/lau/template_ws/install/ros_gz_example_gazebo' for CMake module files
[0.872s] DEBUG:colcon.colcon_core.event_handler.log_command:Invoked command in '/home/lau/template_ws/build/ros_gz_example_gazebo' returned '0': CMAKE_PREFIX_PATH=/home/lau/template_ws/install/ros_gz_example_description:/home/lau/template_ws/install/ros_gz_example_bringup:/home/lau/template_ws/install/ros_gz_example_gazebo:/home/lau/template_ws/install/ros_gz_example_application:/opt/ros/jazzy/opt/gz_sim_vendor:/opt/ros/jazzy/opt/gz_sensors_vendor:/opt/ros/jazzy/opt/gz_physics_vendor:/opt/ros/jazzy/opt/sdformat_vendor:/opt/ros/jazzy/opt/gz_gui_vendor:/opt/ros/jazzy/opt/gz_transport_vendor:/opt/ros/jazzy/opt/gz_rendering_vendor:/opt/ros/jazzy/opt/gz_plugin_vendor:/opt/ros/jazzy/opt/gz_fuel_tools_vendor:/opt/ros/jazzy/opt/gz_msgs_vendor:/opt/ros/jazzy/opt/gz_common_vendor:/opt/ros/jazzy/opt/gz_tools_vendor:/opt/ros/jazzy/opt/gz_ogre_next_vendor:/opt/ros/jazzy/opt/gz_dartsim_vendor:/opt/ros/jazzy/opt/gz_math_vendor:/opt/ros/jazzy/opt/gz_utils_vendor:/opt/ros/jazzy/opt/gz_cmake_vendor:/opt/ros/jazzy DEBUGINFOD_URLS=https://debuginfod.ubuntu.com GZ_SIM_RESOURCE_PATH=/home/lau/template_ws/install/ros_gz_example_description/share/ros_gz_example_description/models:${GZ_SIM_RESOURCE_PATH} /usr/bin/cmake --install /home/lau/template_ws/build/ros_gz_example_gazebo
[0.873s] Level 1:colcon.colcon_core.environment:checking '/home/lau/template_ws/install/ros_gz_example_gazebo' for CMake config files
[0.873s] Level 1:colcon.colcon_core.shell:create_environment_hook('ros_gz_example_gazebo', 'cmake_prefix_path')
[0.873s] INFO:colcon.colcon_core.shell:Creating environment hook '/home/lau/template_ws/install/ros_gz_example_gazebo/share/ros_gz_example_gazebo/hook/cmake_prefix_path.ps1'
[0.874s] INFO:colcon.colcon_core.shell:Creating environment descriptor '/home/lau/template_ws/install/ros_gz_example_gazebo/share/ros_gz_example_gazebo/hook/cmake_prefix_path.dsv'
[0.874s] INFO:colcon.colcon_core.shell:Creating environment hook '/home/lau/template_ws/install/ros_gz_example_gazebo/share/ros_gz_example_gazebo/hook/cmake_prefix_path.sh'
[0.875s] Level 1:colcon.colcon_core.environment:checking '/home/lau/template_ws/install/ros_gz_example_gazebo/lib'
[0.875s] Level 1:colcon.colcon_core.environment:checking '/home/lau/template_ws/install/ros_gz_example_gazebo/bin'
[0.875s] Level 1:colcon.colcon_core.environment:checking '/home/lau/template_ws/install/ros_gz_example_gazebo/lib/pkgconfig/ros_gz_example_gazebo.pc'
[0.875s] Level 1:colcon.colcon_core.environment:checking '/home/lau/template_ws/install/ros_gz_example_gazebo/lib/python3.12/site-packages'
[0.875s] Level 1:colcon.colcon_core.environment:checking '/home/lau/template_ws/install/ros_gz_example_gazebo/bin'
[0.876s] INFO:colcon.colcon_core.shell:Creating package script '/home/lau/template_ws/install/ros_gz_example_gazebo/share/ros_gz_example_gazebo/package.ps1'
[0.876s] INFO:colcon.colcon_core.shell:Creating package descriptor '/home/lau/template_ws/install/ros_gz_example_gazebo/share/ros_gz_example_gazebo/package.dsv'
[0.877s] INFO:colcon.colcon_core.shell:Creating package script '/home/lau/template_ws/install/ros_gz_example_gazebo/share/ros_gz_example_gazebo/package.sh'
[0.877s] INFO:colcon.colcon_core.shell:Creating package script '/home/lau/template_ws/install/ros_gz_example_gazebo/share/ros_gz_example_gazebo/package.bash'
[0.877s] INFO:colcon.colcon_core.shell:Creating package script '/home/lau/template_ws/install/ros_gz_example_gazebo/share/ros_gz_example_gazebo/package.zsh'
[0.878s] Level 1:colcon.colcon_core.environment:create_file_with_runtime_dependencies(/home/lau/template_ws/install/ros_gz_example_gazebo/share/colcon-core/packages/ros_gz_example_gazebo)
[0.878s] Level 1:colcon.colcon_core.environment:create_environment_scripts_only(ros_gz_example_gazebo)
[0.878s] Level 1:colcon.colcon_core.environment:checking '/home/lau/template_ws/install/ros_gz_example_gazebo' for CMake module files
[0.879s] Level 1:colcon.colcon_core.environment:checking '/home/lau/template_ws/install/ros_gz_example_gazebo' for CMake config files
[0.879s] Level 1:colcon.colcon_core.shell:create_environment_hook('ros_gz_example_gazebo', 'cmake_prefix_path')
[0.879s] INFO:colcon.colcon_core.shell:Creating environment hook '/home/lau/template_ws/install/ros_gz_example_gazebo/share/ros_gz_example_gazebo/hook/cmake_prefix_path.ps1'
[0.879s] INFO:colcon.colcon_core.shell:Creating environment descriptor '/home/lau/template_ws/install/ros_gz_example_gazebo/share/ros_gz_example_gazebo/hook/cmake_prefix_path.dsv'
[0.880s] INFO:colcon.colcon_core.shell:Creating environment hook '/home/lau/template_ws/install/ros_gz_example_gazebo/share/ros_gz_example_gazebo/hook/cmake_prefix_path.sh'
[0.880s] Level 1:colcon.colcon_core.environment:checking '/home/lau/template_ws/install/ros_gz_example_gazebo/lib'
[0.881s] Level 1:colcon.colcon_core.environment:checking '/home/lau/template_ws/install/ros_gz_example_gazebo/bin'
[0.881s] Level 1:colcon.colcon_core.environment:checking '/home/lau/template_ws/install/ros_gz_example_gazebo/lib/pkgconfig/ros_gz_example_gazebo.pc'
[0.881s] Level 1:colcon.colcon_core.environment:checking '/home/lau/template_ws/install/ros_gz_example_gazebo/lib/python3.12/site-packages'
[0.881s] Level 1:colcon.colcon_core.environment:checking '/home/lau/template_ws/install/ros_gz_example_gazebo/bin'
[0.881s] INFO:colcon.colcon_core.shell:Creating package script '/home/lau/template_ws/install/ros_gz_example_gazebo/share/ros_gz_example_gazebo/package.ps1'
[0.882s] INFO:colcon.colcon_core.shell:Creating package descriptor '/home/lau/template_ws/install/ros_gz_example_gazebo/share/ros_gz_example_gazebo/package.dsv'
[0.883s] INFO:colcon.colcon_core.shell:Creating package script '/home/lau/template_ws/install/ros_gz_example_gazebo/share/ros_gz_example_gazebo/package.sh'
[0.883s] INFO:colcon.colcon_core.shell:Creating package script '/home/lau/template_ws/install/ros_gz_example_gazebo/share/ros_gz_example_gazebo/package.bash'
[0.883s] INFO:colcon.colcon_core.shell:Creating package script '/home/lau/template_ws/install/ros_gz_example_gazebo/share/ros_gz_example_gazebo/package.zsh'
[0.884s] Level 1:colcon.colcon_core.environment:create_file_with_runtime_dependencies(/home/lau/template_ws/install/ros_gz_example_gazebo/share/colcon-core/packages/ros_gz_example_gazebo)
[0.884s] INFO:colcon.colcon_ros.task.ament_cmake.build:Building ROS package in '/home/lau/template_ws/src/ros_gz_project_template/ros_gz_example_bringup' with build type 'ament_cmake'
[0.884s] INFO:colcon.colcon_cmake.task.cmake.build:Building CMake package in '/home/lau/template_ws/src/ros_gz_project_template/ros_gz_example_bringup'
[0.884s] INFO:colcon.colcon_core.shell:Skip shell extension 'powershell' for command environment: Not usable outside of PowerShell
[0.884s] DEBUG:colcon.colcon_core.shell:Skip shell extension 'dsv' for command environment
[0.900s] DEBUG:colcon.colcon_core.event_handler.log_command:Invoking command in '/home/lau/template_ws/build/ros_gz_example_bringup': CMAKE_PREFIX_PATH=/home/lau/template_ws/install/ros_gz_example_gazebo:/home/lau/template_ws/install/ros_gz_example_description:/home/lau/template_ws/install/ros_gz_example_bringup:/home/lau/template_ws/install/ros_gz_example_application:/opt/ros/jazzy/opt/gz_sim_vendor:/opt/ros/jazzy/opt/gz_sensors_vendor:/opt/ros/jazzy/opt/gz_physics_vendor:/opt/ros/jazzy/opt/sdformat_vendor:/opt/ros/jazzy/opt/gz_gui_vendor:/opt/ros/jazzy/opt/gz_transport_vendor:/opt/ros/jazzy/opt/gz_rendering_vendor:/opt/ros/jazzy/opt/gz_plugin_vendor:/opt/ros/jazzy/opt/gz_fuel_tools_vendor:/opt/ros/jazzy/opt/gz_msgs_vendor:/opt/ros/jazzy/opt/gz_common_vendor:/opt/ros/jazzy/opt/gz_tools_vendor:/opt/ros/jazzy/opt/gz_ogre_next_vendor:/opt/ros/jazzy/opt/gz_dartsim_vendor:/opt/ros/jazzy/opt/gz_math_vendor:/opt/ros/jazzy/opt/gz_utils_vendor:/opt/ros/jazzy/opt/gz_cmake_vendor:/opt/ros/jazzy DEBUGINFOD_URLS=https://debuginfod.ubuntu.com GZ_SIM_PLUGIN_PATH=/home/lau/template_ws/install/ros_gz_example_gazebo/lib/ros_gz_example_gazebo GZ_SIM_RESOURCE_PATH=/home/lau/template_ws/install/ros_gz_example_description/share/ros_gz_example_description/models:${GZ_SIM_RESOURCE_PATH} /usr/bin/cmake --build /home/lau/template_ws/build/ros_gz_example_bringup -- -j8 -l8
[0.955s] DEBUG:colcon.colcon_core.event_handler.log_command:Invoked command in '/home/lau/template_ws/build/ros_gz_example_bringup' returned '0': CMAKE_PREFIX_PATH=/home/lau/template_ws/install/ros_gz_example_gazebo:/home/lau/template_ws/install/ros_gz_example_description:/home/lau/template_ws/install/ros_gz_example_bringup:/home/lau/template_ws/install/ros_gz_example_application:/opt/ros/jazzy/opt/gz_sim_vendor:/opt/ros/jazzy/opt/gz_sensors_vendor:/opt/ros/jazzy/opt/gz_physics_vendor:/opt/ros/jazzy/opt/sdformat_vendor:/opt/ros/jazzy/opt/gz_gui_vendor:/opt/ros/jazzy/opt/gz_transport_vendor:/opt/ros/jazzy/opt/gz_rendering_vendor:/opt/ros/jazzy/opt/gz_plugin_vendor:/opt/ros/jazzy/opt/gz_fuel_tools_vendor:/opt/ros/jazzy/opt/gz_msgs_vendor:/opt/ros/jazzy/opt/gz_common_vendor:/opt/ros/jazzy/opt/gz_tools_vendor:/opt/ros/jazzy/opt/gz_ogre_next_vendor:/opt/ros/jazzy/opt/gz_dartsim_vendor:/opt/ros/jazzy/opt/gz_math_vendor:/opt/ros/jazzy/opt/gz_utils_vendor:/opt/ros/jazzy/opt/gz_cmake_vendor:/opt/ros/jazzy DEBUGINFOD_URLS=https://debuginfod.ubuntu.com GZ_SIM_PLUGIN_PATH=/home/lau/template_ws/install/ros_gz_example_gazebo/lib/ros_gz_example_gazebo GZ_SIM_RESOURCE_PATH=/home/lau/template_ws/install/ros_gz_example_description/share/ros_gz_example_description/models:${GZ_SIM_RESOURCE_PATH} /usr/bin/cmake --build /home/lau/template_ws/build/ros_gz_example_bringup -- -j8 -l8
[0.957s] DEBUG:colcon.colcon_core.event_handler.log_command:Invoking command in '/home/lau/template_ws/build/ros_gz_example_bringup': CMAKE_PREFIX_PATH=/home/lau/template_ws/install/ros_gz_example_gazebo:/home/lau/template_ws/install/ros_gz_example_description:/home/lau/template_ws/install/ros_gz_example_bringup:/home/lau/template_ws/install/ros_gz_example_application:/opt/ros/jazzy/opt/gz_sim_vendor:/opt/ros/jazzy/opt/gz_sensors_vendor:/opt/ros/jazzy/opt/gz_physics_vendor:/opt/ros/jazzy/opt/sdformat_vendor:/opt/ros/jazzy/opt/gz_gui_vendor:/opt/ros/jazzy/opt/gz_transport_vendor:/opt/ros/jazzy/opt/gz_rendering_vendor:/opt/ros/jazzy/opt/gz_plugin_vendor:/opt/ros/jazzy/opt/gz_fuel_tools_vendor:/opt/ros/jazzy/opt/gz_msgs_vendor:/opt/ros/jazzy/opt/gz_common_vendor:/opt/ros/jazzy/opt/gz_tools_vendor:/opt/ros/jazzy/opt/gz_ogre_next_vendor:/opt/ros/jazzy/opt/gz_dartsim_vendor:/opt/ros/jazzy/opt/gz_math_vendor:/opt/ros/jazzy/opt/gz_utils_vendor:/opt/ros/jazzy/opt/gz_cmake_vendor:/opt/ros/jazzy DEBUGINFOD_URLS=https://debuginfod.ubuntu.com GZ_SIM_PLUGIN_PATH=/home/lau/template_ws/install/ros_gz_example_gazebo/lib/ros_gz_example_gazebo GZ_SIM_RESOURCE_PATH=/home/lau/template_ws/install/ros_gz_example_description/share/ros_gz_example_description/models:${GZ_SIM_RESOURCE_PATH} /usr/bin/cmake --install /home/lau/template_ws/build/ros_gz_example_bringup
[0.970s] Level 1:colcon.colcon_core.environment:create_environment_scripts_only(ros_gz_example_bringup)
[0.970s] Level 1:colcon.colcon_core.environment:checking '/home/lau/template_ws/install/ros_gz_example_bringup' for CMake module files
[0.970s] DEBUG:colcon.colcon_core.event_handler.log_command:Invoked command in '/home/lau/template_ws/build/ros_gz_example_bringup' returned '0': CMAKE_PREFIX_PATH=/home/lau/template_ws/install/ros_gz_example_gazebo:/home/lau/template_ws/install/ros_gz_example_description:/home/lau/template_ws/install/ros_gz_example_bringup:/home/lau/template_ws/install/ros_gz_example_application:/opt/ros/jazzy/opt/gz_sim_vendor:/opt/ros/jazzy/opt/gz_sensors_vendor:/opt/ros/jazzy/opt/gz_physics_vendor:/opt/ros/jazzy/opt/sdformat_vendor:/opt/ros/jazzy/opt/gz_gui_vendor:/opt/ros/jazzy/opt/gz_transport_vendor:/opt/ros/jazzy/opt/gz_rendering_vendor:/opt/ros/jazzy/opt/gz_plugin_vendor:/opt/ros/jazzy/opt/gz_fuel_tools_vendor:/opt/ros/jazzy/opt/gz_msgs_vendor:/opt/ros/jazzy/opt/gz_common_vendor:/opt/ros/jazzy/opt/gz_tools_vendor:/opt/ros/jazzy/opt/gz_ogre_next_vendor:/opt/ros/jazzy/opt/gz_dartsim_vendor:/opt/ros/jazzy/opt/gz_math_vendor:/opt/ros/jazzy/opt/gz_utils_vendor:/opt/ros/jazzy/opt/gz_cmake_vendor:/opt/ros/jazzy DEBUGINFOD_URLS=https://debuginfod.ubuntu.com GZ_SIM_PLUGIN_PATH=/home/lau/template_ws/install/ros_gz_example_gazebo/lib/ros_gz_example_gazebo GZ_SIM_RESOURCE_PATH=/home/lau/template_ws/install/ros_gz_example_description/share/ros_gz_example_description/models:${GZ_SIM_RESOURCE_PATH} /usr/bin/cmake --install /home/lau/template_ws/build/ros_gz_example_bringup
[0.971s] Level 1:colcon.colcon_core.environment:checking '/home/lau/template_ws/install/ros_gz_example_bringup' for CMake config files
[0.971s] Level 1:colcon.colcon_core.shell:create_environment_hook('ros_gz_example_bringup', 'cmake_prefix_path')
[0.972s] INFO:colcon.colcon_core.shell:Creating environment hook '/home/lau/template_ws/install/ros_gz_example_bringup/share/ros_gz_example_bringup/hook/cmake_prefix_path.ps1'
[0.972s] INFO:colcon.colcon_core.shell:Creating environment descriptor '/home/lau/template_ws/install/ros_gz_example_bringup/share/ros_gz_example_bringup/hook/cmake_prefix_path.dsv'
[0.973s] INFO:colcon.colcon_core.shell:Creating environment hook '/home/lau/template_ws/install/ros_gz_example_bringup/share/ros_gz_example_bringup/hook/cmake_prefix_path.sh'
[0.973s] Level 1:colcon.colcon_core.environment:checking '/home/lau/template_ws/install/ros_gz_example_bringup/bin'
[0.974s] Level 1:colcon.colcon_core.environment:checking '/home/lau/template_ws/install/ros_gz_example_bringup/lib/pkgconfig/ros_gz_example_bringup.pc'
[0.974s] Level 1:colcon.colcon_core.environment:checking '/home/lau/template_ws/install/ros_gz_example_bringup/lib/python3.12/site-packages'
[0.974s] Level 1:colcon.colcon_core.environment:checking '/home/lau/template_ws/install/ros_gz_example_bringup/bin'
[0.974s] INFO:colcon.colcon_core.shell:Creating package script '/home/lau/template_ws/install/ros_gz_example_bringup/share/ros_gz_example_bringup/package.ps1'
[0.975s] INFO:colcon.colcon_core.shell:Creating package descriptor '/home/lau/template_ws/install/ros_gz_example_bringup/share/ros_gz_example_bringup/package.dsv'
[0.975s] INFO:colcon.colcon_core.shell:Creating package script '/home/lau/template_ws/install/ros_gz_example_bringup/share/ros_gz_example_bringup/package.sh'
[0.976s] INFO:colcon.colcon_core.shell:Creating package script '/home/lau/template_ws/install/ros_gz_example_bringup/share/ros_gz_example_bringup/package.bash'
[0.976s] INFO:colcon.colcon_core.shell:Creating package script '/home/lau/template_ws/install/ros_gz_example_bringup/share/ros_gz_example_bringup/package.zsh'
[0.976s] Level 1:colcon.colcon_core.environment:create_file_with_runtime_dependencies(/home/lau/template_ws/install/ros_gz_example_bringup/share/colcon-core/packages/ros_gz_example_bringup)
[0.977s] Level 1:colcon.colcon_core.environment:create_environment_scripts_only(ros_gz_example_bringup)
[0.977s] Level 1:colcon.colcon_core.environment:checking '/home/lau/template_ws/install/ros_gz_example_bringup' for CMake module files
[0.977s] Level 1:colcon.colcon_core.environment:checking '/home/lau/template_ws/install/ros_gz_example_bringup' for CMake config files
[0.978s] Level 1:colcon.colcon_core.shell:create_environment_hook('ros_gz_example_bringup', 'cmake_prefix_path')
[0.978s] INFO:colcon.colcon_core.shell:Creating environment hook '/home/lau/template_ws/install/ros_gz_example_bringup/share/ros_gz_example_bringup/hook/cmake_prefix_path.ps1'
[0.978s] INFO:colcon.colcon_core.shell:Creating environment descriptor '/home/lau/template_ws/install/ros_gz_example_bringup/share/ros_gz_example_bringup/hook/cmake_prefix_path.dsv'
[0.979s] INFO:colcon.colcon_core.shell:Creating environment hook '/home/lau/template_ws/install/ros_gz_example_bringup/share/ros_gz_example_bringup/hook/cmake_prefix_path.sh'
[0.979s] Level 1:colcon.colcon_core.environment:checking '/home/lau/template_ws/install/ros_gz_example_bringup/bin'
[0.979s] Level 1:colcon.colcon_core.environment:checking '/home/lau/template_ws/install/ros_gz_example_bringup/lib/pkgconfig/ros_gz_example_bringup.pc'
[0.979s] Level 1:colcon.colcon_core.environment:checking '/home/lau/template_ws/install/ros_gz_example_bringup/lib/python3.12/site-packages'
[0.980s] Level 1:colcon.colcon_core.environment:checking '/home/lau/template_ws/install/ros_gz_example_bringup/bin'
[0.980s] INFO:colcon.colcon_core.shell:Creating package script '/home/lau/template_ws/install/ros_gz_example_bringup/share/ros_gz_example_bringup/package.ps1'
[0.980s] INFO:colcon.colcon_core.shell:Creating package descriptor '/home/lau/template_ws/install/ros_gz_example_bringup/share/ros_gz_example_bringup/package.dsv'
[0.981s] INFO:colcon.colcon_core.shell:Creating package script '/home/lau/template_ws/install/ros_gz_example_bringup/share/ros_gz_example_bringup/package.sh'
[0.981s] INFO:colcon.colcon_core.shell:Creating package script '/home/lau/template_ws/install/ros_gz_example_bringup/share/ros_gz_example_bringup/package.bash'
[0.982s] INFO:colcon.colcon_core.shell:Creating package script '/home/lau/template_ws/install/ros_gz_example_bringup/share/ros_gz_example_bringup/package.zsh'
[0.982s] Level 1:colcon.colcon_core.environment:create_file_with_runtime_dependencies(/home/lau/template_ws/install/ros_gz_example_bringup/share/colcon-core/packages/ros_gz_example_bringup)
[0.982s] DEBUG:colcon.colcon_parallel_executor.executor.parallel:closing loop
[0.982s] DEBUG:colcon.colcon_parallel_executor.executor.parallel:loop closed
[0.983s] DEBUG:colcon.colcon_parallel_executor.executor.parallel:run_until_complete finished with '0'
[0.983s] DEBUG:colcon.colcon_core.event_reactor:joining thread
[0.996s] INFO:colcon.colcon_core.plugin_system:Skipping extension 'colcon_notification.desktop_notification.terminal_notifier': Not used on non-Darwin systems
[0.996s] INFO:colcon.colcon_core.plugin_system:Skipping extension 'colcon_notification.desktop_notification.win32': Not used on non-Windows systems
[0.996s] INFO:colcon.colcon_notification.desktop_notification:Sending desktop notification using 'notify2'
[1.018s] DEBUG:colcon.colcon_core.event_reactor:joined thread
[1.018s] INFO:colcon.colcon_core.shell:Creating prefix script '/home/lau/template_ws/install/local_setup.ps1'
[1.020s] INFO:colcon.colcon_core.shell:Creating prefix util module '/home/lau/template_ws/install/_local_setup_util_ps1.py'
[1.021s] INFO:colcon.colcon_core.shell:Creating prefix chain script '/home/lau/template_ws/install/setup.ps1'
[1.023s] INFO:colcon.colcon_core.shell:Creating prefix script '/home/lau/template_ws/install/local_setup.sh'
[1.024s] INFO:colcon.colcon_core.shell:Creating prefix util module '/home/lau/template_ws/install/_local_setup_util_sh.py'
[1.025s] INFO:colcon.colcon_core.shell:Creating prefix chain script '/home/lau/template_ws/install/setup.sh'
[1.026s] INFO:colcon.colcon_core.shell:Creating prefix script '/home/lau/template_ws/install/local_setup.bash'
[1.027s] INFO:colcon.colcon_core.shell:Creating prefix chain script '/home/lau/template_ws/install/setup.bash'
[1.029s] INFO:colcon.colcon_core.shell:Creating prefix script '/home/lau/template_ws/install/local_setup.zsh'
[1.030s] INFO:colcon.colcon_core.shell:Creating prefix chain script '/home/lau/template_ws/install/setup.zsh'
