[0.022s] Invoking command in '/home/lau/template_ws/build/ros_gz_example_gazebo': CMAKE_PREFIX_PATH=/home/lau/template_ws/install/ros_gz_example_description:/home/lau/template_ws/install/ros_gz_example_bringup:/home/lau/template_ws/install/ros_gz_example_gazebo:/home/lau/template_ws/install/ros_gz_example_application:/opt/ros/jazzy/opt/gz_sim_vendor:/opt/ros/jazzy/opt/gz_sensors_vendor:/opt/ros/jazzy/opt/gz_physics_vendor:/opt/ros/jazzy/opt/sdformat_vendor:/opt/ros/jazzy/opt/gz_gui_vendor:/opt/ros/jazzy/opt/gz_transport_vendor:/opt/ros/jazzy/opt/gz_rendering_vendor:/opt/ros/jazzy/opt/gz_plugin_vendor:/opt/ros/jazzy/opt/gz_fuel_tools_vendor:/opt/ros/jazzy/opt/gz_msgs_vendor:/opt/ros/jazzy/opt/gz_common_vendor:/opt/ros/jazzy/opt/gz_tools_vendor:/opt/ros/jazzy/opt/gz_ogre_next_vendor:/opt/ros/jazzy/opt/gz_dartsim_vendor:/opt/ros/jazzy/opt/gz_math_vendor:/opt/ros/jazzy/opt/gz_utils_vendor:/opt/ros/jazzy/opt/gz_cmake_vendor:/opt/ros/jazzy DEBUGINFOD_URLS=https://debuginfod.ubuntu.com GZ_SIM_RESOURCE_PATH=/home/lau/template_ws/install/ros_gz_example_description/share/ros_gz_example_description/models:${GZ_SIM_RESOURCE_PATH} /usr/bin/cmake --build /home/lau/template_ws/build/ros_gz_example_gazebo -- -j8 -l8
[0.097s] [100%] Built target FullSystem
[0.098s] [100%] Built target BasicSystem
[0.111s] Invoked command in '/home/lau/template_ws/build/ros_gz_example_gazebo' returned '0': CMAKE_PREFIX_PATH=/home/lau/template_ws/install/ros_gz_example_description:/home/lau/template_ws/install/ros_gz_example_bringup:/home/lau/template_ws/install/ros_gz_example_gazebo:/home/lau/template_ws/install/ros_gz_example_application:/opt/ros/jazzy/opt/gz_sim_vendor:/opt/ros/jazzy/opt/gz_sensors_vendor:/opt/ros/jazzy/opt/gz_physics_vendor:/opt/ros/jazzy/opt/sdformat_vendor:/opt/ros/jazzy/opt/gz_gui_vendor:/opt/ros/jazzy/opt/gz_transport_vendor:/opt/ros/jazzy/opt/gz_rendering_vendor:/opt/ros/jazzy/opt/gz_plugin_vendor:/opt/ros/jazzy/opt/gz_fuel_tools_vendor:/opt/ros/jazzy/opt/gz_msgs_vendor:/opt/ros/jazzy/opt/gz_common_vendor:/opt/ros/jazzy/opt/gz_tools_vendor:/opt/ros/jazzy/opt/gz_ogre_next_vendor:/opt/ros/jazzy/opt/gz_dartsim_vendor:/opt/ros/jazzy/opt/gz_math_vendor:/opt/ros/jazzy/opt/gz_utils_vendor:/opt/ros/jazzy/opt/gz_cmake_vendor:/opt/ros/jazzy DEBUGINFOD_URLS=https://debuginfod.ubuntu.com GZ_SIM_RESOURCE_PATH=/home/lau/template_ws/install/ros_gz_example_description/share/ros_gz_example_description/models:${GZ_SIM_RESOURCE_PATH} /usr/bin/cmake --build /home/lau/template_ws/build/ros_gz_example_gazebo -- -j8 -l8
[0.112s] Invoking command in '/home/lau/template_ws/build/ros_gz_example_gazebo': CMAKE_PREFIX_PATH=/home/lau/template_ws/install/ros_gz_example_description:/home/lau/template_ws/install/ros_gz_example_bringup:/home/lau/template_ws/install/ros_gz_example_gazebo:/home/lau/template_ws/install/ros_gz_example_application:/opt/ros/jazzy/opt/gz_sim_vendor:/opt/ros/jazzy/opt/gz_sensors_vendor:/opt/ros/jazzy/opt/gz_physics_vendor:/opt/ros/jazzy/opt/sdformat_vendor:/opt/ros/jazzy/opt/gz_gui_vendor:/opt/ros/jazzy/opt/gz_transport_vendor:/opt/ros/jazzy/opt/gz_rendering_vendor:/opt/ros/jazzy/opt/gz_plugin_vendor:/opt/ros/jazzy/opt/gz_fuel_tools_vendor:/opt/ros/jazzy/opt/gz_msgs_vendor:/opt/ros/jazzy/opt/gz_common_vendor:/opt/ros/jazzy/opt/gz_tools_vendor:/opt/ros/jazzy/opt/gz_ogre_next_vendor:/opt/ros/jazzy/opt/gz_dartsim_vendor:/opt/ros/jazzy/opt/gz_math_vendor:/opt/ros/jazzy/opt/gz_utils_vendor:/opt/ros/jazzy/opt/gz_cmake_vendor:/opt/ros/jazzy DEBUGINFOD_URLS=https://debuginfod.ubuntu.com GZ_SIM_RESOURCE_PATH=/home/lau/template_ws/install/ros_gz_example_description/share/ros_gz_example_description/models:${GZ_SIM_RESOURCE_PATH} /usr/bin/cmake --install /home/lau/template_ws/build/ros_gz_example_gazebo
[0.122s] -- Install configuration: ""
[0.122s] -- Up-to-date: /home/lau/template_ws/install/ros_gz_example_gazebo/lib/ros_gz_example_gazebo/libBasicSystem.so
[0.123s] -- Up-to-date: /home/lau/template_ws/install/ros_gz_example_gazebo/lib/ros_gz_example_gazebo/libFullSystem.so
[0.123s] -- Up-to-date: /home/lau/template_ws/install/ros_gz_example_gazebo/share/ros_gz_example_gazebo/worlds
[0.123s] -- Installing: /home/lau/template_ws/install/ros_gz_example_gazebo/share/ros_gz_example_gazebo/worlds/diff_drive.sdf
[0.123s] -- Up-to-date: /home/lau/template_ws/install/ros_gz_example_gazebo/share/ros_gz_example_gazebo/environment/ros_gz_example_gazebo.dsv
[0.124s] -- Up-to-date: /home/lau/template_ws/install/ros_gz_example_gazebo/share/ros_gz_example_gazebo/environment/ros_gz_example_gazebo.sh
[0.124s] -- Up-to-date: /home/lau/template_ws/install/ros_gz_example_gazebo/share/ament_index/resource_index/package_run_dependencies/ros_gz_example_gazebo
[0.124s] -- Up-to-date: /home/lau/template_ws/install/ros_gz_example_gazebo/share/ament_index/resource_index/parent_prefix_path/ros_gz_example_gazebo
[0.124s] -- Up-to-date: /home/lau/template_ws/install/ros_gz_example_gazebo/share/ros_gz_example_gazebo/environment/ament_prefix_path.sh
[0.124s] -- Up-to-date: /home/lau/template_ws/install/ros_gz_example_gazebo/share/ros_gz_example_gazebo/environment/ament_prefix_path.dsv
[0.124s] -- Up-to-date: /home/lau/template_ws/install/ros_gz_example_gazebo/share/ros_gz_example_gazebo/environment/path.sh
[0.124s] -- Up-to-date: /home/lau/template_ws/install/ros_gz_example_gazebo/share/ros_gz_example_gazebo/environment/path.dsv
[0.124s] -- Up-to-date: /home/lau/template_ws/install/ros_gz_example_gazebo/share/ros_gz_example_gazebo/local_setup.bash
[0.124s] -- Up-to-date: /home/lau/template_ws/install/ros_gz_example_gazebo/share/ros_gz_example_gazebo/local_setup.sh
[0.124s] -- Up-to-date: /home/lau/template_ws/install/ros_gz_example_gazebo/share/ros_gz_example_gazebo/local_setup.zsh
[0.125s] -- Up-to-date: /home/lau/template_ws/install/ros_gz_example_gazebo/share/ros_gz_example_gazebo/local_setup.dsv
[0.125s] -- Installing: /home/lau/template_ws/install/ros_gz_example_gazebo/share/ros_gz_example_gazebo/package.dsv
[0.125s] -- Up-to-date: /home/lau/template_ws/install/ros_gz_example_gazebo/share/ament_index/resource_index/packages/ros_gz_example_gazebo
[0.125s] -- Up-to-date: /home/lau/template_ws/install/ros_gz_example_gazebo/share/ros_gz_example_gazebo/cmake/ros_gz_example_gazeboConfig.cmake
[0.125s] -- Up-to-date: /home/lau/template_ws/install/ros_gz_example_gazebo/share/ros_gz_example_gazebo/cmake/ros_gz_example_gazeboConfig-version.cmake
[0.125s] -- Up-to-date: /home/lau/template_ws/install/ros_gz_example_gazebo/share/ros_gz_example_gazebo/package.xml
[0.126s] Invoked command in '/home/lau/template_ws/build/ros_gz_example_gazebo' returned '0': CMAKE_PREFIX_PATH=/home/lau/template_ws/install/ros_gz_example_description:/home/lau/template_ws/install/ros_gz_example_bringup:/home/lau/template_ws/install/ros_gz_example_gazebo:/home/lau/template_ws/install/ros_gz_example_application:/opt/ros/jazzy/opt/gz_sim_vendor:/opt/ros/jazzy/opt/gz_sensors_vendor:/opt/ros/jazzy/opt/gz_physics_vendor:/opt/ros/jazzy/opt/sdformat_vendor:/opt/ros/jazzy/opt/gz_gui_vendor:/opt/ros/jazzy/opt/gz_transport_vendor:/opt/ros/jazzy/opt/gz_rendering_vendor:/opt/ros/jazzy/opt/gz_plugin_vendor:/opt/ros/jazzy/opt/gz_fuel_tools_vendor:/opt/ros/jazzy/opt/gz_msgs_vendor:/opt/ros/jazzy/opt/gz_common_vendor:/opt/ros/jazzy/opt/gz_tools_vendor:/opt/ros/jazzy/opt/gz_ogre_next_vendor:/opt/ros/jazzy/opt/gz_dartsim_vendor:/opt/ros/jazzy/opt/gz_math_vendor:/opt/ros/jazzy/opt/gz_utils_vendor:/opt/ros/jazzy/opt/gz_cmake_vendor:/opt/ros/jazzy DEBUGINFOD_URLS=https://debuginfod.ubuntu.com GZ_SIM_RESOURCE_PATH=/home/lau/template_ws/install/ros_gz_example_description/share/ros_gz_example_description/models:${GZ_SIM_RESOURCE_PATH} /usr/bin/cmake --install /home/lau/template_ws/build/ros_gz_example_gazebo
