[0.019s] Invoking command in '/home/lau/template_ws/build/ros_gz_example_gazebo': AMENT_PREFIX_PATH=/home/lau/template_ws/install/ros_gz_example_description:${AMENT_PREFIX_PATH} CMAKE_PREFIX_PATH=/home/lau/template_ws/install/ros_gz_example_description:/opt/ros/jazzy/opt/gz_math_vendor:/opt/ros/jazzy/opt/gz_utils_vendor:/opt/ros/jazzy/opt/gz_cmake_vendor:/opt/ros/jazzy DEBUGINFOD_URLS=https://debuginfod.ubuntu.com GZ_SIM_RESOURCE_PATH=/home/lau/template_ws/install/ros_gz_example_description/share/ros_gz_example_description/models /usr/bin/cmake /home/lau/template_ws/src/ros_gz_project_template/ros_gz_example_gazebo -DBUILD_TESTING=ON -DCMAKE_INSTALL_PREFIX=/home/lau/template_ws/install/ros_gz_example_gazebo
[0.034s] -- Found ament_cmake: 2.5.2 (/opt/ros/jazzy/share/ament_cmake/cmake)
[0.288s] -- Found ros_gz_example_description: 0.0.0 (/home/lau/template_ws/install/ros_gz_example_description/share/ros_gz_example_description/cmake)
[0.295s] -- Looking for gz-plugin2 -- found version 2.0.3
[0.296s] -- Searching for dependencies of gz-plugin2
[0.296s] -- Looking for gz-utils2 -- found version 2.2.0
[0.297s] -- Searching for dependencies of gz-utils2
[0.297s] -- Searching for <gz-utils2> component [cli]
[0.298s] -- Looking for gz-utils2-cli -- found version 2.2.0
[0.298s] -- Searching for dependencies of gz-utils2-cli
[0.299s] -- Searching for <gz-plugin2> component [register]
[0.300s] -- Looking for gz-plugin2-register -- found version 2.0.3
[0.300s] -- Searching for dependencies of gz-plugin2-register
[0.301s] -- Looking for gz-common5 -- found version 5.7.0
[0.301s] -- Searching for dependencies of gz-common5
[0.301s] -- Looking for gz-utils2 -- found version 2.2.0
[0.302s] -- Looking for dlfcn.h - found
[0.302s] -- Looking for libdl - found
[0.309s] -- Checking for module 'uuid'
[0.321s] --   Found uuid, version 2.39.3
[0.352s] -- Searching for <gz-common5> component [profiler]
[0.352s] -- Looking for gz-common5-profiler -- found version 5.7.0
[0.352s] -- Searching for dependencies of gz-common5-profiler
[0.356s] -- Looking for gz-sim8 -- found version 8.7.0
[0.356s] -- Searching for dependencies of gz-sim8
[0.359s] -- Looking for sdformat14 -- found version 14.6.0
[0.359s] -- Searching for dependencies of sdformat14
[0.383s] -- Checking for module 'tinyxml2'
[0.411s] --   Found tinyxml2, version 10.0.0
[0.482s] -- Looking for gz-math7 -- found version 7.5.1
[0.482s] -- Searching for dependencies of gz-math7
[0.483s] -- Looking for gz-utils2 -- found version 2.2.0
[0.486s] -- Looking for gz-utils2 -- found version 2.2.0
[0.488s] -- Looking for gz-plugin2 -- found version 2.0.3
[0.489s] -- Searching for dependencies of gz-plugin2
[0.490s] -- Looking for gz-utils2 -- found version 2.2.0
[0.490s] -- Searching for <gz-plugin2> component [loader]
[0.495s] -- Looking for gz-plugin2-loader -- found version 2.0.3
[0.495s] -- Searching for dependencies of gz-plugin2-loader
[0.496s] -- Searching for <gz-plugin2> component [register]
[0.499s] -- Looking for gz-transport13 -- found version 13.4.0
[0.500s] -- Searching for dependencies of gz-transport13
[0.658s] -- Found Protobuf: /usr/lib/x86_64-linux-gnu/libprotobuf.so (found version "3.21.12") 
[0.694s] -- Config-file not installed for ZeroMQ -- checking for pkg-config
[0.700s] -- Checking for module 'libzmq >= 4'
[0.713s] --   Found libzmq, version 4.3.5
[0.859s] -- Found ZeroMQ: TRUE (Required is at least version "4") 
[0.891s] -- Looking for gz-utils2 -- found version 2.2.0
[0.896s] -- Looking for gz-msgs10 -- found version 10.3.1
[0.896s] -- Searching for dependencies of gz-msgs10
[0.923s] -- Looking for gz-utils2 -- found version 2.2.0
[0.923s] -- Looking for gz-math7 -- found version 7.5.1
[1.086s] -- Searching for <gz-transport13> component [log]
[1.089s] -- Looking for gz-transport13-log -- found version 13.4.0
[1.089s] -- Searching for dependencies of gz-transport13-log
[1.089s] -- Searching for <gz-transport13> component [parameters]
[1.092s] -- Looking for gz-transport13-parameters -- found version 13.4.0
[1.092s] -- Searching for dependencies of gz-transport13-parameters
[1.094s] -- Looking for gz-msgs10 -- found version 10.3.1
[1.094s] -- Looking for gz-common5 -- found version 5.7.0
[1.095s] -- Searching for dependencies of gz-common5
[1.095s] -- Looking for gz-utils2 -- found version 2.2.0
[1.095s] -- Looking for dlfcn.h - found
[1.095s] -- Looking for libdl - found
[1.104s] -- Searching for <gz-common5> component [av]
[1.107s] -- Looking for gz-common5-av -- found version 5.7.0
[1.107s] -- Searching for dependencies of gz-common5-av
[1.116s] -- Checking for module 'libswscale'
[1.130s] --   Found libswscale, version 7.5.100
[1.165s] -- Found SWSCALE: TRUE  
[1.171s] -- Checking for module 'libavdevice >= 56.4.100'
[1.185s] --   Found libavdevice, version 60.3.100
[1.230s] -- Found AVDEVICE: TRUE (Required is at least version "56.4.100") 
[1.240s] -- Checking for module 'libavformat'
[1.254s] --   Found libavformat, version 60.16.100
[1.293s] -- Found AVFORMAT: TRUE  
[1.303s] -- Checking for module 'libavcodec'
[1.319s] --   Found libavcodec, version 60.31.102
[1.358s] -- Found AVCODEC: TRUE  
[1.385s] -- Checking for module 'libavutil'
[1.421s] --   Found libavutil, version 58.29.100
[1.510s] -- Found AVUTIL: TRUE  
[1.512s] -- Searching for <gz-common5> component [events]
[1.518s] -- Looking for gz-common5-events -- found version 5.7.0
[1.519s] -- Searching for dependencies of gz-common5-events
[1.520s] -- Looking for gz-math7 -- found version 7.5.1
[1.521s] -- Searching for <gz-common5> component [graphics]
[1.525s] -- Looking for gz-common5-graphics -- found version 5.7.0
[1.526s] -- Searching for dependencies of gz-common5-graphics
[1.526s] -- Looking for gz-math7 -- found version 7.5.1
[1.538s] -- Found GzAssimp: TRUE (found version "5.3.0") 
[1.539s] -- Searching for <gz-common5> component [io]
[1.541s] -- Looking for gz-common5-io -- found version 5.7.0
[1.541s] -- Searching for dependencies of gz-common5-io
[1.542s] -- Searching for <gz-common5> component [profiler]
[1.545s] -- Looking for gz-fuel_tools9 -- found version 9.1.0
[1.545s] -- Searching for dependencies of gz-fuel_tools9
[1.638s] -- Found CURL: /usr/lib/x86_64-linux-gnu/libcurl.so (found version "8.5.0")  
[1.654s] -- Checking for module 'jsoncpp'
[1.669s] --   Found jsoncpp, version 1.9.5
[1.707s] -- Found JSONCPP: TRUE  
[1.727s] -- Checking for module 'yaml-0.1'
[1.742s] --   Found yaml-0.1, version 0.2.5
[1.776s] -- Found YAML: TRUE  
[1.783s] -- Checking for module 'libzip'
[1.798s] --   Found libzip, version 1.7.3
[1.832s] -- Found ZIP: TRUE  
[1.833s] -- Looking for gz-utils2 -- found version 2.2.0
[1.834s] -- Looking for gz-common5 -- found version 5.7.0
[1.834s] -- Searching for dependencies of gz-common5
[1.835s] -- Looking for gz-utils2 -- found version 2.2.0
[1.835s] -- Looking for dlfcn.h - found
[1.835s] -- Looking for libdl - found
[1.844s] -- Searching for <gz-common5> component [testing]
[1.846s] -- Looking for gz-common5-testing -- found version 5.7.0
[1.847s] -- Searching for dependencies of gz-common5-testing
[1.848s] -- Looking for gz-math7 -- found version 7.5.1
[1.849s] -- Looking for gz-msgs10 -- found version 10.3.1
[1.852s] -- Looking for gz-gui8 -- found version 8.3.0
[1.852s] -- Searching for dependencies of gz-gui8
[1.881s] -- Looking for gz-utils2 -- found version 2.2.0
[1.882s] -- Looking for gz-math7 -- found version 7.5.1
[1.882s] -- Looking for gz-common5 -- found version 5.7.0
[1.883s] -- Looking for gz-plugin2 -- found version 2.0.3
[1.884s] -- Looking for gz-transport13 -- found version 13.4.0
[1.886s] -- Looking for gz-rendering8 -- found version 8.2.1
[1.886s] -- Searching for dependencies of gz-rendering8
[1.887s] -- Looking for gz-math7 -- found version 7.5.1
[1.887s] -- Searching for dependencies of gz-math7
[1.888s] -- Looking for gz-utils2 -- found version 2.2.0
[1.888s] -- Searching for <gz-math7> component [eigen3]
[1.895s] -- Looking for gz-math7-eigen3 -- found version 7.5.1
[1.896s] -- Searching for dependencies of gz-math7-eigen3
[1.915s] -- Looking for gz-common5 -- found version 5.7.0
[1.915s] -- Searching for dependencies of gz-common5
[1.916s] -- Looking for gz-utils2 -- found version 2.2.0
[1.916s] -- Looking for dlfcn.h - found
[1.916s] -- Looking for libdl - found
[1.926s] -- Searching for <gz-common5> component [graphics]
[1.926s] -- Searching for <gz-common5> component [events]
[1.926s] -- Searching for <gz-common5> component [geospatial]
[1.929s] -- Looking for gz-common5-geospatial -- found version 5.7.0
[1.929s] -- Searching for dependencies of gz-common5-geospatial
[1.929s] -- Looking for gz-math7 -- found version 7.5.1
[1.930s] -- Looking for gz-common5 -- found version 5.7.0
[1.931s] -- Looking for gz-plugin2 -- found version 2.0.3
[1.932s] -- Searching for dependencies of gz-plugin2
[1.932s] -- Looking for gz-utils2 -- found version 2.2.0
[1.932s] -- Searching for <gz-plugin2> component [all]
[1.935s] -- Looking for all libraries of gz-plugin2 -- found version 2.0.3
[1.936s] -- Looking for gz-plugin2 -- found version 2.0.3
[1.937s] -- Looking for gz-utils2 -- found version 2.2.0
[1.949s] -- Found OpenGL: /usr/lib/x86_64-linux-gnu/libOpenGL.so  found components: OpenGL 
[1.951s] -- Looking for gz-msgs10 -- found version 10.3.1
[2.015s] -- Looking for gz-physics7 -- found version 7.4.0
[2.015s] -- Searching for dependencies of gz-physics7
[2.016s] -- Looking for gz-common5 -- found version 5.7.0
[2.016s] -- Looking for gz-math7 -- found version 7.5.1
[2.017s] -- Looking for gz-plugin2 -- found version 2.0.3
[2.017s] -- Looking for gz-utils2 -- found version 2.2.0
[2.019s] -- Searching for <gz-physics7> component [heightmap]
[2.022s] -- Looking for gz-physics7-heightmap -- found version 7.4.0
[2.022s] -- Searching for dependencies of gz-physics7-heightmap
[2.022s] -- Looking for gz-common5 -- found version 5.7.0
[2.023s] -- Searching for <gz-physics7> component [mesh]
[2.026s] -- Looking for gz-physics7-mesh -- found version 7.4.0
[2.026s] -- Searching for dependencies of gz-physics7-mesh
[2.027s] -- Looking for gz-common5 -- found version 5.7.0
[2.027s] -- Searching for <gz-physics7> component [sdf]
[2.030s] -- Looking for gz-physics7-sdf -- found version 7.4.0
[2.030s] -- Searching for dependencies of gz-physics7-sdf
[2.031s] -- Looking for sdformat14 -- found version 14.6.0
[2.034s] -- Looking for gz-sensors8 -- found version 8.2.1
[2.034s] -- Searching for dependencies of gz-sensors8
[2.057s] -- Looking for gz-math7 -- found version 7.5.1
[2.057s] -- Looking for gz-common5 -- found version 5.7.0
[2.058s] -- Looking for gz-transport13 -- found version 13.4.0
[2.059s] -- Looking for gz-rendering8 -- found version 8.2.1
[2.059s] -- Looking for gz-msgs10 -- found version 10.3.1
[2.060s] -- Looking for sdformat14 -- found version 14.6.0
[2.061s] -- Searching for <gz-sensors8> component [air_pressure]
[2.063s] -- Looking for gz-sensors8-air_pressure -- found version 8.2.1
[2.063s] -- Searching for dependencies of gz-sensors8-air_pressure
[2.064s] -- Searching for <gz-sensors8> component [air_speed]
[2.067s] -- Looking for gz-sensors8-air_speed -- found version 8.2.1
[2.067s] -- Searching for dependencies of gz-sensors8-air_speed
[2.068s] -- Searching for <gz-sensors8> component [altimeter]
[2.070s] -- Looking for gz-sensors8-altimeter -- found version 8.2.1
[2.071s] -- Searching for dependencies of gz-sensors8-altimeter
[2.071s] -- Searching for <gz-sensors8> component [imu]
[2.074s] -- Looking for gz-sensors8-imu -- found version 8.2.1
[2.074s] -- Searching for dependencies of gz-sensors8-imu
[2.075s] -- Searching for <gz-sensors8> component [force_torque]
[2.077s] -- Looking for gz-sensors8-force_torque -- found version 8.2.1
[2.078s] -- Searching for dependencies of gz-sensors8-force_torque
[2.078s] -- Searching for <gz-sensors8> component [logical_camera]
[2.081s] -- Looking for gz-sensors8-logical_camera -- found version 8.2.1
[2.081s] -- Searching for dependencies of gz-sensors8-logical_camera
[2.082s] -- Searching for <gz-sensors8> component [magnetometer]
[2.084s] -- Looking for gz-sensors8-magnetometer -- found version 8.2.1
[2.085s] -- Searching for dependencies of gz-sensors8-magnetometer
[2.085s] -- Searching for <gz-sensors8> component [navsat]
[2.088s] -- Looking for gz-sensors8-navsat -- found version 8.2.1
[2.088s] -- Searching for dependencies of gz-sensors8-navsat
[2.089s] -- Searching for <gz-sensors8> component [dvl]
[2.091s] -- Looking for gz-sensors8-dvl -- found version 8.2.1
[2.092s] -- Searching for dependencies of gz-sensors8-dvl
[2.092s] -- Looking for gz-sensors8 -- found version 8.2.1
[2.092s] -- Searching for dependencies of gz-sensors8
[2.115s] -- Looking for gz-math7 -- found version 7.5.1
[2.116s] -- Looking for gz-common5 -- found version 5.7.0
[2.117s] -- Looking for gz-transport13 -- found version 13.4.0
[2.117s] -- Looking for gz-rendering8 -- found version 8.2.1
[2.118s] -- Looking for gz-msgs10 -- found version 10.3.1
[2.118s] -- Looking for sdformat14 -- found version 14.6.0
[2.119s] -- Searching for <gz-sensors8> component [rendering]
[2.121s] -- Looking for gz-sensors8-rendering -- found version 8.2.1
[2.122s] -- Searching for dependencies of gz-sensors8-rendering
[2.123s] -- Searching for <gz-sensors8> component [rendering]
[2.123s] -- Searching for <gz-sensors8> component [lidar]
[2.126s] -- Looking for gz-sensors8-lidar -- found version 8.2.1
[2.126s] -- Searching for dependencies of gz-sensors8-lidar
[2.127s] -- Looking for gz-sensors8 -- found version 8.2.1
[2.128s] -- Searching for <gz-sensors8> component [gpu_lidar]
[2.130s] -- Looking for gz-sensors8-gpu_lidar -- found version 8.2.1
[2.130s] -- Searching for dependencies of gz-sensors8-gpu_lidar
[2.131s] -- Looking for gz-sensors8 -- found version 8.2.1
[2.132s] -- Searching for <gz-sensors8> component [camera]
[2.134s] -- Looking for gz-sensors8-camera -- found version 8.2.1
[2.135s] -- Searching for dependencies of gz-sensors8-camera
[2.135s] -- Looking for gz-sensors8 -- found version 8.2.1
[2.136s] -- Searching for <gz-sensors8> component [boundingbox_camera]
[2.138s] -- Looking for gz-sensors8-boundingbox_camera -- found version 8.2.1
[2.139s] -- Searching for dependencies of gz-sensors8-boundingbox_camera
[2.139s] -- Searching for <gz-sensors8> component [segmentation_camera]
[2.142s] -- Looking for gz-sensors8-segmentation_camera -- found version 8.2.1
[2.142s] -- Searching for dependencies of gz-sensors8-segmentation_camera
[2.143s] -- Searching for <gz-sensors8> component [depth_camera]
[2.145s] -- Looking for gz-sensors8-depth_camera -- found version 8.2.1
[2.146s] -- Searching for dependencies of gz-sensors8-depth_camera
[2.146s] -- Looking for gz-sensors8 -- found version 8.2.1
[2.147s] -- Searching for <gz-sensors8> component [rgbd_camera]
[2.149s] -- Looking for gz-sensors8-rgbd_camera -- found version 8.2.1
[2.150s] -- Searching for dependencies of gz-sensors8-rgbd_camera
[2.150s] -- Looking for gz-sensors8 -- found version 8.2.1
[2.151s] -- Searching for <gz-sensors8> component [thermal_camera]
[2.154s] -- Looking for gz-sensors8-thermal_camera -- found version 8.2.1
[2.154s] -- Searching for dependencies of gz-sensors8-thermal_camera
[2.154s] -- Looking for gz-sensors8 -- found version 8.2.1
[2.155s] -- Searching for <gz-sensors8> component [wide_angle_camera]
[2.158s] -- Looking for gz-sensors8-wide_angle_camera -- found version 8.2.1
[2.158s] -- Searching for dependencies of gz-sensors8-wide_angle_camera
[2.159s] -- Looking for gz-rendering8 -- found version 8.2.1
[2.160s] -- Looking for gz-math7 -- found version 7.5.1
[2.160s] -- Looking for gz-utils2 -- found version 2.2.0
[2.184s] -- Compiling against Gazebo Harmonic
[2.186s] -- Found ament_lint_auto: 0.17.1 (/opt/ros/jazzy/share/ament_lint_auto/cmake)
[2.291s] -- Configuring done (2.3s)
[2.318s] -- Generating done (0.0s)
[2.323s] -- Build files have been written to: /home/lau/template_ws/build/ros_gz_example_gazebo
[2.333s] Invoked command in '/home/lau/template_ws/build/ros_gz_example_gazebo' returned '0': AMENT_PREFIX_PATH=/home/lau/template_ws/install/ros_gz_example_description:${AMENT_PREFIX_PATH} CMAKE_PREFIX_PATH=/home/lau/template_ws/install/ros_gz_example_description:/opt/ros/jazzy/opt/gz_math_vendor:/opt/ros/jazzy/opt/gz_utils_vendor:/opt/ros/jazzy/opt/gz_cmake_vendor:/opt/ros/jazzy DEBUGINFOD_URLS=https://debuginfod.ubuntu.com GZ_SIM_RESOURCE_PATH=/home/lau/template_ws/install/ros_gz_example_description/share/ros_gz_example_description/models /usr/bin/cmake /home/lau/template_ws/src/ros_gz_project_template/ros_gz_example_gazebo -DBUILD_TESTING=ON -DCMAKE_INSTALL_PREFIX=/home/lau/template_ws/install/ros_gz_example_gazebo
[2.334s] Invoking command in '/home/lau/template_ws/build/ros_gz_example_gazebo': AMENT_PREFIX_PATH=/home/lau/template_ws/install/ros_gz_example_description:${AMENT_PREFIX_PATH} CMAKE_PREFIX_PATH=/home/lau/template_ws/install/ros_gz_example_description:/opt/ros/jazzy/opt/gz_math_vendor:/opt/ros/jazzy/opt/gz_utils_vendor:/opt/ros/jazzy/opt/gz_cmake_vendor:/opt/ros/jazzy DEBUGINFOD_URLS=https://debuginfod.ubuntu.com GZ_SIM_RESOURCE_PATH=/home/lau/template_ws/install/ros_gz_example_description/share/ros_gz_example_description/models /usr/bin/cmake --build /home/lau/template_ws/build/ros_gz_example_gazebo -- -j8 -l8
[2.397s] [ 25%] [32mBuilding CXX object CMakeFiles/FullSystem.dir/src/FullSystem.cc.o[0m
[2.397s] [ 50%] [32mBuilding CXX object CMakeFiles/BasicSystem.dir/src/BasicSystem.cc.o[0m
[5.309s] [ 75%] [32m[1mLinking CXX shared library libBasicSystem.so[0m
[5.500s] [100%] [32m[1mLinking CXX shared library libFullSystem.so[0m
[5.594s] [100%] Built target BasicSystem
[5.747s] [100%] Built target FullSystem
[5.763s] Invoked command in '/home/lau/template_ws/build/ros_gz_example_gazebo' returned '0': AMENT_PREFIX_PATH=/home/lau/template_ws/install/ros_gz_example_description:${AMENT_PREFIX_PATH} CMAKE_PREFIX_PATH=/home/lau/template_ws/install/ros_gz_example_description:/opt/ros/jazzy/opt/gz_math_vendor:/opt/ros/jazzy/opt/gz_utils_vendor:/opt/ros/jazzy/opt/gz_cmake_vendor:/opt/ros/jazzy DEBUGINFOD_URLS=https://debuginfod.ubuntu.com GZ_SIM_RESOURCE_PATH=/home/lau/template_ws/install/ros_gz_example_description/share/ros_gz_example_description/models /usr/bin/cmake --build /home/lau/template_ws/build/ros_gz_example_gazebo -- -j8 -l8
[5.765s] Invoking command in '/home/lau/template_ws/build/ros_gz_example_gazebo': AMENT_PREFIX_PATH=/home/lau/template_ws/install/ros_gz_example_description:${AMENT_PREFIX_PATH} CMAKE_PREFIX_PATH=/home/lau/template_ws/install/ros_gz_example_description:/opt/ros/jazzy/opt/gz_math_vendor:/opt/ros/jazzy/opt/gz_utils_vendor:/opt/ros/jazzy/opt/gz_cmake_vendor:/opt/ros/jazzy DEBUGINFOD_URLS=https://debuginfod.ubuntu.com GZ_SIM_RESOURCE_PATH=/home/lau/template_ws/install/ros_gz_example_description/share/ros_gz_example_description/models /usr/bin/cmake --install /home/lau/template_ws/build/ros_gz_example_gazebo
[5.777s] -- Install configuration: ""
[5.777s] -- Installing: /home/lau/template_ws/install/ros_gz_example_gazebo/lib/ros_gz_example_gazebo/libBasicSystem.so
[5.778s] -- Set non-toolchain portion of runtime path of "/home/lau/template_ws/install/ros_gz_example_gazebo/lib/ros_gz_example_gazebo/libBasicSystem.so" to ""
[5.779s] -- Installing: /home/lau/template_ws/install/ros_gz_example_gazebo/lib/ros_gz_example_gazebo/libFullSystem.so
[5.780s] -- Set non-toolchain portion of runtime path of "/home/lau/template_ws/install/ros_gz_example_gazebo/lib/ros_gz_example_gazebo/libFullSystem.so" to ""
[5.780s] -- Installing: /home/lau/template_ws/install/ros_gz_example_gazebo/share/ros_gz_example_gazebo/worlds
[5.780s] -- Installing: /home/lau/template_ws/install/ros_gz_example_gazebo/share/ros_gz_example_gazebo/worlds/diff_drive.sdf
[5.780s] -- Installing: /home/lau/template_ws/install/ros_gz_example_gazebo/share/ros_gz_example_gazebo/environment/ros_gz_example_gazebo.dsv
[5.781s] -- Installing: /home/lau/template_ws/install/ros_gz_example_gazebo/share/ros_gz_example_gazebo/environment/ros_gz_example_gazebo.sh
[5.781s] -- Installing: /home/lau/template_ws/install/ros_gz_example_gazebo/share/ament_index/resource_index/package_run_dependencies/ros_gz_example_gazebo
[5.781s] -- Installing: /home/lau/template_ws/install/ros_gz_example_gazebo/share/ament_index/resource_index/parent_prefix_path/ros_gz_example_gazebo
[5.781s] -- Installing: /home/lau/template_ws/install/ros_gz_example_gazebo/share/ros_gz_example_gazebo/environment/ament_prefix_path.sh
[5.782s] -- Installing: /home/lau/template_ws/install/ros_gz_example_gazebo/share/ros_gz_example_gazebo/environment/ament_prefix_path.dsv
[5.782s] -- Installing: /home/lau/template_ws/install/ros_gz_example_gazebo/share/ros_gz_example_gazebo/environment/path.sh
[5.782s] -- Installing: /home/lau/template_ws/install/ros_gz_example_gazebo/share/ros_gz_example_gazebo/environment/path.dsv
[5.782s] -- Installing: /home/lau/template_ws/install/ros_gz_example_gazebo/share/ros_gz_example_gazebo/local_setup.bash
[5.782s] -- Installing: /home/lau/template_ws/install/ros_gz_example_gazebo/share/ros_gz_example_gazebo/local_setup.sh
[5.783s] -- Installing: /home/lau/template_ws/install/ros_gz_example_gazebo/share/ros_gz_example_gazebo/local_setup.zsh
[5.783s] -- Installing: /home/lau/template_ws/install/ros_gz_example_gazebo/share/ros_gz_example_gazebo/local_setup.dsv
[5.783s] -- Installing: /home/lau/template_ws/install/ros_gz_example_gazebo/share/ros_gz_example_gazebo/package.dsv
[5.783s] -- Installing: /home/lau/template_ws/install/ros_gz_example_gazebo/share/ament_index/resource_index/packages/ros_gz_example_gazebo
[5.784s] -- Installing: /home/lau/template_ws/install/ros_gz_example_gazebo/share/ros_gz_example_gazebo/cmake/ros_gz_example_gazeboConfig.cmake
[5.784s] -- Installing: /home/lau/template_ws/install/ros_gz_example_gazebo/share/ros_gz_example_gazebo/cmake/ros_gz_example_gazeboConfig-version.cmake
[5.784s] -- Installing: /home/lau/template_ws/install/ros_gz_example_gazebo/share/ros_gz_example_gazebo/package.xml
[5.786s] Invoked command in '/home/lau/template_ws/build/ros_gz_example_gazebo' returned '0': AMENT_PREFIX_PATH=/home/lau/template_ws/install/ros_gz_example_description:${AMENT_PREFIX_PATH} CMAKE_PREFIX_PATH=/home/lau/template_ws/install/ros_gz_example_description:/opt/ros/jazzy/opt/gz_math_vendor:/opt/ros/jazzy/opt/gz_utils_vendor:/opt/ros/jazzy/opt/gz_cmake_vendor:/opt/ros/jazzy DEBUGINFOD_URLS=https://debuginfod.ubuntu.com GZ_SIM_RESOURCE_PATH=/home/lau/template_ws/install/ros_gz_example_description/share/ros_gz_example_description/models /usr/bin/cmake --install /home/lau/template_ws/build/ros_gz_example_gazebo
