running egg_info
creating ../../build/coverage/coverage.egg-info
writing ../../build/coverage/coverage.egg-info/PKG-INFO
writing dependency_links to ../../build/coverage/coverage.egg-info/dependency_links.txt
writing entry points to ../../build/coverage/coverage.egg-info/entry_points.txt
writing requirements to ../../build/coverage/coverage.egg-info/requires.txt
writing top-level names to ../../build/coverage/coverage.egg-info/top_level.txt
writing manifest file '../../build/coverage/coverage.egg-info/SOURCES.txt'
reading manifest file '../../build/coverage/coverage.egg-info/SOURCES.txt'
adding license file 'LICENSE'
writing manifest file '../../build/coverage/coverage.egg-info/SOURCES.txt'
running build
running build_py
creating /home/apoire/Documents/Robotica/ros2_ws/build/coverage/build
creating /home/apoire/Documents/Robotica/ros2_ws/build/coverage/build/lib
creating /home/apoire/Documents/Robotica/ros2_ws/build/coverage/build/lib/coverage
copying coverage/__init__.py -> /home/apoire/Documents/Robotica/ros2_ws/build/coverage/build/lib/coverage
copying coverage/coverage_server.py -> /home/apoire/Documents/Robotica/ros2_ws/build/coverage/build/lib/coverage
running install
running install_lib
creating /home/apoire/Documents/Robotica/ros2_ws/install/coverage/lib/python3.12/site-packages/coverage
copying /home/apoire/Documents/Robotica/ros2_ws/build/coverage/build/lib/coverage/__init__.py -> /home/apoire/Documents/Robotica/ros2_ws/install/coverage/lib/python3.12/site-packages/coverage
copying /home/apoire/Documents/Robotica/ros2_ws/build/coverage/build/lib/coverage/coverage_server.py -> /home/apoire/Documents/Robotica/ros2_ws/install/coverage/lib/python3.12/site-packages/coverage
byte-compiling /home/apoire/Documents/Robotica/ros2_ws/install/coverage/lib/python3.12/site-packages/coverage/__init__.py to __init__.cpython-312.pyc
byte-compiling /home/apoire/Documents/Robotica/ros2_ws/install/coverage/lib/python3.12/site-packages/coverage/coverage_server.py to coverage_server.cpython-312.pyc
running install_data
creating /home/apoire/Documents/Robotica/ros2_ws/install/coverage/share/ament_index
creating /home/apoire/Documents/Robotica/ros2_ws/install/coverage/share/ament_index/resource_index
creating /home/apoire/Documents/Robotica/ros2_ws/install/coverage/share/ament_index/resource_index/packages
copying resource/coverage -> /home/apoire/Documents/Robotica/ros2_ws/install/coverage/share/ament_index/resource_index/packages
copying package.xml -> /home/apoire/Documents/Robotica/ros2_ws/install/coverage/share/coverage
running install_egg_info
Copying ../../build/coverage/coverage.egg-info to /home/apoire/Documents/Robotica/ros2_ws/install/coverage/lib/python3.12/site-packages/coverage-0.0.0-py3.12.egg-info
running install_scripts
Installing coverage_server script to /home/apoire/Documents/Robotica/ros2_ws/install/coverage/lib/coverage
writing list of installed files to '/home/apoire/Documents/Robotica/ros2_ws/build/coverage/install.log'
