[0.012s] Invoking command in '/home/lau/template_ws/build/ros_gz_example_bringup': AMENT_PREFIX_PATH=/home/lau/template_ws/install/ros_gz_example_gazebo:/home/lau/template_ws/install/ros_gz_example_description:${AMENT_PREFIX_PATH} CMAKE_PREFIX_PATH=/home/lau/template_ws/install/ros_gz_example_gazebo:/home/lau/template_ws/install/ros_gz_example_description:/opt/ros/jazzy/opt/gz_math_vendor:/opt/ros/jazzy/opt/gz_utils_vendor:/opt/ros/jazzy/opt/gz_cmake_vendor:/opt/ros/jazzy DEBUGINFOD_URLS=https://debuginfod.ubuntu.com GZ_SIM_PLUGIN_PATH=/home/lau/template_ws/install/ros_gz_example_gazebo/lib/ros_gz_example_gazebo GZ_SIM_RESOURCE_PATH=/home/lau/template_ws/install/ros_gz_example_gazebo/share/ros_gz_example_gazebo/worlds:/home/lau/template_ws/install/ros_gz_example_description/share/ros_gz_example_description/models /usr/bin/cmake /home/lau/template_ws/src/ros_gz_project_template/ros_gz_example_bringup -DBUILD_TESTING=ON -DCMAKE_INSTALL_PREFIX=/home/lau/template_ws/install/ros_gz_example_bringup
[0.080s] -- The C compiler identification is GNU 13.2.0
[0.149s] -- The CXX compiler identification is GNU 13.2.0
[0.168s] -- Detecting C compiler ABI info
[0.275s] -- Detecting C compiler ABI info - done
[0.288s] -- Check for working C compiler: /usr/bin/cc - skipped
[0.288s] -- Detecting C compile features
[0.289s] -- Detecting C compile features - done
[0.300s] -- Detecting CXX compiler ABI info
[0.426s] -- Detecting CXX compiler ABI info - done
[0.438s] -- Check for working CXX compiler: /usr/bin/c++ - skipped
[0.439s] -- Detecting CXX compile features
[0.439s] -- Detecting CXX compile features - done
[0.443s] -- Found ament_cmake: 2.5.2 (/opt/ros/jazzy/share/ament_cmake/cmake)
[0.610s] -- Found Python3: /usr/bin/python3 (found version "3.12.3") found components: Interpreter 
[0.728s] -- Found ros_gz_example_description: 0.0.0 (/home/lau/template_ws/install/ros_gz_example_description/share/ros_gz_example_description/cmake)
[0.728s] -- Found ros_gz_example_gazebo: 0.0.0 (/home/lau/template_ws/install/ros_gz_example_gazebo/share/ros_gz_example_gazebo/cmake)
[0.730s] -- Found ament_lint_auto: 0.17.1 (/opt/ros/jazzy/share/ament_lint_auto/cmake)
[0.836s] -- Configuring done (0.8s)
[0.840s] -- Generating done (0.0s)
[0.842s] -- Build files have been written to: /home/lau/template_ws/build/ros_gz_example_bringup
[0.849s] Invoked command in '/home/lau/template_ws/build/ros_gz_example_bringup' returned '0': AMENT_PREFIX_PATH=/home/lau/template_ws/install/ros_gz_example_gazebo:/home/lau/template_ws/install/ros_gz_example_description:${AMENT_PREFIX_PATH} CMAKE_PREFIX_PATH=/home/lau/template_ws/install/ros_gz_example_gazebo:/home/lau/template_ws/install/ros_gz_example_description:/opt/ros/jazzy/opt/gz_math_vendor:/opt/ros/jazzy/opt/gz_utils_vendor:/opt/ros/jazzy/opt/gz_cmake_vendor:/opt/ros/jazzy DEBUGINFOD_URLS=https://debuginfod.ubuntu.com GZ_SIM_PLUGIN_PATH=/home/lau/template_ws/install/ros_gz_example_gazebo/lib/ros_gz_example_gazebo GZ_SIM_RESOURCE_PATH=/home/lau/template_ws/install/ros_gz_example_gazebo/share/ros_gz_example_gazebo/worlds:/home/lau/template_ws/install/ros_gz_example_description/share/ros_gz_example_description/models /usr/bin/cmake /home/lau/template_ws/src/ros_gz_project_template/ros_gz_example_bringup -DBUILD_TESTING=ON -DCMAKE_INSTALL_PREFIX=/home/lau/template_ws/install/ros_gz_example_bringup
[0.849s] Invoking command in '/home/lau/template_ws/build/ros_gz_example_bringup': AMENT_PREFIX_PATH=/home/lau/template_ws/install/ros_gz_example_gazebo:/home/lau/template_ws/install/ros_gz_example_description:${AMENT_PREFIX_PATH} CMAKE_PREFIX_PATH=/home/lau/template_ws/install/ros_gz_example_gazebo:/home/lau/template_ws/install/ros_gz_example_description:/opt/ros/jazzy/opt/gz_math_vendor:/opt/ros/jazzy/opt/gz_utils_vendor:/opt/ros/jazzy/opt/gz_cmake_vendor:/opt/ros/jazzy DEBUGINFOD_URLS=https://debuginfod.ubuntu.com GZ_SIM_PLUGIN_PATH=/home/lau/template_ws/install/ros_gz_example_gazebo/lib/ros_gz_example_gazebo GZ_SIM_RESOURCE_PATH=/home/lau/template_ws/install/ros_gz_example_gazebo/share/ros_gz_example_gazebo/worlds:/home/lau/template_ws/install/ros_gz_example_description/share/ros_gz_example_description/models /usr/bin/cmake --build /home/lau/template_ws/build/ros_gz_example_bringup -- -j8 -l8
[0.898s] Invoked command in '/home/lau/template_ws/build/ros_gz_example_bringup' returned '0': AMENT_PREFIX_PATH=/home/lau/template_ws/install/ros_gz_example_gazebo:/home/lau/template_ws/install/ros_gz_example_description:${AMENT_PREFIX_PATH} CMAKE_PREFIX_PATH=/home/lau/template_ws/install/ros_gz_example_gazebo:/home/lau/template_ws/install/ros_gz_example_description:/opt/ros/jazzy/opt/gz_math_vendor:/opt/ros/jazzy/opt/gz_utils_vendor:/opt/ros/jazzy/opt/gz_cmake_vendor:/opt/ros/jazzy DEBUGINFOD_URLS=https://debuginfod.ubuntu.com GZ_SIM_PLUGIN_PATH=/home/lau/template_ws/install/ros_gz_example_gazebo/lib/ros_gz_example_gazebo GZ_SIM_RESOURCE_PATH=/home/lau/template_ws/install/ros_gz_example_gazebo/share/ros_gz_example_gazebo/worlds:/home/lau/template_ws/install/ros_gz_example_description/share/ros_gz_example_description/models /usr/bin/cmake --build /home/lau/template_ws/build/ros_gz_example_bringup -- -j8 -l8
[0.899s] Invoking command in '/home/lau/template_ws/build/ros_gz_example_bringup': AMENT_PREFIX_PATH=/home/lau/template_ws/install/ros_gz_example_gazebo:/home/lau/template_ws/install/ros_gz_example_description:${AMENT_PREFIX_PATH} CMAKE_PREFIX_PATH=/home/lau/template_ws/install/ros_gz_example_gazebo:/home/lau/template_ws/install/ros_gz_example_description:/opt/ros/jazzy/opt/gz_math_vendor:/opt/ros/jazzy/opt/gz_utils_vendor:/opt/ros/jazzy/opt/gz_cmake_vendor:/opt/ros/jazzy DEBUGINFOD_URLS=https://debuginfod.ubuntu.com GZ_SIM_PLUGIN_PATH=/home/lau/template_ws/install/ros_gz_example_gazebo/lib/ros_gz_example_gazebo GZ_SIM_RESOURCE_PATH=/home/lau/template_ws/install/ros_gz_example_gazebo/share/ros_gz_example_gazebo/worlds:/home/lau/template_ws/install/ros_gz_example_description/share/ros_gz_example_description/models /usr/bin/cmake --install /home/lau/template_ws/build/ros_gz_example_bringup
[0.910s] -- Install configuration: ""
[0.910s] -- Installing: /home/lau/template_ws/install/ros_gz_example_bringup/share/ros_gz_example_bringup/launch
[0.910s] -- Installing: /home/lau/template_ws/install/ros_gz_example_bringup/share/ros_gz_example_bringup/launch/rrbot_setup.launch.py
[0.910s] -- Installing: /home/lau/template_ws/install/ros_gz_example_bringup/share/ros_gz_example_bringup/launch/diff_drive.launch.py
[0.911s] -- Installing: /home/lau/template_ws/install/ros_gz_example_bringup/share/ros_gz_example_bringup/config
[0.911s] -- Installing: /home/lau/template_ws/install/ros_gz_example_bringup/share/ros_gz_example_bringup/config/ros_gz_example_bridge.yaml
[0.911s] -- Installing: /home/lau/template_ws/install/ros_gz_example_bringup/share/ros_gz_example_bringup/config/diff_drive.rviz
[0.911s] -- Installing: /home/lau/template_ws/install/ros_gz_example_bringup/share/ros_gz_example_bringup/config/rrbot.rviz
[0.911s] -- Installing: /home/lau/template_ws/install/ros_gz_example_bringup/share/ament_index/resource_index/package_run_dependencies/ros_gz_example_bringup
[0.911s] -- Installing: /home/lau/template_ws/install/ros_gz_example_bringup/share/ament_index/resource_index/parent_prefix_path/ros_gz_example_bringup
[0.912s] -- Installing: /home/lau/template_ws/install/ros_gz_example_bringup/share/ros_gz_example_bringup/environment/ament_prefix_path.sh
[0.912s] -- Installing: /home/lau/template_ws/install/ros_gz_example_bringup/share/ros_gz_example_bringup/environment/ament_prefix_path.dsv
[0.912s] -- Installing: /home/lau/template_ws/install/ros_gz_example_bringup/share/ros_gz_example_bringup/environment/path.sh
[0.912s] -- Installing: /home/lau/template_ws/install/ros_gz_example_bringup/share/ros_gz_example_bringup/environment/path.dsv
[0.912s] -- Installing: /home/lau/template_ws/install/ros_gz_example_bringup/share/ros_gz_example_bringup/local_setup.bash
[0.912s] -- Installing: /home/lau/template_ws/install/ros_gz_example_bringup/share/ros_gz_example_bringup/local_setup.sh
[0.913s] -- Installing: /home/lau/template_ws/install/ros_gz_example_bringup/share/ros_gz_example_bringup/local_setup.zsh
[0.913s] -- Installing: /home/lau/template_ws/install/ros_gz_example_bringup/share/ros_gz_example_bringup/local_setup.dsv
[0.913s] -- Installing: /home/lau/template_ws/install/ros_gz_example_bringup/share/ros_gz_example_bringup/package.dsv
[0.913s] -- Installing: /home/lau/template_ws/install/ros_gz_example_bringup/share/ament_index/resource_index/packages/ros_gz_example_bringup
[0.913s] -- Installing: /home/lau/template_ws/install/ros_gz_example_bringup/share/ros_gz_example_bringup/cmake/ros_gz_example_bringupConfig.cmake
[0.913s] -- Installing: /home/lau/template_ws/install/ros_gz_example_bringup/share/ros_gz_example_bringup/cmake/ros_gz_example_bringupConfig-version.cmake
[0.914s] -- Installing: /home/lau/template_ws/install/ros_gz_example_bringup/share/ros_gz_example_bringup/package.xml
[0.917s] Invoked command in '/home/lau/template_ws/build/ros_gz_example_bringup' returned '0': AMENT_PREFIX_PATH=/home/lau/template_ws/install/ros_gz_example_gazebo:/home/lau/template_ws/install/ros_gz_example_description:${AMENT_PREFIX_PATH} CMAKE_PREFIX_PATH=/home/lau/template_ws/install/ros_gz_example_gazebo:/home/lau/template_ws/install/ros_gz_example_description:/opt/ros/jazzy/opt/gz_math_vendor:/opt/ros/jazzy/opt/gz_utils_vendor:/opt/ros/jazzy/opt/gz_cmake_vendor:/opt/ros/jazzy DEBUGINFOD_URLS=https://debuginfod.ubuntu.com GZ_SIM_PLUGIN_PATH=/home/lau/template_ws/install/ros_gz_example_gazebo/lib/ros_gz_example_gazebo GZ_SIM_RESOURCE_PATH=/home/lau/template_ws/install/ros_gz_example_gazebo/share/ros_gz_example_gazebo/worlds:/home/lau/template_ws/install/ros_gz_example_description/share/ros_gz_example_description/models /usr/bin/cmake --install /home/lau/template_ws/build/ros_gz_example_bringup
