[0.130s] DEBUG:colcon:Command line arguments: ['/usr/bin/colcon', 'build', '--cmake-args', '-DBUILD_TESTING=ON']
[0.131s] DEBUG:colcon:Parsed command line arguments: Namespace(log_base=None, log_level=None, verb_name='build', build_base='build', install_base='install', merge_install=False, symlink_install=False, test_result_base=None, continue_on_error=False, executor='parallel', parallel_workers=8, event_handlers=None, ignore_user_meta=False, metas=['./colcon.meta'], base_paths=['.'], packages_ignore=None, packages_ignore_regex=None, paths=None, packages_up_to=None, packages_up_to_regex=None, packages_above=None, packages_above_and_dependencies=None, packages_above_depth=None, packages_select_by_dep=None, packages_skip_by_dep=None, packages_skip_up_to=None, packages_select_build_failed=False, packages_skip_build_finished=False, packages_select_test_failures=False, packages_skip_test_passed=False, packages_select=None, packages_skip=None, packages_select_regex=None, packages_skip_regex=None, packages_start=None, packages_end=None, allow_overriding=[], cmake_args=['-DBUILD_TESTING=ON'], cmake_target=None, cmake_target_skip_unavailable=False, cmake_clean_cache=False, cmake_clean_first=False, cmake_force_configure=False, ament_cmake_args=None, catkin_cmake_args=None, catkin_skip_building_tests=False, mixin_files=None, mixin=None, verb_parser=<colcon_mixin.mixin.mixin_argument.MixinArgumentDecorator object at 0x730b60a7b170>, verb_extension=<colcon_core.verb.build.BuildVerb object at 0x730b60a20dd0>, main=<bound method BuildVerb.main of <colcon_core.verb.build.BuildVerb object at 0x730b60a20dd0>>, mixin_verb=('build',))
[0.177s] Level 1:colcon.colcon_core.package_discovery:discover_packages(colcon_meta) check parameters
[0.177s] Level 1:colcon.colcon_core.package_discovery:discover_packages(recursive) check parameters
[0.177s] Level 1:colcon.colcon_core.package_discovery:discover_packages(ignore) check parameters
[0.177s] Level 1:colcon.colcon_core.package_discovery:discover_packages(path) check parameters
[0.177s] Level 1:colcon.colcon_core.package_discovery:discover_packages(colcon_meta) discover
[0.177s] Level 1:colcon.colcon_core.package_discovery:discover_packages(recursive) discover
[0.177s] INFO:colcon.colcon_core.package_discovery:Crawling recursively for packages in '/home/lau/template_ws'
[0.177s] Level 1:colcon.colcon_core.package_identification:_identify(.) by extensions ['ignore', 'ignore_ament_install']
[0.177s] Level 1:colcon.colcon_core.package_identification:_identify(.) by extension 'ignore'
[0.177s] Level 1:colcon.colcon_core.package_identification:_identify(.) by extension 'ignore_ament_install'
[0.178s] Level 1:colcon.colcon_core.package_identification:_identify(.) by extensions ['colcon_pkg']
[0.178s] Level 1:colcon.colcon_core.package_identification:_identify(.) by extension 'colcon_pkg'
[0.178s] Level 1:colcon.colcon_core.package_identification:_identify(.) by extensions ['colcon_meta']
[0.178s] Level 1:colcon.colcon_core.package_identification:_identify(.) by extension 'colcon_meta'
[0.178s] Level 1:colcon.colcon_core.package_identification:_identify(.) by extensions ['ros']
[0.178s] Level 1:colcon.colcon_core.package_identification:_identify(.) by extension 'ros'
[0.206s] Level 1:colcon.colcon_core.package_identification:_identify(.) by extensions ['cmake', 'python']
[0.206s] Level 1:colcon.colcon_core.package_identification:_identify(.) by extension 'cmake'
[0.206s] Level 1:colcon.colcon_core.package_identification:_identify(.) by extension 'python'
[0.206s] Level 1:colcon.colcon_core.package_identification:_identify(.) by extensions ['python_setup_py']
[0.206s] Level 1:colcon.colcon_core.package_identification:_identify(.) by extension 'python_setup_py'
[0.206s] Level 1:colcon.colcon_core.package_identification:_identify(build) by extensions ['ignore', 'ignore_ament_install']
[0.207s] Level 1:colcon.colcon_core.package_identification:_identify(build) by extension 'ignore'
[0.207s] Level 1:colcon.colcon_core.package_identification:_identify(build) ignored
[0.207s] Level 1:colcon.colcon_core.package_identification:_identify(install) by extensions ['ignore', 'ignore_ament_install']
[0.207s] Level 1:colcon.colcon_core.package_identification:_identify(install) by extension 'ignore'
[0.207s] Level 1:colcon.colcon_core.package_identification:_identify(install) ignored
[0.207s] Level 1:colcon.colcon_core.package_identification:_identify(log) by extensions ['ignore', 'ignore_ament_install']
[0.207s] Level 1:colcon.colcon_core.package_identification:_identify(log) by extension 'ignore'
[0.207s] Level 1:colcon.colcon_core.package_identification:_identify(log) ignored
[0.207s] Level 1:colcon.colcon_core.package_identification:_identify(src) by extensions ['ignore', 'ignore_ament_install']
[0.207s] Level 1:colcon.colcon_core.package_identification:_identify(src) by extension 'ignore'
[0.207s] Level 1:colcon.colcon_core.package_identification:_identify(src) by extension 'ignore_ament_install'
[0.207s] Level 1:colcon.colcon_core.package_identification:_identify(src) by extensions ['colcon_pkg']
[0.208s] Level 1:colcon.colcon_core.package_identification:_identify(src) by extension 'colcon_pkg'
[0.208s] Level 1:colcon.colcon_core.package_identification:_identify(src) by extensions ['colcon_meta']
[0.208s] Level 1:colcon.colcon_core.package_identification:_identify(src) by extension 'colcon_meta'
[0.208s] Level 1:colcon.colcon_core.package_identification:_identify(src) by extensions ['ros']
[0.208s] Level 1:colcon.colcon_core.package_identification:_identify(src) by extension 'ros'
[0.208s] Level 1:colcon.colcon_core.package_identification:_identify(src) by extensions ['cmake', 'python']
[0.208s] Level 1:colcon.colcon_core.package_identification:_identify(src) by extension 'cmake'
[0.208s] Level 1:colcon.colcon_core.package_identification:_identify(src) by extension 'python'
[0.208s] Level 1:colcon.colcon_core.package_identification:_identify(src) by extensions ['python_setup_py']
[0.208s] Level 1:colcon.colcon_core.package_identification:_identify(src) by extension 'python_setup_py'
[0.208s] Level 1:colcon.colcon_core.package_identification:_identify(src/ros_gz_project_template) by extensions ['ignore', 'ignore_ament_install']
[0.208s] Level 1:colcon.colcon_core.package_identification:_identify(src/ros_gz_project_template) by extension 'ignore'
[0.208s] Level 1:colcon.colcon_core.package_identification:_identify(src/ros_gz_project_template) by extension 'ignore_ament_install'
[0.208s] Level 1:colcon.colcon_core.package_identification:_identify(src/ros_gz_project_template) by extensions ['colcon_pkg']
[0.208s] Level 1:colcon.colcon_core.package_identification:_identify(src/ros_gz_project_template) by extension 'colcon_pkg'
[0.208s] Level 1:colcon.colcon_core.package_identification:_identify(src/ros_gz_project_template) by extensions ['colcon_meta']
[0.208s] Level 1:colcon.colcon_core.package_identification:_identify(src/ros_gz_project_template) by extension 'colcon_meta'
[0.208s] Level 1:colcon.colcon_core.package_identification:_identify(src/ros_gz_project_template) by extensions ['ros']
[0.208s] Level 1:colcon.colcon_core.package_identification:_identify(src/ros_gz_project_template) by extension 'ros'
[0.209s] Level 1:colcon.colcon_core.package_identification:_identify(src/ros_gz_project_template) by extensions ['cmake', 'python']
[0.209s] Level 1:colcon.colcon_core.package_identification:_identify(src/ros_gz_project_template) by extension 'cmake'
[0.209s] Level 1:colcon.colcon_core.package_identification:_identify(src/ros_gz_project_template) by extension 'python'
[0.209s] Level 1:colcon.colcon_core.package_identification:_identify(src/ros_gz_project_template) by extensions ['python_setup_py']
[0.209s] Level 1:colcon.colcon_core.package_identification:_identify(src/ros_gz_project_template) by extension 'python_setup_py'
[0.209s] Level 1:colcon.colcon_core.package_identification:_identify(src/ros_gz_project_template/ros_gz_example_application) by extensions ['ignore', 'ignore_ament_install']
[0.209s] Level 1:colcon.colcon_core.package_identification:_identify(src/ros_gz_project_template/ros_gz_example_application) by extension 'ignore'
[0.209s] Level 1:colcon.colcon_core.package_identification:_identify(src/ros_gz_project_template/ros_gz_example_application) by extension 'ignore_ament_install'
[0.209s] Level 1:colcon.colcon_core.package_identification:_identify(src/ros_gz_project_template/ros_gz_example_application) by extensions ['colcon_pkg']
[0.209s] Level 1:colcon.colcon_core.package_identification:_identify(src/ros_gz_project_template/ros_gz_example_application) by extension 'colcon_pkg'
[0.209s] Level 1:colcon.colcon_core.package_identification:_identify(src/ros_gz_project_template/ros_gz_example_application) by extensions ['colcon_meta']
[0.209s] Level 1:colcon.colcon_core.package_identification:_identify(src/ros_gz_project_template/ros_gz_example_application) by extension 'colcon_meta'
[0.209s] Level 1:colcon.colcon_core.package_identification:_identify(src/ros_gz_project_template/ros_gz_example_application) by extensions ['ros']
[0.209s] Level 1:colcon.colcon_core.package_identification:_identify(src/ros_gz_project_template/ros_gz_example_application) by extension 'ros'
[0.212s] DEBUG:colcon.colcon_core.package_identification:Package 'src/ros_gz_project_template/ros_gz_example_application' with type 'ros.ament_cmake' and name 'ros_gz_example_application'
[0.213s] Level 1:colcon.colcon_core.package_identification:_identify(src/ros_gz_project_template/ros_gz_example_bringup) by extensions ['ignore', 'ignore_ament_install']
[0.213s] Level 1:colcon.colcon_core.package_identification:_identify(src/ros_gz_project_template/ros_gz_example_bringup) by extension 'ignore'
[0.213s] Level 1:colcon.colcon_core.package_identification:_identify(src/ros_gz_project_template/ros_gz_example_bringup) by extension 'ignore_ament_install'
[0.213s] Level 1:colcon.colcon_core.package_identification:_identify(src/ros_gz_project_template/ros_gz_example_bringup) by extensions ['colcon_pkg']
[0.213s] Level 1:colcon.colcon_core.package_identification:_identify(src/ros_gz_project_template/ros_gz_example_bringup) by extension 'colcon_pkg'
[0.213s] Level 1:colcon.colcon_core.package_identification:_identify(src/ros_gz_project_template/ros_gz_example_bringup) by extensions ['colcon_meta']
[0.213s] Level 1:colcon.colcon_core.package_identification:_identify(src/ros_gz_project_template/ros_gz_example_bringup) by extension 'colcon_meta'
[0.213s] Level 1:colcon.colcon_core.package_identification:_identify(src/ros_gz_project_template/ros_gz_example_bringup) by extensions ['ros']
[0.213s] Level 1:colcon.colcon_core.package_identification:_identify(src/ros_gz_project_template/ros_gz_example_bringup) by extension 'ros'
[0.214s] DEBUG:colcon.colcon_core.package_identification:Package 'src/ros_gz_project_template/ros_gz_example_bringup' with type 'ros.ament_cmake' and name 'ros_gz_example_bringup'
[0.214s] Level 1:colcon.colcon_core.package_identification:_identify(src/ros_gz_project_template/ros_gz_example_description) by extensions ['ignore', 'ignore_ament_install']
[0.214s] Level 1:colcon.colcon_core.package_identification:_identify(src/ros_gz_project_template/ros_gz_example_description) by extension 'ignore'
[0.214s] Level 1:colcon.colcon_core.package_identification:_identify(src/ros_gz_project_template/ros_gz_example_description) by extension 'ignore_ament_install'
[0.214s] Level 1:colcon.colcon_core.package_identification:_identify(src/ros_gz_project_template/ros_gz_example_description) by extensions ['colcon_pkg']
[0.214s] Level 1:colcon.colcon_core.package_identification:_identify(src/ros_gz_project_template/ros_gz_example_description) by extension 'colcon_pkg'
[0.214s] Level 1:colcon.colcon_core.package_identification:_identify(src/ros_gz_project_template/ros_gz_example_description) by extensions ['colcon_meta']
[0.214s] Level 1:colcon.colcon_core.package_identification:_identify(src/ros_gz_project_template/ros_gz_example_description) by extension 'colcon_meta'
[0.214s] Level 1:colcon.colcon_core.package_identification:_identify(src/ros_gz_project_template/ros_gz_example_description) by extensions ['ros']
[0.214s] Level 1:colcon.colcon_core.package_identification:_identify(src/ros_gz_project_template/ros_gz_example_description) by extension 'ros'
[0.215s] DEBUG:colcon.colcon_core.package_identification:Package 'src/ros_gz_project_template/ros_gz_example_description' with type 'ros.ament_cmake' and name 'ros_gz_example_description'
[0.215s] Level 1:colcon.colcon_core.package_identification:_identify(src/ros_gz_project_template/ros_gz_example_gazebo) by extensions ['ignore', 'ignore_ament_install']
[0.215s] Level 1:colcon.colcon_core.package_identification:_identify(src/ros_gz_project_template/ros_gz_example_gazebo) by extension 'ignore'
[0.215s] Level 1:colcon.colcon_core.package_identification:_identify(src/ros_gz_project_template/ros_gz_example_gazebo) by extension 'ignore_ament_install'
[0.215s] Level 1:colcon.colcon_core.package_identification:_identify(src/ros_gz_project_template/ros_gz_example_gazebo) by extensions ['colcon_pkg']
[0.215s] Level 1:colcon.colcon_core.package_identification:_identify(src/ros_gz_project_template/ros_gz_example_gazebo) by extension 'colcon_pkg'
[0.215s] Level 1:colcon.colcon_core.package_identification:_identify(src/ros_gz_project_template/ros_gz_example_gazebo) by extensions ['colcon_meta']
[0.215s] Level 1:colcon.colcon_core.package_identification:_identify(src/ros_gz_project_template/ros_gz_example_gazebo) by extension 'colcon_meta'
[0.215s] Level 1:colcon.colcon_core.package_identification:_identify(src/ros_gz_project_template/ros_gz_example_gazebo) by extensions ['ros']
[0.215s] Level 1:colcon.colcon_core.package_identification:_identify(src/ros_gz_project_template/ros_gz_example_gazebo) by extension 'ros'
[0.216s] DEBUG:colcon.colcon_core.package_identification:Package 'src/ros_gz_project_template/ros_gz_example_gazebo' with type 'ros.ament_cmake' and name 'ros_gz_example_gazebo'
[0.216s] Level 1:colcon.colcon_core.package_discovery:discover_packages(recursive) using defaults
[0.216s] Level 1:colcon.colcon_core.package_discovery:discover_packages(ignore) discover
[0.216s] Level 1:colcon.colcon_core.package_discovery:discover_packages(ignore) using defaults
[0.216s] Level 1:colcon.colcon_core.package_discovery:discover_packages(path) discover
[0.216s] Level 1:colcon.colcon_core.package_discovery:discover_packages(path) using defaults
[0.236s] Level 1:colcon.colcon_core.package_discovery:discover_packages(prefix_path) check parameters
[0.236s] Level 1:colcon.colcon_core.package_discovery:discover_packages(prefix_path) discover
[0.239s] DEBUG:colcon.colcon_installed_package_information.package_discovery:Found 317 installed packages in /opt/ros/jazzy
[0.240s] Level 1:colcon.colcon_core.package_discovery:discover_packages(prefix_path) using defaults
[0.296s] Level 5:colcon.colcon_core.verb:set package 'ros_gz_example_application' build argument 'cmake_args' from command line to '['-DBUILD_TESTING=ON']'
[0.296s] Level 5:colcon.colcon_core.verb:set package 'ros_gz_example_application' build argument 'cmake_target' from command line to 'None'
[0.296s] Level 5:colcon.colcon_core.verb:set package 'ros_gz_example_application' build argument 'cmake_target_skip_unavailable' from command line to 'False'
[0.296s] Level 5:colcon.colcon_core.verb:set package 'ros_gz_example_application' build argument 'cmake_clean_cache' from command line to 'False'
[0.296s] Level 5:colcon.colcon_core.verb:set package 'ros_gz_example_application' build argument 'cmake_clean_first' from command line to 'False'
[0.297s] Level 5:colcon.colcon_core.verb:set package 'ros_gz_example_application' build argument 'cmake_force_configure' from command line to 'False'
[0.297s] Level 5:colcon.colcon_core.verb:set package 'ros_gz_example_application' build argument 'ament_cmake_args' from command line to 'None'
[0.297s] Level 5:colcon.colcon_core.verb:set package 'ros_gz_example_application' build argument 'catkin_cmake_args' from command line to 'None'
[0.297s] Level 5:colcon.colcon_core.verb:set package 'ros_gz_example_application' build argument 'catkin_skip_building_tests' from command line to 'False'
[0.297s] DEBUG:colcon.colcon_core.verb:Building package 'ros_gz_example_application' with the following arguments: {'ament_cmake_args': None, 'build_base': '/home/lau/template_ws/build/ros_gz_example_application', 'catkin_cmake_args': None, 'catkin_skip_building_tests': False, 'cmake_args': ['-DBUILD_TESTING=ON'], 'cmake_clean_cache': False, 'cmake_clean_first': False, 'cmake_force_configure': False, 'cmake_target': None, 'cmake_target_skip_unavailable': False, 'install_base': '/home/lau/template_ws/install/ros_gz_example_application', 'merge_install': False, 'path': '/home/lau/template_ws/src/ros_gz_project_template/ros_gz_example_application', 'symlink_install': False, 'test_result_base': None}
[0.297s] Level 5:colcon.colcon_core.verb:set package 'ros_gz_example_description' build argument 'cmake_args' from command line to '['-DBUILD_TESTING=ON']'
[0.297s] Level 5:colcon.colcon_core.verb:set package 'ros_gz_example_description' build argument 'cmake_target' from command line to 'None'
[0.297s] Level 5:colcon.colcon_core.verb:set package 'ros_gz_example_description' build argument 'cmake_target_skip_unavailable' from command line to 'False'
[0.297s] Level 5:colcon.colcon_core.verb:set package 'ros_gz_example_description' build argument 'cmake_clean_cache' from command line to 'False'
[0.297s] Level 5:colcon.colcon_core.verb:set package 'ros_gz_example_description' build argument 'cmake_clean_first' from command line to 'False'
[0.297s] Level 5:colcon.colcon_core.verb:set package 'ros_gz_example_description' build argument 'cmake_force_configure' from command line to 'False'
[0.297s] Level 5:colcon.colcon_core.verb:set package 'ros_gz_example_description' build argument 'ament_cmake_args' from command line to 'None'
[0.297s] Level 5:colcon.colcon_core.verb:set package 'ros_gz_example_description' build argument 'catkin_cmake_args' from command line to 'None'
[0.297s] Level 5:colcon.colcon_core.verb:set package 'ros_gz_example_description' build argument 'catkin_skip_building_tests' from command line to 'False'
[0.297s] DEBUG:colcon.colcon_core.verb:Building package 'ros_gz_example_description' with the following arguments: {'ament_cmake_args': None, 'build_base': '/home/lau/template_ws/build/ros_gz_example_description', 'catkin_cmake_args': None, 'catkin_skip_building_tests': False, 'cmake_args': ['-DBUILD_TESTING=ON'], 'cmake_clean_cache': False, 'cmake_clean_first': False, 'cmake_force_configure': False, 'cmake_target': None, 'cmake_target_skip_unavailable': False, 'install_base': '/home/lau/template_ws/install/ros_gz_example_description', 'merge_install': False, 'path': '/home/lau/template_ws/src/ros_gz_project_template/ros_gz_example_description', 'symlink_install': False, 'test_result_base': None}
[0.297s] Level 5:colcon.colcon_core.verb:set package 'ros_gz_example_gazebo' build argument 'cmake_args' from command line to '['-DBUILD_TESTING=ON']'
[0.298s] Level 5:colcon.colcon_core.verb:set package 'ros_gz_example_gazebo' build argument 'cmake_target' from command line to 'None'
[0.298s] Level 5:colcon.colcon_core.verb:set package 'ros_gz_example_gazebo' build argument 'cmake_target_skip_unavailable' from command line to 'False'
[0.298s] Level 5:colcon.colcon_core.verb:set package 'ros_gz_example_gazebo' build argument 'cmake_clean_cache' from command line to 'False'
[0.298s] Level 5:colcon.colcon_core.verb:set package 'ros_gz_example_gazebo' build argument 'cmake_clean_first' from command line to 'False'
[0.298s] Level 5:colcon.colcon_core.verb:set package 'ros_gz_example_gazebo' build argument 'cmake_force_configure' from command line to 'False'
[0.298s] Level 5:colcon.colcon_core.verb:set package 'ros_gz_example_gazebo' build argument 'ament_cmake_args' from command line to 'None'
[0.298s] Level 5:colcon.colcon_core.verb:set package 'ros_gz_example_gazebo' build argument 'catkin_cmake_args' from command line to 'None'
[0.298s] Level 5:colcon.colcon_core.verb:set package 'ros_gz_example_gazebo' build argument 'catkin_skip_building_tests' from command line to 'False'
[0.298s] DEBUG:colcon.colcon_core.verb:Building package 'ros_gz_example_gazebo' with the following arguments: {'ament_cmake_args': None, 'build_base': '/home/lau/template_ws/build/ros_gz_example_gazebo', 'catkin_cmake_args': None, 'catkin_skip_building_tests': False, 'cmake_args': ['-DBUILD_TESTING=ON'], 'cmake_clean_cache': False, 'cmake_clean_first': False, 'cmake_force_configure': False, 'cmake_target': None, 'cmake_target_skip_unavailable': False, 'install_base': '/home/lau/template_ws/install/ros_gz_example_gazebo', 'merge_install': False, 'path': '/home/lau/template_ws/src/ros_gz_project_template/ros_gz_example_gazebo', 'symlink_install': False, 'test_result_base': None}
[0.298s] Level 5:colcon.colcon_core.verb:set package 'ros_gz_example_bringup' build argument 'cmake_args' from command line to '['-DBUILD_TESTING=ON']'
[0.298s] Level 5:colcon.colcon_core.verb:set package 'ros_gz_example_bringup' build argument 'cmake_target' from command line to 'None'
[0.298s] Level 5:colcon.colcon_core.verb:set package 'ros_gz_example_bringup' build argument 'cmake_target_skip_unavailable' from command line to 'False'
[0.298s] Level 5:colcon.colcon_core.verb:set package 'ros_gz_example_bringup' build argument 'cmake_clean_cache' from command line to 'False'
[0.298s] Level 5:colcon.colcon_core.verb:set package 'ros_gz_example_bringup' build argument 'cmake_clean_first' from command line to 'False'
[0.298s] Level 5:colcon.colcon_core.verb:set package 'ros_gz_example_bringup' build argument 'cmake_force_configure' from command line to 'False'
[0.298s] Level 5:colcon.colcon_core.verb:set package 'ros_gz_example_bringup' build argument 'ament_cmake_args' from command line to 'None'
[0.298s] Level 5:colcon.colcon_core.verb:set package 'ros_gz_example_bringup' build argument 'catkin_cmake_args' from command line to 'None'
[0.298s] Level 5:colcon.colcon_core.verb:set package 'ros_gz_example_bringup' build argument 'catkin_skip_building_tests' from command line to 'False'
[0.298s] DEBUG:colcon.colcon_core.verb:Building package 'ros_gz_example_bringup' with the following arguments: {'ament_cmake_args': None, 'build_base': '/home/lau/template_ws/build/ros_gz_example_bringup', 'catkin_cmake_args': None, 'catkin_skip_building_tests': False, 'cmake_args': ['-DBUILD_TESTING=ON'], 'cmake_clean_cache': False, 'cmake_clean_first': False, 'cmake_force_configure': False, 'cmake_target': None, 'cmake_target_skip_unavailable': False, 'install_base': '/home/lau/template_ws/install/ros_gz_example_bringup', 'merge_install': False, 'path': '/home/lau/template_ws/src/ros_gz_project_template/ros_gz_example_bringup', 'symlink_install': False, 'test_result_base': None}
[0.298s] INFO:colcon.colcon_core.executor:Executing jobs using 'parallel' executor
[0.300s] DEBUG:colcon.colcon_parallel_executor.executor.parallel:run_until_complete
[0.300s] INFO:colcon.colcon_ros.task.ament_cmake.build:Building ROS package in '/home/lau/template_ws/src/ros_gz_project_template/ros_gz_example_description' with build type 'ament_cmake'
[0.300s] INFO:colcon.colcon_cmake.task.cmake.build:Building CMake package in '/home/lau/template_ws/src/ros_gz_project_template/ros_gz_example_description'
[0.302s] INFO:colcon.colcon_core.plugin_system:Skipping extension 'colcon_core.shell.bat': Not used on non-Windows systems
[0.302s] INFO:colcon.colcon_core.shell:Skip shell extension 'powershell' for command environment: Not usable outside of PowerShell
[0.302s] DEBUG:colcon.colcon_core.shell:Skip shell extension 'dsv' for command environment
[0.306s] INFO:colcon.colcon_ros.task.ament_cmake.build:Building ROS package in '/home/lau/template_ws/src/ros_gz_project_template/ros_gz_example_application' with build type 'ament_cmake'
[0.306s] INFO:colcon.colcon_cmake.task.cmake.build:Building CMake package in '/home/lau/template_ws/src/ros_gz_project_template/ros_gz_example_application'
[0.306s] INFO:colcon.colcon_core.shell:Skip shell extension 'powershell' for command environment: Not usable outside of PowerShell
[0.306s] DEBUG:colcon.colcon_core.shell:Skip shell extension 'dsv' for command environment
[0.313s] DEBUG:colcon.colcon_core.event_handler.log_command:Invoking command in '/home/lau/template_ws/build/ros_gz_example_description': CMAKE_PREFIX_PATH=${CMAKE_PREFIX_PATH}:/opt/ros/jazzy DEBUGINFOD_URLS=https://debuginfod.ubuntu.com /usr/bin/cmake --build /home/lau/template_ws/build/ros_gz_example_description -- -j8 -l8
[0.318s] DEBUG:colcon.colcon_core.event_handler.log_command:Invoking command in '/home/lau/template_ws/build/ros_gz_example_application': CMAKE_PREFIX_PATH=${CMAKE_PREFIX_PATH}:/opt/ros/jazzy DEBUGINFOD_URLS=https://debuginfod.ubuntu.com /usr/bin/cmake --build /home/lau/template_ws/build/ros_gz_example_application -- -j8 -l8
[0.361s] DEBUG:colcon.colcon_core.event_handler.log_command:Invoked command in '/home/lau/template_ws/build/ros_gz_example_description' returned '0': CMAKE_PREFIX_PATH=${CMAKE_PREFIX_PATH}:/opt/ros/jazzy DEBUGINFOD_URLS=https://debuginfod.ubuntu.com /usr/bin/cmake --build /home/lau/template_ws/build/ros_gz_example_description -- -j8 -l8
[0.374s] DEBUG:colcon.colcon_core.event_handler.log_command:Invoking command in '/home/lau/template_ws/build/ros_gz_example_description': CMAKE_PREFIX_PATH=${CMAKE_PREFIX_PATH}:/opt/ros/jazzy DEBUGINFOD_URLS=https://debuginfod.ubuntu.com /usr/bin/cmake --install /home/lau/template_ws/build/ros_gz_example_description
[0.376s] DEBUG:colcon.colcon_core.event_handler.log_command:Invoked command in '/home/lau/template_ws/build/ros_gz_example_application' returned '0': CMAKE_PREFIX_PATH=${CMAKE_PREFIX_PATH}:/opt/ros/jazzy DEBUGINFOD_URLS=https://debuginfod.ubuntu.com /usr/bin/cmake --build /home/lau/template_ws/build/ros_gz_example_application -- -j8 -l8
[0.377s] DEBUG:colcon.colcon_core.event_handler.log_command:Invoking command in '/home/lau/template_ws/build/ros_gz_example_application': CMAKE_PREFIX_PATH=${CMAKE_PREFIX_PATH}:/opt/ros/jazzy DEBUGINFOD_URLS=https://debuginfod.ubuntu.com /usr/bin/cmake --install /home/lau/template_ws/build/ros_gz_example_application
[0.389s] Level 1:colcon.colcon_core.environment:create_environment_scripts_only(ros_gz_example_description)
[0.392s] DEBUG:colcon.colcon_core.event_handler.log_command:Invoked command in '/home/lau/template_ws/build/ros_gz_example_description' returned '0': CMAKE_PREFIX_PATH=${CMAKE_PREFIX_PATH}:/opt/ros/jazzy DEBUGINFOD_URLS=https://debuginfod.ubuntu.com /usr/bin/cmake --install /home/lau/template_ws/build/ros_gz_example_description
[0.395s] Level 1:colcon.colcon_core.environment:checking '/home/lau/template_ws/install/ros_gz_example_description' for CMake module files
[0.396s] Level 1:colcon.colcon_core.environment:checking '/home/lau/template_ws/install/ros_gz_example_description' for CMake config files
[0.396s] Level 1:colcon.colcon_core.shell:create_environment_hook('ros_gz_example_description', 'cmake_prefix_path')
[0.396s] INFO:colcon.colcon_core.shell:Creating environment hook '/home/lau/template_ws/install/ros_gz_example_description/share/ros_gz_example_description/hook/cmake_prefix_path.ps1'
[0.397s] INFO:colcon.colcon_core.shell:Creating environment descriptor '/home/lau/template_ws/install/ros_gz_example_description/share/ros_gz_example_description/hook/cmake_prefix_path.dsv'
[0.397s] INFO:colcon.colcon_core.shell:Creating environment hook '/home/lau/template_ws/install/ros_gz_example_description/share/ros_gz_example_description/hook/cmake_prefix_path.sh'
[0.398s] Level 1:colcon.colcon_core.environment:checking '/home/lau/template_ws/install/ros_gz_example_description/bin'
[0.398s] Level 1:colcon.colcon_core.environment:checking '/home/lau/template_ws/install/ros_gz_example_description/lib/pkgconfig/ros_gz_example_description.pc'
[0.398s] Level 1:colcon.colcon_core.environment:checking '/home/lau/template_ws/install/ros_gz_example_description/lib/python3.12/site-packages'
[0.399s] Level 1:colcon.colcon_core.environment:checking '/home/lau/template_ws/install/ros_gz_example_description/bin'
[0.399s] INFO:colcon.colcon_core.shell:Creating package script '/home/lau/template_ws/install/ros_gz_example_description/share/ros_gz_example_description/package.ps1'
[0.400s] INFO:colcon.colcon_core.shell:Creating package descriptor '/home/lau/template_ws/install/ros_gz_example_description/share/ros_gz_example_description/package.dsv'
[0.400s] INFO:colcon.colcon_core.shell:Creating package script '/home/lau/template_ws/install/ros_gz_example_description/share/ros_gz_example_description/package.sh'
[0.401s] INFO:colcon.colcon_core.shell:Creating package script '/home/lau/template_ws/install/ros_gz_example_description/share/ros_gz_example_description/package.bash'
[0.402s] INFO:colcon.colcon_core.shell:Creating package script '/home/lau/template_ws/install/ros_gz_example_description/share/ros_gz_example_description/package.zsh'
[0.403s] Level 1:colcon.colcon_core.environment:create_file_with_runtime_dependencies(/home/lau/template_ws/install/ros_gz_example_description/share/colcon-core/packages/ros_gz_example_description)
[0.404s] Level 1:colcon.colcon_core.environment:create_environment_scripts_only(ros_gz_example_description)
[0.404s] Level 1:colcon.colcon_core.environment:checking '/home/lau/template_ws/install/ros_gz_example_description' for CMake module files
[0.404s] Level 1:colcon.colcon_core.environment:checking '/home/lau/template_ws/install/ros_gz_example_description' for CMake config files
[0.405s] Level 1:colcon.colcon_core.shell:create_environment_hook('ros_gz_example_description', 'cmake_prefix_path')
[0.405s] INFO:colcon.colcon_core.shell:Creating environment hook '/home/lau/template_ws/install/ros_gz_example_description/share/ros_gz_example_description/hook/cmake_prefix_path.ps1'
[0.405s] INFO:colcon.colcon_core.shell:Creating environment descriptor '/home/lau/template_ws/install/ros_gz_example_description/share/ros_gz_example_description/hook/cmake_prefix_path.dsv'
[0.406s] INFO:colcon.colcon_core.shell:Creating environment hook '/home/lau/template_ws/install/ros_gz_example_description/share/ros_gz_example_description/hook/cmake_prefix_path.sh'
[0.406s] Level 1:colcon.colcon_core.environment:checking '/home/lau/template_ws/install/ros_gz_example_description/bin'
[0.406s] Level 1:colcon.colcon_core.environment:checking '/home/lau/template_ws/install/ros_gz_example_description/lib/pkgconfig/ros_gz_example_description.pc'
[0.407s] Level 1:colcon.colcon_core.environment:checking '/home/lau/template_ws/install/ros_gz_example_description/lib/python3.12/site-packages'
[0.407s] Level 1:colcon.colcon_core.environment:checking '/home/lau/template_ws/install/ros_gz_example_description/bin'
[0.407s] INFO:colcon.colcon_core.shell:Creating package script '/home/lau/template_ws/install/ros_gz_example_description/share/ros_gz_example_description/package.ps1'
[0.408s] INFO:colcon.colcon_core.shell:Creating package descriptor '/home/lau/template_ws/install/ros_gz_example_description/share/ros_gz_example_description/package.dsv'
[0.408s] INFO:colcon.colcon_core.shell:Creating package script '/home/lau/template_ws/install/ros_gz_example_description/share/ros_gz_example_description/package.sh'
[0.409s] INFO:colcon.colcon_core.shell:Creating package script '/home/lau/template_ws/install/ros_gz_example_description/share/ros_gz_example_description/package.bash'
[0.409s] INFO:colcon.colcon_core.shell:Creating package script '/home/lau/template_ws/install/ros_gz_example_description/share/ros_gz_example_description/package.zsh'
[0.410s] Level 1:colcon.colcon_core.environment:create_file_with_runtime_dependencies(/home/lau/template_ws/install/ros_gz_example_description/share/colcon-core/packages/ros_gz_example_description)
[0.410s] INFO:colcon.colcon_ros.task.ament_cmake.build:Building ROS package in '/home/lau/template_ws/src/ros_gz_project_template/ros_gz_example_gazebo' with build type 'ament_cmake'
[0.410s] INFO:colcon.colcon_cmake.task.cmake.build:Building CMake package in '/home/lau/template_ws/src/ros_gz_project_template/ros_gz_example_gazebo'
[0.411s] INFO:colcon.colcon_core.shell:Skip shell extension 'powershell' for command environment: Not usable outside of PowerShell
[0.411s] DEBUG:colcon.colcon_core.shell:Skip shell extension 'dsv' for command environment
[0.415s] Level 1:colcon.colcon_core.environment:create_environment_scripts_only(ros_gz_example_application)
[0.415s] Level 1:colcon.colcon_core.environment:checking '/home/lau/template_ws/install/ros_gz_example_application' for CMake module files
[0.416s] DEBUG:colcon.colcon_core.event_handler.log_command:Invoked command in '/home/lau/template_ws/build/ros_gz_example_application' returned '0': CMAKE_PREFIX_PATH=${CMAKE_PREFIX_PATH}:/opt/ros/jazzy DEBUGINFOD_URLS=https://debuginfod.ubuntu.com /usr/bin/cmake --install /home/lau/template_ws/build/ros_gz_example_application
[0.416s] Level 1:colcon.colcon_core.environment:checking '/home/lau/template_ws/install/ros_gz_example_application' for CMake config files
[0.416s] Level 1:colcon.colcon_core.shell:create_environment_hook('ros_gz_example_application', 'cmake_prefix_path')
[0.416s] INFO:colcon.colcon_core.shell:Creating environment hook '/home/lau/template_ws/install/ros_gz_example_application/share/ros_gz_example_application/hook/cmake_prefix_path.ps1'
[0.417s] INFO:colcon.colcon_core.shell:Creating environment descriptor '/home/lau/template_ws/install/ros_gz_example_application/share/ros_gz_example_application/hook/cmake_prefix_path.dsv'
[0.417s] INFO:colcon.colcon_core.shell:Creating environment hook '/home/lau/template_ws/install/ros_gz_example_application/share/ros_gz_example_application/hook/cmake_prefix_path.sh'
[0.418s] Level 1:colcon.colcon_core.environment:checking '/home/lau/template_ws/install/ros_gz_example_application/bin'
[0.418s] Level 1:colcon.colcon_core.environment:checking '/home/lau/template_ws/install/ros_gz_example_application/lib/pkgconfig/ros_gz_example_application.pc'
[0.418s] Level 1:colcon.colcon_core.environment:checking '/home/lau/template_ws/install/ros_gz_example_application/lib/python3.12/site-packages'
[0.418s] Level 1:colcon.colcon_core.environment:checking '/home/lau/template_ws/install/ros_gz_example_application/bin'
[0.418s] INFO:colcon.colcon_core.shell:Creating package script '/home/lau/template_ws/install/ros_gz_example_application/share/ros_gz_example_application/package.ps1'
[0.419s] INFO:colcon.colcon_core.shell:Creating package descriptor '/home/lau/template_ws/install/ros_gz_example_application/share/ros_gz_example_application/package.dsv'
[0.419s] INFO:colcon.colcon_core.shell:Creating package script '/home/lau/template_ws/install/ros_gz_example_application/share/ros_gz_example_application/package.sh'
[0.420s] INFO:colcon.colcon_core.shell:Creating package script '/home/lau/template_ws/install/ros_gz_example_application/share/ros_gz_example_application/package.bash'
[0.420s] INFO:colcon.colcon_core.shell:Creating package script '/home/lau/template_ws/install/ros_gz_example_application/share/ros_gz_example_application/package.zsh'
[0.420s] Level 1:colcon.colcon_core.environment:create_file_with_runtime_dependencies(/home/lau/template_ws/install/ros_gz_example_application/share/colcon-core/packages/ros_gz_example_application)
[0.421s] Level 1:colcon.colcon_core.environment:create_environment_scripts_only(ros_gz_example_application)
[0.421s] Level 1:colcon.colcon_core.environment:checking '/home/lau/template_ws/install/ros_gz_example_application' for CMake module files
[0.422s] Level 1:colcon.colcon_core.environment:checking '/home/lau/template_ws/install/ros_gz_example_application' for CMake config files
[0.422s] Level 1:colcon.colcon_core.shell:create_environment_hook('ros_gz_example_application', 'cmake_prefix_path')
[0.422s] INFO:colcon.colcon_core.shell:Creating environment hook '/home/lau/template_ws/install/ros_gz_example_application/share/ros_gz_example_application/hook/cmake_prefix_path.ps1'
[0.422s] INFO:colcon.colcon_core.shell:Creating environment descriptor '/home/lau/template_ws/install/ros_gz_example_application/share/ros_gz_example_application/hook/cmake_prefix_path.dsv'
[0.423s] INFO:colcon.colcon_core.shell:Creating environment hook '/home/lau/template_ws/install/ros_gz_example_application/share/ros_gz_example_application/hook/cmake_prefix_path.sh'
[0.423s] Level 1:colcon.colcon_core.environment:checking '/home/lau/template_ws/install/ros_gz_example_application/bin'
[0.423s] Level 1:colcon.colcon_core.environment:checking '/home/lau/template_ws/install/ros_gz_example_application/lib/pkgconfig/ros_gz_example_application.pc'
[0.424s] Level 1:colcon.colcon_core.environment:checking '/home/lau/template_ws/install/ros_gz_example_application/lib/python3.12/site-packages'
[0.424s] Level 1:colcon.colcon_core.environment:checking '/home/lau/template_ws/install/ros_gz_example_application/bin'
[0.424s] INFO:colcon.colcon_core.shell:Creating package script '/home/lau/template_ws/install/ros_gz_example_application/share/ros_gz_example_application/package.ps1'
[0.425s] INFO:colcon.colcon_core.shell:Creating package descriptor '/home/lau/template_ws/install/ros_gz_example_application/share/ros_gz_example_application/package.dsv'
[0.425s] INFO:colcon.colcon_core.shell:Creating package script '/home/lau/template_ws/install/ros_gz_example_application/share/ros_gz_example_application/package.sh'
[0.426s] INFO:colcon.colcon_core.shell:Creating package script '/home/lau/template_ws/install/ros_gz_example_application/share/ros_gz_example_application/package.bash'
[0.426s] INFO:colcon.colcon_core.shell:Creating package script '/home/lau/template_ws/install/ros_gz_example_application/share/ros_gz_example_application/package.zsh'
[0.426s] Level 1:colcon.colcon_core.environment:create_file_with_runtime_dependencies(/home/lau/template_ws/install/ros_gz_example_application/share/colcon-core/packages/ros_gz_example_application)
[0.430s] DEBUG:colcon.colcon_core.event_handler.log_command:Invoking command in '/home/lau/template_ws/build/ros_gz_example_gazebo': AMENT_PREFIX_PATH=/home/lau/template_ws/install/ros_gz_example_description:${AMENT_PREFIX_PATH} CMAKE_PREFIX_PATH=/home/lau/template_ws/install/ros_gz_example_description:/opt/ros/jazzy/opt/gz_math_vendor:/opt/ros/jazzy/opt/gz_utils_vendor:/opt/ros/jazzy/opt/gz_cmake_vendor:/opt/ros/jazzy DEBUGINFOD_URLS=https://debuginfod.ubuntu.com GZ_SIM_RESOURCE_PATH=/home/lau/template_ws/install/ros_gz_example_description/share/ros_gz_example_description/models /usr/bin/cmake /home/lau/template_ws/src/ros_gz_project_template/ros_gz_example_gazebo -DBUILD_TESTING=ON -DCMAKE_INSTALL_PREFIX=/home/lau/template_ws/install/ros_gz_example_gazebo
[2.744s] DEBUG:colcon.colcon_core.event_handler.log_command:Invoked command in '/home/lau/template_ws/build/ros_gz_example_gazebo' returned '0': AMENT_PREFIX_PATH=/home/lau/template_ws/install/ros_gz_example_description:${AMENT_PREFIX_PATH} CMAKE_PREFIX_PATH=/home/lau/template_ws/install/ros_gz_example_description:/opt/ros/jazzy/opt/gz_math_vendor:/opt/ros/jazzy/opt/gz_utils_vendor:/opt/ros/jazzy/opt/gz_cmake_vendor:/opt/ros/jazzy DEBUGINFOD_URLS=https://debuginfod.ubuntu.com GZ_SIM_RESOURCE_PATH=/home/lau/template_ws/install/ros_gz_example_description/share/ros_gz_example_description/models /usr/bin/cmake /home/lau/template_ws/src/ros_gz_project_template/ros_gz_example_gazebo -DBUILD_TESTING=ON -DCMAKE_INSTALL_PREFIX=/home/lau/template_ws/install/ros_gz_example_gazebo
[2.745s] DEBUG:colcon.colcon_core.event_handler.log_command:Invoking command in '/home/lau/template_ws/build/ros_gz_example_gazebo': AMENT_PREFIX_PATH=/home/lau/template_ws/install/ros_gz_example_description:${AMENT_PREFIX_PATH} CMAKE_PREFIX_PATH=/home/lau/template_ws/install/ros_gz_example_description:/opt/ros/jazzy/opt/gz_math_vendor:/opt/ros/jazzy/opt/gz_utils_vendor:/opt/ros/jazzy/opt/gz_cmake_vendor:/opt/ros/jazzy DEBUGINFOD_URLS=https://debuginfod.ubuntu.com GZ_SIM_RESOURCE_PATH=/home/lau/template_ws/install/ros_gz_example_description/share/ros_gz_example_description/models /usr/bin/cmake --build /home/lau/template_ws/build/ros_gz_example_gazebo -- -j8 -l8
[6.175s] DEBUG:colcon.colcon_core.event_handler.log_command:Invoked command in '/home/lau/template_ws/build/ros_gz_example_gazebo' returned '0': AMENT_PREFIX_PATH=/home/lau/template_ws/install/ros_gz_example_description:${AMENT_PREFIX_PATH} CMAKE_PREFIX_PATH=/home/lau/template_ws/install/ros_gz_example_description:/opt/ros/jazzy/opt/gz_math_vendor:/opt/ros/jazzy/opt/gz_utils_vendor:/opt/ros/jazzy/opt/gz_cmake_vendor:/opt/ros/jazzy DEBUGINFOD_URLS=https://debuginfod.ubuntu.com GZ_SIM_RESOURCE_PATH=/home/lau/template_ws/install/ros_gz_example_description/share/ros_gz_example_description/models /usr/bin/cmake --build /home/lau/template_ws/build/ros_gz_example_gazebo -- -j8 -l8
[6.177s] DEBUG:colcon.colcon_core.event_handler.log_command:Invoking command in '/home/lau/template_ws/build/ros_gz_example_gazebo': AMENT_PREFIX_PATH=/home/lau/template_ws/install/ros_gz_example_description:${AMENT_PREFIX_PATH} CMAKE_PREFIX_PATH=/home/lau/template_ws/install/ros_gz_example_description:/opt/ros/jazzy/opt/gz_math_vendor:/opt/ros/jazzy/opt/gz_utils_vendor:/opt/ros/jazzy/opt/gz_cmake_vendor:/opt/ros/jazzy DEBUGINFOD_URLS=https://debuginfod.ubuntu.com GZ_SIM_RESOURCE_PATH=/home/lau/template_ws/install/ros_gz_example_description/share/ros_gz_example_description/models /usr/bin/cmake --install /home/lau/template_ws/build/ros_gz_example_gazebo
[6.196s] Level 1:colcon.colcon_core.environment:create_environment_scripts_only(ros_gz_example_gazebo)
[6.197s] Level 1:colcon.colcon_core.environment:checking '/home/lau/template_ws/install/ros_gz_example_gazebo' for CMake module files
[6.198s] DEBUG:colcon.colcon_core.event_handler.log_command:Invoked command in '/home/lau/template_ws/build/ros_gz_example_gazebo' returned '0': AMENT_PREFIX_PATH=/home/lau/template_ws/install/ros_gz_example_description:${AMENT_PREFIX_PATH} CMAKE_PREFIX_PATH=/home/lau/template_ws/install/ros_gz_example_description:/opt/ros/jazzy/opt/gz_math_vendor:/opt/ros/jazzy/opt/gz_utils_vendor:/opt/ros/jazzy/opt/gz_cmake_vendor:/opt/ros/jazzy DEBUGINFOD_URLS=https://debuginfod.ubuntu.com GZ_SIM_RESOURCE_PATH=/home/lau/template_ws/install/ros_gz_example_description/share/ros_gz_example_description/models /usr/bin/cmake --install /home/lau/template_ws/build/ros_gz_example_gazebo
[6.198s] Level 1:colcon.colcon_core.environment:checking '/home/lau/template_ws/install/ros_gz_example_gazebo' for CMake config files
[6.198s] Level 1:colcon.colcon_core.shell:create_environment_hook('ros_gz_example_gazebo', 'cmake_prefix_path')
[6.199s] INFO:colcon.colcon_core.shell:Creating environment hook '/home/lau/template_ws/install/ros_gz_example_gazebo/share/ros_gz_example_gazebo/hook/cmake_prefix_path.ps1'
[6.199s] INFO:colcon.colcon_core.shell:Creating environment descriptor '/home/lau/template_ws/install/ros_gz_example_gazebo/share/ros_gz_example_gazebo/hook/cmake_prefix_path.dsv'
[6.200s] INFO:colcon.colcon_core.shell:Creating environment hook '/home/lau/template_ws/install/ros_gz_example_gazebo/share/ros_gz_example_gazebo/hook/cmake_prefix_path.sh'
[6.200s] Level 1:colcon.colcon_core.environment:checking '/home/lau/template_ws/install/ros_gz_example_gazebo/lib'
[6.201s] Level 1:colcon.colcon_core.environment:checking '/home/lau/template_ws/install/ros_gz_example_gazebo/bin'
[6.201s] Level 1:colcon.colcon_core.environment:checking '/home/lau/template_ws/install/ros_gz_example_gazebo/lib/pkgconfig/ros_gz_example_gazebo.pc'
[6.201s] Level 1:colcon.colcon_core.environment:checking '/home/lau/template_ws/install/ros_gz_example_gazebo/lib/python3.12/site-packages'
[6.201s] Level 1:colcon.colcon_core.environment:checking '/home/lau/template_ws/install/ros_gz_example_gazebo/bin'
[6.202s] INFO:colcon.colcon_core.shell:Creating package script '/home/lau/template_ws/install/ros_gz_example_gazebo/share/ros_gz_example_gazebo/package.ps1'
[6.202s] INFO:colcon.colcon_core.shell:Creating package descriptor '/home/lau/template_ws/install/ros_gz_example_gazebo/share/ros_gz_example_gazebo/package.dsv'
[6.203s] INFO:colcon.colcon_core.shell:Creating package script '/home/lau/template_ws/install/ros_gz_example_gazebo/share/ros_gz_example_gazebo/package.sh'
[6.203s] INFO:colcon.colcon_core.shell:Creating package script '/home/lau/template_ws/install/ros_gz_example_gazebo/share/ros_gz_example_gazebo/package.bash'
[6.204s] INFO:colcon.colcon_core.shell:Creating package script '/home/lau/template_ws/install/ros_gz_example_gazebo/share/ros_gz_example_gazebo/package.zsh'
[6.204s] Level 1:colcon.colcon_core.environment:create_file_with_runtime_dependencies(/home/lau/template_ws/install/ros_gz_example_gazebo/share/colcon-core/packages/ros_gz_example_gazebo)
[6.205s] Level 1:colcon.colcon_core.environment:create_environment_scripts_only(ros_gz_example_gazebo)
[6.205s] Level 1:colcon.colcon_core.environment:checking '/home/lau/template_ws/install/ros_gz_example_gazebo' for CMake module files
[6.206s] Level 1:colcon.colcon_core.environment:checking '/home/lau/template_ws/install/ros_gz_example_gazebo' for CMake config files
[6.206s] Level 1:colcon.colcon_core.shell:create_environment_hook('ros_gz_example_gazebo', 'cmake_prefix_path')
[6.206s] INFO:colcon.colcon_core.shell:Creating environment hook '/home/lau/template_ws/install/ros_gz_example_gazebo/share/ros_gz_example_gazebo/hook/cmake_prefix_path.ps1'
[6.207s] INFO:colcon.colcon_core.shell:Creating environment descriptor '/home/lau/template_ws/install/ros_gz_example_gazebo/share/ros_gz_example_gazebo/hook/cmake_prefix_path.dsv'
[6.207s] INFO:colcon.colcon_core.shell:Creating environment hook '/home/lau/template_ws/install/ros_gz_example_gazebo/share/ros_gz_example_gazebo/hook/cmake_prefix_path.sh'
[6.208s] Level 1:colcon.colcon_core.environment:checking '/home/lau/template_ws/install/ros_gz_example_gazebo/lib'
[6.208s] Level 1:colcon.colcon_core.environment:checking '/home/lau/template_ws/install/ros_gz_example_gazebo/bin'
[6.208s] Level 1:colcon.colcon_core.environment:checking '/home/lau/template_ws/install/ros_gz_example_gazebo/lib/pkgconfig/ros_gz_example_gazebo.pc'
[6.208s] Level 1:colcon.colcon_core.environment:checking '/home/lau/template_ws/install/ros_gz_example_gazebo/lib/python3.12/site-packages'
[6.209s] Level 1:colcon.colcon_core.environment:checking '/home/lau/template_ws/install/ros_gz_example_gazebo/bin'
[6.209s] INFO:colcon.colcon_core.shell:Creating package script '/home/lau/template_ws/install/ros_gz_example_gazebo/share/ros_gz_example_gazebo/package.ps1'
[6.209s] INFO:colcon.colcon_core.shell:Creating package descriptor '/home/lau/template_ws/install/ros_gz_example_gazebo/share/ros_gz_example_gazebo/package.dsv'
[6.210s] INFO:colcon.colcon_core.shell:Creating package script '/home/lau/template_ws/install/ros_gz_example_gazebo/share/ros_gz_example_gazebo/package.sh'
[6.211s] INFO:colcon.colcon_core.shell:Creating package script '/home/lau/template_ws/install/ros_gz_example_gazebo/share/ros_gz_example_gazebo/package.bash'
[6.211s] INFO:colcon.colcon_core.shell:Creating package script '/home/lau/template_ws/install/ros_gz_example_gazebo/share/ros_gz_example_gazebo/package.zsh'
[6.212s] Level 1:colcon.colcon_core.environment:create_file_with_runtime_dependencies(/home/lau/template_ws/install/ros_gz_example_gazebo/share/colcon-core/packages/ros_gz_example_gazebo)
[6.212s] INFO:colcon.colcon_ros.task.ament_cmake.build:Building ROS package in '/home/lau/template_ws/src/ros_gz_project_template/ros_gz_example_bringup' with build type 'ament_cmake'
[6.212s] INFO:colcon.colcon_cmake.task.cmake.build:Building CMake package in '/home/lau/template_ws/src/ros_gz_project_template/ros_gz_example_bringup'
[6.212s] INFO:colcon.colcon_core.shell:Skip shell extension 'powershell' for command environment: Not usable outside of PowerShell
[6.212s] DEBUG:colcon.colcon_core.shell:Skip shell extension 'dsv' for command environment
[6.225s] DEBUG:colcon.colcon_core.event_handler.log_command:Invoking command in '/home/lau/template_ws/build/ros_gz_example_bringup': AMENT_PREFIX_PATH=/home/lau/template_ws/install/ros_gz_example_gazebo:/home/lau/template_ws/install/ros_gz_example_description:${AMENT_PREFIX_PATH} CMAKE_PREFIX_PATH=/home/lau/template_ws/install/ros_gz_example_gazebo:/home/lau/template_ws/install/ros_gz_example_description:/opt/ros/jazzy/opt/gz_math_vendor:/opt/ros/jazzy/opt/gz_utils_vendor:/opt/ros/jazzy/opt/gz_cmake_vendor:/opt/ros/jazzy DEBUGINFOD_URLS=https://debuginfod.ubuntu.com GZ_SIM_PLUGIN_PATH=/home/lau/template_ws/install/ros_gz_example_gazebo/lib/ros_gz_example_gazebo GZ_SIM_RESOURCE_PATH=/home/lau/template_ws/install/ros_gz_example_gazebo/share/ros_gz_example_gazebo/worlds:/home/lau/template_ws/install/ros_gz_example_description/share/ros_gz_example_description/models /usr/bin/cmake /home/lau/template_ws/src/ros_gz_project_template/ros_gz_example_bringup -DBUILD_TESTING=ON -DCMAKE_INSTALL_PREFIX=/home/lau/template_ws/install/ros_gz_example_bringup
[7.062s] DEBUG:colcon.colcon_core.event_handler.log_command:Invoked command in '/home/lau/template_ws/build/ros_gz_example_bringup' returned '0': AMENT_PREFIX_PATH=/home/lau/template_ws/install/ros_gz_example_gazebo:/home/lau/template_ws/install/ros_gz_example_description:${AMENT_PREFIX_PATH} CMAKE_PREFIX_PATH=/home/lau/template_ws/install/ros_gz_example_gazebo:/home/lau/template_ws/install/ros_gz_example_description:/opt/ros/jazzy/opt/gz_math_vendor:/opt/ros/jazzy/opt/gz_utils_vendor:/opt/ros/jazzy/opt/gz_cmake_vendor:/opt/ros/jazzy DEBUGINFOD_URLS=https://debuginfod.ubuntu.com GZ_SIM_PLUGIN_PATH=/home/lau/template_ws/install/ros_gz_example_gazebo/lib/ros_gz_example_gazebo GZ_SIM_RESOURCE_PATH=/home/lau/template_ws/install/ros_gz_example_gazebo/share/ros_gz_example_gazebo/worlds:/home/lau/template_ws/install/ros_gz_example_description/share/ros_gz_example_description/models /usr/bin/cmake /home/lau/template_ws/src/ros_gz_project_template/ros_gz_example_bringup -DBUILD_TESTING=ON -DCMAKE_INSTALL_PREFIX=/home/lau/template_ws/install/ros_gz_example_bringup
[7.063s] DEBUG:colcon.colcon_core.event_handler.log_command:Invoking command in '/home/lau/template_ws/build/ros_gz_example_bringup': AMENT_PREFIX_PATH=/home/lau/template_ws/install/ros_gz_example_gazebo:/home/lau/template_ws/install/ros_gz_example_description:${AMENT_PREFIX_PATH} CMAKE_PREFIX_PATH=/home/lau/template_ws/install/ros_gz_example_gazebo:/home/lau/template_ws/install/ros_gz_example_description:/opt/ros/jazzy/opt/gz_math_vendor:/opt/ros/jazzy/opt/gz_utils_vendor:/opt/ros/jazzy/opt/gz_cmake_vendor:/opt/ros/jazzy DEBUGINFOD_URLS=https://debuginfod.ubuntu.com GZ_SIM_PLUGIN_PATH=/home/lau/template_ws/install/ros_gz_example_gazebo/lib/ros_gz_example_gazebo GZ_SIM_RESOURCE_PATH=/home/lau/template_ws/install/ros_gz_example_gazebo/share/ros_gz_example_gazebo/worlds:/home/lau/template_ws/install/ros_gz_example_description/share/ros_gz_example_description/models /usr/bin/cmake --build /home/lau/template_ws/build/ros_gz_example_bringup -- -j8 -l8
[7.111s] DEBUG:colcon.colcon_core.event_handler.log_command:Invoked command in '/home/lau/template_ws/build/ros_gz_example_bringup' returned '0': AMENT_PREFIX_PATH=/home/lau/template_ws/install/ros_gz_example_gazebo:/home/lau/template_ws/install/ros_gz_example_description:${AMENT_PREFIX_PATH} CMAKE_PREFIX_PATH=/home/lau/template_ws/install/ros_gz_example_gazebo:/home/lau/template_ws/install/ros_gz_example_description:/opt/ros/jazzy/opt/gz_math_vendor:/opt/ros/jazzy/opt/gz_utils_vendor:/opt/ros/jazzy/opt/gz_cmake_vendor:/opt/ros/jazzy DEBUGINFOD_URLS=https://debuginfod.ubuntu.com GZ_SIM_PLUGIN_PATH=/home/lau/template_ws/install/ros_gz_example_gazebo/lib/ros_gz_example_gazebo GZ_SIM_RESOURCE_PATH=/home/lau/template_ws/install/ros_gz_example_gazebo/share/ros_gz_example_gazebo/worlds:/home/lau/template_ws/install/ros_gz_example_description/share/ros_gz_example_description/models /usr/bin/cmake --build /home/lau/template_ws/build/ros_gz_example_bringup -- -j8 -l8
[7.113s] DEBUG:colcon.colcon_core.event_handler.log_command:Invoking command in '/home/lau/template_ws/build/ros_gz_example_bringup': AMENT_PREFIX_PATH=/home/lau/template_ws/install/ros_gz_example_gazebo:/home/lau/template_ws/install/ros_gz_example_description:${AMENT_PREFIX_PATH} CMAKE_PREFIX_PATH=/home/lau/template_ws/install/ros_gz_example_gazebo:/home/lau/template_ws/install/ros_gz_example_description:/opt/ros/jazzy/opt/gz_math_vendor:/opt/ros/jazzy/opt/gz_utils_vendor:/opt/ros/jazzy/opt/gz_cmake_vendor:/opt/ros/jazzy DEBUGINFOD_URLS=https://debuginfod.ubuntu.com GZ_SIM_PLUGIN_PATH=/home/lau/template_ws/install/ros_gz_example_gazebo/lib/ros_gz_example_gazebo GZ_SIM_RESOURCE_PATH=/home/lau/template_ws/install/ros_gz_example_gazebo/share/ros_gz_example_gazebo/worlds:/home/lau/template_ws/install/ros_gz_example_description/share/ros_gz_example_description/models /usr/bin/cmake --install /home/lau/template_ws/build/ros_gz_example_bringup
[7.129s] Level 1:colcon.colcon_core.environment:create_environment_scripts_only(ros_gz_example_bringup)
[7.129s] Level 1:colcon.colcon_core.environment:checking '/home/lau/template_ws/install/ros_gz_example_bringup' for CMake module files
[7.130s] DEBUG:colcon.colcon_core.event_handler.log_command:Invoked command in '/home/lau/template_ws/build/ros_gz_example_bringup' returned '0': AMENT_PREFIX_PATH=/home/lau/template_ws/install/ros_gz_example_gazebo:/home/lau/template_ws/install/ros_gz_example_description:${AMENT_PREFIX_PATH} CMAKE_PREFIX_PATH=/home/lau/template_ws/install/ros_gz_example_gazebo:/home/lau/template_ws/install/ros_gz_example_description:/opt/ros/jazzy/opt/gz_math_vendor:/opt/ros/jazzy/opt/gz_utils_vendor:/opt/ros/jazzy/opt/gz_cmake_vendor:/opt/ros/jazzy DEBUGINFOD_URLS=https://debuginfod.ubuntu.com GZ_SIM_PLUGIN_PATH=/home/lau/template_ws/install/ros_gz_example_gazebo/lib/ros_gz_example_gazebo GZ_SIM_RESOURCE_PATH=/home/lau/template_ws/install/ros_gz_example_gazebo/share/ros_gz_example_gazebo/worlds:/home/lau/template_ws/install/ros_gz_example_description/share/ros_gz_example_description/models /usr/bin/cmake --install /home/lau/template_ws/build/ros_gz_example_bringup
[7.131s] Level 1:colcon.colcon_core.environment:checking '/home/lau/template_ws/install/ros_gz_example_bringup' for CMake config files
[7.131s] Level 1:colcon.colcon_core.shell:create_environment_hook('ros_gz_example_bringup', 'cmake_prefix_path')
[7.132s] INFO:colcon.colcon_core.shell:Creating environment hook '/home/lau/template_ws/install/ros_gz_example_bringup/share/ros_gz_example_bringup/hook/cmake_prefix_path.ps1'
[7.132s] INFO:colcon.colcon_core.shell:Creating environment descriptor '/home/lau/template_ws/install/ros_gz_example_bringup/share/ros_gz_example_bringup/hook/cmake_prefix_path.dsv'
[7.133s] INFO:colcon.colcon_core.shell:Creating environment hook '/home/lau/template_ws/install/ros_gz_example_bringup/share/ros_gz_example_bringup/hook/cmake_prefix_path.sh'
[7.133s] Level 1:colcon.colcon_core.environment:checking '/home/lau/template_ws/install/ros_gz_example_bringup/bin'
[7.133s] Level 1:colcon.colcon_core.environment:checking '/home/lau/template_ws/install/ros_gz_example_bringup/lib/pkgconfig/ros_gz_example_bringup.pc'
[7.134s] Level 1:colcon.colcon_core.environment:checking '/home/lau/template_ws/install/ros_gz_example_bringup/lib/python3.12/site-packages'
[7.134s] Level 1:colcon.colcon_core.environment:checking '/home/lau/template_ws/install/ros_gz_example_bringup/bin'
[7.134s] INFO:colcon.colcon_core.shell:Creating package script '/home/lau/template_ws/install/ros_gz_example_bringup/share/ros_gz_example_bringup/package.ps1'
[7.135s] INFO:colcon.colcon_core.shell:Creating package descriptor '/home/lau/template_ws/install/ros_gz_example_bringup/share/ros_gz_example_bringup/package.dsv'
[7.135s] INFO:colcon.colcon_core.shell:Creating package script '/home/lau/template_ws/install/ros_gz_example_bringup/share/ros_gz_example_bringup/package.sh'
[7.136s] INFO:colcon.colcon_core.shell:Creating package script '/home/lau/template_ws/install/ros_gz_example_bringup/share/ros_gz_example_bringup/package.bash'
[7.136s] INFO:colcon.colcon_core.shell:Creating package script '/home/lau/template_ws/install/ros_gz_example_bringup/share/ros_gz_example_bringup/package.zsh'
[7.136s] Level 1:colcon.colcon_core.environment:create_file_with_runtime_dependencies(/home/lau/template_ws/install/ros_gz_example_bringup/share/colcon-core/packages/ros_gz_example_bringup)
[7.137s] Level 1:colcon.colcon_core.environment:create_environment_scripts_only(ros_gz_example_bringup)
[7.137s] Level 1:colcon.colcon_core.environment:checking '/home/lau/template_ws/install/ros_gz_example_bringup' for CMake module files
[7.138s] Level 1:colcon.colcon_core.environment:checking '/home/lau/template_ws/install/ros_gz_example_bringup' for CMake config files
[7.138s] Level 1:colcon.colcon_core.shell:create_environment_hook('ros_gz_example_bringup', 'cmake_prefix_path')
[7.138s] INFO:colcon.colcon_core.shell:Creating environment hook '/home/lau/template_ws/install/ros_gz_example_bringup/share/ros_gz_example_bringup/hook/cmake_prefix_path.ps1'
[7.139s] INFO:colcon.colcon_core.shell:Creating environment descriptor '/home/lau/template_ws/install/ros_gz_example_bringup/share/ros_gz_example_bringup/hook/cmake_prefix_path.dsv'
[7.139s] INFO:colcon.colcon_core.shell:Creating environment hook '/home/lau/template_ws/install/ros_gz_example_bringup/share/ros_gz_example_bringup/hook/cmake_prefix_path.sh'
[7.140s] Level 1:colcon.colcon_core.environment:checking '/home/lau/template_ws/install/ros_gz_example_bringup/bin'
[7.140s] Level 1:colcon.colcon_core.environment:checking '/home/lau/template_ws/install/ros_gz_example_bringup/lib/pkgconfig/ros_gz_example_bringup.pc'
[7.140s] Level 1:colcon.colcon_core.environment:checking '/home/lau/template_ws/install/ros_gz_example_bringup/lib/python3.12/site-packages'
[7.141s] Level 1:colcon.colcon_core.environment:checking '/home/lau/template_ws/install/ros_gz_example_bringup/bin'
[7.141s] INFO:colcon.colcon_core.shell:Creating package script '/home/lau/template_ws/install/ros_gz_example_bringup/share/ros_gz_example_bringup/package.ps1'
[7.141s] INFO:colcon.colcon_core.shell:Creating package descriptor '/home/lau/template_ws/install/ros_gz_example_bringup/share/ros_gz_example_bringup/package.dsv'
[7.142s] INFO:colcon.colcon_core.shell:Creating package script '/home/lau/template_ws/install/ros_gz_example_bringup/share/ros_gz_example_bringup/package.sh'
[7.142s] INFO:colcon.colcon_core.shell:Creating package script '/home/lau/template_ws/install/ros_gz_example_bringup/share/ros_gz_example_bringup/package.bash'
[7.143s] INFO:colcon.colcon_core.shell:Creating package script '/home/lau/template_ws/install/ros_gz_example_bringup/share/ros_gz_example_bringup/package.zsh'
[7.143s] Level 1:colcon.colcon_core.environment:create_file_with_runtime_dependencies(/home/lau/template_ws/install/ros_gz_example_bringup/share/colcon-core/packages/ros_gz_example_bringup)
[7.144s] DEBUG:colcon.colcon_parallel_executor.executor.parallel:closing loop
[7.144s] DEBUG:colcon.colcon_parallel_executor.executor.parallel:loop closed
[7.144s] DEBUG:colcon.colcon_parallel_executor.executor.parallel:run_until_complete finished with '0'
[7.144s] DEBUG:colcon.colcon_core.event_reactor:joining thread
[7.152s] INFO:colcon.colcon_core.plugin_system:Skipping extension 'colcon_notification.desktop_notification.terminal_notifier': Not used on non-Darwin systems
[7.152s] INFO:colcon.colcon_core.plugin_system:Skipping extension 'colcon_notification.desktop_notification.win32': Not used on non-Windows systems
[7.152s] INFO:colcon.colcon_notification.desktop_notification:Sending desktop notification using 'notify2'
[7.168s] DEBUG:colcon.colcon_core.event_reactor:joined thread
[7.168s] INFO:colcon.colcon_core.shell:Creating prefix script '/home/lau/template_ws/install/local_setup.ps1'
[7.169s] INFO:colcon.colcon_core.shell:Creating prefix util module '/home/lau/template_ws/install/_local_setup_util_ps1.py'
[7.171s] INFO:colcon.colcon_core.shell:Creating prefix chain script '/home/lau/template_ws/install/setup.ps1'
[7.172s] INFO:colcon.colcon_core.shell:Creating prefix script '/home/lau/template_ws/install/local_setup.sh'
[7.173s] INFO:colcon.colcon_core.shell:Creating prefix util module '/home/lau/template_ws/install/_local_setup_util_sh.py'
[7.173s] INFO:colcon.colcon_core.shell:Creating prefix chain script '/home/lau/template_ws/install/setup.sh'
[7.174s] INFO:colcon.colcon_core.shell:Creating prefix script '/home/lau/template_ws/install/local_setup.bash'
[7.175s] INFO:colcon.colcon_core.shell:Creating prefix chain script '/home/lau/template_ws/install/setup.bash'
[7.176s] INFO:colcon.colcon_core.shell:Creating prefix script '/home/lau/template_ws/install/local_setup.zsh'
[7.176s] INFO:colcon.colcon_core.shell:Creating prefix chain script '/home/lau/template_ws/install/setup.zsh'
