[0.908s] Invoking command in '/home/apoire/Documents/Robotica/robotica/agus/ros2_ws/src/coverage': DEBUGINFOD_URLS=https://debuginfod.ubuntu.com PYTHONPATH=/home/apoire/Documents/Robotica/robotica/agus/ros2_ws/build/coverage/prefix_override:/usr/lib/python3/dist-packages/colcon_core/task/python/colcon_distutils_commands:/home/apoire/Documents/Robotica/robotica/agus/ros2_ws/install/coverage/lib/python3.12/site-packages:${PYTHONPATH} /usr/bin/python3 -W ignore:setup.py install is deprecated -W ignore:easy_install command is deprecated setup.py egg_info --egg-base ../../build/coverage build --build-base /home/apoire/Documents/Robotica/robotica/agus/ros2_ws/build/coverage/build install --record /home/apoire/Documents/Robotica/robotica/agus/ros2_ws/build/coverage/install.log --single-version-externally-managed install_data
[1.207s] running egg_info
[1.231s] writing ../../build/coverage/coverage.egg-info/PKG-INFO
[1.231s] writing dependency_links to ../../build/coverage/coverage.egg-info/dependency_links.txt
[1.231s] writing entry points to ../../build/coverage/coverage.egg-info/entry_points.txt
[1.231s] writing requirements to ../../build/coverage/coverage.egg-info/requires.txt
[1.231s] writing top-level names to ../../build/coverage/coverage.egg-info/top_level.txt
[1.280s] reading manifest file '../../build/coverage/coverage.egg-info/SOURCES.txt'
[1.280s] adding license file 'LICENSE'
[1.280s] writing manifest file '../../build/coverage/coverage.egg-info/SOURCES.txt'
[1.280s] running build
[1.280s] running build_py
[1.281s] copying coverage/coverage_server.py -> /home/apoire/Documents/Robotica/robotica/agus/ros2_ws/build/coverage/build/lib/coverage
[1.281s] running install
[1.288s] running install_lib
[1.312s] copying /home/apoire/Documents/Robotica/robotica/agus/ros2_ws/build/coverage/build/lib/coverage/coverage_server.py -> /home/apoire/Documents/Robotica/robotica/agus/ros2_ws/install/coverage/lib/python3.12/site-packages/coverage
[1.312s] byte-compiling /home/apoire/Documents/Robotica/robotica/agus/ros2_ws/install/coverage/lib/python3.12/site-packages/coverage/coverage_server.py to coverage_server.cpython-312.pyc
[1.313s] running install_data
[1.313s] running install_egg_info
[1.338s] removing '/home/apoire/Documents/Robotica/robotica/agus/ros2_ws/install/coverage/lib/python3.12/site-packages/coverage-0.0.0-py3.12.egg-info' (and everything under it)
[1.338s] Copying ../../build/coverage/coverage.egg-info to /home/apoire/Documents/Robotica/robotica/agus/ros2_ws/install/coverage/lib/python3.12/site-packages/coverage-0.0.0-py3.12.egg-info
[1.339s] running install_scripts
[1.500s] Installing coverage_server script to /home/apoire/Documents/Robotica/robotica/agus/ros2_ws/install/coverage/lib/coverage
[1.500s] writing list of installed files to '/home/apoire/Documents/Robotica/robotica/agus/ros2_ws/build/coverage/install.log'
[1.526s] Invoked command in '/home/apoire/Documents/Robotica/robotica/agus/ros2_ws/src/coverage' returned '0': DEBUGINFOD_URLS=https://debuginfod.ubuntu.com PYTHONPATH=/home/apoire/Documents/Robotica/robotica/agus/ros2_ws/build/coverage/prefix_override:/usr/lib/python3/dist-packages/colcon_core/task/python/colcon_distutils_commands:/home/apoire/Documents/Robotica/robotica/agus/ros2_ws/install/coverage/lib/python3.12/site-packages:${PYTHONPATH} /usr/bin/python3 -W ignore:setup.py install is deprecated -W ignore:easy_install command is deprecated setup.py egg_info --egg-base ../../build/coverage build --build-base /home/apoire/Documents/Robotica/robotica/agus/ros2_ws/build/coverage/build install --record /home/apoire/Documents/Robotica/robotica/agus/ros2_ws/build/coverage/install.log --single-version-externally-managed install_data
