[0.499s] Invoking command in '/home/apoire/Documents/Robotica/robotica/ROSberta/build/ros_gz_example_application': CMAKE_PREFIX_PATH=${CMAKE_PREFIX_PATH}:/home/apoire/Documents/Robotica/robotica/ROSberta/install/robot_master:/home/apoire/Documents/Robotica/robotica/ROSberta/install/coverage:/opt/ros/jazzy DEBUGINFOD_URLS=https://debuginfod.ubuntu.com /usr/bin/cmake /home/apoire/Documents/Robotica/robotica/ROSberta/src/ros_gz_project_template/ros_gz_example_application -DCMAKE_INSTALL_PREFIX=/home/apoire/Documents/Robotica/robotica/ROSberta/install/ros_gz_example_application
[0.516s] -- Found ament_cmake: 2.5.2 (/opt/ros/jazzy/share/ament_cmake/cmake)
[0.841s] -- Configuring done (0.3s)
[0.845s] -- Generating done (0.0s)
[0.847s] -- Build files have been written to: /home/apoire/Documents/Robotica/robotica/ROSberta/build/ros_gz_example_application
[0.850s] Invoked command in '/home/apoire/Documents/Robotica/robotica/ROSberta/build/ros_gz_example_application' returned '0': CMAKE_PREFIX_PATH=${CMAKE_PREFIX_PATH}:/home/apoire/Documents/Robotica/robotica/ROSberta/install/robot_master:/home/apoire/Documents/Robotica/robotica/ROSberta/install/coverage:/opt/ros/jazzy DEBUGINFOD_URLS=https://debuginfod.ubuntu.com /usr/bin/cmake /home/apoire/Documents/Robotica/robotica/ROSberta/src/ros_gz_project_template/ros_gz_example_application -DCMAKE_INSTALL_PREFIX=/home/apoire/Documents/Robotica/robotica/ROSberta/install/ros_gz_example_application
[0.851s] Invoking command in '/home/apoire/Documents/Robotica/robotica/ROSberta/build/ros_gz_example_application': CMAKE_PREFIX_PATH=${CMAKE_PREFIX_PATH}:/home/apoire/Documents/Robotica/robotica/ROSberta/install/robot_master:/home/apoire/Documents/Robotica/robotica/ROSberta/install/coverage:/opt/ros/jazzy DEBUGINFOD_URLS=https://debuginfod.ubuntu.com /usr/bin/cmake --build /home/apoire/Documents/Robotica/robotica/ROSberta/build/ros_gz_example_application -- -j12 -l12
[0.902s] Invoked command in '/home/apoire/Documents/Robotica/robotica/ROSberta/build/ros_gz_example_application' returned '0': CMAKE_PREFIX_PATH=${CMAKE_PREFIX_PATH}:/home/apoire/Documents/Robotica/robotica/ROSberta/install/robot_master:/home/apoire/Documents/Robotica/robotica/ROSberta/install/coverage:/opt/ros/jazzy DEBUGINFOD_URLS=https://debuginfod.ubuntu.com /usr/bin/cmake --build /home/apoire/Documents/Robotica/robotica/ROSberta/build/ros_gz_example_application -- -j12 -l12
[0.904s] Invoking command in '/home/apoire/Documents/Robotica/robotica/ROSberta/build/ros_gz_example_application': CMAKE_PREFIX_PATH=${CMAKE_PREFIX_PATH}:/home/apoire/Documents/Robotica/robotica/ROSberta/install/robot_master:/home/apoire/Documents/Robotica/robotica/ROSberta/install/coverage:/opt/ros/jazzy DEBUGINFOD_URLS=https://debuginfod.ubuntu.com /usr/bin/cmake --install /home/apoire/Documents/Robotica/robotica/ROSberta/build/ros_gz_example_application
[0.915s] -- Install configuration: ""
[0.915s] -- Up-to-date: /home/apoire/Documents/Robotica/robotica/ROSberta/install/ros_gz_example_application/share/ament_index/resource_index/package_run_dependencies/ros_gz_example_application
[0.915s] -- Up-to-date: /home/apoire/Documents/Robotica/robotica/ROSberta/install/ros_gz_example_application/share/ament_index/resource_index/parent_prefix_path/ros_gz_example_application
[0.915s] -- Up-to-date: /home/apoire/Documents/Robotica/robotica/ROSberta/install/ros_gz_example_application/share/ros_gz_example_application/environment/ament_prefix_path.sh
[0.916s] -- Up-to-date: /home/apoire/Documents/Robotica/robotica/ROSberta/install/ros_gz_example_application/share/ros_gz_example_application/environment/ament_prefix_path.dsv
[0.916s] -- Up-to-date: /home/apoire/Documents/Robotica/robotica/ROSberta/install/ros_gz_example_application/share/ros_gz_example_application/environment/path.sh
[0.916s] -- Up-to-date: /home/apoire/Documents/Robotica/robotica/ROSberta/install/ros_gz_example_application/share/ros_gz_example_application/environment/path.dsv
[0.916s] -- Up-to-date: /home/apoire/Documents/Robotica/robotica/ROSberta/install/ros_gz_example_application/share/ros_gz_example_application/local_setup.bash
[0.916s] -- Up-to-date: /home/apoire/Documents/Robotica/robotica/ROSberta/install/ros_gz_example_application/share/ros_gz_example_application/local_setup.sh
[0.916s] -- Up-to-date: /home/apoire/Documents/Robotica/robotica/ROSberta/install/ros_gz_example_application/share/ros_gz_example_application/local_setup.zsh
[0.916s] -- Up-to-date: /home/apoire/Documents/Robotica/robotica/ROSberta/install/ros_gz_example_application/share/ros_gz_example_application/local_setup.dsv
[0.916s] -- Up-to-date: /home/apoire/Documents/Robotica/robotica/ROSberta/install/ros_gz_example_application/share/ros_gz_example_application/package.dsv
[0.917s] -- Up-to-date: /home/apoire/Documents/Robotica/robotica/ROSberta/install/ros_gz_example_application/share/ament_index/resource_index/packages/ros_gz_example_application
[0.917s] -- Up-to-date: /home/apoire/Documents/Robotica/robotica/ROSberta/install/ros_gz_example_application/share/ros_gz_example_application/cmake/ros_gz_example_applicationConfig.cmake
[0.917s] -- Up-to-date: /home/apoire/Documents/Robotica/robotica/ROSberta/install/ros_gz_example_application/share/ros_gz_example_application/cmake/ros_gz_example_applicationConfig-version.cmake
[0.917s] -- Up-to-date: /home/apoire/Documents/Robotica/robotica/ROSberta/install/ros_gz_example_application/share/ros_gz_example_application/package.xml
[0.918s] Invoked command in '/home/apoire/Documents/Robotica/robotica/ROSberta/build/ros_gz_example_application' returned '0': CMAKE_PREFIX_PATH=${CMAKE_PREFIX_PATH}:/home/apoire/Documents/Robotica/robotica/ROSberta/install/robot_master:/home/apoire/Documents/Robotica/robotica/ROSberta/install/coverage:/opt/ros/jazzy DEBUGINFOD_URLS=https://debuginfod.ubuntu.com /usr/bin/cmake --install /home/apoire/Documents/Robotica/robotica/ROSberta/build/ros_gz_example_application
