[0.008s] Invoking command in '/home/lau/template_ws/build/ros_gz_example_gazebo': AMENT_PREFIX_PATH=/home/lau/template_ws/install/ros_gz_example_description:${AMENT_PREFIX_PATH} CMAKE_PREFIX_PATH=/home/lau/template_ws/install/ros_gz_example_description:/opt/ros/jazzy/opt/gz_math_vendor:/opt/ros/jazzy/opt/gz_utils_vendor:/opt/ros/jazzy/opt/gz_cmake_vendor:/opt/ros/jazzy DEBUGINFOD_URLS=https://debuginfod.ubuntu.com GZ_SIM_RESOURCE_PATH=/home/lau/template_ws/install/ros_gz_example_description/share/ros_gz_example_description/models /usr/bin/cmake /home/lau/template_ws/src/ros_gz_project_template/ros_gz_example_gazebo -DBUILD_TESTING=ON -DCMAKE_INSTALL_PREFIX=/home/lau/template_ws/install/ros_gz_example_gazebo
[0.078s] -- The C compiler identification is GNU 13.2.0
[0.153s] -- The CXX compiler identification is GNU 13.2.0
[0.172s] -- Detecting C compiler ABI info
[0.279s] -- Detecting C compiler ABI info - done
[0.291s] -- Check for working C compiler: /usr/bin/cc - skipped
[0.292s] -- Detecting C compile features
[0.292s] -- Detecting C compile features - done
[0.303s] -- Detecting CXX compiler ABI info
[0.425s] -- Detecting CXX compiler ABI info - done
[0.437s] -- Check for working CXX compiler: /usr/bin/c++ - skipped
[0.437s] -- Detecting CXX compile features
[0.438s] -- Detecting CXX compile features - done
[0.441s] -- Found ament_cmake: 2.5.2 (/opt/ros/jazzy/share/ament_cmake/cmake)
[0.609s] -- Found Python3: /usr/bin/python3 (found version "3.12.3") found components: Interpreter 
[0.728s] -- Found ros_gz_example_description: 0.0.0 (/home/lau/template_ws/install/ros_gz_example_description/share/ros_gz_example_description/cmake)
[0.766s] -- Looking for gz-plugin2 -- found version 2.0.3
[0.767s] -- Searching for dependencies of gz-plugin2
[0.768s] -- Looking for gz-utils2 -- found version 2.2.0
[0.768s] -- Searching for dependencies of gz-utils2
[0.770s] -- Searching for <gz-utils2> component [cli]
[0.771s] -- Looking for gz-utils2-cli -- found version 2.2.0
[0.771s] -- Searching for dependencies of gz-utils2-cli
[0.773s] -- Searching for <gz-plugin2> component [register]
[0.775s] -- Looking for gz-plugin2-register -- found version 2.0.3
[0.776s] -- Searching for dependencies of gz-plugin2-register
[0.779s] -- Looking for gz-common5 -- found version 5.7.0
[0.779s] -- Searching for dependencies of gz-common5
[0.780s] -- Looking for gz-utils2 -- found version 2.2.0
[0.781s] -- Looking for dlfcn.h - found
[0.791s] -- Looking for libdl - found
[0.792s] -- Found DL: TRUE  
[0.800s] -- Checking for module 'uuid'
[0.814s] --   Found uuid, version 2.39.3
[0.845s] -- Found UUID: TRUE  
[0.846s] -- Searching for <gz-common5> component [profiler]
[0.849s] -- Looking for gz-common5-profiler -- found version 5.7.0
[0.849s] -- Searching for dependencies of gz-common5-profiler
[0.863s] [31mCMake Error at CMakeLists.txt:26 (find_package):
[0.863s]   By not providing "Findgz-sim7.cmake" in CMAKE_MODULE_PATH this project has
[0.863s]   asked CMake to find a package configuration file provided by "gz-sim7", but
[0.863s]   CMake did not find one.
[0.863s] 
[0.864s]   Could not find a package configuration file provided by "gz-sim7" with any
[0.864s]   of the following names:
[0.864s] 
[0.864s]     gz-sim7Config.cmake
[0.864s]     gz-sim7-config.cmake
[0.864s] 
[0.864s]   Add the installation prefix of "gz-sim7" to CMAKE_PREFIX_PATH or set
[0.865s]   "gz-sim7_DIR" to a directory containing one of the above files.  If
[0.865s]   "gz-sim7" provides a separate development package or SDK, be sure it has
[0.865s]   been installed.
[0.865s] 
[0.865s] [0m
[0.865s] -- Configuring incomplete, errors occurred!
[0.872s] Invoked command in '/home/lau/template_ws/build/ros_gz_example_gazebo' returned '1': AMENT_PREFIX_PATH=/home/lau/template_ws/install/ros_gz_example_description:${AMENT_PREFIX_PATH} CMAKE_PREFIX_PATH=/home/lau/template_ws/install/ros_gz_example_description:/opt/ros/jazzy/opt/gz_math_vendor:/opt/ros/jazzy/opt/gz_utils_vendor:/opt/ros/jazzy/opt/gz_cmake_vendor:/opt/ros/jazzy DEBUGINFOD_URLS=https://debuginfod.ubuntu.com GZ_SIM_RESOURCE_PATH=/home/lau/template_ws/install/ros_gz_example_description/share/ros_gz_example_description/models /usr/bin/cmake /home/lau/template_ws/src/ros_gz_project_template/ros_gz_example_gazebo -DBUILD_TESTING=ON -DCMAKE_INSTALL_PREFIX=/home/lau/template_ws/install/ros_gz_example_gazebo
