/home/apoire/Documents/Robotica/robotica/ROSberta/install/robot_master/lib/python3.12/site-packages/robot_master/__init__.py
/home/apoire/Documents/Robotica/robotica/ROSberta/install/robot_master/lib/python3.12/site-packages/robot_master/lidar_sensor.py
/home/apoire/Documents/Robotica/robotica/ROSberta/install/robot_master/lib/python3.12/site-packages/robot_master/wall_follower.py
/home/apoire/Documents/Robotica/robotica/ROSberta/install/robot_master/lib/python3.12/site-packages/robot_master/odometry_sensor.py
/home/apoire/Documents/Robotica/robotica/ROSberta/install/robot_master/lib/python3.12/site-packages/robot_master/map_writer.py
/home/apoire/Documents/Robotica/robotica/ROSberta/install/robot_master/lib/python3.12/site-packages/robot_master/__pycache__/__init__.cpython-312.pyc
/home/apoire/Documents/Robotica/robotica/ROSberta/install/robot_master/lib/python3.12/site-packages/robot_master/__pycache__/lidar_sensor.cpython-312.pyc
/home/apoire/Documents/Robotica/robotica/ROSberta/install/robot_master/lib/python3.12/site-packages/robot_master/__pycache__/wall_follower.cpython-312.pyc
/home/apoire/Documents/Robotica/robotica/ROSberta/install/robot_master/lib/python3.12/site-packages/robot_master/__pycache__/odometry_sensor.cpython-312.pyc
/home/apoire/Documents/Robotica/robotica/ROSberta/install/robot_master/lib/python3.12/site-packages/robot_master/__pycache__/map_writer.cpython-312.pyc
/home/apoire/Documents/Robotica/robotica/ROSberta/install/robot_master/share/ament_index/resource_index/packages/robot_master
/home/apoire/Documents/Robotica/robotica/ROSberta/install/robot_master/share/robot_master/package.xml
/home/apoire/Documents/Robotica/robotica/ROSberta/install/robot_master/lib/python3.12/site-packages/robot_master-0.0.0-py3.12.egg-info/requires.txt
/home/apoire/Documents/Robotica/robotica/ROSberta/install/robot_master/lib/python3.12/site-packages/robot_master-0.0.0-py3.12.egg-info/entry_points.txt
/home/apoire/Documents/Robotica/robotica/ROSberta/install/robot_master/lib/python3.12/site-packages/robot_master-0.0.0-py3.12.egg-info/zip-safe
/home/apoire/Documents/Robotica/robotica/ROSberta/install/robot_master/lib/python3.12/site-packages/robot_master-0.0.0-py3.12.egg-info/top_level.txt
/home/apoire/Documents/Robotica/robotica/ROSberta/install/robot_master/lib/python3.12/site-packages/robot_master-0.0.0-py3.12.egg-info/dependency_links.txt
/home/apoire/Documents/Robotica/robotica/ROSberta/install/robot_master/lib/python3.12/site-packages/robot_master-0.0.0-py3.12.egg-info/PKG-INFO
/home/apoire/Documents/Robotica/robotica/ROSberta/install/robot_master/lib/python3.12/site-packages/robot_master-0.0.0-py3.12.egg-info/SOURCES.txt
/home/apoire/Documents/Robotica/robotica/ROSberta/install/robot_master/lib/robot_master/wall_follower
