[0.511s] Invoking command in '/home/apoire/Documents/Robotica/robotica/ROSberta/build/ros_gz_example_application': CMAKE_PREFIX_PATH=${CMAKE_PREFIX_PATH}:/home/apoire/Documents/Robotica/robotica/ROSberta/install/robot_master:/home/apoire/Documents/Robotica/robotica/ROSberta/install/coverage:/opt/ros/jazzy DEBUGINFOD_URLS=https://debuginfod.ubuntu.com /usr/bin/cmake --build /home/apoire/Documents/Robotica/robotica/ROSberta/build/ros_gz_example_application -- -j12 -l12
[0.562s] Invoked command in '/home/apoire/Documents/Robotica/robotica/ROSberta/build/ros_gz_example_application' returned '0': CMAKE_PREFIX_PATH=${CMAKE_PREFIX_PATH}:/home/apoire/Documents/Robotica/robotica/ROSberta/install/robot_master:/home/apoire/Documents/Robotica/robotica/ROSberta/install/coverage:/opt/ros/jazzy DEBUGINFOD_URLS=https://debuginfod.ubuntu.com /usr/bin/cmake --build /home/apoire/Documents/Robotica/robotica/ROSberta/build/ros_gz_example_application -- -j12 -l12
[0.563s] Invoking command in '/home/apoire/Documents/Robotica/robotica/ROSberta/build/ros_gz_example_application': CMAKE_PREFIX_PATH=${CMAKE_PREFIX_PATH}:/home/apoire/Documents/Robotica/robotica/ROSberta/install/robot_master:/home/apoire/Documents/Robotica/robotica/ROSberta/install/coverage:/opt/ros/jazzy DEBUGINFOD_URLS=https://debuginfod.ubuntu.com /usr/bin/cmake --install /home/apoire/Documents/Robotica/robotica/ROSberta/build/ros_gz_example_application
[0.574s] -- Install configuration: ""
[0.574s] -- Up-to-date: /home/apoire/Documents/Robotica/robotica/ROSberta/install/ros_gz_example_application/share/ament_index/resource_index/package_run_dependencies/ros_gz_example_application
[0.574s] -- Up-to-date: /home/apoire/Documents/Robotica/robotica/ROSberta/install/ros_gz_example_application/share/ament_index/resource_index/parent_prefix_path/ros_gz_example_application
[0.574s] -- Up-to-date: /home/apoire/Documents/Robotica/robotica/ROSberta/install/ros_gz_example_application/share/ros_gz_example_application/environment/ament_prefix_path.sh
[0.575s] -- Up-to-date: /home/apoire/Documents/Robotica/robotica/ROSberta/install/ros_gz_example_application/share/ros_gz_example_application/environment/ament_prefix_path.dsv
[0.575s] -- Up-to-date: /home/apoire/Documents/Robotica/robotica/ROSberta/install/ros_gz_example_application/share/ros_gz_example_application/environment/path.sh
[0.575s] -- Up-to-date: /home/apoire/Documents/Robotica/robotica/ROSberta/install/ros_gz_example_application/share/ros_gz_example_application/environment/path.dsv
[0.575s] -- Up-to-date: /home/apoire/Documents/Robotica/robotica/ROSberta/install/ros_gz_example_application/share/ros_gz_example_application/local_setup.bash
[0.575s] -- Up-to-date: /home/apoire/Documents/Robotica/robotica/ROSberta/install/ros_gz_example_application/share/ros_gz_example_application/local_setup.sh
[0.575s] -- Up-to-date: /home/apoire/Documents/Robotica/robotica/ROSberta/install/ros_gz_example_application/share/ros_gz_example_application/local_setup.zsh
[0.575s] -- Up-to-date: /home/apoire/Documents/Robotica/robotica/ROSberta/install/ros_gz_example_application/share/ros_gz_example_application/local_setup.dsv
[0.575s] -- Installing: /home/apoire/Documents/Robotica/robotica/ROSberta/install/ros_gz_example_application/share/ros_gz_example_application/package.dsv
[0.575s] -- Up-to-date: /home/apoire/Documents/Robotica/robotica/ROSberta/install/ros_gz_example_application/share/ament_index/resource_index/packages/ros_gz_example_application
[0.575s] -- Up-to-date: /home/apoire/Documents/Robotica/robotica/ROSberta/install/ros_gz_example_application/share/ros_gz_example_application/cmake/ros_gz_example_applicationConfig.cmake
[0.576s] -- Up-to-date: /home/apoire/Documents/Robotica/robotica/ROSberta/install/ros_gz_example_application/share/ros_gz_example_application/cmake/ros_gz_example_applicationConfig-version.cmake
[0.576s] -- Up-to-date: /home/apoire/Documents/Robotica/robotica/ROSberta/install/ros_gz_example_application/share/ros_gz_example_application/package.xml
[0.577s] Invoked command in '/home/apoire/Documents/Robotica/robotica/ROSberta/build/ros_gz_example_application' returned '0': CMAKE_PREFIX_PATH=${CMAKE_PREFIX_PATH}:/home/apoire/Documents/Robotica/robotica/ROSberta/install/robot_master:/home/apoire/Documents/Robotica/robotica/ROSberta/install/coverage:/opt/ros/jazzy DEBUGINFOD_URLS=https://debuginfod.ubuntu.com /usr/bin/cmake --install /home/apoire/Documents/Robotica/robotica/ROSberta/build/ros_gz_example_application
