[0.010s] Invoking command in '/home/apoire/Documents/Robotica/robotica/ROSberta/build/ros_gz_example_gazebo': CMAKE_PREFIX_PATH=/home/apoire/Documents/Robotica/robotica/ROSberta/install/ros_gz_example_description:/home/apoire/Documents/Robotica/robotica/ROSberta/install/ros_gz_example_bringup:/home/apoire/Documents/Robotica/robotica/ROSberta/install/ros_gz_example_gazebo:/home/apoire/Documents/Robotica/robotica/ROSberta/install/ros_gz_example_application:/opt/ros/jazzy/opt/gz_sim_vendor:/opt/ros/jazzy/opt/gz_sensors_vendor:/opt/ros/jazzy/opt/gz_physics_vendor:/opt/ros/jazzy/opt/sdformat_vendor:/opt/ros/jazzy/opt/gz_gui_vendor:/opt/ros/jazzy/opt/gz_transport_vendor:/opt/ros/jazzy/opt/gz_rendering_vendor:/opt/ros/jazzy/opt/gz_plugin_vendor:/opt/ros/jazzy/opt/gz_fuel_tools_vendor:/opt/ros/jazzy/opt/gz_msgs_vendor:/opt/ros/jazzy/opt/gz_common_vendor:/opt/ros/jazzy/opt/gz_math_vendor:/opt/ros/jazzy/opt/gz_utils_vendor:/opt/ros/jazzy/opt/gz_tools_vendor:/opt/ros/jazzy/opt/gz_ogre_next_vendor:/opt/ros/jazzy/opt/gz_dartsim_vendor:/opt/ros/jazzy/opt/gz_cmake_vendor:/home/apoire/Documents/Robotica/robotica/ROSberta/install/robot_master:/home/apoire/Documents/Robotica/robotica/ROSberta/install/coverage:/opt/ros/jazzy DEBUGINFOD_URLS=https://debuginfod.ubuntu.com GZ_SIM_RESOURCE_PATH=/home/apoire/Documents/Robotica/robotica/ROSberta/install/ros_gz_example_description/share/ros_gz_example_description/models:${GZ_SIM_RESOURCE_PATH} /usr/bin/cmake /home/apoire/Documents/Robotica/robotica/ROSberta/src/ros_gz_project_template/ros_gz_example_gazebo -DCMAKE_INSTALL_PREFIX=/home/apoire/Documents/Robotica/robotica/ROSberta/install/ros_gz_example_gazebo
[0.027s] -- Found ament_cmake: 2.5.2 (/opt/ros/jazzy/share/ament_cmake/cmake)
[0.269s] -- Found ros_gz_example_description: 0.0.0 (/home/apoire/Documents/Robotica/robotica/ROSberta/install/ros_gz_example_description/share/ros_gz_example_description/cmake)
[0.275s] -- Looking for gz-plugin2 -- found version 2.0.3
[0.275s] -- Searching for dependencies of gz-plugin2
[0.276s] -- Looking for gz-utils2 -- found version 2.2.0
[0.276s] -- Searching for dependencies of gz-utils2
[0.276s] -- Searching for <gz-utils2> component [cli]
[0.277s] -- Looking for gz-utils2-cli -- found version 2.2.0
[0.277s] -- Searching for dependencies of gz-utils2-cli
[0.278s] -- Searching for <gz-plugin2> component [register]
[0.278s] -- Looking for gz-plugin2-register -- found version 2.0.3
[0.278s] -- Searching for dependencies of gz-plugin2-register
[0.279s] -- Looking for gz-common5 -- found version 5.7.0
[0.280s] -- Searching for dependencies of gz-common5
[0.280s] -- Looking for gz-utils2 -- found version 2.2.0
[0.280s] -- Looking for dlfcn.h - found
[0.280s] -- Looking for libdl - found
[0.287s] -- Checking for module 'uuid'
[0.305s] --   Found uuid, version 2.39.3
[0.348s] -- Searching for <gz-common5> component [profiler]
[0.348s] -- Looking for gz-common5-profiler -- found version 5.7.0
[0.348s] -- Searching for dependencies of gz-common5-profiler
[0.349s] -- Looking for gz-sim8 -- found version 8.7.0
[0.349s] -- Searching for dependencies of gz-sim8
[0.350s] -- Looking for sdformat14 -- found version 14.5.0
[0.350s] -- Searching for dependencies of sdformat14
[0.355s] -- Checking for module 'tinyxml2'
[0.372s] --   Found tinyxml2, version 9.0.0
[0.409s] -- Looking for gz-math7 -- found version 7.5.1
[0.409s] -- Searching for dependencies of gz-math7
[0.409s] -- Looking for gz-utils2 -- found version 2.2.0
[0.410s] -- Looking for gz-utils2 -- found version 2.2.0
[0.411s] -- Looking for gz-plugin2 -- found version 2.0.3
[0.411s] -- Searching for dependencies of gz-plugin2
[0.412s] -- Looking for gz-utils2 -- found version 2.2.0
[0.412s] -- Searching for <gz-plugin2> component [loader]
[0.412s] -- Looking for gz-plugin2-loader -- found version 2.0.3
[0.413s] -- Searching for dependencies of gz-plugin2-loader
[0.413s] -- Searching for <gz-plugin2> component [register]
[0.414s] -- Looking for gz-transport13 -- found version 13.4.0
[0.414s] -- Searching for dependencies of gz-transport13
[0.462s] -- Config-file not installed for ZeroMQ -- checking for pkg-config
[0.467s] -- Checking for module 'libzmq >= 4'
[0.484s] --   Found libzmq, version 4.3.5
[0.540s] -- Looking for gz-utils2 -- found version 2.2.0
[0.540s] -- Looking for gz-msgs10 -- found version 10.3.1
[0.540s] -- Searching for dependencies of gz-msgs10
[0.569s] -- Looking for gz-utils2 -- found version 2.2.0
[0.569s] -- Looking for gz-math7 -- found version 7.5.1
[0.722s] -- Searching for <gz-transport13> component [log]
[0.722s] -- Looking for gz-transport13-log -- found version 13.4.0
[0.722s] -- Searching for dependencies of gz-transport13-log
[0.723s] -- Searching for <gz-transport13> component [parameters]
[0.723s] -- Looking for gz-transport13-parameters -- found version 13.4.0
[0.723s] -- Searching for dependencies of gz-transport13-parameters
[0.724s] -- Looking for gz-msgs10 -- found version 10.3.1
[0.725s] -- Looking for gz-common5 -- found version 5.7.0
[0.725s] -- Searching for dependencies of gz-common5
[0.725s] -- Looking for gz-utils2 -- found version 2.2.0
[0.725s] -- Looking for dlfcn.h - found
[0.726s] -- Looking for libdl - found
[0.733s] -- Searching for <gz-common5> component [av]
[0.734s] -- Looking for gz-common5-av -- found version 5.7.0
[0.734s] -- Searching for dependencies of gz-common5-av
[0.739s] -- Checking for module 'libswscale'
[0.757s] --   Found libswscale, version 7.5.100
[0.805s] -- Checking for module 'libavdevice >= 56.4.100'
[0.823s] --   Found libavdevice, version 60.3.100
[0.884s] -- Checking for module 'libavformat'
[0.902s] --   Found libavformat, version 60.16.100
[0.952s] -- Checking for module 'libavcodec'
[0.971s] --   Found libavcodec, version 60.31.102
[1.020s] -- Checking for module 'libavutil'
[1.038s] --   Found libavutil, version 58.29.100
[1.080s] -- Searching for <gz-common5> component [events]
[1.080s] -- Looking for gz-common5-events -- found version 5.7.0
[1.080s] -- Searching for dependencies of gz-common5-events
[1.081s] -- Looking for gz-math7 -- found version 7.5.1
[1.081s] -- Searching for <gz-common5> component [graphics]
[1.082s] -- Looking for gz-common5-graphics -- found version 5.7.0
[1.082s] -- Searching for dependencies of gz-common5-graphics
[1.082s] -- Looking for gz-math7 -- found version 7.5.1
[1.085s] -- Searching for <gz-common5> component [io]
[1.085s] -- Looking for gz-common5-io -- found version 5.7.0
[1.085s] -- Searching for dependencies of gz-common5-io
[1.086s] -- Searching for <gz-common5> component [profiler]
[1.086s] -- Looking for gz-fuel_tools9 -- found version 9.1.0
[1.086s] -- Searching for dependencies of gz-fuel_tools9
[1.152s] -- Checking for module 'jsoncpp'
[1.171s] --   Found jsoncpp, version 1.9.5
[1.235s] -- Checking for module 'yaml-0.1'
[1.253s] --   Found yaml-0.1, version 0.2.5
[1.299s] -- Checking for module 'libzip'
[1.318s] --   Found libzip, version 1.7.3
[1.361s] -- Looking for gz-utils2 -- found version 2.2.0
[1.361s] -- Looking for gz-common5 -- found version 5.7.0
[1.362s] -- Searching for dependencies of gz-common5
[1.362s] -- Looking for gz-utils2 -- found version 2.2.0
[1.362s] -- Looking for dlfcn.h - found
[1.362s] -- Looking for libdl - found
[1.371s] -- Searching for <gz-common5> component [testing]
[1.371s] -- Looking for gz-common5-testing -- found version 5.7.0
[1.371s] -- Searching for dependencies of gz-common5-testing
[1.372s] -- Looking for gz-math7 -- found version 7.5.1
[1.373s] -- Looking for gz-msgs10 -- found version 10.3.1
[1.374s] -- Looking for gz-gui8 -- found version 8.3.0
[1.374s] -- Searching for dependencies of gz-gui8
[1.408s] -- Looking for gz-utils2 -- found version 2.2.0
[1.409s] -- Looking for gz-math7 -- found version 7.5.1
[1.409s] -- Looking for gz-common5 -- found version 5.7.0
[1.410s] -- Looking for gz-plugin2 -- found version 2.0.3
[1.410s] -- Looking for gz-transport13 -- found version 13.4.0
[1.411s] -- Looking for gz-rendering8 -- found version 8.2.1
[1.411s] -- Searching for dependencies of gz-rendering8
[1.411s] -- Looking for gz-math7 -- found version 7.5.1
[1.411s] -- Searching for dependencies of gz-math7
[1.412s] -- Looking for gz-utils2 -- found version 2.2.0
[1.412s] -- Searching for <gz-math7> component [eigen3]
[1.412s] -- Looking for gz-math7-eigen3 -- found version 7.5.1
[1.412s] -- Searching for dependencies of gz-math7-eigen3
[1.414s] -- Looking for gz-common5 -- found version 5.7.0
[1.414s] -- Searching for dependencies of gz-common5
[1.414s] -- Looking for gz-utils2 -- found version 2.2.0
[1.415s] -- Looking for dlfcn.h - found
[1.415s] -- Looking for libdl - found
[1.423s] -- Searching for <gz-common5> component [graphics]
[1.423s] -- Searching for <gz-common5> component [events]
[1.423s] -- Searching for <gz-common5> component [geospatial]
[1.424s] -- Looking for gz-common5-geospatial -- found version 5.7.0
[1.424s] -- Searching for dependencies of gz-common5-geospatial
[1.424s] -- Looking for gz-math7 -- found version 7.5.1
[1.425s] -- Looking for gz-common5 -- found version 5.7.0
[1.426s] -- Looking for gz-plugin2 -- found version 2.0.3
[1.426s] -- Searching for dependencies of gz-plugin2
[1.426s] -- Looking for gz-utils2 -- found version 2.2.0
[1.426s] -- Searching for <gz-plugin2> component [all]
[1.427s] -- Looking for all libraries of gz-plugin2 -- found version 2.0.3
[1.427s] -- Looking for gz-plugin2 -- found version 2.0.3
[1.428s] -- Looking for gz-utils2 -- found version 2.2.0
[1.432s] -- Looking for gz-msgs10 -- found version 10.3.1
[1.450s] -- Looking for gz-physics7 -- found version 7.4.0
[1.450s] -- Searching for dependencies of gz-physics7
[1.450s] -- Looking for gz-common5 -- found version 5.7.0
[1.450s] -- Looking for gz-math7 -- found version 7.5.1
[1.451s] -- Looking for gz-plugin2 -- found version 2.0.3
[1.451s] -- Looking for gz-utils2 -- found version 2.2.0
[1.452s] -- Searching for <gz-physics7> component [heightmap]
[1.453s] -- Looking for gz-physics7-heightmap -- found version 7.4.0
[1.453s] -- Searching for dependencies of gz-physics7-heightmap
[1.453s] -- Looking for gz-common5 -- found version 5.7.0
[1.454s] -- Searching for <gz-physics7> component [mesh]
[1.454s] -- Looking for gz-physics7-mesh -- found version 7.4.0
[1.454s] -- Searching for dependencies of gz-physics7-mesh
[1.455s] -- Looking for gz-common5 -- found version 5.7.0
[1.455s] -- Searching for <gz-physics7> component [sdf]
[1.456s] -- Looking for gz-physics7-sdf -- found version 7.4.0
[1.456s] -- Searching for dependencies of gz-physics7-sdf
[1.456s] -- Looking for sdformat14 -- found version 14.5.0
[1.457s] -- Looking for gz-sensors8 -- found version 8.2.1
[1.457s] -- Searching for dependencies of gz-sensors8
[1.487s] -- Looking for gz-math7 -- found version 7.5.1
[1.487s] -- Looking for gz-common5 -- found version 5.7.0
[1.488s] -- Looking for gz-transport13 -- found version 13.4.0
[1.488s] -- Looking for gz-rendering8 -- found version 8.2.1
[1.489s] -- Looking for gz-msgs10 -- found version 10.3.1
[1.489s] -- Looking for sdformat14 -- found version 14.5.0
[1.490s] -- Searching for <gz-sensors8> component [air_pressure]
[1.490s] -- Looking for gz-sensors8-air_pressure -- found version 8.2.1
[1.490s] -- Searching for dependencies of gz-sensors8-air_pressure
[1.491s] -- Searching for <gz-sensors8> component [air_speed]
[1.491s] -- Looking for gz-sensors8-air_speed -- found version 8.2.1
[1.491s] -- Searching for dependencies of gz-sensors8-air_speed
[1.492s] -- Searching for <gz-sensors8> component [altimeter]
[1.492s] -- Looking for gz-sensors8-altimeter -- found version 8.2.1
[1.493s] -- Searching for dependencies of gz-sensors8-altimeter
[1.493s] -- Searching for <gz-sensors8> component [imu]
[1.493s] -- Looking for gz-sensors8-imu -- found version 8.2.1
[1.494s] -- Searching for dependencies of gz-sensors8-imu
[1.494s] -- Searching for <gz-sensors8> component [force_torque]
[1.494s] -- Looking for gz-sensors8-force_torque -- found version 8.2.1
[1.495s] -- Searching for dependencies of gz-sensors8-force_torque
[1.495s] -- Searching for <gz-sensors8> component [logical_camera]
[1.496s] -- Looking for gz-sensors8-logical_camera -- found version 8.2.1
[1.496s] -- Searching for dependencies of gz-sensors8-logical_camera
[1.496s] -- Searching for <gz-sensors8> component [magnetometer]
[1.497s] -- Looking for gz-sensors8-magnetometer -- found version 8.2.1
[1.497s] -- Searching for dependencies of gz-sensors8-magnetometer
[1.497s] -- Searching for <gz-sensors8> component [navsat]
[1.498s] -- Looking for gz-sensors8-navsat -- found version 8.2.1
[1.498s] -- Searching for dependencies of gz-sensors8-navsat
[1.498s] -- Searching for <gz-sensors8> component [dvl]
[1.499s] -- Looking for gz-sensors8-dvl -- found version 8.2.1
[1.499s] -- Searching for dependencies of gz-sensors8-dvl
[1.499s] -- Looking for gz-sensors8 -- found version 8.2.1
[1.499s] -- Searching for dependencies of gz-sensors8
[1.529s] -- Looking for gz-math7 -- found version 7.5.1
[1.529s] -- Looking for gz-common5 -- found version 5.7.0
[1.530s] -- Looking for gz-transport13 -- found version 13.4.0
[1.530s] -- Looking for gz-rendering8 -- found version 8.2.1
[1.531s] -- Looking for gz-msgs10 -- found version 10.3.1
[1.531s] -- Looking for sdformat14 -- found version 14.5.0
[1.532s] -- Searching for <gz-sensors8> component [rendering]
[1.532s] -- Looking for gz-sensors8-rendering -- found version 8.2.1
[1.532s] -- Searching for dependencies of gz-sensors8-rendering
[1.534s] -- Searching for <gz-sensors8> component [rendering]
[1.534s] -- Searching for <gz-sensors8> component [lidar]
[1.534s] -- Looking for gz-sensors8-lidar -- found version 8.2.1
[1.535s] -- Searching for dependencies of gz-sensors8-lidar
[1.535s] -- Looking for gz-sensors8 -- found version 8.2.1
[1.536s] -- Searching for <gz-sensors8> component [gpu_lidar]
[1.537s] -- Looking for gz-sensors8-gpu_lidar -- found version 8.2.1
[1.537s] -- Searching for dependencies of gz-sensors8-gpu_lidar
[1.537s] -- Looking for gz-sensors8 -- found version 8.2.1
[1.538s] -- Searching for <gz-sensors8> component [camera]
[1.539s] -- Looking for gz-sensors8-camera -- found version 8.2.1
[1.539s] -- Searching for dependencies of gz-sensors8-camera
[1.539s] -- Looking for gz-sensors8 -- found version 8.2.1
[1.540s] -- Searching for <gz-sensors8> component [boundingbox_camera]
[1.541s] -- Looking for gz-sensors8-boundingbox_camera -- found version 8.2.1
[1.541s] -- Searching for dependencies of gz-sensors8-boundingbox_camera
[1.542s] -- Searching for <gz-sensors8> component [segmentation_camera]
[1.542s] -- Looking for gz-sensors8-segmentation_camera -- found version 8.2.1
[1.543s] -- Searching for dependencies of gz-sensors8-segmentation_camera
[1.543s] -- Searching for <gz-sensors8> component [depth_camera]
[1.544s] -- Looking for gz-sensors8-depth_camera -- found version 8.2.1
[1.544s] -- Searching for dependencies of gz-sensors8-depth_camera
[1.545s] -- Looking for gz-sensors8 -- found version 8.2.1
[1.545s] -- Searching for <gz-sensors8> component [rgbd_camera]
[1.546s] -- Looking for gz-sensors8-rgbd_camera -- found version 8.2.1
[1.546s] -- Searching for dependencies of gz-sensors8-rgbd_camera
[1.547s] -- Looking for gz-sensors8 -- found version 8.2.1
[1.547s] -- Searching for <gz-sensors8> component [thermal_camera]
[1.548s] -- Looking for gz-sensors8-thermal_camera -- found version 8.2.1
[1.548s] -- Searching for dependencies of gz-sensors8-thermal_camera
[1.549s] -- Looking for gz-sensors8 -- found version 8.2.1
[1.549s] -- Searching for <gz-sensors8> component [wide_angle_camera]
[1.550s] -- Looking for gz-sensors8-wide_angle_camera -- found version 8.2.1
[1.550s] -- Searching for dependencies of gz-sensors8-wide_angle_camera
[1.552s] -- Looking for gz-rendering8 -- found version 8.2.1
[1.552s] -- Looking for gz-math7 -- found version 7.5.1
[1.553s] -- Looking for gz-utils2 -- found version 2.2.0
[1.583s] -- Compiling against Gazebo Harmonic
[1.584s] -- Found ament_lint_auto: 0.17.1 (/opt/ros/jazzy/share/ament_lint_auto/cmake)
[1.677s] -- Configuring done (1.7s)
[1.702s] -- Generating done (0.0s)
[1.708s] -- Build files have been written to: /home/apoire/Documents/Robotica/robotica/ROSberta/build/ros_gz_example_gazebo
[1.716s] Invoked command in '/home/apoire/Documents/Robotica/robotica/ROSberta/build/ros_gz_example_gazebo' returned '0': CMAKE_PREFIX_PATH=/home/apoire/Documents/Robotica/robotica/ROSberta/install/ros_gz_example_description:/home/apoire/Documents/Robotica/robotica/ROSberta/install/ros_gz_example_bringup:/home/apoire/Documents/Robotica/robotica/ROSberta/install/ros_gz_example_gazebo:/home/apoire/Documents/Robotica/robotica/ROSberta/install/ros_gz_example_application:/opt/ros/jazzy/opt/gz_sim_vendor:/opt/ros/jazzy/opt/gz_sensors_vendor:/opt/ros/jazzy/opt/gz_physics_vendor:/opt/ros/jazzy/opt/sdformat_vendor:/opt/ros/jazzy/opt/gz_gui_vendor:/opt/ros/jazzy/opt/gz_transport_vendor:/opt/ros/jazzy/opt/gz_rendering_vendor:/opt/ros/jazzy/opt/gz_plugin_vendor:/opt/ros/jazzy/opt/gz_fuel_tools_vendor:/opt/ros/jazzy/opt/gz_msgs_vendor:/opt/ros/jazzy/opt/gz_common_vendor:/opt/ros/jazzy/opt/gz_math_vendor:/opt/ros/jazzy/opt/gz_utils_vendor:/opt/ros/jazzy/opt/gz_tools_vendor:/opt/ros/jazzy/opt/gz_ogre_next_vendor:/opt/ros/jazzy/opt/gz_dartsim_vendor:/opt/ros/jazzy/opt/gz_cmake_vendor:/home/apoire/Documents/Robotica/robotica/ROSberta/install/robot_master:/home/apoire/Documents/Robotica/robotica/ROSberta/install/coverage:/opt/ros/jazzy DEBUGINFOD_URLS=https://debuginfod.ubuntu.com GZ_SIM_RESOURCE_PATH=/home/apoire/Documents/Robotica/robotica/ROSberta/install/ros_gz_example_description/share/ros_gz_example_description/models:${GZ_SIM_RESOURCE_PATH} /usr/bin/cmake /home/apoire/Documents/Robotica/robotica/ROSberta/src/ros_gz_project_template/ros_gz_example_gazebo -DCMAKE_INSTALL_PREFIX=/home/apoire/Documents/Robotica/robotica/ROSberta/install/ros_gz_example_gazebo
[1.718s] Invoking command in '/home/apoire/Documents/Robotica/robotica/ROSberta/build/ros_gz_example_gazebo': CMAKE_PREFIX_PATH=/home/apoire/Documents/Robotica/robotica/ROSberta/install/ros_gz_example_description:/home/apoire/Documents/Robotica/robotica/ROSberta/install/ros_gz_example_bringup:/home/apoire/Documents/Robotica/robotica/ROSberta/install/ros_gz_example_gazebo:/home/apoire/Documents/Robotica/robotica/ROSberta/install/ros_gz_example_application:/opt/ros/jazzy/opt/gz_sim_vendor:/opt/ros/jazzy/opt/gz_sensors_vendor:/opt/ros/jazzy/opt/gz_physics_vendor:/opt/ros/jazzy/opt/sdformat_vendor:/opt/ros/jazzy/opt/gz_gui_vendor:/opt/ros/jazzy/opt/gz_transport_vendor:/opt/ros/jazzy/opt/gz_rendering_vendor:/opt/ros/jazzy/opt/gz_plugin_vendor:/opt/ros/jazzy/opt/gz_fuel_tools_vendor:/opt/ros/jazzy/opt/gz_msgs_vendor:/opt/ros/jazzy/opt/gz_common_vendor:/opt/ros/jazzy/opt/gz_math_vendor:/opt/ros/jazzy/opt/gz_utils_vendor:/opt/ros/jazzy/opt/gz_tools_vendor:/opt/ros/jazzy/opt/gz_ogre_next_vendor:/opt/ros/jazzy/opt/gz_dartsim_vendor:/opt/ros/jazzy/opt/gz_cmake_vendor:/home/apoire/Documents/Robotica/robotica/ROSberta/install/robot_master:/home/apoire/Documents/Robotica/robotica/ROSberta/install/coverage:/opt/ros/jazzy DEBUGINFOD_URLS=https://debuginfod.ubuntu.com GZ_SIM_RESOURCE_PATH=/home/apoire/Documents/Robotica/robotica/ROSberta/install/ros_gz_example_description/share/ros_gz_example_description/models:${GZ_SIM_RESOURCE_PATH} /usr/bin/cmake --build /home/apoire/Documents/Robotica/robotica/ROSberta/build/ros_gz_example_gazebo -- -j12 -l12
[1.791s] [100%] Built target BasicSystem
[1.792s] [100%] Built target FullSystem
[1.806s] Invoked command in '/home/apoire/Documents/Robotica/robotica/ROSberta/build/ros_gz_example_gazebo' returned '0': CMAKE_PREFIX_PATH=/home/apoire/Documents/Robotica/robotica/ROSberta/install/ros_gz_example_description:/home/apoire/Documents/Robotica/robotica/ROSberta/install/ros_gz_example_bringup:/home/apoire/Documents/Robotica/robotica/ROSberta/install/ros_gz_example_gazebo:/home/apoire/Documents/Robotica/robotica/ROSberta/install/ros_gz_example_application:/opt/ros/jazzy/opt/gz_sim_vendor:/opt/ros/jazzy/opt/gz_sensors_vendor:/opt/ros/jazzy/opt/gz_physics_vendor:/opt/ros/jazzy/opt/sdformat_vendor:/opt/ros/jazzy/opt/gz_gui_vendor:/opt/ros/jazzy/opt/gz_transport_vendor:/opt/ros/jazzy/opt/gz_rendering_vendor:/opt/ros/jazzy/opt/gz_plugin_vendor:/opt/ros/jazzy/opt/gz_fuel_tools_vendor:/opt/ros/jazzy/opt/gz_msgs_vendor:/opt/ros/jazzy/opt/gz_common_vendor:/opt/ros/jazzy/opt/gz_math_vendor:/opt/ros/jazzy/opt/gz_utils_vendor:/opt/ros/jazzy/opt/gz_tools_vendor:/opt/ros/jazzy/opt/gz_ogre_next_vendor:/opt/ros/jazzy/opt/gz_dartsim_vendor:/opt/ros/jazzy/opt/gz_cmake_vendor:/home/apoire/Documents/Robotica/robotica/ROSberta/install/robot_master:/home/apoire/Documents/Robotica/robotica/ROSberta/install/coverage:/opt/ros/jazzy DEBUGINFOD_URLS=https://debuginfod.ubuntu.com GZ_SIM_RESOURCE_PATH=/home/apoire/Documents/Robotica/robotica/ROSberta/install/ros_gz_example_description/share/ros_gz_example_description/models:${GZ_SIM_RESOURCE_PATH} /usr/bin/cmake --build /home/apoire/Documents/Robotica/robotica/ROSberta/build/ros_gz_example_gazebo -- -j12 -l12
[1.808s] Invoking command in '/home/apoire/Documents/Robotica/robotica/ROSberta/build/ros_gz_example_gazebo': CMAKE_PREFIX_PATH=/home/apoire/Documents/Robotica/robotica/ROSberta/install/ros_gz_example_description:/home/apoire/Documents/Robotica/robotica/ROSberta/install/ros_gz_example_bringup:/home/apoire/Documents/Robotica/robotica/ROSberta/install/ros_gz_example_gazebo:/home/apoire/Documents/Robotica/robotica/ROSberta/install/ros_gz_example_application:/opt/ros/jazzy/opt/gz_sim_vendor:/opt/ros/jazzy/opt/gz_sensors_vendor:/opt/ros/jazzy/opt/gz_physics_vendor:/opt/ros/jazzy/opt/sdformat_vendor:/opt/ros/jazzy/opt/gz_gui_vendor:/opt/ros/jazzy/opt/gz_transport_vendor:/opt/ros/jazzy/opt/gz_rendering_vendor:/opt/ros/jazzy/opt/gz_plugin_vendor:/opt/ros/jazzy/opt/gz_fuel_tools_vendor:/opt/ros/jazzy/opt/gz_msgs_vendor:/opt/ros/jazzy/opt/gz_common_vendor:/opt/ros/jazzy/opt/gz_math_vendor:/opt/ros/jazzy/opt/gz_utils_vendor:/opt/ros/jazzy/opt/gz_tools_vendor:/opt/ros/jazzy/opt/gz_ogre_next_vendor:/opt/ros/jazzy/opt/gz_dartsim_vendor:/opt/ros/jazzy/opt/gz_cmake_vendor:/home/apoire/Documents/Robotica/robotica/ROSberta/install/robot_master:/home/apoire/Documents/Robotica/robotica/ROSberta/install/coverage:/opt/ros/jazzy DEBUGINFOD_URLS=https://debuginfod.ubuntu.com GZ_SIM_RESOURCE_PATH=/home/apoire/Documents/Robotica/robotica/ROSberta/install/ros_gz_example_description/share/ros_gz_example_description/models:${GZ_SIM_RESOURCE_PATH} /usr/bin/cmake --install /home/apoire/Documents/Robotica/robotica/ROSberta/build/ros_gz_example_gazebo
[1.818s] -- Install configuration: ""
[1.818s] -- Up-to-date: /home/apoire/Documents/Robotica/robotica/ROSberta/install/ros_gz_example_gazebo/lib/ros_gz_example_gazebo/libBasicSystem.so
[1.819s] -- Up-to-date: /home/apoire/Documents/Robotica/robotica/ROSberta/install/ros_gz_example_gazebo/lib/ros_gz_example_gazebo/libFullSystem.so
[1.819s] -- Up-to-date: /home/apoire/Documents/Robotica/robotica/ROSberta/install/ros_gz_example_gazebo/share/ros_gz_example_gazebo/worlds
[1.819s] -- Up-to-date: /home/apoire/Documents/Robotica/robotica/ROSberta/install/ros_gz_example_gazebo/share/ros_gz_example_gazebo/worlds/diff_drive.sdf
[1.819s] -- Up-to-date: /home/apoire/Documents/Robotica/robotica/ROSberta/install/ros_gz_example_gazebo/share/ros_gz_example_gazebo/environment/ros_gz_example_gazebo.dsv
[1.819s] -- Up-to-date: /home/apoire/Documents/Robotica/robotica/ROSberta/install/ros_gz_example_gazebo/share/ros_gz_example_gazebo/environment/ros_gz_example_gazebo.sh
[1.819s] -- Up-to-date: /home/apoire/Documents/Robotica/robotica/ROSberta/install/ros_gz_example_gazebo/share/ament_index/resource_index/package_run_dependencies/ros_gz_example_gazebo
[1.819s] -- Up-to-date: /home/apoire/Documents/Robotica/robotica/ROSberta/install/ros_gz_example_gazebo/share/ament_index/resource_index/parent_prefix_path/ros_gz_example_gazebo
[1.820s] -- Up-to-date: /home/apoire/Documents/Robotica/robotica/ROSberta/install/ros_gz_example_gazebo/share/ros_gz_example_gazebo/environment/ament_prefix_path.sh
[1.820s] -- Up-to-date: /home/apoire/Documents/Robotica/robotica/ROSberta/install/ros_gz_example_gazebo/share/ros_gz_example_gazebo/environment/ament_prefix_path.dsv
[1.820s] -- Up-to-date: /home/apoire/Documents/Robotica/robotica/ROSberta/install/ros_gz_example_gazebo/share/ros_gz_example_gazebo/environment/path.sh
[1.820s] -- Up-to-date: /home/apoire/Documents/Robotica/robotica/ROSberta/install/ros_gz_example_gazebo/share/ros_gz_example_gazebo/environment/path.dsv
[1.820s] -- Up-to-date: /home/apoire/Documents/Robotica/robotica/ROSberta/install/ros_gz_example_gazebo/share/ros_gz_example_gazebo/local_setup.bash
[1.820s] -- Up-to-date: /home/apoire/Documents/Robotica/robotica/ROSberta/install/ros_gz_example_gazebo/share/ros_gz_example_gazebo/local_setup.sh
[1.820s] -- Up-to-date: /home/apoire/Documents/Robotica/robotica/ROSberta/install/ros_gz_example_gazebo/share/ros_gz_example_gazebo/local_setup.zsh
[1.820s] -- Up-to-date: /home/apoire/Documents/Robotica/robotica/ROSberta/install/ros_gz_example_gazebo/share/ros_gz_example_gazebo/local_setup.dsv
[1.820s] -- Installing: /home/apoire/Documents/Robotica/robotica/ROSberta/install/ros_gz_example_gazebo/share/ros_gz_example_gazebo/package.dsv
[1.820s] -- Up-to-date: /home/apoire/Documents/Robotica/robotica/ROSberta/install/ros_gz_example_gazebo/share/ament_index/resource_index/packages/ros_gz_example_gazebo
[1.821s] -- Up-to-date: /home/apoire/Documents/Robotica/robotica/ROSberta/install/ros_gz_example_gazebo/share/ros_gz_example_gazebo/cmake/ros_gz_example_gazeboConfig.cmake
[1.821s] -- Up-to-date: /home/apoire/Documents/Robotica/robotica/ROSberta/install/ros_gz_example_gazebo/share/ros_gz_example_gazebo/cmake/ros_gz_example_gazeboConfig-version.cmake
[1.821s] -- Up-to-date: /home/apoire/Documents/Robotica/robotica/ROSberta/install/ros_gz_example_gazebo/share/ros_gz_example_gazebo/package.xml
[1.823s] Invoked command in '/home/apoire/Documents/Robotica/robotica/ROSberta/build/ros_gz_example_gazebo' returned '0': CMAKE_PREFIX_PATH=/home/apoire/Documents/Robotica/robotica/ROSberta/install/ros_gz_example_description:/home/apoire/Documents/Robotica/robotica/ROSberta/install/ros_gz_example_bringup:/home/apoire/Documents/Robotica/robotica/ROSberta/install/ros_gz_example_gazebo:/home/apoire/Documents/Robotica/robotica/ROSberta/install/ros_gz_example_application:/opt/ros/jazzy/opt/gz_sim_vendor:/opt/ros/jazzy/opt/gz_sensors_vendor:/opt/ros/jazzy/opt/gz_physics_vendor:/opt/ros/jazzy/opt/sdformat_vendor:/opt/ros/jazzy/opt/gz_gui_vendor:/opt/ros/jazzy/opt/gz_transport_vendor:/opt/ros/jazzy/opt/gz_rendering_vendor:/opt/ros/jazzy/opt/gz_plugin_vendor:/opt/ros/jazzy/opt/gz_fuel_tools_vendor:/opt/ros/jazzy/opt/gz_msgs_vendor:/opt/ros/jazzy/opt/gz_common_vendor:/opt/ros/jazzy/opt/gz_math_vendor:/opt/ros/jazzy/opt/gz_utils_vendor:/opt/ros/jazzy/opt/gz_tools_vendor:/opt/ros/jazzy/opt/gz_ogre_next_vendor:/opt/ros/jazzy/opt/gz_dartsim_vendor:/opt/ros/jazzy/opt/gz_cmake_vendor:/home/apoire/Documents/Robotica/robotica/ROSberta/install/robot_master:/home/apoire/Documents/Robotica/robotica/ROSberta/install/coverage:/opt/ros/jazzy DEBUGINFOD_URLS=https://debuginfod.ubuntu.com GZ_SIM_RESOURCE_PATH=/home/apoire/Documents/Robotica/robotica/ROSberta/install/ros_gz_example_description/share/ros_gz_example_description/models:${GZ_SIM_RESOURCE_PATH} /usr/bin/cmake --install /home/apoire/Documents/Robotica/robotica/ROSberta/build/ros_gz_example_gazebo
