[0.009s] Invoking command in '/home/apoire/Documents/Robotica/robotica/ROSberta/build/ros_gz_example_gazebo': CMAKE_PREFIX_PATH=/home/apoire/Documents/Robotica/robotica/ROSberta/install/ros_gz_example_description:/home/apoire/Documents/Robotica/robotica/ROSberta/install/ros_gz_example_bringup:/home/apoire/Documents/Robotica/robotica/ROSberta/install/ros_gz_example_gazebo:/home/apoire/Documents/Robotica/robotica/ROSberta/install/ros_gz_example_application:/opt/ros/jazzy/opt/gz_sim_vendor:/opt/ros/jazzy/opt/gz_sensors_vendor:/opt/ros/jazzy/opt/gz_physics_vendor:/opt/ros/jazzy/opt/sdformat_vendor:/opt/ros/jazzy/opt/gz_gui_vendor:/opt/ros/jazzy/opt/gz_transport_vendor:/opt/ros/jazzy/opt/gz_rendering_vendor:/opt/ros/jazzy/opt/gz_plugin_vendor:/opt/ros/jazzy/opt/gz_fuel_tools_vendor:/opt/ros/jazzy/opt/gz_msgs_vendor:/opt/ros/jazzy/opt/gz_common_vendor:/opt/ros/jazzy/opt/gz_math_vendor:/opt/ros/jazzy/opt/gz_utils_vendor:/opt/ros/jazzy/opt/gz_tools_vendor:/opt/ros/jazzy/opt/gz_ogre_next_vendor:/opt/ros/jazzy/opt/gz_dartsim_vendor:/opt/ros/jazzy/opt/gz_cmake_vendor:/home/apoire/Documents/Robotica/robotica/ROSberta/install/robot_master:/home/apoire/Documents/Robotica/robotica/ROSberta/install/coverage:/opt/ros/jazzy DEBUGINFOD_URLS=https://debuginfod.ubuntu.com GZ_SIM_RESOURCE_PATH=/home/apoire/Documents/Robotica/robotica/ROSberta/install/ros_gz_example_description/share/ros_gz_example_description/models:${GZ_SIM_RESOURCE_PATH} /usr/bin/cmake /home/apoire/Documents/Robotica/robotica/ROSberta/src/ros_gz_project_template/ros_gz_example_gazebo -DBUILD_TESTING=ON -DCMAKE_INSTALL_PREFIX=/home/apoire/Documents/Robotica/robotica/ROSberta/install/ros_gz_example_gazebo
[0.076s] -- The C compiler identification is GNU 13.2.0
[0.144s] -- The CXX compiler identification is GNU 13.2.0
[0.164s] -- Detecting C compiler ABI info
[0.276s] -- Detecting C compiler ABI info - done
[0.291s] -- Check for working C compiler: /usr/bin/cc - skipped
[0.291s] -- Detecting C compile features
[0.292s] -- Detecting C compile features - done
[0.303s] -- Detecting CXX compiler ABI info
[0.424s] -- Detecting CXX compiler ABI info - done
[0.435s] -- Check for working CXX compiler: /usr/bin/c++ - skipped
[0.435s] -- Detecting CXX compile features
[0.436s] -- Detecting CXX compile features - done
[0.442s] -- Found ament_cmake: 2.5.2 (/opt/ros/jazzy/share/ament_cmake/cmake)
[0.628s] -- Found Python3: /usr/bin/python3 (found version "3.12.3") found components: Interpreter 
[0.775s] -- Found ros_gz_example_description: 0.0.0 (/home/apoire/Documents/Robotica/robotica/ROSberta/install/ros_gz_example_description/share/ros_gz_example_description/cmake)
[0.786s] -- Looking for gz-plugin2 -- found version 2.0.3
[0.786s] -- Searching for dependencies of gz-plugin2
[0.789s] -- Looking for gz-utils2 -- found version 2.2.0
[0.789s] -- Searching for dependencies of gz-utils2
[0.790s] -- Searching for <gz-utils2> component [cli]
[0.792s] -- Looking for gz-utils2-cli -- found version 2.2.0
[0.793s] -- Searching for dependencies of gz-utils2-cli
[0.793s] -- Searching for <gz-plugin2> component [register]
[0.796s] -- Looking for gz-plugin2-register -- found version 2.0.3
[0.796s] -- Searching for dependencies of gz-plugin2-register
[0.799s] -- Looking for gz-common5 -- found version 5.7.0
[0.799s] -- Searching for dependencies of gz-common5
[0.799s] -- Looking for gz-utils2 -- found version 2.2.0
[0.800s] -- Looking for dlfcn.h - found
[0.812s] -- Looking for libdl - found
[0.813s] -- Found DL: TRUE  
[0.820s] -- Checking for module 'uuid'
[0.838s] --   Found uuid, version 2.39.3
[0.878s] -- Found UUID: TRUE  
[0.878s] -- Searching for <gz-common5> component [profiler]
[0.881s] -- Looking for gz-common5-profiler -- found version 5.7.0
[0.881s] -- Searching for dependencies of gz-common5-profiler
[0.883s] -- Looking for gz-sim8 -- found version 8.7.0
[0.883s] -- Searching for dependencies of gz-sim8
[0.885s] -- Looking for sdformat14 -- found version 14.5.0
[0.885s] -- Searching for dependencies of sdformat14
[0.891s] -- Checking for module 'tinyxml2'
[0.909s] --   Found tinyxml2, version 9.0.0
[0.952s] -- Looking for gz-math7 -- found version 7.5.1
[0.953s] -- Searching for dependencies of gz-math7
[0.953s] -- Looking for gz-utils2 -- found version 2.2.0
[0.954s] -- Looking for gz-utils2 -- found version 2.2.0
[0.955s] -- Looking for gz-plugin2 -- found version 2.0.3
[0.955s] -- Searching for dependencies of gz-plugin2
[0.955s] -- Looking for gz-utils2 -- found version 2.2.0
[0.955s] -- Searching for <gz-plugin2> component [loader]
[0.958s] -- Looking for gz-plugin2-loader -- found version 2.0.3
[0.958s] -- Searching for dependencies of gz-plugin2-loader
[0.958s] -- Searching for <gz-plugin2> component [register]
[0.960s] -- Looking for gz-transport13 -- found version 13.4.0
[0.960s] -- Searching for dependencies of gz-transport13
[1.105s] -- Found Protobuf: /usr/local/lib/libprotobuf.a (found version "3.21.12") 
[1.125s] -- Config-file not installed for ZeroMQ -- checking for pkg-config
[1.130s] -- Checking for module 'libzmq >= 4'
[1.149s] --   Found libzmq, version 4.3.5
[1.203s] -- Found ZeroMQ: TRUE (Required is at least version "4") 
[1.211s] -- Looking for gz-utils2 -- found version 2.2.0
[1.213s] -- Looking for gz-msgs10 -- found version 10.3.1
[1.214s] -- Searching for dependencies of gz-msgs10
[1.242s] -- Looking for gz-utils2 -- found version 2.2.0
[1.242s] -- Looking for gz-math7 -- found version 7.5.1
[1.393s] -- Searching for <gz-transport13> component [log]
[1.394s] -- Looking for gz-transport13-log -- found version 13.4.0
[1.395s] -- Searching for dependencies of gz-transport13-log
[1.395s] -- Searching for <gz-transport13> component [parameters]
[1.397s] -- Looking for gz-transport13-parameters -- found version 13.4.0
[1.397s] -- Searching for dependencies of gz-transport13-parameters
[1.398s] -- Looking for gz-msgs10 -- found version 10.3.1
[1.398s] -- Looking for gz-common5 -- found version 5.7.0
[1.399s] -- Searching for dependencies of gz-common5
[1.399s] -- Looking for gz-utils2 -- found version 2.2.0
[1.399s] -- Looking for dlfcn.h - found
[1.399s] -- Looking for libdl - found
[1.408s] -- Searching for <gz-common5> component [av]
[1.410s] -- Looking for gz-common5-av -- found version 5.7.0
[1.411s] -- Searching for dependencies of gz-common5-av
[1.416s] -- Checking for module 'libswscale'
[1.436s] --   Found libswscale, version 7.5.100
[1.481s] -- Found SWSCALE: TRUE  
[1.486s] -- Checking for module 'libavdevice >= 56.4.100'
[1.505s] --   Found libavdevice, version 60.3.100
[1.565s] -- Found AVDEVICE: TRUE (Required is at least version "56.4.100") 
[1.571s] -- Checking for module 'libavformat'
[1.590s] --   Found libavformat, version 60.16.100
[1.641s] -- Found AVFORMAT: TRUE  
[1.646s] -- Checking for module 'libavcodec'
[1.666s] --   Found libavcodec, version 60.31.102
[1.714s] -- Found AVCODEC: TRUE  
[1.720s] -- Checking for module 'libavutil'
[1.739s] --   Found libavutil, version 58.29.100
[1.783s] -- Found AVUTIL: TRUE  
[1.783s] -- Searching for <gz-common5> component [events]
[1.786s] -- Looking for gz-common5-events -- found version 5.7.0
[1.786s] -- Searching for dependencies of gz-common5-events
[1.786s] -- Looking for gz-math7 -- found version 7.5.1
[1.787s] -- Searching for <gz-common5> component [graphics]
[1.789s] -- Looking for gz-common5-graphics -- found version 5.7.0
[1.790s] -- Searching for dependencies of gz-common5-graphics
[1.790s] -- Looking for gz-math7 -- found version 7.5.1
[1.798s] -- Found GzAssimp: TRUE (found version "5.3.0") 
[1.798s] -- Searching for <gz-common5> component [io]
[1.801s] -- Looking for gz-common5-io -- found version 5.7.0
[1.801s] -- Searching for dependencies of gz-common5-io
[1.801s] -- Searching for <gz-common5> component [profiler]
[1.804s] -- Looking for gz-fuel_tools9 -- found version 9.1.0
[1.804s] -- Searching for dependencies of gz-fuel_tools9
[1.917s] -- Found CURL: /usr/lib/x86_64-linux-gnu/libcurl.so (found version "8.5.0")  
[1.930s] -- Checking for module 'jsoncpp'
[1.949s] --   Found jsoncpp, version 1.9.5
[1.994s] -- Found JSONCPP: TRUE  
[2.018s] -- Checking for module 'yaml-0.1'
[2.037s] --   Found yaml-0.1, version 0.2.5
[2.082s] -- Found YAML: TRUE  
[2.087s] -- Checking for module 'libzip'
[2.107s] --   Found libzip, version 1.7.3
[2.151s] -- Found ZIP: TRUE  
[2.151s] -- Looking for gz-utils2 -- found version 2.2.0
[2.152s] -- Looking for gz-common5 -- found version 5.7.0
[2.152s] -- Searching for dependencies of gz-common5
[2.152s] -- Looking for gz-utils2 -- found version 2.2.0
[2.153s] -- Looking for dlfcn.h - found
[2.153s] -- Looking for libdl - found
[2.161s] -- Searching for <gz-common5> component [testing]
[2.164s] -- Looking for gz-common5-testing -- found version 5.7.0
[2.164s] -- Searching for dependencies of gz-common5-testing
[2.165s] -- Looking for gz-math7 -- found version 7.5.1
[2.165s] -- Looking for gz-msgs10 -- found version 10.3.1
[2.168s] -- Looking for gz-gui8 -- found version 8.3.0
[2.168s] -- Searching for dependencies of gz-gui8
[2.202s] -- Looking for gz-utils2 -- found version 2.2.0
[2.203s] -- Looking for gz-math7 -- found version 7.5.1
[2.203s] -- Looking for gz-common5 -- found version 5.7.0
[2.204s] -- Looking for gz-plugin2 -- found version 2.0.3
[2.204s] -- Looking for gz-transport13 -- found version 13.4.0
[2.206s] -- Looking for gz-rendering8 -- found version 8.2.1
[2.207s] -- Searching for dependencies of gz-rendering8
[2.207s] -- Looking for gz-math7 -- found version 7.5.1
[2.207s] -- Searching for dependencies of gz-math7
[2.208s] -- Looking for gz-utils2 -- found version 2.2.0
[2.208s] -- Searching for <gz-math7> component [eigen3]
[2.211s] -- Looking for gz-math7-eigen3 -- found version 7.5.1
[2.211s] -- Searching for dependencies of gz-math7-eigen3
[2.218s] -- Looking for gz-common5 -- found version 5.7.0
[2.218s] -- Searching for dependencies of gz-common5
[2.219s] -- Looking for gz-utils2 -- found version 2.2.0
[2.219s] -- Looking for dlfcn.h - found
[2.219s] -- Looking for libdl - found
[2.228s] -- Searching for <gz-common5> component [graphics]
[2.228s] -- Searching for <gz-common5> component [events]
[2.228s] -- Searching for <gz-common5> component [geospatial]
[2.231s] -- Looking for gz-common5-geospatial -- found version 5.7.0
[2.231s] -- Searching for dependencies of gz-common5-geospatial
[2.231s] -- Looking for gz-math7 -- found version 7.5.1
[2.232s] -- Looking for gz-common5 -- found version 5.7.0
[2.233s] -- Looking for gz-plugin2 -- found version 2.0.3
[2.233s] -- Searching for dependencies of gz-plugin2
[2.233s] -- Looking for gz-utils2 -- found version 2.2.0
[2.233s] -- Searching for <gz-plugin2> component [all]
[2.236s] -- Looking for all libraries of gz-plugin2 -- found version 2.0.3
[2.236s] -- Looking for gz-plugin2 -- found version 2.0.3
[2.237s] -- Looking for gz-utils2 -- found version 2.2.0
[2.251s] -- Found OpenGL: /usr/lib/x86_64-linux-gnu/libOpenGL.so  found components: OpenGL 
[2.252s] -- Looking for gz-msgs10 -- found version 10.3.1
[2.281s] -- Looking for gz-physics7 -- found version 7.4.0
[2.281s] -- Searching for dependencies of gz-physics7
[2.282s] -- Looking for gz-common5 -- found version 5.7.0
[2.282s] -- Looking for gz-math7 -- found version 7.5.1
[2.283s] -- Looking for gz-plugin2 -- found version 2.0.3
[2.283s] -- Looking for gz-utils2 -- found version 2.2.0
[2.284s] -- Searching for <gz-physics7> component [heightmap]
[2.286s] -- Looking for gz-physics7-heightmap -- found version 7.4.0
[2.286s] -- Searching for dependencies of gz-physics7-heightmap
[2.286s] -- Looking for gz-common5 -- found version 5.7.0
[2.287s] -- Searching for <gz-physics7> component [mesh]
[2.288s] -- Looking for gz-physics7-mesh -- found version 7.4.0
[2.288s] -- Searching for dependencies of gz-physics7-mesh
[2.289s] -- Looking for gz-common5 -- found version 5.7.0
[2.289s] -- Searching for <gz-physics7> component [sdf]
[2.291s] -- Looking for gz-physics7-sdf -- found version 7.4.0
[2.291s] -- Searching for dependencies of gz-physics7-sdf
[2.291s] -- Looking for sdformat14 -- found version 14.5.0
[2.293s] -- Looking for gz-sensors8 -- found version 8.2.1
[2.293s] -- Searching for dependencies of gz-sensors8
[2.322s] -- Looking for gz-math7 -- found version 7.5.1
[2.323s] -- Looking for gz-common5 -- found version 5.7.0
[2.323s] -- Looking for gz-transport13 -- found version 13.4.0
[2.324s] -- Looking for gz-rendering8 -- found version 8.2.1
[2.324s] -- Looking for gz-msgs10 -- found version 10.3.1
[2.325s] -- Looking for sdformat14 -- found version 14.5.0
[2.326s] -- Searching for <gz-sensors8> component [air_pressure]
[2.327s] -- Looking for gz-sensors8-air_pressure -- found version 8.2.1
[2.327s] -- Searching for dependencies of gz-sensors8-air_pressure
[2.328s] -- Searching for <gz-sensors8> component [air_speed]
[2.329s] -- Looking for gz-sensors8-air_speed -- found version 8.2.1
[2.329s] -- Searching for dependencies of gz-sensors8-air_speed
[2.330s] -- Searching for <gz-sensors8> component [altimeter]
[2.331s] -- Looking for gz-sensors8-altimeter -- found version 8.2.1
[2.332s] -- Searching for dependencies of gz-sensors8-altimeter
[2.332s] -- Searching for <gz-sensors8> component [imu]
[2.334s] -- Looking for gz-sensors8-imu -- found version 8.2.1
[2.334s] -- Searching for dependencies of gz-sensors8-imu
[2.334s] -- Searching for <gz-sensors8> component [force_torque]
[2.336s] -- Looking for gz-sensors8-force_torque -- found version 8.2.1
[2.336s] -- Searching for dependencies of gz-sensors8-force_torque
[2.337s] -- Searching for <gz-sensors8> component [logical_camera]
[2.338s] -- Looking for gz-sensors8-logical_camera -- found version 8.2.1
[2.338s] -- Searching for dependencies of gz-sensors8-logical_camera
[2.339s] -- Searching for <gz-sensors8> component [magnetometer]
[2.340s] -- Looking for gz-sensors8-magnetometer -- found version 8.2.1
[2.340s] -- Searching for dependencies of gz-sensors8-magnetometer
[2.341s] -- Searching for <gz-sensors8> component [navsat]
[2.342s] -- Looking for gz-sensors8-navsat -- found version 8.2.1
[2.343s] -- Searching for dependencies of gz-sensors8-navsat
[2.343s] -- Searching for <gz-sensors8> component [dvl]
[2.345s] -- Looking for gz-sensors8-dvl -- found version 8.2.1
[2.345s] -- Searching for dependencies of gz-sensors8-dvl
[2.345s] -- Looking for gz-sensors8 -- found version 8.2.1
[2.346s] -- Searching for dependencies of gz-sensors8
[2.374s] -- Looking for gz-math7 -- found version 7.5.1
[2.375s] -- Looking for gz-common5 -- found version 5.7.0
[2.375s] -- Looking for gz-transport13 -- found version 13.4.0
[2.376s] -- Looking for gz-rendering8 -- found version 8.2.1
[2.376s] -- Looking for gz-msgs10 -- found version 10.3.1
[2.377s] -- Looking for sdformat14 -- found version 14.5.0
[2.377s] -- Searching for <gz-sensors8> component [rendering]
[2.378s] -- Looking for gz-sensors8-rendering -- found version 8.2.1
[2.378s] -- Searching for dependencies of gz-sensors8-rendering
[2.380s] -- Searching for <gz-sensors8> component [rendering]
[2.380s] -- Searching for <gz-sensors8> component [lidar]
[2.381s] -- Looking for gz-sensors8-lidar -- found version 8.2.1
[2.381s] -- Searching for dependencies of gz-sensors8-lidar
[2.381s] -- Looking for gz-sensors8 -- found version 8.2.1
[2.382s] -- Searching for <gz-sensors8> component [gpu_lidar]
[2.383s] -- Looking for gz-sensors8-gpu_lidar -- found version 8.2.1
[2.384s] -- Searching for dependencies of gz-sensors8-gpu_lidar
[2.384s] -- Looking for gz-sensors8 -- found version 8.2.1
[2.384s] -- Searching for <gz-sensors8> component [camera]
[2.386s] -- Looking for gz-sensors8-camera -- found version 8.2.1
[2.386s] -- Searching for dependencies of gz-sensors8-camera
[2.386s] -- Looking for gz-sensors8 -- found version 8.2.1
[2.387s] -- Searching for <gz-sensors8> component [boundingbox_camera]
[2.388s] -- Looking for gz-sensors8-boundingbox_camera -- found version 8.2.1
[2.388s] -- Searching for dependencies of gz-sensors8-boundingbox_camera
[2.389s] -- Searching for <gz-sensors8> component [segmentation_camera]
[2.390s] -- Looking for gz-sensors8-segmentation_camera -- found version 8.2.1
[2.390s] -- Searching for dependencies of gz-sensors8-segmentation_camera
[2.391s] -- Searching for <gz-sensors8> component [depth_camera]
[2.392s] -- Looking for gz-sensors8-depth_camera -- found version 8.2.1
[2.393s] -- Searching for dependencies of gz-sensors8-depth_camera
[2.393s] -- Looking for gz-sensors8 -- found version 8.2.1
[2.394s] -- Searching for <gz-sensors8> component [rgbd_camera]
[2.395s] -- Looking for gz-sensors8-rgbd_camera -- found version 8.2.1
[2.395s] -- Searching for dependencies of gz-sensors8-rgbd_camera
[2.395s] -- Looking for gz-sensors8 -- found version 8.2.1
[2.396s] -- Searching for <gz-sensors8> component [thermal_camera]
[2.397s] -- Looking for gz-sensors8-thermal_camera -- found version 8.2.1
[2.397s] -- Searching for dependencies of gz-sensors8-thermal_camera
[2.398s] -- Looking for gz-sensors8 -- found version 8.2.1
[2.398s] -- Searching for <gz-sensors8> component [wide_angle_camera]
[2.400s] -- Looking for gz-sensors8-wide_angle_camera -- found version 8.2.1
[2.400s] -- Searching for dependencies of gz-sensors8-wide_angle_camera
[2.401s] -- Looking for gz-rendering8 -- found version 8.2.1
[2.401s] -- Looking for gz-math7 -- found version 7.5.1
[2.402s] -- Looking for gz-utils2 -- found version 2.2.0
[2.432s] -- Compiling against Gazebo Harmonic
[2.437s] -- Found ament_lint_auto: 0.17.1 (/opt/ros/jazzy/share/ament_lint_auto/cmake)
[2.530s] -- Configuring done (2.5s)
[2.555s] -- Generating done (0.0s)
[2.561s] -- Build files have been written to: /home/apoire/Documents/Robotica/robotica/ROSberta/build/ros_gz_example_gazebo
[2.572s] Invoked command in '/home/apoire/Documents/Robotica/robotica/ROSberta/build/ros_gz_example_gazebo' returned '0': CMAKE_PREFIX_PATH=/home/apoire/Documents/Robotica/robotica/ROSberta/install/ros_gz_example_description:/home/apoire/Documents/Robotica/robotica/ROSberta/install/ros_gz_example_bringup:/home/apoire/Documents/Robotica/robotica/ROSberta/install/ros_gz_example_gazebo:/home/apoire/Documents/Robotica/robotica/ROSberta/install/ros_gz_example_application:/opt/ros/jazzy/opt/gz_sim_vendor:/opt/ros/jazzy/opt/gz_sensors_vendor:/opt/ros/jazzy/opt/gz_physics_vendor:/opt/ros/jazzy/opt/sdformat_vendor:/opt/ros/jazzy/opt/gz_gui_vendor:/opt/ros/jazzy/opt/gz_transport_vendor:/opt/ros/jazzy/opt/gz_rendering_vendor:/opt/ros/jazzy/opt/gz_plugin_vendor:/opt/ros/jazzy/opt/gz_fuel_tools_vendor:/opt/ros/jazzy/opt/gz_msgs_vendor:/opt/ros/jazzy/opt/gz_common_vendor:/opt/ros/jazzy/opt/gz_math_vendor:/opt/ros/jazzy/opt/gz_utils_vendor:/opt/ros/jazzy/opt/gz_tools_vendor:/opt/ros/jazzy/opt/gz_ogre_next_vendor:/opt/ros/jazzy/opt/gz_dartsim_vendor:/opt/ros/jazzy/opt/gz_cmake_vendor:/home/apoire/Documents/Robotica/robotica/ROSberta/install/robot_master:/home/apoire/Documents/Robotica/robotica/ROSberta/install/coverage:/opt/ros/jazzy DEBUGINFOD_URLS=https://debuginfod.ubuntu.com GZ_SIM_RESOURCE_PATH=/home/apoire/Documents/Robotica/robotica/ROSberta/install/ros_gz_example_description/share/ros_gz_example_description/models:${GZ_SIM_RESOURCE_PATH} /usr/bin/cmake /home/apoire/Documents/Robotica/robotica/ROSberta/src/ros_gz_project_template/ros_gz_example_gazebo -DBUILD_TESTING=ON -DCMAKE_INSTALL_PREFIX=/home/apoire/Documents/Robotica/robotica/ROSberta/install/ros_gz_example_gazebo
[2.573s] Invoking command in '/home/apoire/Documents/Robotica/robotica/ROSberta/build/ros_gz_example_gazebo': CMAKE_PREFIX_PATH=/home/apoire/Documents/Robotica/robotica/ROSberta/install/ros_gz_example_description:/home/apoire/Documents/Robotica/robotica/ROSberta/install/ros_gz_example_bringup:/home/apoire/Documents/Robotica/robotica/ROSberta/install/ros_gz_example_gazebo:/home/apoire/Documents/Robotica/robotica/ROSberta/install/ros_gz_example_application:/opt/ros/jazzy/opt/gz_sim_vendor:/opt/ros/jazzy/opt/gz_sensors_vendor:/opt/ros/jazzy/opt/gz_physics_vendor:/opt/ros/jazzy/opt/sdformat_vendor:/opt/ros/jazzy/opt/gz_gui_vendor:/opt/ros/jazzy/opt/gz_transport_vendor:/opt/ros/jazzy/opt/gz_rendering_vendor:/opt/ros/jazzy/opt/gz_plugin_vendor:/opt/ros/jazzy/opt/gz_fuel_tools_vendor:/opt/ros/jazzy/opt/gz_msgs_vendor:/opt/ros/jazzy/opt/gz_common_vendor:/opt/ros/jazzy/opt/gz_math_vendor:/opt/ros/jazzy/opt/gz_utils_vendor:/opt/ros/jazzy/opt/gz_tools_vendor:/opt/ros/jazzy/opt/gz_ogre_next_vendor:/opt/ros/jazzy/opt/gz_dartsim_vendor:/opt/ros/jazzy/opt/gz_cmake_vendor:/home/apoire/Documents/Robotica/robotica/ROSberta/install/robot_master:/home/apoire/Documents/Robotica/robotica/ROSberta/install/coverage:/opt/ros/jazzy DEBUGINFOD_URLS=https://debuginfod.ubuntu.com GZ_SIM_RESOURCE_PATH=/home/apoire/Documents/Robotica/robotica/ROSberta/install/ros_gz_example_description/share/ros_gz_example_description/models:${GZ_SIM_RESOURCE_PATH} /usr/bin/cmake --build /home/apoire/Documents/Robotica/robotica/ROSberta/build/ros_gz_example_gazebo -- -j12 -l12
[2.640s] [ 25%] [32mBuilding CXX object CMakeFiles/BasicSystem.dir/src/BasicSystem.cc.o[0m
[2.640s] [ 50%] [32mBuilding CXX object CMakeFiles/FullSystem.dir/src/FullSystem.cc.o[0m
[5.041s] [ 75%] [32m[1mLinking CXX shared library libBasicSystem.so[0m
[5.211s] [100%] [32m[1mLinking CXX shared library libFullSystem.so[0m
[5.216s] [100%] Built target BasicSystem
[5.388s] [100%] Built target FullSystem
[5.403s] Invoked command in '/home/apoire/Documents/Robotica/robotica/ROSberta/build/ros_gz_example_gazebo' returned '0': CMAKE_PREFIX_PATH=/home/apoire/Documents/Robotica/robotica/ROSberta/install/ros_gz_example_description:/home/apoire/Documents/Robotica/robotica/ROSberta/install/ros_gz_example_bringup:/home/apoire/Documents/Robotica/robotica/ROSberta/install/ros_gz_example_gazebo:/home/apoire/Documents/Robotica/robotica/ROSberta/install/ros_gz_example_application:/opt/ros/jazzy/opt/gz_sim_vendor:/opt/ros/jazzy/opt/gz_sensors_vendor:/opt/ros/jazzy/opt/gz_physics_vendor:/opt/ros/jazzy/opt/sdformat_vendor:/opt/ros/jazzy/opt/gz_gui_vendor:/opt/ros/jazzy/opt/gz_transport_vendor:/opt/ros/jazzy/opt/gz_rendering_vendor:/opt/ros/jazzy/opt/gz_plugin_vendor:/opt/ros/jazzy/opt/gz_fuel_tools_vendor:/opt/ros/jazzy/opt/gz_msgs_vendor:/opt/ros/jazzy/opt/gz_common_vendor:/opt/ros/jazzy/opt/gz_math_vendor:/opt/ros/jazzy/opt/gz_utils_vendor:/opt/ros/jazzy/opt/gz_tools_vendor:/opt/ros/jazzy/opt/gz_ogre_next_vendor:/opt/ros/jazzy/opt/gz_dartsim_vendor:/opt/ros/jazzy/opt/gz_cmake_vendor:/home/apoire/Documents/Robotica/robotica/ROSberta/install/robot_master:/home/apoire/Documents/Robotica/robotica/ROSberta/install/coverage:/opt/ros/jazzy DEBUGINFOD_URLS=https://debuginfod.ubuntu.com GZ_SIM_RESOURCE_PATH=/home/apoire/Documents/Robotica/robotica/ROSberta/install/ros_gz_example_description/share/ros_gz_example_description/models:${GZ_SIM_RESOURCE_PATH} /usr/bin/cmake --build /home/apoire/Documents/Robotica/robotica/ROSberta/build/ros_gz_example_gazebo -- -j12 -l12
[5.404s] Invoking command in '/home/apoire/Documents/Robotica/robotica/ROSberta/build/ros_gz_example_gazebo': CMAKE_PREFIX_PATH=/home/apoire/Documents/Robotica/robotica/ROSberta/install/ros_gz_example_description:/home/apoire/Documents/Robotica/robotica/ROSberta/install/ros_gz_example_bringup:/home/apoire/Documents/Robotica/robotica/ROSberta/install/ros_gz_example_gazebo:/home/apoire/Documents/Robotica/robotica/ROSberta/install/ros_gz_example_application:/opt/ros/jazzy/opt/gz_sim_vendor:/opt/ros/jazzy/opt/gz_sensors_vendor:/opt/ros/jazzy/opt/gz_physics_vendor:/opt/ros/jazzy/opt/sdformat_vendor:/opt/ros/jazzy/opt/gz_gui_vendor:/opt/ros/jazzy/opt/gz_transport_vendor:/opt/ros/jazzy/opt/gz_rendering_vendor:/opt/ros/jazzy/opt/gz_plugin_vendor:/opt/ros/jazzy/opt/gz_fuel_tools_vendor:/opt/ros/jazzy/opt/gz_msgs_vendor:/opt/ros/jazzy/opt/gz_common_vendor:/opt/ros/jazzy/opt/gz_math_vendor:/opt/ros/jazzy/opt/gz_utils_vendor:/opt/ros/jazzy/opt/gz_tools_vendor:/opt/ros/jazzy/opt/gz_ogre_next_vendor:/opt/ros/jazzy/opt/gz_dartsim_vendor:/opt/ros/jazzy/opt/gz_cmake_vendor:/home/apoire/Documents/Robotica/robotica/ROSberta/install/robot_master:/home/apoire/Documents/Robotica/robotica/ROSberta/install/coverage:/opt/ros/jazzy DEBUGINFOD_URLS=https://debuginfod.ubuntu.com GZ_SIM_RESOURCE_PATH=/home/apoire/Documents/Robotica/robotica/ROSberta/install/ros_gz_example_description/share/ros_gz_example_description/models:${GZ_SIM_RESOURCE_PATH} /usr/bin/cmake --install /home/apoire/Documents/Robotica/robotica/ROSberta/build/ros_gz_example_gazebo
[5.414s] -- Install configuration: ""
[5.414s] -- Installing: /home/apoire/Documents/Robotica/robotica/ROSberta/install/ros_gz_example_gazebo/lib/ros_gz_example_gazebo/libBasicSystem.so
[5.415s] -- Set non-toolchain portion of runtime path of "/home/apoire/Documents/Robotica/robotica/ROSberta/install/ros_gz_example_gazebo/lib/ros_gz_example_gazebo/libBasicSystem.so" to ""
[5.416s] -- Installing: /home/apoire/Documents/Robotica/robotica/ROSberta/install/ros_gz_example_gazebo/lib/ros_gz_example_gazebo/libFullSystem.so
[5.417s] -- Set non-toolchain portion of runtime path of "/home/apoire/Documents/Robotica/robotica/ROSberta/install/ros_gz_example_gazebo/lib/ros_gz_example_gazebo/libFullSystem.so" to ""
[5.417s] -- Installing: /home/apoire/Documents/Robotica/robotica/ROSberta/install/ros_gz_example_gazebo/share/ros_gz_example_gazebo/worlds
[5.417s] -- Installing: /home/apoire/Documents/Robotica/robotica/ROSberta/install/ros_gz_example_gazebo/share/ros_gz_example_gazebo/worlds/diff_drive.sdf
[5.417s] -- Installing: /home/apoire/Documents/Robotica/robotica/ROSberta/install/ros_gz_example_gazebo/share/ros_gz_example_gazebo/environment/ros_gz_example_gazebo.dsv
[5.417s] -- Installing: /home/apoire/Documents/Robotica/robotica/ROSberta/install/ros_gz_example_gazebo/share/ros_gz_example_gazebo/environment/ros_gz_example_gazebo.sh
[5.418s] -- Installing: /home/apoire/Documents/Robotica/robotica/ROSberta/install/ros_gz_example_gazebo/share/ament_index/resource_index/package_run_dependencies/ros_gz_example_gazebo
[5.418s] -- Installing: /home/apoire/Documents/Robotica/robotica/ROSberta/install/ros_gz_example_gazebo/share/ament_index/resource_index/parent_prefix_path/ros_gz_example_gazebo
[5.418s] -- Installing: /home/apoire/Documents/Robotica/robotica/ROSberta/install/ros_gz_example_gazebo/share/ros_gz_example_gazebo/environment/ament_prefix_path.sh
[5.418s] -- Installing: /home/apoire/Documents/Robotica/robotica/ROSberta/install/ros_gz_example_gazebo/share/ros_gz_example_gazebo/environment/ament_prefix_path.dsv
[5.418s] -- Installing: /home/apoire/Documents/Robotica/robotica/ROSberta/install/ros_gz_example_gazebo/share/ros_gz_example_gazebo/environment/path.sh
[5.419s] -- Installing: /home/apoire/Documents/Robotica/robotica/ROSberta/install/ros_gz_example_gazebo/share/ros_gz_example_gazebo/environment/path.dsv
[5.419s] -- Installing: /home/apoire/Documents/Robotica/robotica/ROSberta/install/ros_gz_example_gazebo/share/ros_gz_example_gazebo/local_setup.bash
[5.419s] -- Installing: /home/apoire/Documents/Robotica/robotica/ROSberta/install/ros_gz_example_gazebo/share/ros_gz_example_gazebo/local_setup.sh
[5.419s] -- Installing: /home/apoire/Documents/Robotica/robotica/ROSberta/install/ros_gz_example_gazebo/share/ros_gz_example_gazebo/local_setup.zsh
[5.419s] -- Installing: /home/apoire/Documents/Robotica/robotica/ROSberta/install/ros_gz_example_gazebo/share/ros_gz_example_gazebo/local_setup.dsv
[5.420s] -- Installing: /home/apoire/Documents/Robotica/robotica/ROSberta/install/ros_gz_example_gazebo/share/ros_gz_example_gazebo/package.dsv
[5.420s] -- Installing: /home/apoire/Documents/Robotica/robotica/ROSberta/install/ros_gz_example_gazebo/share/ament_index/resource_index/packages/ros_gz_example_gazebo
[5.420s] -- Installing: /home/apoire/Documents/Robotica/robotica/ROSberta/install/ros_gz_example_gazebo/share/ros_gz_example_gazebo/cmake/ros_gz_example_gazeboConfig.cmake
[5.420s] -- Installing: /home/apoire/Documents/Robotica/robotica/ROSberta/install/ros_gz_example_gazebo/share/ros_gz_example_gazebo/cmake/ros_gz_example_gazeboConfig-version.cmake
[5.420s] -- Installing: /home/apoire/Documents/Robotica/robotica/ROSberta/install/ros_gz_example_gazebo/share/ros_gz_example_gazebo/package.xml
[5.422s] Invoked command in '/home/apoire/Documents/Robotica/robotica/ROSberta/build/ros_gz_example_gazebo' returned '0': CMAKE_PREFIX_PATH=/home/apoire/Documents/Robotica/robotica/ROSberta/install/ros_gz_example_description:/home/apoire/Documents/Robotica/robotica/ROSberta/install/ros_gz_example_bringup:/home/apoire/Documents/Robotica/robotica/ROSberta/install/ros_gz_example_gazebo:/home/apoire/Documents/Robotica/robotica/ROSberta/install/ros_gz_example_application:/opt/ros/jazzy/opt/gz_sim_vendor:/opt/ros/jazzy/opt/gz_sensors_vendor:/opt/ros/jazzy/opt/gz_physics_vendor:/opt/ros/jazzy/opt/sdformat_vendor:/opt/ros/jazzy/opt/gz_gui_vendor:/opt/ros/jazzy/opt/gz_transport_vendor:/opt/ros/jazzy/opt/gz_rendering_vendor:/opt/ros/jazzy/opt/gz_plugin_vendor:/opt/ros/jazzy/opt/gz_fuel_tools_vendor:/opt/ros/jazzy/opt/gz_msgs_vendor:/opt/ros/jazzy/opt/gz_common_vendor:/opt/ros/jazzy/opt/gz_math_vendor:/opt/ros/jazzy/opt/gz_utils_vendor:/opt/ros/jazzy/opt/gz_tools_vendor:/opt/ros/jazzy/opt/gz_ogre_next_vendor:/opt/ros/jazzy/opt/gz_dartsim_vendor:/opt/ros/jazzy/opt/gz_cmake_vendor:/home/apoire/Documents/Robotica/robotica/ROSberta/install/robot_master:/home/apoire/Documents/Robotica/robotica/ROSberta/install/coverage:/opt/ros/jazzy DEBUGINFOD_URLS=https://debuginfod.ubuntu.com GZ_SIM_RESOURCE_PATH=/home/apoire/Documents/Robotica/robotica/ROSberta/install/ros_gz_example_description/share/ros_gz_example_description/models:${GZ_SIM_RESOURCE_PATH} /usr/bin/cmake --install /home/apoire/Documents/Robotica/robotica/ROSberta/build/ros_gz_example_gazebo
