[0.031s] Invoking command in '/home/apoire/Documents/Robotica/robotica/ROSberta/build/ros_gz_example_description': CMAKE_PREFIX_PATH=${CMAKE_PREFIX_PATH}:/opt/ros/jazzy DEBUGINFOD_URLS=https://debuginfod.ubuntu.com /usr/bin/cmake --build /home/apoire/Documents/Robotica/robotica/ROSberta/build/ros_gz_example_description -- -j12 -l12
[0.510s] Invoked command in '/home/apoire/Documents/Robotica/robotica/ROSberta/build/ros_gz_example_description' returned '0': CMAKE_PREFIX_PATH=${CMAKE_PREFIX_PATH}:/opt/ros/jazzy DEBUGINFOD_URLS=https://debuginfod.ubuntu.com /usr/bin/cmake --build /home/apoire/Documents/Robotica/robotica/ROSberta/build/ros_gz_example_description -- -j12 -l12
[0.521s] Invoking command in '/home/apoire/Documents/Robotica/robotica/ROSberta/build/ros_gz_example_description': CMAKE_PREFIX_PATH=${CMAKE_PREFIX_PATH}:/opt/ros/jazzy DEBUGINFOD_URLS=https://debuginfod.ubuntu.com /usr/bin/cmake --install /home/apoire/Documents/Robotica/robotica/ROSberta/build/ros_gz_example_description
[0.532s] -- Install configuration: ""
[0.532s] -- Up-to-date: /home/apoire/Documents/Robotica/robotica/ROSberta/install/ros_gz_example_description/share/ros_gz_example_description/models
[0.532s] -- Up-to-date: /home/apoire/Documents/Robotica/robotica/ROSberta/install/ros_gz_example_description/share/ros_gz_example_description/models/rrbot
[0.533s] -- Up-to-date: /home/apoire/Documents/Robotica/robotica/ROSberta/install/ros_gz_example_description/share/ros_gz_example_description/models/rrbot/model.sdf
[0.533s] -- Up-to-date: /home/apoire/Documents/Robotica/robotica/ROSberta/install/ros_gz_example_description/share/ros_gz_example_description/models/diff_drive
[0.533s] -- Up-to-date: /home/apoire/Documents/Robotica/robotica/ROSberta/install/ros_gz_example_description/share/ros_gz_example_description/models/diff_drive/model.sdf
[0.533s] -- Up-to-date: /home/apoire/Documents/Robotica/robotica/ROSberta/install/ros_gz_example_description/share/ros_gz_example_description/models/diff_drive/model.config
[0.533s] -- Up-to-date: /home/apoire/Documents/Robotica/robotica/ROSberta/install/ros_gz_example_description/share/ros_gz_example_description/environment/ros_gz_example_description.dsv
[0.533s] -- Up-to-date: /home/apoire/Documents/Robotica/robotica/ROSberta/install/ros_gz_example_description/share/ros_gz_example_description/environment/ros_gz_example_description.sh
[0.534s] -- Up-to-date: /home/apoire/Documents/Robotica/robotica/ROSberta/install/ros_gz_example_description/share/ament_index/resource_index/package_run_dependencies/ros_gz_example_description
[0.534s] -- Up-to-date: /home/apoire/Documents/Robotica/robotica/ROSberta/install/ros_gz_example_description/share/ament_index/resource_index/parent_prefix_path/ros_gz_example_description
[0.534s] -- Up-to-date: /home/apoire/Documents/Robotica/robotica/ROSberta/install/ros_gz_example_description/share/ros_gz_example_description/environment/ament_prefix_path.sh
[0.534s] -- Up-to-date: /home/apoire/Documents/Robotica/robotica/ROSberta/install/ros_gz_example_description/share/ros_gz_example_description/environment/ament_prefix_path.dsv
[0.534s] -- Up-to-date: /home/apoire/Documents/Robotica/robotica/ROSberta/install/ros_gz_example_description/share/ros_gz_example_description/environment/path.sh
[0.534s] -- Up-to-date: /home/apoire/Documents/Robotica/robotica/ROSberta/install/ros_gz_example_description/share/ros_gz_example_description/environment/path.dsv
[0.534s] -- Up-to-date: /home/apoire/Documents/Robotica/robotica/ROSberta/install/ros_gz_example_description/share/ros_gz_example_description/local_setup.bash
[0.534s] -- Up-to-date: /home/apoire/Documents/Robotica/robotica/ROSberta/install/ros_gz_example_description/share/ros_gz_example_description/local_setup.sh
[0.534s] -- Up-to-date: /home/apoire/Documents/Robotica/robotica/ROSberta/install/ros_gz_example_description/share/ros_gz_example_description/local_setup.zsh
[0.535s] -- Up-to-date: /home/apoire/Documents/Robotica/robotica/ROSberta/install/ros_gz_example_description/share/ros_gz_example_description/local_setup.dsv
[0.535s] -- Installing: /home/apoire/Documents/Robotica/robotica/ROSberta/install/ros_gz_example_description/share/ros_gz_example_description/package.dsv
[0.535s] -- Up-to-date: /home/apoire/Documents/Robotica/robotica/ROSberta/install/ros_gz_example_description/share/ament_index/resource_index/packages/ros_gz_example_description
[0.535s] -- Up-to-date: /home/apoire/Documents/Robotica/robotica/ROSberta/install/ros_gz_example_description/share/ros_gz_example_description/cmake/ros_gz_example_descriptionConfig.cmake
[0.535s] -- Up-to-date: /home/apoire/Documents/Robotica/robotica/ROSberta/install/ros_gz_example_description/share/ros_gz_example_description/cmake/ros_gz_example_descriptionConfig-version.cmake
[0.535s] -- Up-to-date: /home/apoire/Documents/Robotica/robotica/ROSberta/install/ros_gz_example_description/share/ros_gz_example_description/package.xml
[0.536s] Invoked command in '/home/apoire/Documents/Robotica/robotica/ROSberta/build/ros_gz_example_description' returned '0': CMAKE_PREFIX_PATH=${CMAKE_PREFIX_PATH}:/opt/ros/jazzy DEBUGINFOD_URLS=https://debuginfod.ubuntu.com /usr/bin/cmake --install /home/apoire/Documents/Robotica/robotica/ROSberta/build/ros_gz_example_description
