[0.206s] DEBUG:colcon:Command line arguments: ['/usr/bin/colcon', 'build']
[0.206s] DEBUG:colcon:Parsed command line arguments: Namespace(log_base=None, log_level=None, verb_name='build', build_base='build', install_base='install', merge_install=False, symlink_install=False, test_result_base=None, continue_on_error=False, executor='parallel', parallel_workers=12, event_handlers=None, ignore_user_meta=False, metas=['./colcon.meta'], base_paths=['.'], packages_ignore=None, packages_ignore_regex=None, paths=None, packages_up_to=None, packages_up_to_regex=None, packages_above=None, packages_above_and_dependencies=None, packages_above_depth=None, packages_select_by_dep=None, packages_skip_by_dep=None, packages_skip_up_to=None, packages_select_build_failed=False, packages_skip_build_finished=False, packages_select_test_failures=False, packages_skip_test_passed=False, packages_select=None, packages_skip=None, packages_select_regex=None, packages_skip_regex=None, packages_start=None, packages_end=None, allow_overriding=[], cmake_args=None, cmake_target=None, cmake_target_skip_unavailable=False, cmake_clean_cache=False, cmake_clean_first=False, cmake_force_configure=False, ament_cmake_args=None, catkin_cmake_args=None, catkin_skip_building_tests=False, mixin_files=None, mixin=None, verb_parser=<colcon_mixin.mixin.mixin_argument.MixinArgumentDecorator object at 0x7e13c56fa780>, verb_extension=<colcon_core.verb.build.BuildVerb object at 0x7e13c568b0e0>, main=<bound method BuildVerb.main of <colcon_core.verb.build.BuildVerb object at 0x7e13c568b0e0>>, mixin_verb=('build',))
[0.252s] Level 1:colcon.colcon_core.package_discovery:discover_packages(colcon_meta) check parameters
[0.252s] Level 1:colcon.colcon_core.package_discovery:discover_packages(recursive) check parameters
[0.252s] Level 1:colcon.colcon_core.package_discovery:discover_packages(ignore) check parameters
[0.252s] Level 1:colcon.colcon_core.package_discovery:discover_packages(path) check parameters
[0.252s] Level 1:colcon.colcon_core.package_discovery:discover_packages(colcon_meta) discover
[0.253s] Level 1:colcon.colcon_core.package_discovery:discover_packages(recursive) discover
[0.253s] INFO:colcon.colcon_core.package_discovery:Crawling recursively for packages in '/home/apoire/Documents/Robotica/robotica/ROSberta'
[0.253s] Level 1:colcon.colcon_core.package_identification:_identify(.) by extensions ['ignore', 'ignore_ament_install']
[0.253s] Level 1:colcon.colcon_core.package_identification:_identify(.) by extension 'ignore'
[0.253s] Level 1:colcon.colcon_core.package_identification:_identify(.) by extension 'ignore_ament_install'
[0.253s] Level 1:colcon.colcon_core.package_identification:_identify(.) by extensions ['colcon_pkg']
[0.253s] Level 1:colcon.colcon_core.package_identification:_identify(.) by extension 'colcon_pkg'
[0.253s] Level 1:colcon.colcon_core.package_identification:_identify(.) by extensions ['colcon_meta']
[0.253s] Level 1:colcon.colcon_core.package_identification:_identify(.) by extension 'colcon_meta'
[0.253s] Level 1:colcon.colcon_core.package_identification:_identify(.) by extensions ['ros']
[0.253s] Level 1:colcon.colcon_core.package_identification:_identify(.) by extension 'ros'
[0.278s] Level 1:colcon.colcon_core.package_identification:_identify(.) by extensions ['cmake', 'python']
[0.278s] Level 1:colcon.colcon_core.package_identification:_identify(.) by extension 'cmake'
[0.278s] Level 1:colcon.colcon_core.package_identification:_identify(.) by extension 'python'
[0.278s] Level 1:colcon.colcon_core.package_identification:_identify(.) by extensions ['python_setup_py']
[0.278s] Level 1:colcon.colcon_core.package_identification:_identify(.) by extension 'python_setup_py'
[0.278s] Level 1:colcon.colcon_core.package_identification:_identify(build) by extensions ['ignore', 'ignore_ament_install']
[0.278s] Level 1:colcon.colcon_core.package_identification:_identify(build) by extension 'ignore'
[0.279s] Level 1:colcon.colcon_core.package_identification:_identify(build) ignored
[0.279s] Level 1:colcon.colcon_core.package_identification:_identify(install) by extensions ['ignore', 'ignore_ament_install']
[0.279s] Level 1:colcon.colcon_core.package_identification:_identify(install) by extension 'ignore'
[0.279s] Level 1:colcon.colcon_core.package_identification:_identify(install) ignored
[0.279s] Level 1:colcon.colcon_core.package_identification:_identify(log) by extensions ['ignore', 'ignore_ament_install']
[0.279s] Level 1:colcon.colcon_core.package_identification:_identify(log) by extension 'ignore'
[0.279s] Level 1:colcon.colcon_core.package_identification:_identify(log) ignored
[0.279s] Level 1:colcon.colcon_core.package_identification:_identify(src) by extensions ['ignore', 'ignore_ament_install']
[0.279s] Level 1:colcon.colcon_core.package_identification:_identify(src) by extension 'ignore'
[0.279s] Level 1:colcon.colcon_core.package_identification:_identify(src) by extension 'ignore_ament_install'
[0.279s] Level 1:colcon.colcon_core.package_identification:_identify(src) by extensions ['colcon_pkg']
[0.279s] Level 1:colcon.colcon_core.package_identification:_identify(src) by extension 'colcon_pkg'
[0.279s] Level 1:colcon.colcon_core.package_identification:_identify(src) by extensions ['colcon_meta']
[0.279s] Level 1:colcon.colcon_core.package_identification:_identify(src) by extension 'colcon_meta'
[0.279s] Level 1:colcon.colcon_core.package_identification:_identify(src) by extensions ['ros']
[0.279s] Level 1:colcon.colcon_core.package_identification:_identify(src) by extension 'ros'
[0.280s] Level 1:colcon.colcon_core.package_identification:_identify(src) by extensions ['cmake', 'python']
[0.280s] Level 1:colcon.colcon_core.package_identification:_identify(src) by extension 'cmake'
[0.280s] Level 1:colcon.colcon_core.package_identification:_identify(src) by extension 'python'
[0.280s] Level 1:colcon.colcon_core.package_identification:_identify(src) by extensions ['python_setup_py']
[0.280s] Level 1:colcon.colcon_core.package_identification:_identify(src) by extension 'python_setup_py'
[0.280s] Level 1:colcon.colcon_core.package_identification:_identify(src/coverage) by extensions ['ignore', 'ignore_ament_install']
[0.280s] Level 1:colcon.colcon_core.package_identification:_identify(src/coverage) by extension 'ignore'
[0.280s] Level 1:colcon.colcon_core.package_identification:_identify(src/coverage) by extension 'ignore_ament_install'
[0.280s] Level 1:colcon.colcon_core.package_identification:_identify(src/coverage) by extensions ['colcon_pkg']
[0.280s] Level 1:colcon.colcon_core.package_identification:_identify(src/coverage) by extension 'colcon_pkg'
[0.280s] Level 1:colcon.colcon_core.package_identification:_identify(src/coverage) by extensions ['colcon_meta']
[0.280s] Level 1:colcon.colcon_core.package_identification:_identify(src/coverage) by extension 'colcon_meta'
[0.280s] Level 1:colcon.colcon_core.package_identification:_identify(src/coverage) by extensions ['ros']
[0.280s] Level 1:colcon.colcon_core.package_identification:_identify(src/coverage) by extension 'ros'
[0.283s] DEBUG:colcon.colcon_core.package_identification:Package 'src/coverage' with type 'ros.ament_python' and name 'coverage'
[0.283s] Level 1:colcon.colcon_core.package_identification:_identify(src/robot_master) by extensions ['ignore', 'ignore_ament_install']
[0.284s] Level 1:colcon.colcon_core.package_identification:_identify(src/robot_master) by extension 'ignore'
[0.284s] Level 1:colcon.colcon_core.package_identification:_identify(src/robot_master) by extension 'ignore_ament_install'
[0.284s] Level 1:colcon.colcon_core.package_identification:_identify(src/robot_master) by extensions ['colcon_pkg']
[0.284s] Level 1:colcon.colcon_core.package_identification:_identify(src/robot_master) by extension 'colcon_pkg'
[0.284s] Level 1:colcon.colcon_core.package_identification:_identify(src/robot_master) by extensions ['colcon_meta']
[0.284s] Level 1:colcon.colcon_core.package_identification:_identify(src/robot_master) by extension 'colcon_meta'
[0.284s] Level 1:colcon.colcon_core.package_identification:_identify(src/robot_master) by extensions ['ros']
[0.284s] Level 1:colcon.colcon_core.package_identification:_identify(src/robot_master) by extension 'ros'
[0.284s] DEBUG:colcon.colcon_core.package_identification:Package 'src/robot_master' with type 'ros.ament_python' and name 'robot_master'
[0.285s] Level 1:colcon.colcon_core.package_identification:_identify(src/ros_gz_project_template) by extensions ['ignore', 'ignore_ament_install']
[0.285s] Level 1:colcon.colcon_core.package_identification:_identify(src/ros_gz_project_template) by extension 'ignore'
[0.285s] Level 1:colcon.colcon_core.package_identification:_identify(src/ros_gz_project_template) by extension 'ignore_ament_install'
[0.285s] Level 1:colcon.colcon_core.package_identification:_identify(src/ros_gz_project_template) by extensions ['colcon_pkg']
[0.285s] Level 1:colcon.colcon_core.package_identification:_identify(src/ros_gz_project_template) by extension 'colcon_pkg'
[0.285s] Level 1:colcon.colcon_core.package_identification:_identify(src/ros_gz_project_template) by extensions ['colcon_meta']
[0.285s] Level 1:colcon.colcon_core.package_identification:_identify(src/ros_gz_project_template) by extension 'colcon_meta'
[0.285s] Level 1:colcon.colcon_core.package_identification:_identify(src/ros_gz_project_template) by extensions ['ros']
[0.285s] Level 1:colcon.colcon_core.package_identification:_identify(src/ros_gz_project_template) by extension 'ros'
[0.285s] Level 1:colcon.colcon_core.package_identification:_identify(src/ros_gz_project_template) by extensions ['cmake', 'python']
[0.285s] Level 1:colcon.colcon_core.package_identification:_identify(src/ros_gz_project_template) by extension 'cmake'
[0.285s] Level 1:colcon.colcon_core.package_identification:_identify(src/ros_gz_project_template) by extension 'python'
[0.285s] Level 1:colcon.colcon_core.package_identification:_identify(src/ros_gz_project_template) by extensions ['python_setup_py']
[0.285s] Level 1:colcon.colcon_core.package_identification:_identify(src/ros_gz_project_template) by extension 'python_setup_py'
[0.285s] Level 1:colcon.colcon_core.package_identification:_identify(src/ros_gz_project_template/ros_gz_example_application) by extensions ['ignore', 'ignore_ament_install']
[0.285s] Level 1:colcon.colcon_core.package_identification:_identify(src/ros_gz_project_template/ros_gz_example_application) by extension 'ignore'
[0.285s] Level 1:colcon.colcon_core.package_identification:_identify(src/ros_gz_project_template/ros_gz_example_application) by extension 'ignore_ament_install'
[0.285s] Level 1:colcon.colcon_core.package_identification:_identify(src/ros_gz_project_template/ros_gz_example_application) by extensions ['colcon_pkg']
[0.285s] Level 1:colcon.colcon_core.package_identification:_identify(src/ros_gz_project_template/ros_gz_example_application) by extension 'colcon_pkg'
[0.286s] Level 1:colcon.colcon_core.package_identification:_identify(src/ros_gz_project_template/ros_gz_example_application) by extensions ['colcon_meta']
[0.286s] Level 1:colcon.colcon_core.package_identification:_identify(src/ros_gz_project_template/ros_gz_example_application) by extension 'colcon_meta'
[0.286s] Level 1:colcon.colcon_core.package_identification:_identify(src/ros_gz_project_template/ros_gz_example_application) by extensions ['ros']
[0.286s] Level 1:colcon.colcon_core.package_identification:_identify(src/ros_gz_project_template/ros_gz_example_application) by extension 'ros'
[0.286s] DEBUG:colcon.colcon_core.package_identification:Package 'src/ros_gz_project_template/ros_gz_example_application' with type 'ros.ament_cmake' and name 'ros_gz_example_application'
[0.286s] Level 1:colcon.colcon_core.package_identification:_identify(src/ros_gz_project_template/ros_gz_example_bringup) by extensions ['ignore', 'ignore_ament_install']
[0.286s] Level 1:colcon.colcon_core.package_identification:_identify(src/ros_gz_project_template/ros_gz_example_bringup) by extension 'ignore'
[0.286s] Level 1:colcon.colcon_core.package_identification:_identify(src/ros_gz_project_template/ros_gz_example_bringup) by extension 'ignore_ament_install'
[0.286s] Level 1:colcon.colcon_core.package_identification:_identify(src/ros_gz_project_template/ros_gz_example_bringup) by extensions ['colcon_pkg']
[0.286s] Level 1:colcon.colcon_core.package_identification:_identify(src/ros_gz_project_template/ros_gz_example_bringup) by extension 'colcon_pkg'
[0.286s] Level 1:colcon.colcon_core.package_identification:_identify(src/ros_gz_project_template/ros_gz_example_bringup) by extensions ['colcon_meta']
[0.286s] Level 1:colcon.colcon_core.package_identification:_identify(src/ros_gz_project_template/ros_gz_example_bringup) by extension 'colcon_meta'
[0.287s] Level 1:colcon.colcon_core.package_identification:_identify(src/ros_gz_project_template/ros_gz_example_bringup) by extensions ['ros']
[0.287s] Level 1:colcon.colcon_core.package_identification:_identify(src/ros_gz_project_template/ros_gz_example_bringup) by extension 'ros'
[0.287s] DEBUG:colcon.colcon_core.package_identification:Package 'src/ros_gz_project_template/ros_gz_example_bringup' with type 'ros.ament_cmake' and name 'ros_gz_example_bringup'
[0.287s] Level 1:colcon.colcon_core.package_identification:_identify(src/ros_gz_project_template/ros_gz_example_description) by extensions ['ignore', 'ignore_ament_install']
[0.288s] Level 1:colcon.colcon_core.package_identification:_identify(src/ros_gz_project_template/ros_gz_example_description) by extension 'ignore'
[0.288s] Level 1:colcon.colcon_core.package_identification:_identify(src/ros_gz_project_template/ros_gz_example_description) by extension 'ignore_ament_install'
[0.288s] Level 1:colcon.colcon_core.package_identification:_identify(src/ros_gz_project_template/ros_gz_example_description) by extensions ['colcon_pkg']
[0.288s] Level 1:colcon.colcon_core.package_identification:_identify(src/ros_gz_project_template/ros_gz_example_description) by extension 'colcon_pkg'
[0.288s] Level 1:colcon.colcon_core.package_identification:_identify(src/ros_gz_project_template/ros_gz_example_description) by extensions ['colcon_meta']
[0.288s] Level 1:colcon.colcon_core.package_identification:_identify(src/ros_gz_project_template/ros_gz_example_description) by extension 'colcon_meta'
[0.288s] Level 1:colcon.colcon_core.package_identification:_identify(src/ros_gz_project_template/ros_gz_example_description) by extensions ['ros']
[0.288s] Level 1:colcon.colcon_core.package_identification:_identify(src/ros_gz_project_template/ros_gz_example_description) by extension 'ros'
[0.288s] DEBUG:colcon.colcon_core.package_identification:Package 'src/ros_gz_project_template/ros_gz_example_description' with type 'ros.ament_cmake' and name 'ros_gz_example_description'
[0.288s] Level 1:colcon.colcon_core.package_identification:_identify(src/ros_gz_project_template/ros_gz_example_gazebo) by extensions ['ignore', 'ignore_ament_install']
[0.288s] Level 1:colcon.colcon_core.package_identification:_identify(src/ros_gz_project_template/ros_gz_example_gazebo) by extension 'ignore'
[0.289s] Level 1:colcon.colcon_core.package_identification:_identify(src/ros_gz_project_template/ros_gz_example_gazebo) by extension 'ignore_ament_install'
[0.289s] Level 1:colcon.colcon_core.package_identification:_identify(src/ros_gz_project_template/ros_gz_example_gazebo) by extensions ['colcon_pkg']
[0.289s] Level 1:colcon.colcon_core.package_identification:_identify(src/ros_gz_project_template/ros_gz_example_gazebo) by extension 'colcon_pkg'
[0.289s] Level 1:colcon.colcon_core.package_identification:_identify(src/ros_gz_project_template/ros_gz_example_gazebo) by extensions ['colcon_meta']
[0.289s] Level 1:colcon.colcon_core.package_identification:_identify(src/ros_gz_project_template/ros_gz_example_gazebo) by extension 'colcon_meta'
[0.289s] Level 1:colcon.colcon_core.package_identification:_identify(src/ros_gz_project_template/ros_gz_example_gazebo) by extensions ['ros']
[0.289s] Level 1:colcon.colcon_core.package_identification:_identify(src/ros_gz_project_template/ros_gz_example_gazebo) by extension 'ros'
[0.289s] DEBUG:colcon.colcon_core.package_identification:Package 'src/ros_gz_project_template/ros_gz_example_gazebo' with type 'ros.ament_cmake' and name 'ros_gz_example_gazebo'
[0.289s] Level 1:colcon.colcon_core.package_discovery:discover_packages(recursive) using defaults
[0.289s] Level 1:colcon.colcon_core.package_discovery:discover_packages(ignore) discover
[0.289s] Level 1:colcon.colcon_core.package_discovery:discover_packages(ignore) using defaults
[0.289s] Level 1:colcon.colcon_core.package_discovery:discover_packages(path) discover
[0.289s] Level 1:colcon.colcon_core.package_discovery:discover_packages(path) using defaults
[0.310s] Level 1:colcon.colcon_core.package_discovery:discover_packages(prefix_path) check parameters
[0.310s] Level 1:colcon.colcon_core.package_discovery:discover_packages(prefix_path) discover
[0.314s] DEBUG:colcon.colcon_installed_package_information.package_discovery:Found 6 installed packages in /home/apoire/Documents/Robotica/robotica/ROSberta/install
[0.317s] DEBUG:colcon.colcon_installed_package_information.package_discovery:Found 381 installed packages in /opt/ros/jazzy
[0.318s] Level 1:colcon.colcon_core.package_discovery:discover_packages(prefix_path) using defaults
[0.377s] Level 5:colcon.colcon_core.verb:set package 'coverage' build argument 'cmake_args' from command line to 'None'
[0.377s] Level 5:colcon.colcon_core.verb:set package 'coverage' build argument 'cmake_target' from command line to 'None'
[0.377s] Level 5:colcon.colcon_core.verb:set package 'coverage' build argument 'cmake_target_skip_unavailable' from command line to 'False'
[0.377s] Level 5:colcon.colcon_core.verb:set package 'coverage' build argument 'cmake_clean_cache' from command line to 'False'
[0.377s] Level 5:colcon.colcon_core.verb:set package 'coverage' build argument 'cmake_clean_first' from command line to 'False'
[0.377s] Level 5:colcon.colcon_core.verb:set package 'coverage' build argument 'cmake_force_configure' from command line to 'False'
[0.377s] Level 5:colcon.colcon_core.verb:set package 'coverage' build argument 'ament_cmake_args' from command line to 'None'
[0.377s] Level 5:colcon.colcon_core.verb:set package 'coverage' build argument 'catkin_cmake_args' from command line to 'None'
[0.377s] Level 5:colcon.colcon_core.verb:set package 'coverage' build argument 'catkin_skip_building_tests' from command line to 'False'
[0.377s] DEBUG:colcon.colcon_core.verb:Building package 'coverage' with the following arguments: {'ament_cmake_args': None, 'build_base': '/home/apoire/Documents/Robotica/robotica/ROSberta/build/coverage', 'catkin_cmake_args': None, 'catkin_skip_building_tests': False, 'cmake_args': None, 'cmake_clean_cache': False, 'cmake_clean_first': False, 'cmake_force_configure': False, 'cmake_target': None, 'cmake_target_skip_unavailable': False, 'install_base': '/home/apoire/Documents/Robotica/robotica/ROSberta/install/coverage', 'merge_install': False, 'path': '/home/apoire/Documents/Robotica/robotica/ROSberta/src/coverage', 'symlink_install': False, 'test_result_base': None}
[0.377s] Level 5:colcon.colcon_core.verb:set package 'robot_master' build argument 'cmake_args' from command line to 'None'
[0.377s] Level 5:colcon.colcon_core.verb:set package 'robot_master' build argument 'cmake_target' from command line to 'None'
[0.377s] Level 5:colcon.colcon_core.verb:set package 'robot_master' build argument 'cmake_target_skip_unavailable' from command line to 'False'
[0.377s] Level 5:colcon.colcon_core.verb:set package 'robot_master' build argument 'cmake_clean_cache' from command line to 'False'
[0.377s] Level 5:colcon.colcon_core.verb:set package 'robot_master' build argument 'cmake_clean_first' from command line to 'False'
[0.377s] Level 5:colcon.colcon_core.verb:set package 'robot_master' build argument 'cmake_force_configure' from command line to 'False'
[0.377s] Level 5:colcon.colcon_core.verb:set package 'robot_master' build argument 'ament_cmake_args' from command line to 'None'
[0.377s] Level 5:colcon.colcon_core.verb:set package 'robot_master' build argument 'catkin_cmake_args' from command line to 'None'
[0.377s] Level 5:colcon.colcon_core.verb:set package 'robot_master' build argument 'catkin_skip_building_tests' from command line to 'False'
[0.377s] DEBUG:colcon.colcon_core.verb:Building package 'robot_master' with the following arguments: {'ament_cmake_args': None, 'build_base': '/home/apoire/Documents/Robotica/robotica/ROSberta/build/robot_master', 'catkin_cmake_args': None, 'catkin_skip_building_tests': False, 'cmake_args': None, 'cmake_clean_cache': False, 'cmake_clean_first': False, 'cmake_force_configure': False, 'cmake_target': None, 'cmake_target_skip_unavailable': False, 'install_base': '/home/apoire/Documents/Robotica/robotica/ROSberta/install/robot_master', 'merge_install': False, 'path': '/home/apoire/Documents/Robotica/robotica/ROSberta/src/robot_master', 'symlink_install': False, 'test_result_base': None}
[0.378s] Level 5:colcon.colcon_core.verb:set package 'ros_gz_example_application' build argument 'cmake_args' from command line to 'None'
[0.378s] Level 5:colcon.colcon_core.verb:set package 'ros_gz_example_application' build argument 'cmake_target' from command line to 'None'
[0.378s] Level 5:colcon.colcon_core.verb:set package 'ros_gz_example_application' build argument 'cmake_target_skip_unavailable' from command line to 'False'
[0.378s] Level 5:colcon.colcon_core.verb:set package 'ros_gz_example_application' build argument 'cmake_clean_cache' from command line to 'False'
[0.378s] Level 5:colcon.colcon_core.verb:set package 'ros_gz_example_application' build argument 'cmake_clean_first' from command line to 'False'
[0.378s] Level 5:colcon.colcon_core.verb:set package 'ros_gz_example_application' build argument 'cmake_force_configure' from command line to 'False'
[0.378s] Level 5:colcon.colcon_core.verb:set package 'ros_gz_example_application' build argument 'ament_cmake_args' from command line to 'None'
[0.378s] Level 5:colcon.colcon_core.verb:set package 'ros_gz_example_application' build argument 'catkin_cmake_args' from command line to 'None'
[0.378s] Level 5:colcon.colcon_core.verb:set package 'ros_gz_example_application' build argument 'catkin_skip_building_tests' from command line to 'False'
[0.378s] DEBUG:colcon.colcon_core.verb:Building package 'ros_gz_example_application' with the following arguments: {'ament_cmake_args': None, 'build_base': '/home/apoire/Documents/Robotica/robotica/ROSberta/build/ros_gz_example_application', 'catkin_cmake_args': None, 'catkin_skip_building_tests': False, 'cmake_args': None, 'cmake_clean_cache': False, 'cmake_clean_first': False, 'cmake_force_configure': False, 'cmake_target': None, 'cmake_target_skip_unavailable': False, 'install_base': '/home/apoire/Documents/Robotica/robotica/ROSberta/install/ros_gz_example_application', 'merge_install': False, 'path': '/home/apoire/Documents/Robotica/robotica/ROSberta/src/ros_gz_project_template/ros_gz_example_application', 'symlink_install': False, 'test_result_base': None}
[0.378s] Level 5:colcon.colcon_core.verb:set package 'ros_gz_example_description' build argument 'cmake_args' from command line to 'None'
[0.378s] Level 5:colcon.colcon_core.verb:set package 'ros_gz_example_description' build argument 'cmake_target' from command line to 'None'
[0.378s] Level 5:colcon.colcon_core.verb:set package 'ros_gz_example_description' build argument 'cmake_target_skip_unavailable' from command line to 'False'
[0.378s] Level 5:colcon.colcon_core.verb:set package 'ros_gz_example_description' build argument 'cmake_clean_cache' from command line to 'False'
[0.378s] Level 5:colcon.colcon_core.verb:set package 'ros_gz_example_description' build argument 'cmake_clean_first' from command line to 'False'
[0.378s] Level 5:colcon.colcon_core.verb:set package 'ros_gz_example_description' build argument 'cmake_force_configure' from command line to 'False'
[0.378s] Level 5:colcon.colcon_core.verb:set package 'ros_gz_example_description' build argument 'ament_cmake_args' from command line to 'None'
[0.378s] Level 5:colcon.colcon_core.verb:set package 'ros_gz_example_description' build argument 'catkin_cmake_args' from command line to 'None'
[0.378s] Level 5:colcon.colcon_core.verb:set package 'ros_gz_example_description' build argument 'catkin_skip_building_tests' from command line to 'False'
[0.378s] DEBUG:colcon.colcon_core.verb:Building package 'ros_gz_example_description' with the following arguments: {'ament_cmake_args': None, 'build_base': '/home/apoire/Documents/Robotica/robotica/ROSberta/build/ros_gz_example_description', 'catkin_cmake_args': None, 'catkin_skip_building_tests': False, 'cmake_args': None, 'cmake_clean_cache': False, 'cmake_clean_first': False, 'cmake_force_configure': False, 'cmake_target': None, 'cmake_target_skip_unavailable': False, 'install_base': '/home/apoire/Documents/Robotica/robotica/ROSberta/install/ros_gz_example_description', 'merge_install': False, 'path': '/home/apoire/Documents/Robotica/robotica/ROSberta/src/ros_gz_project_template/ros_gz_example_description', 'symlink_install': False, 'test_result_base': None}
[0.379s] Level 5:colcon.colcon_core.verb:set package 'ros_gz_example_gazebo' build argument 'cmake_args' from command line to 'None'
[0.379s] Level 5:colcon.colcon_core.verb:set package 'ros_gz_example_gazebo' build argument 'cmake_target' from command line to 'None'
[0.379s] Level 5:colcon.colcon_core.verb:set package 'ros_gz_example_gazebo' build argument 'cmake_target_skip_unavailable' from command line to 'False'
[0.379s] Level 5:colcon.colcon_core.verb:set package 'ros_gz_example_gazebo' build argument 'cmake_clean_cache' from command line to 'False'
[0.379s] Level 5:colcon.colcon_core.verb:set package 'ros_gz_example_gazebo' build argument 'cmake_clean_first' from command line to 'False'
[0.379s] Level 5:colcon.colcon_core.verb:set package 'ros_gz_example_gazebo' build argument 'cmake_force_configure' from command line to 'False'
[0.379s] Level 5:colcon.colcon_core.verb:set package 'ros_gz_example_gazebo' build argument 'ament_cmake_args' from command line to 'None'
[0.379s] Level 5:colcon.colcon_core.verb:set package 'ros_gz_example_gazebo' build argument 'catkin_cmake_args' from command line to 'None'
[0.379s] Level 5:colcon.colcon_core.verb:set package 'ros_gz_example_gazebo' build argument 'catkin_skip_building_tests' from command line to 'False'
[0.379s] DEBUG:colcon.colcon_core.verb:Building package 'ros_gz_example_gazebo' with the following arguments: {'ament_cmake_args': None, 'build_base': '/home/apoire/Documents/Robotica/robotica/ROSberta/build/ros_gz_example_gazebo', 'catkin_cmake_args': None, 'catkin_skip_building_tests': False, 'cmake_args': None, 'cmake_clean_cache': False, 'cmake_clean_first': False, 'cmake_force_configure': False, 'cmake_target': None, 'cmake_target_skip_unavailable': False, 'install_base': '/home/apoire/Documents/Robotica/robotica/ROSberta/install/ros_gz_example_gazebo', 'merge_install': False, 'path': '/home/apoire/Documents/Robotica/robotica/ROSberta/src/ros_gz_project_template/ros_gz_example_gazebo', 'symlink_install': False, 'test_result_base': None}
[0.379s] Level 5:colcon.colcon_core.verb:set package 'ros_gz_example_bringup' build argument 'cmake_args' from command line to 'None'
[0.379s] Level 5:colcon.colcon_core.verb:set package 'ros_gz_example_bringup' build argument 'cmake_target' from command line to 'None'
[0.379s] Level 5:colcon.colcon_core.verb:set package 'ros_gz_example_bringup' build argument 'cmake_target_skip_unavailable' from command line to 'False'
[0.379s] Level 5:colcon.colcon_core.verb:set package 'ros_gz_example_bringup' build argument 'cmake_clean_cache' from command line to 'False'
[0.379s] Level 5:colcon.colcon_core.verb:set package 'ros_gz_example_bringup' build argument 'cmake_clean_first' from command line to 'False'
[0.379s] Level 5:colcon.colcon_core.verb:set package 'ros_gz_example_bringup' build argument 'cmake_force_configure' from command line to 'False'
[0.379s] Level 5:colcon.colcon_core.verb:set package 'ros_gz_example_bringup' build argument 'ament_cmake_args' from command line to 'None'
[0.379s] Level 5:colcon.colcon_core.verb:set package 'ros_gz_example_bringup' build argument 'catkin_cmake_args' from command line to 'None'
[0.379s] Level 5:colcon.colcon_core.verb:set package 'ros_gz_example_bringup' build argument 'catkin_skip_building_tests' from command line to 'False'
[0.379s] DEBUG:colcon.colcon_core.verb:Building package 'ros_gz_example_bringup' with the following arguments: {'ament_cmake_args': None, 'build_base': '/home/apoire/Documents/Robotica/robotica/ROSberta/build/ros_gz_example_bringup', 'catkin_cmake_args': None, 'catkin_skip_building_tests': False, 'cmake_args': None, 'cmake_clean_cache': False, 'cmake_clean_first': False, 'cmake_force_configure': False, 'cmake_target': None, 'cmake_target_skip_unavailable': False, 'install_base': '/home/apoire/Documents/Robotica/robotica/ROSberta/install/ros_gz_example_bringup', 'merge_install': False, 'path': '/home/apoire/Documents/Robotica/robotica/ROSberta/src/ros_gz_project_template/ros_gz_example_bringup', 'symlink_install': False, 'test_result_base': None}
[0.379s] INFO:colcon.colcon_core.executor:Executing jobs using 'parallel' executor
[0.380s] DEBUG:colcon.colcon_parallel_executor.executor.parallel:run_until_complete
[0.381s] INFO:colcon.colcon_ros.task.ament_cmake.build:Building ROS package in '/home/apoire/Documents/Robotica/robotica/ROSberta/src/ros_gz_project_template/ros_gz_example_description' with build type 'ament_cmake'
[0.381s] INFO:colcon.colcon_cmake.task.cmake.build:Building CMake package in '/home/apoire/Documents/Robotica/robotica/ROSberta/src/ros_gz_project_template/ros_gz_example_description'
[0.386s] INFO:colcon.colcon_core.plugin_system:Skipping extension 'colcon_core.shell.bat': Not used on non-Windows systems
[0.386s] INFO:colcon.colcon_core.shell:Skip shell extension 'powershell' for command environment: Not usable outside of PowerShell
[0.386s] DEBUG:colcon.colcon_core.shell:Skip shell extension 'dsv' for command environment
[0.391s] INFO:colcon.colcon_ros.task.ament_python.build:Building ROS package in '/home/apoire/Documents/Robotica/robotica/ROSberta/src/coverage' with build type 'ament_python'
[0.391s] Level 1:colcon.colcon_core.shell:create_environment_hook('coverage', 'ament_prefix_path')
[0.391s] INFO:colcon.colcon_core.shell:Creating environment hook '/home/apoire/Documents/Robotica/robotica/ROSberta/install/coverage/share/coverage/hook/ament_prefix_path.ps1'
[0.392s] INFO:colcon.colcon_core.shell:Creating environment descriptor '/home/apoire/Documents/Robotica/robotica/ROSberta/install/coverage/share/coverage/hook/ament_prefix_path.dsv'
[0.392s] INFO:colcon.colcon_core.shell:Creating environment hook '/home/apoire/Documents/Robotica/robotica/ROSberta/install/coverage/share/coverage/hook/ament_prefix_path.sh'
[0.392s] INFO:colcon.colcon_core.shell:Skip shell extension 'powershell' for command environment: Not usable outside of PowerShell
[0.393s] DEBUG:colcon.colcon_core.shell:Skip shell extension 'dsv' for command environment
[0.397s] INFO:colcon.colcon_ros.task.ament_python.build:Building ROS package in '/home/apoire/Documents/Robotica/robotica/ROSberta/src/robot_master' with build type 'ament_python'
[0.397s] Level 1:colcon.colcon_core.shell:create_environment_hook('robot_master', 'ament_prefix_path')
[0.397s] INFO:colcon.colcon_core.shell:Creating environment hook '/home/apoire/Documents/Robotica/robotica/ROSberta/install/robot_master/share/robot_master/hook/ament_prefix_path.ps1'
[0.397s] INFO:colcon.colcon_core.shell:Creating environment descriptor '/home/apoire/Documents/Robotica/robotica/ROSberta/install/robot_master/share/robot_master/hook/ament_prefix_path.dsv'
[0.398s] INFO:colcon.colcon_core.shell:Creating environment hook '/home/apoire/Documents/Robotica/robotica/ROSberta/install/robot_master/share/robot_master/hook/ament_prefix_path.sh'
[0.398s] INFO:colcon.colcon_core.shell:Skip shell extension 'powershell' for command environment: Not usable outside of PowerShell
[0.398s] DEBUG:colcon.colcon_core.shell:Skip shell extension 'dsv' for command environment
[0.402s] INFO:colcon.colcon_ros.task.ament_cmake.build:Building ROS package in '/home/apoire/Documents/Robotica/robotica/ROSberta/src/ros_gz_project_template/ros_gz_example_application' with build type 'ament_cmake'
[0.403s] INFO:colcon.colcon_cmake.task.cmake.build:Building CMake package in '/home/apoire/Documents/Robotica/robotica/ROSberta/src/ros_gz_project_template/ros_gz_example_application'
[0.403s] INFO:colcon.colcon_core.shell:Skip shell extension 'powershell' for command environment: Not usable outside of PowerShell
[0.403s] DEBUG:colcon.colcon_core.shell:Skip shell extension 'dsv' for command environment
[0.412s] DEBUG:colcon.colcon_core.event_handler.log_command:Invoking command in '/home/apoire/Documents/Robotica/robotica/ROSberta/build/ros_gz_example_description': CMAKE_PREFIX_PATH=${CMAKE_PREFIX_PATH}:/home/apoire/Documents/Robotica/robotica/ROSberta/install/robot_master:/home/apoire/Documents/Robotica/robotica/ROSberta/install/coverage:/opt/ros/jazzy DEBUGINFOD_URLS=https://debuginfod.ubuntu.com /usr/bin/cmake --build /home/apoire/Documents/Robotica/robotica/ROSberta/build/ros_gz_example_description -- -j12 -l12
[0.647s] INFO:colcon.colcon_core.task.python.build:Building Python package in '/home/apoire/Documents/Robotica/robotica/ROSberta/src/coverage'
[0.647s] INFO:colcon.colcon_core.shell:Skip shell extension 'powershell' for command environment: Not usable outside of PowerShell
[0.647s] DEBUG:colcon.colcon_core.shell:Skip shell extension 'dsv' for command environment
[0.890s] INFO:colcon.colcon_core.task.python.build:Building Python package in '/home/apoire/Documents/Robotica/robotica/ROSberta/src/robot_master'
[0.890s] INFO:colcon.colcon_core.shell:Skip shell extension 'powershell' for command environment: Not usable outside of PowerShell
[0.890s] DEBUG:colcon.colcon_core.shell:Skip shell extension 'dsv' for command environment
[0.897s] DEBUG:colcon.colcon_core.event_handler.log_command:Invoked command in '/home/apoire/Documents/Robotica/robotica/ROSberta/build/ros_gz_example_description' returned '0': CMAKE_PREFIX_PATH=${CMAKE_PREFIX_PATH}:/home/apoire/Documents/Robotica/robotica/ROSberta/install/robot_master:/home/apoire/Documents/Robotica/robotica/ROSberta/install/coverage:/opt/ros/jazzy DEBUGINFOD_URLS=https://debuginfod.ubuntu.com /usr/bin/cmake --build /home/apoire/Documents/Robotica/robotica/ROSberta/build/ros_gz_example_description -- -j12 -l12
[0.910s] DEBUG:colcon.colcon_core.event_handler.log_command:Invoking command in '/home/apoire/Documents/Robotica/robotica/ROSberta/build/ros_gz_example_description': CMAKE_PREFIX_PATH=${CMAKE_PREFIX_PATH}:/home/apoire/Documents/Robotica/robotica/ROSberta/install/robot_master:/home/apoire/Documents/Robotica/robotica/ROSberta/install/coverage:/opt/ros/jazzy DEBUGINFOD_URLS=https://debuginfod.ubuntu.com /usr/bin/cmake --install /home/apoire/Documents/Robotica/robotica/ROSberta/build/ros_gz_example_description
[0.913s] DEBUG:colcon.colcon_core.event_handler.log_command:Invoking command in '/home/apoire/Documents/Robotica/robotica/ROSberta/build/ros_gz_example_application': CMAKE_PREFIX_PATH=${CMAKE_PREFIX_PATH}:/home/apoire/Documents/Robotica/robotica/ROSberta/install/robot_master:/home/apoire/Documents/Robotica/robotica/ROSberta/install/coverage:/opt/ros/jazzy DEBUGINFOD_URLS=https://debuginfod.ubuntu.com /usr/bin/cmake --build /home/apoire/Documents/Robotica/robotica/ROSberta/build/ros_gz_example_application -- -j12 -l12
[0.924s] Level 1:colcon.colcon_core.environment:create_environment_scripts_only(ros_gz_example_description)
[0.924s] DEBUG:colcon.colcon_core.event_handler.log_command:Invoked command in '/home/apoire/Documents/Robotica/robotica/ROSberta/build/ros_gz_example_description' returned '0': CMAKE_PREFIX_PATH=${CMAKE_PREFIX_PATH}:/home/apoire/Documents/Robotica/robotica/ROSberta/install/robot_master:/home/apoire/Documents/Robotica/robotica/ROSberta/install/coverage:/opt/ros/jazzy DEBUGINFOD_URLS=https://debuginfod.ubuntu.com /usr/bin/cmake --install /home/apoire/Documents/Robotica/robotica/ROSberta/build/ros_gz_example_description
[0.931s] Level 1:colcon.colcon_core.environment:checking '/home/apoire/Documents/Robotica/robotica/ROSberta/install/ros_gz_example_description' for CMake module files
[0.932s] Level 1:colcon.colcon_core.environment:checking '/home/apoire/Documents/Robotica/robotica/ROSberta/install/ros_gz_example_description' for CMake config files
[0.932s] Level 1:colcon.colcon_core.shell:create_environment_hook('ros_gz_example_description', 'cmake_prefix_path')
[0.932s] INFO:colcon.colcon_core.shell:Creating environment hook '/home/apoire/Documents/Robotica/robotica/ROSberta/install/ros_gz_example_description/share/ros_gz_example_description/hook/cmake_prefix_path.ps1'
[0.933s] INFO:colcon.colcon_core.shell:Creating environment descriptor '/home/apoire/Documents/Robotica/robotica/ROSberta/install/ros_gz_example_description/share/ros_gz_example_description/hook/cmake_prefix_path.dsv'
[0.933s] INFO:colcon.colcon_core.shell:Creating environment hook '/home/apoire/Documents/Robotica/robotica/ROSberta/install/ros_gz_example_description/share/ros_gz_example_description/hook/cmake_prefix_path.sh'
[0.934s] Level 1:colcon.colcon_core.environment:checking '/home/apoire/Documents/Robotica/robotica/ROSberta/install/ros_gz_example_description/bin'
[0.934s] Level 1:colcon.colcon_core.environment:checking '/home/apoire/Documents/Robotica/robotica/ROSberta/install/ros_gz_example_description/lib/pkgconfig/ros_gz_example_description.pc'
[0.935s] Level 1:colcon.colcon_core.environment:checking '/home/apoire/Documents/Robotica/robotica/ROSberta/install/ros_gz_example_description/lib/python3.12/site-packages'
[0.935s] Level 1:colcon.colcon_core.environment:checking '/home/apoire/Documents/Robotica/robotica/ROSberta/install/ros_gz_example_description/bin'
[0.935s] INFO:colcon.colcon_core.shell:Creating package script '/home/apoire/Documents/Robotica/robotica/ROSberta/install/ros_gz_example_description/share/ros_gz_example_description/package.ps1'
[0.936s] INFO:colcon.colcon_core.shell:Creating package descriptor '/home/apoire/Documents/Robotica/robotica/ROSberta/install/ros_gz_example_description/share/ros_gz_example_description/package.dsv'
[0.937s] INFO:colcon.colcon_core.shell:Creating package script '/home/apoire/Documents/Robotica/robotica/ROSberta/install/ros_gz_example_description/share/ros_gz_example_description/package.sh'
[0.938s] INFO:colcon.colcon_core.shell:Creating package script '/home/apoire/Documents/Robotica/robotica/ROSberta/install/ros_gz_example_description/share/ros_gz_example_description/package.bash'
[0.939s] INFO:colcon.colcon_core.shell:Creating package script '/home/apoire/Documents/Robotica/robotica/ROSberta/install/ros_gz_example_description/share/ros_gz_example_description/package.zsh'
[0.939s] Level 1:colcon.colcon_core.environment:create_file_with_runtime_dependencies(/home/apoire/Documents/Robotica/robotica/ROSberta/install/ros_gz_example_description/share/colcon-core/packages/ros_gz_example_description)
[0.940s] Level 1:colcon.colcon_core.environment:create_environment_scripts_only(ros_gz_example_description)
[0.940s] Level 1:colcon.colcon_core.environment:checking '/home/apoire/Documents/Robotica/robotica/ROSberta/install/ros_gz_example_description' for CMake module files
[0.941s] Level 1:colcon.colcon_core.environment:checking '/home/apoire/Documents/Robotica/robotica/ROSberta/install/ros_gz_example_description' for CMake config files
[0.941s] Level 1:colcon.colcon_core.shell:create_environment_hook('ros_gz_example_description', 'cmake_prefix_path')
[0.942s] INFO:colcon.colcon_core.shell:Creating environment hook '/home/apoire/Documents/Robotica/robotica/ROSberta/install/ros_gz_example_description/share/ros_gz_example_description/hook/cmake_prefix_path.ps1'
[0.942s] INFO:colcon.colcon_core.shell:Creating environment descriptor '/home/apoire/Documents/Robotica/robotica/ROSberta/install/ros_gz_example_description/share/ros_gz_example_description/hook/cmake_prefix_path.dsv'
[0.943s] INFO:colcon.colcon_core.shell:Creating environment hook '/home/apoire/Documents/Robotica/robotica/ROSberta/install/ros_gz_example_description/share/ros_gz_example_description/hook/cmake_prefix_path.sh'
[0.943s] Level 1:colcon.colcon_core.environment:checking '/home/apoire/Documents/Robotica/robotica/ROSberta/install/ros_gz_example_description/bin'
[0.943s] Level 1:colcon.colcon_core.environment:checking '/home/apoire/Documents/Robotica/robotica/ROSberta/install/ros_gz_example_description/lib/pkgconfig/ros_gz_example_description.pc'
[0.944s] Level 1:colcon.colcon_core.environment:checking '/home/apoire/Documents/Robotica/robotica/ROSberta/install/ros_gz_example_description/lib/python3.12/site-packages'
[0.944s] Level 1:colcon.colcon_core.environment:checking '/home/apoire/Documents/Robotica/robotica/ROSberta/install/ros_gz_example_description/bin'
[0.944s] INFO:colcon.colcon_core.shell:Creating package script '/home/apoire/Documents/Robotica/robotica/ROSberta/install/ros_gz_example_description/share/ros_gz_example_description/package.ps1'
[0.945s] INFO:colcon.colcon_core.shell:Creating package descriptor '/home/apoire/Documents/Robotica/robotica/ROSberta/install/ros_gz_example_description/share/ros_gz_example_description/package.dsv'
[0.946s] INFO:colcon.colcon_core.shell:Creating package script '/home/apoire/Documents/Robotica/robotica/ROSberta/install/ros_gz_example_description/share/ros_gz_example_description/package.sh'
[0.946s] INFO:colcon.colcon_core.shell:Creating package script '/home/apoire/Documents/Robotica/robotica/ROSberta/install/ros_gz_example_description/share/ros_gz_example_description/package.bash'
[0.947s] INFO:colcon.colcon_core.shell:Creating package script '/home/apoire/Documents/Robotica/robotica/ROSberta/install/ros_gz_example_description/share/ros_gz_example_description/package.zsh'
[0.947s] Level 1:colcon.colcon_core.environment:create_file_with_runtime_dependencies(/home/apoire/Documents/Robotica/robotica/ROSberta/install/ros_gz_example_description/share/colcon-core/packages/ros_gz_example_description)
[0.948s] INFO:colcon.colcon_ros.task.ament_cmake.build:Building ROS package in '/home/apoire/Documents/Robotica/robotica/ROSberta/src/ros_gz_project_template/ros_gz_example_gazebo' with build type 'ament_cmake'
[0.948s] INFO:colcon.colcon_cmake.task.cmake.build:Building CMake package in '/home/apoire/Documents/Robotica/robotica/ROSberta/src/ros_gz_project_template/ros_gz_example_gazebo'
[0.948s] INFO:colcon.colcon_core.shell:Skip shell extension 'powershell' for command environment: Not usable outside of PowerShell
[0.948s] DEBUG:colcon.colcon_core.shell:Skip shell extension 'dsv' for command environment
[0.960s] DEBUG:colcon.colcon_core.event_handler.log_command:Invoking command in '/home/apoire/Documents/Robotica/robotica/ROSberta/build/ros_gz_example_gazebo': CMAKE_PREFIX_PATH=/home/apoire/Documents/Robotica/robotica/ROSberta/install/ros_gz_example_description:/home/apoire/Documents/Robotica/robotica/ROSberta/install/ros_gz_example_bringup:/home/apoire/Documents/Robotica/robotica/ROSberta/install/ros_gz_example_gazebo:/home/apoire/Documents/Robotica/robotica/ROSberta/install/ros_gz_example_application:/opt/ros/jazzy/opt/gz_sim_vendor:/opt/ros/jazzy/opt/gz_sensors_vendor:/opt/ros/jazzy/opt/gz_physics_vendor:/opt/ros/jazzy/opt/sdformat_vendor:/opt/ros/jazzy/opt/gz_gui_vendor:/opt/ros/jazzy/opt/gz_transport_vendor:/opt/ros/jazzy/opt/gz_rendering_vendor:/opt/ros/jazzy/opt/gz_plugin_vendor:/opt/ros/jazzy/opt/gz_fuel_tools_vendor:/opt/ros/jazzy/opt/gz_msgs_vendor:/opt/ros/jazzy/opt/gz_common_vendor:/opt/ros/jazzy/opt/gz_math_vendor:/opt/ros/jazzy/opt/gz_utils_vendor:/opt/ros/jazzy/opt/gz_tools_vendor:/opt/ros/jazzy/opt/gz_ogre_next_vendor:/opt/ros/jazzy/opt/gz_dartsim_vendor:/opt/ros/jazzy/opt/gz_cmake_vendor:/home/apoire/Documents/Robotica/robotica/ROSberta/install/robot_master:/home/apoire/Documents/Robotica/robotica/ROSberta/install/coverage:/opt/ros/jazzy DEBUGINFOD_URLS=https://debuginfod.ubuntu.com GZ_SIM_RESOURCE_PATH=/home/apoire/Documents/Robotica/robotica/ROSberta/install/ros_gz_example_description/share/ros_gz_example_description/models:${GZ_SIM_RESOURCE_PATH} /usr/bin/cmake --build /home/apoire/Documents/Robotica/robotica/ROSberta/build/ros_gz_example_gazebo -- -j12 -l12
[0.965s] DEBUG:colcon.colcon_core.event_handler.log_command:Invoked command in '/home/apoire/Documents/Robotica/robotica/ROSberta/build/ros_gz_example_application' returned '0': CMAKE_PREFIX_PATH=${CMAKE_PREFIX_PATH}:/home/apoire/Documents/Robotica/robotica/ROSberta/install/robot_master:/home/apoire/Documents/Robotica/robotica/ROSberta/install/coverage:/opt/ros/jazzy DEBUGINFOD_URLS=https://debuginfod.ubuntu.com /usr/bin/cmake --build /home/apoire/Documents/Robotica/robotica/ROSberta/build/ros_gz_example_application -- -j12 -l12
[0.966s] DEBUG:colcon.colcon_core.event_handler.log_command:Invoking command in '/home/apoire/Documents/Robotica/robotica/ROSberta/build/ros_gz_example_application': CMAKE_PREFIX_PATH=${CMAKE_PREFIX_PATH}:/home/apoire/Documents/Robotica/robotica/ROSberta/install/robot_master:/home/apoire/Documents/Robotica/robotica/ROSberta/install/coverage:/opt/ros/jazzy DEBUGINFOD_URLS=https://debuginfod.ubuntu.com /usr/bin/cmake --install /home/apoire/Documents/Robotica/robotica/ROSberta/build/ros_gz_example_application
[0.979s] Level 1:colcon.colcon_core.environment:create_environment_scripts_only(ros_gz_example_application)
[0.980s] Level 1:colcon.colcon_core.environment:checking '/home/apoire/Documents/Robotica/robotica/ROSberta/install/ros_gz_example_application' for CMake module files
[0.980s] DEBUG:colcon.colcon_core.event_handler.log_command:Invoked command in '/home/apoire/Documents/Robotica/robotica/ROSberta/build/ros_gz_example_application' returned '0': CMAKE_PREFIX_PATH=${CMAKE_PREFIX_PATH}:/home/apoire/Documents/Robotica/robotica/ROSberta/install/robot_master:/home/apoire/Documents/Robotica/robotica/ROSberta/install/coverage:/opt/ros/jazzy DEBUGINFOD_URLS=https://debuginfod.ubuntu.com /usr/bin/cmake --install /home/apoire/Documents/Robotica/robotica/ROSberta/build/ros_gz_example_application
[0.981s] Level 1:colcon.colcon_core.environment:checking '/home/apoire/Documents/Robotica/robotica/ROSberta/install/ros_gz_example_application' for CMake config files
[0.981s] Level 1:colcon.colcon_core.shell:create_environment_hook('ros_gz_example_application', 'cmake_prefix_path')
[0.982s] INFO:colcon.colcon_core.shell:Creating environment hook '/home/apoire/Documents/Robotica/robotica/ROSberta/install/ros_gz_example_application/share/ros_gz_example_application/hook/cmake_prefix_path.ps1'
[0.982s] INFO:colcon.colcon_core.shell:Creating environment descriptor '/home/apoire/Documents/Robotica/robotica/ROSberta/install/ros_gz_example_application/share/ros_gz_example_application/hook/cmake_prefix_path.dsv'
[0.983s] INFO:colcon.colcon_core.shell:Creating environment hook '/home/apoire/Documents/Robotica/robotica/ROSberta/install/ros_gz_example_application/share/ros_gz_example_application/hook/cmake_prefix_path.sh'
[0.983s] Level 1:colcon.colcon_core.environment:checking '/home/apoire/Documents/Robotica/robotica/ROSberta/install/ros_gz_example_application/bin'
[0.983s] Level 1:colcon.colcon_core.environment:checking '/home/apoire/Documents/Robotica/robotica/ROSberta/install/ros_gz_example_application/lib/pkgconfig/ros_gz_example_application.pc'
[0.984s] Level 1:colcon.colcon_core.environment:checking '/home/apoire/Documents/Robotica/robotica/ROSberta/install/ros_gz_example_application/lib/python3.12/site-packages'
[0.984s] Level 1:colcon.colcon_core.environment:checking '/home/apoire/Documents/Robotica/robotica/ROSberta/install/ros_gz_example_application/bin'
[0.984s] INFO:colcon.colcon_core.shell:Creating package script '/home/apoire/Documents/Robotica/robotica/ROSberta/install/ros_gz_example_application/share/ros_gz_example_application/package.ps1'
[0.985s] INFO:colcon.colcon_core.shell:Creating package descriptor '/home/apoire/Documents/Robotica/robotica/ROSberta/install/ros_gz_example_application/share/ros_gz_example_application/package.dsv'
[0.985s] INFO:colcon.colcon_core.shell:Creating package script '/home/apoire/Documents/Robotica/robotica/ROSberta/install/ros_gz_example_application/share/ros_gz_example_application/package.sh'
[0.986s] INFO:colcon.colcon_core.shell:Creating package script '/home/apoire/Documents/Robotica/robotica/ROSberta/install/ros_gz_example_application/share/ros_gz_example_application/package.bash'
[0.986s] INFO:colcon.colcon_core.shell:Creating package script '/home/apoire/Documents/Robotica/robotica/ROSberta/install/ros_gz_example_application/share/ros_gz_example_application/package.zsh'
[0.987s] Level 1:colcon.colcon_core.environment:create_file_with_runtime_dependencies(/home/apoire/Documents/Robotica/robotica/ROSberta/install/ros_gz_example_application/share/colcon-core/packages/ros_gz_example_application)
[0.987s] Level 1:colcon.colcon_core.environment:create_environment_scripts_only(ros_gz_example_application)
[0.988s] Level 1:colcon.colcon_core.environment:checking '/home/apoire/Documents/Robotica/robotica/ROSberta/install/ros_gz_example_application' for CMake module files
[0.988s] Level 1:colcon.colcon_core.environment:checking '/home/apoire/Documents/Robotica/robotica/ROSberta/install/ros_gz_example_application' for CMake config files
[0.988s] Level 1:colcon.colcon_core.shell:create_environment_hook('ros_gz_example_application', 'cmake_prefix_path')
[0.989s] INFO:colcon.colcon_core.shell:Creating environment hook '/home/apoire/Documents/Robotica/robotica/ROSberta/install/ros_gz_example_application/share/ros_gz_example_application/hook/cmake_prefix_path.ps1'
[0.989s] INFO:colcon.colcon_core.shell:Creating environment descriptor '/home/apoire/Documents/Robotica/robotica/ROSberta/install/ros_gz_example_application/share/ros_gz_example_application/hook/cmake_prefix_path.dsv'
[0.990s] INFO:colcon.colcon_core.shell:Creating environment hook '/home/apoire/Documents/Robotica/robotica/ROSberta/install/ros_gz_example_application/share/ros_gz_example_application/hook/cmake_prefix_path.sh'
[0.990s] Level 1:colcon.colcon_core.environment:checking '/home/apoire/Documents/Robotica/robotica/ROSberta/install/ros_gz_example_application/bin'
[0.990s] Level 1:colcon.colcon_core.environment:checking '/home/apoire/Documents/Robotica/robotica/ROSberta/install/ros_gz_example_application/lib/pkgconfig/ros_gz_example_application.pc'
[0.991s] Level 1:colcon.colcon_core.environment:checking '/home/apoire/Documents/Robotica/robotica/ROSberta/install/ros_gz_example_application/lib/python3.12/site-packages'
[0.991s] Level 1:colcon.colcon_core.environment:checking '/home/apoire/Documents/Robotica/robotica/ROSberta/install/ros_gz_example_application/bin'
[0.991s] INFO:colcon.colcon_core.shell:Creating package script '/home/apoire/Documents/Robotica/robotica/ROSberta/install/ros_gz_example_application/share/ros_gz_example_application/package.ps1'
[0.992s] INFO:colcon.colcon_core.shell:Creating package descriptor '/home/apoire/Documents/Robotica/robotica/ROSberta/install/ros_gz_example_application/share/ros_gz_example_application/package.dsv'
[0.992s] INFO:colcon.colcon_core.shell:Creating package script '/home/apoire/Documents/Robotica/robotica/ROSberta/install/ros_gz_example_application/share/ros_gz_example_application/package.sh'
[0.993s] INFO:colcon.colcon_core.shell:Creating package script '/home/apoire/Documents/Robotica/robotica/ROSberta/install/ros_gz_example_application/share/ros_gz_example_application/package.bash'
[0.993s] INFO:colcon.colcon_core.shell:Creating package script '/home/apoire/Documents/Robotica/robotica/ROSberta/install/ros_gz_example_application/share/ros_gz_example_application/package.zsh'
[0.993s] Level 1:colcon.colcon_core.environment:create_file_with_runtime_dependencies(/home/apoire/Documents/Robotica/robotica/ROSberta/install/ros_gz_example_application/share/colcon-core/packages/ros_gz_example_application)
[1.050s] DEBUG:colcon.colcon_core.event_handler.log_command:Invoked command in '/home/apoire/Documents/Robotica/robotica/ROSberta/build/ros_gz_example_gazebo' returned '0': CMAKE_PREFIX_PATH=/home/apoire/Documents/Robotica/robotica/ROSberta/install/ros_gz_example_description:/home/apoire/Documents/Robotica/robotica/ROSberta/install/ros_gz_example_bringup:/home/apoire/Documents/Robotica/robotica/ROSberta/install/ros_gz_example_gazebo:/home/apoire/Documents/Robotica/robotica/ROSberta/install/ros_gz_example_application:/opt/ros/jazzy/opt/gz_sim_vendor:/opt/ros/jazzy/opt/gz_sensors_vendor:/opt/ros/jazzy/opt/gz_physics_vendor:/opt/ros/jazzy/opt/sdformat_vendor:/opt/ros/jazzy/opt/gz_gui_vendor:/opt/ros/jazzy/opt/gz_transport_vendor:/opt/ros/jazzy/opt/gz_rendering_vendor:/opt/ros/jazzy/opt/gz_plugin_vendor:/opt/ros/jazzy/opt/gz_fuel_tools_vendor:/opt/ros/jazzy/opt/gz_msgs_vendor:/opt/ros/jazzy/opt/gz_common_vendor:/opt/ros/jazzy/opt/gz_math_vendor:/opt/ros/jazzy/opt/gz_utils_vendor:/opt/ros/jazzy/opt/gz_tools_vendor:/opt/ros/jazzy/opt/gz_ogre_next_vendor:/opt/ros/jazzy/opt/gz_dartsim_vendor:/opt/ros/jazzy/opt/gz_cmake_vendor:/home/apoire/Documents/Robotica/robotica/ROSberta/install/robot_master:/home/apoire/Documents/Robotica/robotica/ROSberta/install/coverage:/opt/ros/jazzy DEBUGINFOD_URLS=https://debuginfod.ubuntu.com GZ_SIM_RESOURCE_PATH=/home/apoire/Documents/Robotica/robotica/ROSberta/install/ros_gz_example_description/share/ros_gz_example_description/models:${GZ_SIM_RESOURCE_PATH} /usr/bin/cmake --build /home/apoire/Documents/Robotica/robotica/ROSberta/build/ros_gz_example_gazebo -- -j12 -l12
[1.052s] DEBUG:colcon.colcon_core.event_handler.log_command:Invoking command in '/home/apoire/Documents/Robotica/robotica/ROSberta/build/ros_gz_example_gazebo': CMAKE_PREFIX_PATH=/home/apoire/Documents/Robotica/robotica/ROSberta/install/ros_gz_example_description:/home/apoire/Documents/Robotica/robotica/ROSberta/install/ros_gz_example_bringup:/home/apoire/Documents/Robotica/robotica/ROSberta/install/ros_gz_example_gazebo:/home/apoire/Documents/Robotica/robotica/ROSberta/install/ros_gz_example_application:/opt/ros/jazzy/opt/gz_sim_vendor:/opt/ros/jazzy/opt/gz_sensors_vendor:/opt/ros/jazzy/opt/gz_physics_vendor:/opt/ros/jazzy/opt/sdformat_vendor:/opt/ros/jazzy/opt/gz_gui_vendor:/opt/ros/jazzy/opt/gz_transport_vendor:/opt/ros/jazzy/opt/gz_rendering_vendor:/opt/ros/jazzy/opt/gz_plugin_vendor:/opt/ros/jazzy/opt/gz_fuel_tools_vendor:/opt/ros/jazzy/opt/gz_msgs_vendor:/opt/ros/jazzy/opt/gz_common_vendor:/opt/ros/jazzy/opt/gz_math_vendor:/opt/ros/jazzy/opt/gz_utils_vendor:/opt/ros/jazzy/opt/gz_tools_vendor:/opt/ros/jazzy/opt/gz_ogre_next_vendor:/opt/ros/jazzy/opt/gz_dartsim_vendor:/opt/ros/jazzy/opt/gz_cmake_vendor:/home/apoire/Documents/Robotica/robotica/ROSberta/install/robot_master:/home/apoire/Documents/Robotica/robotica/ROSberta/install/coverage:/opt/ros/jazzy DEBUGINFOD_URLS=https://debuginfod.ubuntu.com GZ_SIM_RESOURCE_PATH=/home/apoire/Documents/Robotica/robotica/ROSberta/install/ros_gz_example_description/share/ros_gz_example_description/models:${GZ_SIM_RESOURCE_PATH} /usr/bin/cmake --install /home/apoire/Documents/Robotica/robotica/ROSberta/build/ros_gz_example_gazebo
[1.066s] Level 1:colcon.colcon_core.environment:create_environment_scripts_only(ros_gz_example_gazebo)
[1.066s] Level 1:colcon.colcon_core.environment:checking '/home/apoire/Documents/Robotica/robotica/ROSberta/install/ros_gz_example_gazebo' for CMake module files
[1.067s] DEBUG:colcon.colcon_core.event_handler.log_command:Invoked command in '/home/apoire/Documents/Robotica/robotica/ROSberta/build/ros_gz_example_gazebo' returned '0': CMAKE_PREFIX_PATH=/home/apoire/Documents/Robotica/robotica/ROSberta/install/ros_gz_example_description:/home/apoire/Documents/Robotica/robotica/ROSberta/install/ros_gz_example_bringup:/home/apoire/Documents/Robotica/robotica/ROSberta/install/ros_gz_example_gazebo:/home/apoire/Documents/Robotica/robotica/ROSberta/install/ros_gz_example_application:/opt/ros/jazzy/opt/gz_sim_vendor:/opt/ros/jazzy/opt/gz_sensors_vendor:/opt/ros/jazzy/opt/gz_physics_vendor:/opt/ros/jazzy/opt/sdformat_vendor:/opt/ros/jazzy/opt/gz_gui_vendor:/opt/ros/jazzy/opt/gz_transport_vendor:/opt/ros/jazzy/opt/gz_rendering_vendor:/opt/ros/jazzy/opt/gz_plugin_vendor:/opt/ros/jazzy/opt/gz_fuel_tools_vendor:/opt/ros/jazzy/opt/gz_msgs_vendor:/opt/ros/jazzy/opt/gz_common_vendor:/opt/ros/jazzy/opt/gz_math_vendor:/opt/ros/jazzy/opt/gz_utils_vendor:/opt/ros/jazzy/opt/gz_tools_vendor:/opt/ros/jazzy/opt/gz_ogre_next_vendor:/opt/ros/jazzy/opt/gz_dartsim_vendor:/opt/ros/jazzy/opt/gz_cmake_vendor:/home/apoire/Documents/Robotica/robotica/ROSberta/install/robot_master:/home/apoire/Documents/Robotica/robotica/ROSberta/install/coverage:/opt/ros/jazzy DEBUGINFOD_URLS=https://debuginfod.ubuntu.com GZ_SIM_RESOURCE_PATH=/home/apoire/Documents/Robotica/robotica/ROSberta/install/ros_gz_example_description/share/ros_gz_example_description/models:${GZ_SIM_RESOURCE_PATH} /usr/bin/cmake --install /home/apoire/Documents/Robotica/robotica/ROSberta/build/ros_gz_example_gazebo
[1.067s] Level 1:colcon.colcon_core.environment:checking '/home/apoire/Documents/Robotica/robotica/ROSberta/install/ros_gz_example_gazebo' for CMake config files
[1.067s] Level 1:colcon.colcon_core.shell:create_environment_hook('ros_gz_example_gazebo', 'cmake_prefix_path')
[1.067s] INFO:colcon.colcon_core.shell:Creating environment hook '/home/apoire/Documents/Robotica/robotica/ROSberta/install/ros_gz_example_gazebo/share/ros_gz_example_gazebo/hook/cmake_prefix_path.ps1'
[1.068s] INFO:colcon.colcon_core.shell:Creating environment descriptor '/home/apoire/Documents/Robotica/robotica/ROSberta/install/ros_gz_example_gazebo/share/ros_gz_example_gazebo/hook/cmake_prefix_path.dsv'
[1.068s] INFO:colcon.colcon_core.shell:Creating environment hook '/home/apoire/Documents/Robotica/robotica/ROSberta/install/ros_gz_example_gazebo/share/ros_gz_example_gazebo/hook/cmake_prefix_path.sh'
[1.069s] Level 1:colcon.colcon_core.environment:checking '/home/apoire/Documents/Robotica/robotica/ROSberta/install/ros_gz_example_gazebo/lib'
[1.069s] Level 1:colcon.colcon_core.environment:checking '/home/apoire/Documents/Robotica/robotica/ROSberta/install/ros_gz_example_gazebo/bin'
[1.069s] Level 1:colcon.colcon_core.environment:checking '/home/apoire/Documents/Robotica/robotica/ROSberta/install/ros_gz_example_gazebo/lib/pkgconfig/ros_gz_example_gazebo.pc'
[1.069s] Level 1:colcon.colcon_core.environment:checking '/home/apoire/Documents/Robotica/robotica/ROSberta/install/ros_gz_example_gazebo/lib/python3.12/site-packages'
[1.069s] Level 1:colcon.colcon_core.environment:checking '/home/apoire/Documents/Robotica/robotica/ROSberta/install/ros_gz_example_gazebo/bin'
[1.069s] INFO:colcon.colcon_core.shell:Creating package script '/home/apoire/Documents/Robotica/robotica/ROSberta/install/ros_gz_example_gazebo/share/ros_gz_example_gazebo/package.ps1'
[1.070s] INFO:colcon.colcon_core.shell:Creating package descriptor '/home/apoire/Documents/Robotica/robotica/ROSberta/install/ros_gz_example_gazebo/share/ros_gz_example_gazebo/package.dsv'
[1.070s] INFO:colcon.colcon_core.shell:Creating package script '/home/apoire/Documents/Robotica/robotica/ROSberta/install/ros_gz_example_gazebo/share/ros_gz_example_gazebo/package.sh'
[1.071s] INFO:colcon.colcon_core.shell:Creating package script '/home/apoire/Documents/Robotica/robotica/ROSberta/install/ros_gz_example_gazebo/share/ros_gz_example_gazebo/package.bash'
[1.071s] INFO:colcon.colcon_core.shell:Creating package script '/home/apoire/Documents/Robotica/robotica/ROSberta/install/ros_gz_example_gazebo/share/ros_gz_example_gazebo/package.zsh'
[1.071s] Level 1:colcon.colcon_core.environment:create_file_with_runtime_dependencies(/home/apoire/Documents/Robotica/robotica/ROSberta/install/ros_gz_example_gazebo/share/colcon-core/packages/ros_gz_example_gazebo)
[1.072s] Level 1:colcon.colcon_core.environment:create_environment_scripts_only(ros_gz_example_gazebo)
[1.072s] Level 1:colcon.colcon_core.environment:checking '/home/apoire/Documents/Robotica/robotica/ROSberta/install/ros_gz_example_gazebo' for CMake module files
[1.072s] Level 1:colcon.colcon_core.environment:checking '/home/apoire/Documents/Robotica/robotica/ROSberta/install/ros_gz_example_gazebo' for CMake config files
[1.073s] Level 1:colcon.colcon_core.shell:create_environment_hook('ros_gz_example_gazebo', 'cmake_prefix_path')
[1.073s] INFO:colcon.colcon_core.shell:Creating environment hook '/home/apoire/Documents/Robotica/robotica/ROSberta/install/ros_gz_example_gazebo/share/ros_gz_example_gazebo/hook/cmake_prefix_path.ps1'
[1.073s] INFO:colcon.colcon_core.shell:Creating environment descriptor '/home/apoire/Documents/Robotica/robotica/ROSberta/install/ros_gz_example_gazebo/share/ros_gz_example_gazebo/hook/cmake_prefix_path.dsv'
[1.074s] INFO:colcon.colcon_core.shell:Creating environment hook '/home/apoire/Documents/Robotica/robotica/ROSberta/install/ros_gz_example_gazebo/share/ros_gz_example_gazebo/hook/cmake_prefix_path.sh'
[1.074s] Level 1:colcon.colcon_core.environment:checking '/home/apoire/Documents/Robotica/robotica/ROSberta/install/ros_gz_example_gazebo/lib'
[1.074s] Level 1:colcon.colcon_core.environment:checking '/home/apoire/Documents/Robotica/robotica/ROSberta/install/ros_gz_example_gazebo/bin'
[1.074s] Level 1:colcon.colcon_core.environment:checking '/home/apoire/Documents/Robotica/robotica/ROSberta/install/ros_gz_example_gazebo/lib/pkgconfig/ros_gz_example_gazebo.pc'
[1.075s] Level 1:colcon.colcon_core.environment:checking '/home/apoire/Documents/Robotica/robotica/ROSberta/install/ros_gz_example_gazebo/lib/python3.12/site-packages'
[1.075s] Level 1:colcon.colcon_core.environment:checking '/home/apoire/Documents/Robotica/robotica/ROSberta/install/ros_gz_example_gazebo/bin'
[1.075s] INFO:colcon.colcon_core.shell:Creating package script '/home/apoire/Documents/Robotica/robotica/ROSberta/install/ros_gz_example_gazebo/share/ros_gz_example_gazebo/package.ps1'
[1.076s] INFO:colcon.colcon_core.shell:Creating package descriptor '/home/apoire/Documents/Robotica/robotica/ROSberta/install/ros_gz_example_gazebo/share/ros_gz_example_gazebo/package.dsv'
[1.076s] INFO:colcon.colcon_core.shell:Creating package script '/home/apoire/Documents/Robotica/robotica/ROSberta/install/ros_gz_example_gazebo/share/ros_gz_example_gazebo/package.sh'
[1.077s] INFO:colcon.colcon_core.shell:Creating package script '/home/apoire/Documents/Robotica/robotica/ROSberta/install/ros_gz_example_gazebo/share/ros_gz_example_gazebo/package.bash'
[1.077s] INFO:colcon.colcon_core.shell:Creating package script '/home/apoire/Documents/Robotica/robotica/ROSberta/install/ros_gz_example_gazebo/share/ros_gz_example_gazebo/package.zsh'
[1.077s] Level 1:colcon.colcon_core.environment:create_file_with_runtime_dependencies(/home/apoire/Documents/Robotica/robotica/ROSberta/install/ros_gz_example_gazebo/share/colcon-core/packages/ros_gz_example_gazebo)
[1.078s] INFO:colcon.colcon_ros.task.ament_cmake.build:Building ROS package in '/home/apoire/Documents/Robotica/robotica/ROSberta/src/ros_gz_project_template/ros_gz_example_bringup' with build type 'ament_cmake'
[1.078s] INFO:colcon.colcon_cmake.task.cmake.build:Building CMake package in '/home/apoire/Documents/Robotica/robotica/ROSberta/src/ros_gz_project_template/ros_gz_example_bringup'
[1.078s] INFO:colcon.colcon_core.shell:Skip shell extension 'powershell' for command environment: Not usable outside of PowerShell
[1.078s] DEBUG:colcon.colcon_core.shell:Skip shell extension 'dsv' for command environment
[1.091s] DEBUG:colcon.colcon_core.event_handler.log_command:Invoking command in '/home/apoire/Documents/Robotica/robotica/ROSberta/build/ros_gz_example_bringup': CMAKE_PREFIX_PATH=/home/apoire/Documents/Robotica/robotica/ROSberta/install/ros_gz_example_gazebo:/home/apoire/Documents/Robotica/robotica/ROSberta/install/ros_gz_example_description:/home/apoire/Documents/Robotica/robotica/ROSberta/install/ros_gz_example_bringup:/home/apoire/Documents/Robotica/robotica/ROSberta/install/ros_gz_example_application:/opt/ros/jazzy/opt/gz_sim_vendor:/opt/ros/jazzy/opt/gz_sensors_vendor:/opt/ros/jazzy/opt/gz_physics_vendor:/opt/ros/jazzy/opt/sdformat_vendor:/opt/ros/jazzy/opt/gz_gui_vendor:/opt/ros/jazzy/opt/gz_transport_vendor:/opt/ros/jazzy/opt/gz_rendering_vendor:/opt/ros/jazzy/opt/gz_plugin_vendor:/opt/ros/jazzy/opt/gz_fuel_tools_vendor:/opt/ros/jazzy/opt/gz_msgs_vendor:/opt/ros/jazzy/opt/gz_common_vendor:/opt/ros/jazzy/opt/gz_math_vendor:/opt/ros/jazzy/opt/gz_utils_vendor:/opt/ros/jazzy/opt/gz_tools_vendor:/opt/ros/jazzy/opt/gz_ogre_next_vendor:/opt/ros/jazzy/opt/gz_dartsim_vendor:/opt/ros/jazzy/opt/gz_cmake_vendor:/home/apoire/Documents/Robotica/robotica/ROSberta/install/robot_master:/home/apoire/Documents/Robotica/robotica/ROSberta/install/coverage:/opt/ros/jazzy DEBUGINFOD_URLS=https://debuginfod.ubuntu.com GZ_SIM_PLUGIN_PATH=/home/apoire/Documents/Robotica/robotica/ROSberta/install/ros_gz_example_gazebo/lib/ros_gz_example_gazebo GZ_SIM_RESOURCE_PATH=/home/apoire/Documents/Robotica/robotica/ROSberta/install/ros_gz_example_description/share/ros_gz_example_description/models:${GZ_SIM_RESOURCE_PATH} /usr/bin/cmake --build /home/apoire/Documents/Robotica/robotica/ROSberta/build/ros_gz_example_bringup -- -j12 -l12
[1.140s] DEBUG:colcon.colcon_core.event_handler.log_command:Invoked command in '/home/apoire/Documents/Robotica/robotica/ROSberta/build/ros_gz_example_bringup' returned '0': CMAKE_PREFIX_PATH=/home/apoire/Documents/Robotica/robotica/ROSberta/install/ros_gz_example_gazebo:/home/apoire/Documents/Robotica/robotica/ROSberta/install/ros_gz_example_description:/home/apoire/Documents/Robotica/robotica/ROSberta/install/ros_gz_example_bringup:/home/apoire/Documents/Robotica/robotica/ROSberta/install/ros_gz_example_application:/opt/ros/jazzy/opt/gz_sim_vendor:/opt/ros/jazzy/opt/gz_sensors_vendor:/opt/ros/jazzy/opt/gz_physics_vendor:/opt/ros/jazzy/opt/sdformat_vendor:/opt/ros/jazzy/opt/gz_gui_vendor:/opt/ros/jazzy/opt/gz_transport_vendor:/opt/ros/jazzy/opt/gz_rendering_vendor:/opt/ros/jazzy/opt/gz_plugin_vendor:/opt/ros/jazzy/opt/gz_fuel_tools_vendor:/opt/ros/jazzy/opt/gz_msgs_vendor:/opt/ros/jazzy/opt/gz_common_vendor:/opt/ros/jazzy/opt/gz_math_vendor:/opt/ros/jazzy/opt/gz_utils_vendor:/opt/ros/jazzy/opt/gz_tools_vendor:/opt/ros/jazzy/opt/gz_ogre_next_vendor:/opt/ros/jazzy/opt/gz_dartsim_vendor:/opt/ros/jazzy/opt/gz_cmake_vendor:/home/apoire/Documents/Robotica/robotica/ROSberta/install/robot_master:/home/apoire/Documents/Robotica/robotica/ROSberta/install/coverage:/opt/ros/jazzy DEBUGINFOD_URLS=https://debuginfod.ubuntu.com GZ_SIM_PLUGIN_PATH=/home/apoire/Documents/Robotica/robotica/ROSberta/install/ros_gz_example_gazebo/lib/ros_gz_example_gazebo GZ_SIM_RESOURCE_PATH=/home/apoire/Documents/Robotica/robotica/ROSberta/install/ros_gz_example_description/share/ros_gz_example_description/models:${GZ_SIM_RESOURCE_PATH} /usr/bin/cmake --build /home/apoire/Documents/Robotica/robotica/ROSberta/build/ros_gz_example_bringup -- -j12 -l12
[1.141s] DEBUG:colcon.colcon_core.event_handler.log_command:Invoking command in '/home/apoire/Documents/Robotica/robotica/ROSberta/build/ros_gz_example_bringup': CMAKE_PREFIX_PATH=/home/apoire/Documents/Robotica/robotica/ROSberta/install/ros_gz_example_gazebo:/home/apoire/Documents/Robotica/robotica/ROSberta/install/ros_gz_example_description:/home/apoire/Documents/Robotica/robotica/ROSberta/install/ros_gz_example_bringup:/home/apoire/Documents/Robotica/robotica/ROSberta/install/ros_gz_example_application:/opt/ros/jazzy/opt/gz_sim_vendor:/opt/ros/jazzy/opt/gz_sensors_vendor:/opt/ros/jazzy/opt/gz_physics_vendor:/opt/ros/jazzy/opt/sdformat_vendor:/opt/ros/jazzy/opt/gz_gui_vendor:/opt/ros/jazzy/opt/gz_transport_vendor:/opt/ros/jazzy/opt/gz_rendering_vendor:/opt/ros/jazzy/opt/gz_plugin_vendor:/opt/ros/jazzy/opt/gz_fuel_tools_vendor:/opt/ros/jazzy/opt/gz_msgs_vendor:/opt/ros/jazzy/opt/gz_common_vendor:/opt/ros/jazzy/opt/gz_math_vendor:/opt/ros/jazzy/opt/gz_utils_vendor:/opt/ros/jazzy/opt/gz_tools_vendor:/opt/ros/jazzy/opt/gz_ogre_next_vendor:/opt/ros/jazzy/opt/gz_dartsim_vendor:/opt/ros/jazzy/opt/gz_cmake_vendor:/home/apoire/Documents/Robotica/robotica/ROSberta/install/robot_master:/home/apoire/Documents/Robotica/robotica/ROSberta/install/coverage:/opt/ros/jazzy DEBUGINFOD_URLS=https://debuginfod.ubuntu.com GZ_SIM_PLUGIN_PATH=/home/apoire/Documents/Robotica/robotica/ROSberta/install/ros_gz_example_gazebo/lib/ros_gz_example_gazebo GZ_SIM_RESOURCE_PATH=/home/apoire/Documents/Robotica/robotica/ROSberta/install/ros_gz_example_description/share/ros_gz_example_description/models:${GZ_SIM_RESOURCE_PATH} /usr/bin/cmake --install /home/apoire/Documents/Robotica/robotica/ROSberta/build/ros_gz_example_bringup
[1.155s] Level 1:colcon.colcon_core.environment:create_environment_scripts_only(ros_gz_example_bringup)
[1.155s] Level 1:colcon.colcon_core.environment:checking '/home/apoire/Documents/Robotica/robotica/ROSberta/install/ros_gz_example_bringup' for CMake module files
[1.156s] DEBUG:colcon.colcon_core.event_handler.log_command:Invoked command in '/home/apoire/Documents/Robotica/robotica/ROSberta/build/ros_gz_example_bringup' returned '0': CMAKE_PREFIX_PATH=/home/apoire/Documents/Robotica/robotica/ROSberta/install/ros_gz_example_gazebo:/home/apoire/Documents/Robotica/robotica/ROSberta/install/ros_gz_example_description:/home/apoire/Documents/Robotica/robotica/ROSberta/install/ros_gz_example_bringup:/home/apoire/Documents/Robotica/robotica/ROSberta/install/ros_gz_example_application:/opt/ros/jazzy/opt/gz_sim_vendor:/opt/ros/jazzy/opt/gz_sensors_vendor:/opt/ros/jazzy/opt/gz_physics_vendor:/opt/ros/jazzy/opt/sdformat_vendor:/opt/ros/jazzy/opt/gz_gui_vendor:/opt/ros/jazzy/opt/gz_transport_vendor:/opt/ros/jazzy/opt/gz_rendering_vendor:/opt/ros/jazzy/opt/gz_plugin_vendor:/opt/ros/jazzy/opt/gz_fuel_tools_vendor:/opt/ros/jazzy/opt/gz_msgs_vendor:/opt/ros/jazzy/opt/gz_common_vendor:/opt/ros/jazzy/opt/gz_math_vendor:/opt/ros/jazzy/opt/gz_utils_vendor:/opt/ros/jazzy/opt/gz_tools_vendor:/opt/ros/jazzy/opt/gz_ogre_next_vendor:/opt/ros/jazzy/opt/gz_dartsim_vendor:/opt/ros/jazzy/opt/gz_cmake_vendor:/home/apoire/Documents/Robotica/robotica/ROSberta/install/robot_master:/home/apoire/Documents/Robotica/robotica/ROSberta/install/coverage:/opt/ros/jazzy DEBUGINFOD_URLS=https://debuginfod.ubuntu.com GZ_SIM_PLUGIN_PATH=/home/apoire/Documents/Robotica/robotica/ROSberta/install/ros_gz_example_gazebo/lib/ros_gz_example_gazebo GZ_SIM_RESOURCE_PATH=/home/apoire/Documents/Robotica/robotica/ROSberta/install/ros_gz_example_description/share/ros_gz_example_description/models:${GZ_SIM_RESOURCE_PATH} /usr/bin/cmake --install /home/apoire/Documents/Robotica/robotica/ROSberta/build/ros_gz_example_bringup
[1.156s] Level 1:colcon.colcon_core.environment:checking '/home/apoire/Documents/Robotica/robotica/ROSberta/install/ros_gz_example_bringup' for CMake config files
[1.156s] Level 1:colcon.colcon_core.shell:create_environment_hook('ros_gz_example_bringup', 'cmake_prefix_path')
[1.157s] INFO:colcon.colcon_core.shell:Creating environment hook '/home/apoire/Documents/Robotica/robotica/ROSberta/install/ros_gz_example_bringup/share/ros_gz_example_bringup/hook/cmake_prefix_path.ps1'
[1.157s] INFO:colcon.colcon_core.shell:Creating environment descriptor '/home/apoire/Documents/Robotica/robotica/ROSberta/install/ros_gz_example_bringup/share/ros_gz_example_bringup/hook/cmake_prefix_path.dsv'
[1.157s] INFO:colcon.colcon_core.shell:Creating environment hook '/home/apoire/Documents/Robotica/robotica/ROSberta/install/ros_gz_example_bringup/share/ros_gz_example_bringup/hook/cmake_prefix_path.sh'
[1.158s] Level 1:colcon.colcon_core.environment:checking '/home/apoire/Documents/Robotica/robotica/ROSberta/install/ros_gz_example_bringup/bin'
[1.158s] Level 1:colcon.colcon_core.environment:checking '/home/apoire/Documents/Robotica/robotica/ROSberta/install/ros_gz_example_bringup/lib/pkgconfig/ros_gz_example_bringup.pc'
[1.158s] Level 1:colcon.colcon_core.environment:checking '/home/apoire/Documents/Robotica/robotica/ROSberta/install/ros_gz_example_bringup/lib/python3.12/site-packages'
[1.158s] Level 1:colcon.colcon_core.environment:checking '/home/apoire/Documents/Robotica/robotica/ROSberta/install/ros_gz_example_bringup/bin'
[1.159s] INFO:colcon.colcon_core.shell:Creating package script '/home/apoire/Documents/Robotica/robotica/ROSberta/install/ros_gz_example_bringup/share/ros_gz_example_bringup/package.ps1'
[1.159s] INFO:colcon.colcon_core.shell:Creating package descriptor '/home/apoire/Documents/Robotica/robotica/ROSberta/install/ros_gz_example_bringup/share/ros_gz_example_bringup/package.dsv'
[1.159s] INFO:colcon.colcon_core.shell:Creating package script '/home/apoire/Documents/Robotica/robotica/ROSberta/install/ros_gz_example_bringup/share/ros_gz_example_bringup/package.sh'
[1.160s] INFO:colcon.colcon_core.shell:Creating package script '/home/apoire/Documents/Robotica/robotica/ROSberta/install/ros_gz_example_bringup/share/ros_gz_example_bringup/package.bash'
[1.160s] INFO:colcon.colcon_core.shell:Creating package script '/home/apoire/Documents/Robotica/robotica/ROSberta/install/ros_gz_example_bringup/share/ros_gz_example_bringup/package.zsh'
[1.160s] Level 1:colcon.colcon_core.environment:create_file_with_runtime_dependencies(/home/apoire/Documents/Robotica/robotica/ROSberta/install/ros_gz_example_bringup/share/colcon-core/packages/ros_gz_example_bringup)
[1.161s] Level 1:colcon.colcon_core.environment:create_environment_scripts_only(ros_gz_example_bringup)
[1.161s] Level 1:colcon.colcon_core.environment:checking '/home/apoire/Documents/Robotica/robotica/ROSberta/install/ros_gz_example_bringup' for CMake module files
[1.162s] Level 1:colcon.colcon_core.environment:checking '/home/apoire/Documents/Robotica/robotica/ROSberta/install/ros_gz_example_bringup' for CMake config files
[1.162s] Level 1:colcon.colcon_core.shell:create_environment_hook('ros_gz_example_bringup', 'cmake_prefix_path')
[1.162s] INFO:colcon.colcon_core.shell:Creating environment hook '/home/apoire/Documents/Robotica/robotica/ROSberta/install/ros_gz_example_bringup/share/ros_gz_example_bringup/hook/cmake_prefix_path.ps1'
[1.162s] INFO:colcon.colcon_core.shell:Creating environment descriptor '/home/apoire/Documents/Robotica/robotica/ROSberta/install/ros_gz_example_bringup/share/ros_gz_example_bringup/hook/cmake_prefix_path.dsv'
[1.163s] INFO:colcon.colcon_core.shell:Creating environment hook '/home/apoire/Documents/Robotica/robotica/ROSberta/install/ros_gz_example_bringup/share/ros_gz_example_bringup/hook/cmake_prefix_path.sh'
[1.163s] Level 1:colcon.colcon_core.environment:checking '/home/apoire/Documents/Robotica/robotica/ROSberta/install/ros_gz_example_bringup/bin'
[1.163s] Level 1:colcon.colcon_core.environment:checking '/home/apoire/Documents/Robotica/robotica/ROSberta/install/ros_gz_example_bringup/lib/pkgconfig/ros_gz_example_bringup.pc'
[1.163s] Level 1:colcon.colcon_core.environment:checking '/home/apoire/Documents/Robotica/robotica/ROSberta/install/ros_gz_example_bringup/lib/python3.12/site-packages'
[1.164s] Level 1:colcon.colcon_core.environment:checking '/home/apoire/Documents/Robotica/robotica/ROSberta/install/ros_gz_example_bringup/bin'
[1.164s] INFO:colcon.colcon_core.shell:Creating package script '/home/apoire/Documents/Robotica/robotica/ROSberta/install/ros_gz_example_bringup/share/ros_gz_example_bringup/package.ps1'
[1.164s] INFO:colcon.colcon_core.shell:Creating package descriptor '/home/apoire/Documents/Robotica/robotica/ROSberta/install/ros_gz_example_bringup/share/ros_gz_example_bringup/package.dsv'
[1.165s] INFO:colcon.colcon_core.shell:Creating package script '/home/apoire/Documents/Robotica/robotica/ROSberta/install/ros_gz_example_bringup/share/ros_gz_example_bringup/package.sh'
[1.165s] INFO:colcon.colcon_core.shell:Creating package script '/home/apoire/Documents/Robotica/robotica/ROSberta/install/ros_gz_example_bringup/share/ros_gz_example_bringup/package.bash'
[1.165s] INFO:colcon.colcon_core.shell:Creating package script '/home/apoire/Documents/Robotica/robotica/ROSberta/install/ros_gz_example_bringup/share/ros_gz_example_bringup/package.zsh'
[1.166s] Level 1:colcon.colcon_core.environment:create_file_with_runtime_dependencies(/home/apoire/Documents/Robotica/robotica/ROSberta/install/ros_gz_example_bringup/share/colcon-core/packages/ros_gz_example_bringup)
[1.623s] DEBUG:colcon.colcon_core.event_handler.log_command:Invoking command in '/home/apoire/Documents/Robotica/robotica/ROSberta/src/robot_master': DEBUGINFOD_URLS=https://debuginfod.ubuntu.com PYTHONPATH=/home/apoire/Documents/Robotica/robotica/ROSberta/build/robot_master/prefix_override:/usr/lib/python3/dist-packages/colcon_core/task/python/colcon_distutils_commands:/home/apoire/Documents/Robotica/robotica/ROSberta/install/robot_master/lib/python3.12/site-packages:${PYTHONPATH} /usr/bin/python3 -W ignore:setup.py install is deprecated -W ignore:easy_install command is deprecated setup.py egg_info --egg-base ../../build/robot_master build --build-base /home/apoire/Documents/Robotica/robotica/ROSberta/build/robot_master/build install --record /home/apoire/Documents/Robotica/robotica/ROSberta/build/robot_master/install.log --single-version-externally-managed install_data
[1.636s] DEBUG:colcon.colcon_core.event_handler.log_command:Invoking command in '/home/apoire/Documents/Robotica/robotica/ROSberta/src/coverage': DEBUGINFOD_URLS=https://debuginfod.ubuntu.com PYTHONPATH=/home/apoire/Documents/Robotica/robotica/ROSberta/build/coverage/prefix_override:/usr/lib/python3/dist-packages/colcon_core/task/python/colcon_distutils_commands:/home/apoire/Documents/Robotica/robotica/ROSberta/install/coverage/lib/python3.12/site-packages:${PYTHONPATH} /usr/bin/python3 -W ignore:setup.py install is deprecated -W ignore:easy_install command is deprecated setup.py egg_info --egg-base ../../build/coverage build --build-base /home/apoire/Documents/Robotica/robotica/ROSberta/build/coverage/build install --record /home/apoire/Documents/Robotica/robotica/ROSberta/build/coverage/install.log --single-version-externally-managed install_data
[2.274s] Level 1:colcon.colcon_core.environment:checking '/home/apoire/Documents/Robotica/robotica/ROSberta/install/coverage' for CMake module files
[2.275s] DEBUG:colcon.colcon_core.event_handler.log_command:Invoked command in '/home/apoire/Documents/Robotica/robotica/ROSberta/src/coverage' returned '0': DEBUGINFOD_URLS=https://debuginfod.ubuntu.com PYTHONPATH=/home/apoire/Documents/Robotica/robotica/ROSberta/build/coverage/prefix_override:/usr/lib/python3/dist-packages/colcon_core/task/python/colcon_distutils_commands:/home/apoire/Documents/Robotica/robotica/ROSberta/install/coverage/lib/python3.12/site-packages:${PYTHONPATH} /usr/bin/python3 -W ignore:setup.py install is deprecated -W ignore:easy_install command is deprecated setup.py egg_info --egg-base ../../build/coverage build --build-base /home/apoire/Documents/Robotica/robotica/ROSberta/build/coverage/build install --record /home/apoire/Documents/Robotica/robotica/ROSberta/build/coverage/install.log --single-version-externally-managed install_data
[2.275s] Level 1:colcon.colcon_core.environment:checking '/home/apoire/Documents/Robotica/robotica/ROSberta/install/coverage' for CMake config files
[2.275s] Level 1:colcon.colcon_core.environment:checking '/home/apoire/Documents/Robotica/robotica/ROSberta/install/coverage/lib'
[2.276s] Level 1:colcon.colcon_core.environment:checking '/home/apoire/Documents/Robotica/robotica/ROSberta/install/coverage/bin'
[2.276s] Level 1:colcon.colcon_core.environment:checking '/home/apoire/Documents/Robotica/robotica/ROSberta/install/coverage/lib/pkgconfig/coverage.pc'
[2.276s] Level 1:colcon.colcon_core.environment:checking '/home/apoire/Documents/Robotica/robotica/ROSberta/install/coverage/lib/python3.12/site-packages'
[2.276s] Level 1:colcon.colcon_core.shell:create_environment_hook('coverage', 'pythonpath')
[2.276s] INFO:colcon.colcon_core.shell:Creating environment hook '/home/apoire/Documents/Robotica/robotica/ROSberta/install/coverage/share/coverage/hook/pythonpath.ps1'
[2.277s] INFO:colcon.colcon_core.shell:Creating environment descriptor '/home/apoire/Documents/Robotica/robotica/ROSberta/install/coverage/share/coverage/hook/pythonpath.dsv'
[2.277s] INFO:colcon.colcon_core.shell:Creating environment hook '/home/apoire/Documents/Robotica/robotica/ROSberta/install/coverage/share/coverage/hook/pythonpath.sh'
[2.278s] Level 1:colcon.colcon_core.environment:checking '/home/apoire/Documents/Robotica/robotica/ROSberta/install/coverage/bin'
[2.278s] Level 1:colcon.colcon_core.environment:create_environment_scripts_only(coverage)
[2.278s] INFO:colcon.colcon_core.shell:Creating package script '/home/apoire/Documents/Robotica/robotica/ROSberta/install/coverage/share/coverage/package.ps1'
[2.278s] INFO:colcon.colcon_core.shell:Creating package descriptor '/home/apoire/Documents/Robotica/robotica/ROSberta/install/coverage/share/coverage/package.dsv'
[2.279s] INFO:colcon.colcon_core.shell:Creating package script '/home/apoire/Documents/Robotica/robotica/ROSberta/install/coverage/share/coverage/package.sh'
[2.279s] INFO:colcon.colcon_core.shell:Creating package script '/home/apoire/Documents/Robotica/robotica/ROSberta/install/coverage/share/coverage/package.bash'
[2.280s] INFO:colcon.colcon_core.shell:Creating package script '/home/apoire/Documents/Robotica/robotica/ROSberta/install/coverage/share/coverage/package.zsh'
[2.280s] Level 1:colcon.colcon_core.environment:create_file_with_runtime_dependencies(/home/apoire/Documents/Robotica/robotica/ROSberta/install/coverage/share/colcon-core/packages/coverage)
[2.281s] Level 1:colcon.colcon_core.environment:checking '/home/apoire/Documents/Robotica/robotica/ROSberta/install/robot_master' for CMake module files
[2.282s] DEBUG:colcon.colcon_core.event_handler.log_command:Invoked command in '/home/apoire/Documents/Robotica/robotica/ROSberta/src/robot_master' returned '0': DEBUGINFOD_URLS=https://debuginfod.ubuntu.com PYTHONPATH=/home/apoire/Documents/Robotica/robotica/ROSberta/build/robot_master/prefix_override:/usr/lib/python3/dist-packages/colcon_core/task/python/colcon_distutils_commands:/home/apoire/Documents/Robotica/robotica/ROSberta/install/robot_master/lib/python3.12/site-packages:${PYTHONPATH} /usr/bin/python3 -W ignore:setup.py install is deprecated -W ignore:easy_install command is deprecated setup.py egg_info --egg-base ../../build/robot_master build --build-base /home/apoire/Documents/Robotica/robotica/ROSberta/build/robot_master/build install --record /home/apoire/Documents/Robotica/robotica/ROSberta/build/robot_master/install.log --single-version-externally-managed install_data
[2.282s] Level 1:colcon.colcon_core.environment:checking '/home/apoire/Documents/Robotica/robotica/ROSberta/install/robot_master' for CMake config files
[2.283s] Level 1:colcon.colcon_core.environment:checking '/home/apoire/Documents/Robotica/robotica/ROSberta/install/robot_master/lib'
[2.283s] Level 1:colcon.colcon_core.environment:checking '/home/apoire/Documents/Robotica/robotica/ROSberta/install/robot_master/bin'
[2.283s] Level 1:colcon.colcon_core.environment:checking '/home/apoire/Documents/Robotica/robotica/ROSberta/install/robot_master/lib/pkgconfig/robot_master.pc'
[2.283s] Level 1:colcon.colcon_core.environment:checking '/home/apoire/Documents/Robotica/robotica/ROSberta/install/robot_master/lib/python3.12/site-packages'
[2.284s] Level 1:colcon.colcon_core.shell:create_environment_hook('robot_master', 'pythonpath')
[2.284s] INFO:colcon.colcon_core.shell:Creating environment hook '/home/apoire/Documents/Robotica/robotica/ROSberta/install/robot_master/share/robot_master/hook/pythonpath.ps1'
[2.284s] INFO:colcon.colcon_core.shell:Creating environment descriptor '/home/apoire/Documents/Robotica/robotica/ROSberta/install/robot_master/share/robot_master/hook/pythonpath.dsv'
[2.285s] INFO:colcon.colcon_core.shell:Creating environment hook '/home/apoire/Documents/Robotica/robotica/ROSberta/install/robot_master/share/robot_master/hook/pythonpath.sh'
[2.285s] Level 1:colcon.colcon_core.environment:checking '/home/apoire/Documents/Robotica/robotica/ROSberta/install/robot_master/bin'
[2.285s] Level 1:colcon.colcon_core.environment:create_environment_scripts_only(robot_master)
[2.285s] INFO:colcon.colcon_core.shell:Creating package script '/home/apoire/Documents/Robotica/robotica/ROSberta/install/robot_master/share/robot_master/package.ps1'
[2.286s] INFO:colcon.colcon_core.shell:Creating package descriptor '/home/apoire/Documents/Robotica/robotica/ROSberta/install/robot_master/share/robot_master/package.dsv'
[2.286s] INFO:colcon.colcon_core.shell:Creating package script '/home/apoire/Documents/Robotica/robotica/ROSberta/install/robot_master/share/robot_master/package.sh'
[2.287s] INFO:colcon.colcon_core.shell:Creating package script '/home/apoire/Documents/Robotica/robotica/ROSberta/install/robot_master/share/robot_master/package.bash'
[2.287s] INFO:colcon.colcon_core.shell:Creating package script '/home/apoire/Documents/Robotica/robotica/ROSberta/install/robot_master/share/robot_master/package.zsh'
[2.288s] Level 1:colcon.colcon_core.environment:create_file_with_runtime_dependencies(/home/apoire/Documents/Robotica/robotica/ROSberta/install/robot_master/share/colcon-core/packages/robot_master)
[2.288s] DEBUG:colcon.colcon_parallel_executor.executor.parallel:closing loop
[2.288s] DEBUG:colcon.colcon_parallel_executor.executor.parallel:loop closed
[2.288s] DEBUG:colcon.colcon_parallel_executor.executor.parallel:run_until_complete finished with '0'
[2.288s] DEBUG:colcon.colcon_core.event_reactor:joining thread
[2.296s] INFO:colcon.colcon_core.plugin_system:Skipping extension 'colcon_notification.desktop_notification.terminal_notifier': Not used on non-Darwin systems
[2.296s] INFO:colcon.colcon_core.plugin_system:Skipping extension 'colcon_notification.desktop_notification.win32': Not used on non-Windows systems
[2.296s] INFO:colcon.colcon_notification.desktop_notification:Sending desktop notification using 'notify2'
[2.307s] DEBUG:colcon.colcon_core.event_reactor:joined thread
[2.307s] INFO:colcon.colcon_core.shell:Creating prefix script '/home/apoire/Documents/Robotica/robotica/ROSberta/install/local_setup.ps1'
[2.308s] INFO:colcon.colcon_core.shell:Creating prefix util module '/home/apoire/Documents/Robotica/robotica/ROSberta/install/_local_setup_util_ps1.py'
[2.309s] INFO:colcon.colcon_core.shell:Creating prefix chain script '/home/apoire/Documents/Robotica/robotica/ROSberta/install/setup.ps1'
[2.311s] INFO:colcon.colcon_core.shell:Creating prefix script '/home/apoire/Documents/Robotica/robotica/ROSberta/install/local_setup.sh'
[2.311s] INFO:colcon.colcon_core.shell:Creating prefix util module '/home/apoire/Documents/Robotica/robotica/ROSberta/install/_local_setup_util_sh.py'
[2.312s] INFO:colcon.colcon_core.shell:Creating prefix chain script '/home/apoire/Documents/Robotica/robotica/ROSberta/install/setup.sh'
[2.313s] INFO:colcon.colcon_core.shell:Creating prefix script '/home/apoire/Documents/Robotica/robotica/ROSberta/install/local_setup.bash'
[2.313s] INFO:colcon.colcon_core.shell:Creating prefix chain script '/home/apoire/Documents/Robotica/robotica/ROSberta/install/setup.bash'
[2.314s] INFO:colcon.colcon_core.shell:Creating prefix script '/home/apoire/Documents/Robotica/robotica/ROSberta/install/local_setup.zsh'
[2.315s] INFO:colcon.colcon_core.shell:Creating prefix chain script '/home/apoire/Documents/Robotica/robotica/ROSberta/install/setup.zsh'
