[0.010s] Invoking command in '/home/apoire/Documents/Robotica/robotica/ROSberta/build/ros_gz_example_gazebo': AMENT_PREFIX_PATH=/home/apoire/Documents/Robotica/robotica/ROSberta/install/ros_gz_example_description:${AMENT_PREFIX_PATH} CMAKE_PREFIX_PATH=/home/apoire/Documents/Robotica/robotica/ROSberta/install/ros_gz_example_description:/opt/ros/jazzy/opt/gz_sim_vendor:/opt/ros/jazzy/opt/gz_sensors_vendor:/opt/ros/jazzy/opt/gz_physics_vendor:/opt/ros/jazzy/opt/sdformat_vendor:/opt/ros/jazzy/opt/gz_gui_vendor:/opt/ros/jazzy/opt/gz_transport_vendor:/opt/ros/jazzy/opt/gz_rendering_vendor:/opt/ros/jazzy/opt/gz_plugin_vendor:/opt/ros/jazzy/opt/gz_fuel_tools_vendor:/opt/ros/jazzy/opt/gz_msgs_vendor:/opt/ros/jazzy/opt/gz_common_vendor:/opt/ros/jazzy/opt/gz_math_vendor:/opt/ros/jazzy/opt/gz_utils_vendor:/opt/ros/jazzy/opt/gz_tools_vendor:/opt/ros/jazzy/opt/gz_ogre_next_vendor:/opt/ros/jazzy/opt/gz_dartsim_vendor:/opt/ros/jazzy/opt/gz_cmake_vendor:/opt/ros/jazzy DEBUGINFOD_URLS=https://debuginfod.ubuntu.com GZ_SIM_RESOURCE_PATH=/home/apoire/Documents/Robotica/robotica/ROSberta/install/ros_gz_example_description/share/ros_gz_example_description/models /usr/bin/cmake /home/apoire/Documents/Robotica/robotica/ROSberta/src/ros_gz_project_template/ros_gz_example_gazebo -DBUILD_TESTING=ON -DCMAKE_INSTALL_PREFIX=/home/apoire/Documents/Robotica/robotica/ROSberta/install/ros_gz_example_gazebo
[0.027s] -- Found ament_cmake: 2.5.2 (/opt/ros/jazzy/share/ament_cmake/cmake)
[0.259s] -- Found ros_gz_example_description: 0.0.0 (/home/apoire/Documents/Robotica/robotica/ROSberta/install/ros_gz_example_description/share/ros_gz_example_description/cmake)
[0.265s] -- Looking for gz-plugin2 -- found version 2.0.3
[0.265s] -- Searching for dependencies of gz-plugin2
[0.266s] -- Looking for gz-utils2 -- found version 2.2.0
[0.266s] -- Searching for dependencies of gz-utils2
[0.266s] -- Searching for <gz-utils2> component [cli]
[0.267s] -- Looking for gz-utils2-cli -- found version 2.2.0
[0.267s] -- Searching for dependencies of gz-utils2-cli
[0.268s] -- Searching for <gz-plugin2> component [register]
[0.268s] -- Looking for gz-plugin2-register -- found version 2.0.3
[0.268s] -- Searching for dependencies of gz-plugin2-register
[0.269s] -- Looking for gz-common5 -- found version 5.7.0
[0.269s] -- Searching for dependencies of gz-common5
[0.270s] -- Looking for gz-utils2 -- found version 2.2.0
[0.270s] -- Looking for dlfcn.h - found
[0.270s] -- Looking for libdl - found
[0.277s] -- Checking for module 'uuid'
[0.294s] --   Found uuid, version 2.39.3
[0.335s] -- Searching for <gz-common5> component [profiler]
[0.335s] -- Looking for gz-common5-profiler -- found version 5.7.0
[0.335s] -- Searching for dependencies of gz-common5-profiler
[0.337s] -- Looking for gz-sim8 -- found version 8.7.0
[0.337s] -- Searching for dependencies of gz-sim8
[0.337s] -- Looking for sdformat14 -- found version 14.5.0
[0.338s] -- Searching for dependencies of sdformat14
[0.343s] -- Checking for module 'tinyxml2'
[0.359s] --   Found tinyxml2, version 9.0.0
[0.396s] -- Looking for gz-math7 -- found version 7.5.1
[0.396s] -- Searching for dependencies of gz-math7
[0.396s] -- Looking for gz-utils2 -- found version 2.2.0
[0.397s] -- Looking for gz-utils2 -- found version 2.2.0
[0.398s] -- Looking for gz-plugin2 -- found version 2.0.3
[0.399s] -- Searching for dependencies of gz-plugin2
[0.399s] -- Looking for gz-utils2 -- found version 2.2.0
[0.399s] -- Searching for <gz-plugin2> component [loader]
[0.400s] -- Looking for gz-plugin2-loader -- found version 2.0.3
[0.400s] -- Searching for dependencies of gz-plugin2-loader
[0.400s] -- Searching for <gz-plugin2> component [register]
[0.401s] -- Looking for gz-transport13 -- found version 13.4.0
[0.401s] -- Searching for dependencies of gz-transport13
[0.449s] -- Config-file not installed for ZeroMQ -- checking for pkg-config
[0.454s] -- Checking for module 'libzmq >= 4'
[0.471s] --   Found libzmq, version 4.3.5
[0.527s] -- Looking for gz-utils2 -- found version 2.2.0
[0.527s] -- Looking for gz-msgs10 -- found version 10.3.1
[0.527s] -- Searching for dependencies of gz-msgs10
[0.556s] -- Looking for gz-utils2 -- found version 2.2.0
[0.556s] -- Looking for gz-math7 -- found version 7.5.1
[0.704s] -- Searching for <gz-transport13> component [log]
[0.705s] -- Looking for gz-transport13-log -- found version 13.4.0
[0.705s] -- Searching for dependencies of gz-transport13-log
[0.705s] -- Searching for <gz-transport13> component [parameters]
[0.706s] -- Looking for gz-transport13-parameters -- found version 13.4.0
[0.706s] -- Searching for dependencies of gz-transport13-parameters
[0.707s] -- Looking for gz-msgs10 -- found version 10.3.1
[0.707s] -- Looking for gz-common5 -- found version 5.7.0
[0.707s] -- Searching for dependencies of gz-common5
[0.708s] -- Looking for gz-utils2 -- found version 2.2.0
[0.708s] -- Looking for dlfcn.h - found
[0.708s] -- Looking for libdl - found
[0.716s] -- Searching for <gz-common5> component [av]
[0.716s] -- Looking for gz-common5-av -- found version 5.7.0
[0.716s] -- Searching for dependencies of gz-common5-av
[0.722s] -- Checking for module 'libswscale'
[0.739s] --   Found libswscale, version 7.5.100
[0.784s] -- Checking for module 'libavdevice >= 56.4.100'
[0.801s] --   Found libavdevice, version 60.3.100
[0.860s] -- Checking for module 'libavformat'
[0.878s] --   Found libavformat, version 60.16.100
[0.928s] -- Checking for module 'libavcodec'
[0.946s] --   Found libavcodec, version 60.31.102
[0.994s] -- Checking for module 'libavutil'
[1.012s] --   Found libavutil, version 58.29.100
[1.050s] -- Searching for <gz-common5> component [events]
[1.051s] -- Looking for gz-common5-events -- found version 5.7.0
[1.051s] -- Searching for dependencies of gz-common5-events
[1.051s] -- Looking for gz-math7 -- found version 7.5.1
[1.052s] -- Searching for <gz-common5> component [graphics]
[1.052s] -- Looking for gz-common5-graphics -- found version 5.7.0
[1.053s] -- Searching for dependencies of gz-common5-graphics
[1.053s] -- Looking for gz-math7 -- found version 7.5.1
[1.055s] -- Searching for <gz-common5> component [io]
[1.056s] -- Looking for gz-common5-io -- found version 5.7.0
[1.056s] -- Searching for dependencies of gz-common5-io
[1.056s] -- Searching for <gz-common5> component [profiler]
[1.057s] -- Looking for gz-fuel_tools9 -- found version 9.1.0
[1.057s] -- Searching for dependencies of gz-fuel_tools9
[1.122s] -- Checking for module 'jsoncpp'
[1.139s] --   Found jsoncpp, version 1.9.5
[1.203s] -- Checking for module 'yaml-0.1'
[1.220s] --   Found yaml-0.1, version 0.2.5
[1.266s] -- Checking for module 'libzip'
[1.284s] --   Found libzip, version 1.7.3
[1.327s] -- Looking for gz-utils2 -- found version 2.2.0
[1.327s] -- Looking for gz-common5 -- found version 5.7.0
[1.327s] -- Searching for dependencies of gz-common5
[1.328s] -- Looking for gz-utils2 -- found version 2.2.0
[1.328s] -- Looking for dlfcn.h - found
[1.328s] -- Looking for libdl - found
[1.336s] -- Searching for <gz-common5> component [testing]
[1.337s] -- Looking for gz-common5-testing -- found version 5.7.0
[1.337s] -- Searching for dependencies of gz-common5-testing
[1.338s] -- Looking for gz-math7 -- found version 7.5.1
[1.339s] -- Looking for gz-msgs10 -- found version 10.3.1
[1.340s] -- Looking for gz-gui8 -- found version 8.3.0
[1.340s] -- Searching for dependencies of gz-gui8
[1.374s] -- Looking for gz-utils2 -- found version 2.2.0
[1.375s] -- Looking for gz-math7 -- found version 7.5.1
[1.375s] -- Looking for gz-common5 -- found version 5.7.0
[1.375s] -- Looking for gz-plugin2 -- found version 2.0.3
[1.376s] -- Looking for gz-transport13 -- found version 13.4.0
[1.376s] -- Looking for gz-rendering8 -- found version 8.2.1
[1.377s] -- Searching for dependencies of gz-rendering8
[1.377s] -- Looking for gz-math7 -- found version 7.5.1
[1.377s] -- Searching for dependencies of gz-math7
[1.377s] -- Looking for gz-utils2 -- found version 2.2.0
[1.378s] -- Searching for <gz-math7> component [eigen3]
[1.378s] -- Looking for gz-math7-eigen3 -- found version 7.5.1
[1.378s] -- Searching for dependencies of gz-math7-eigen3
[1.380s] -- Looking for gz-common5 -- found version 5.7.0
[1.380s] -- Searching for dependencies of gz-common5
[1.381s] -- Looking for gz-utils2 -- found version 2.2.0
[1.381s] -- Looking for dlfcn.h - found
[1.381s] -- Looking for libdl - found
[1.390s] -- Searching for <gz-common5> component [graphics]
[1.390s] -- Searching for <gz-common5> component [events]
[1.390s] -- Searching for <gz-common5> component [geospatial]
[1.390s] -- Looking for gz-common5-geospatial -- found version 5.7.0
[1.390s] -- Searching for dependencies of gz-common5-geospatial
[1.391s] -- Looking for gz-math7 -- found version 7.5.1
[1.391s] -- Looking for gz-common5 -- found version 5.7.0
[1.392s] -- Looking for gz-plugin2 -- found version 2.0.3
[1.392s] -- Searching for dependencies of gz-plugin2
[1.393s] -- Looking for gz-utils2 -- found version 2.2.0
[1.393s] -- Searching for <gz-plugin2> component [all]
[1.393s] -- Looking for all libraries of gz-plugin2 -- found version 2.0.3
[1.394s] -- Looking for gz-plugin2 -- found version 2.0.3
[1.395s] -- Looking for gz-utils2 -- found version 2.2.0
[1.398s] -- Looking for gz-msgs10 -- found version 10.3.1
[1.416s] -- Looking for gz-physics7 -- found version 7.4.0
[1.416s] -- Searching for dependencies of gz-physics7
[1.416s] -- Looking for gz-common5 -- found version 5.7.0
[1.417s] -- Looking for gz-math7 -- found version 7.5.1
[1.417s] -- Looking for gz-plugin2 -- found version 2.0.3
[1.418s] -- Looking for gz-utils2 -- found version 2.2.0
[1.419s] -- Searching for <gz-physics7> component [heightmap]
[1.420s] -- Looking for gz-physics7-heightmap -- found version 7.4.0
[1.420s] -- Searching for dependencies of gz-physics7-heightmap
[1.420s] -- Looking for gz-common5 -- found version 5.7.0
[1.421s] -- Searching for <gz-physics7> component [mesh]
[1.421s] -- Looking for gz-physics7-mesh -- found version 7.4.0
[1.421s] -- Searching for dependencies of gz-physics7-mesh
[1.422s] -- Looking for gz-common5 -- found version 5.7.0
[1.422s] -- Searching for <gz-physics7> component [sdf]
[1.422s] -- Looking for gz-physics7-sdf -- found version 7.4.0
[1.423s] -- Searching for dependencies of gz-physics7-sdf
[1.423s] -- Looking for sdformat14 -- found version 14.5.0
[1.424s] -- Looking for gz-sensors8 -- found version 8.2.1
[1.424s] -- Searching for dependencies of gz-sensors8
[1.453s] -- Looking for gz-math7 -- found version 7.5.1
[1.454s] -- Looking for gz-common5 -- found version 5.7.0
[1.454s] -- Looking for gz-transport13 -- found version 13.4.0
[1.454s] -- Looking for gz-rendering8 -- found version 8.2.1
[1.455s] -- Looking for gz-msgs10 -- found version 10.3.1
[1.455s] -- Looking for sdformat14 -- found version 14.5.0
[1.456s] -- Searching for <gz-sensors8> component [air_pressure]
[1.456s] -- Looking for gz-sensors8-air_pressure -- found version 8.2.1
[1.457s] -- Searching for dependencies of gz-sensors8-air_pressure
[1.457s] -- Searching for <gz-sensors8> component [air_speed]
[1.458s] -- Looking for gz-sensors8-air_speed -- found version 8.2.1
[1.458s] -- Searching for dependencies of gz-sensors8-air_speed
[1.458s] -- Searching for <gz-sensors8> component [altimeter]
[1.459s] -- Looking for gz-sensors8-altimeter -- found version 8.2.1
[1.459s] -- Searching for dependencies of gz-sensors8-altimeter
[1.459s] -- Searching for <gz-sensors8> component [imu]
[1.460s] -- Looking for gz-sensors8-imu -- found version 8.2.1
[1.460s] -- Searching for dependencies of gz-sensors8-imu
[1.460s] -- Searching for <gz-sensors8> component [force_torque]
[1.461s] -- Looking for gz-sensors8-force_torque -- found version 8.2.1
[1.461s] -- Searching for dependencies of gz-sensors8-force_torque
[1.461s] -- Searching for <gz-sensors8> component [logical_camera]
[1.462s] -- Looking for gz-sensors8-logical_camera -- found version 8.2.1
[1.462s] -- Searching for dependencies of gz-sensors8-logical_camera
[1.463s] -- Searching for <gz-sensors8> component [magnetometer]
[1.463s] -- Looking for gz-sensors8-magnetometer -- found version 8.2.1
[1.463s] -- Searching for dependencies of gz-sensors8-magnetometer
[1.464s] -- Searching for <gz-sensors8> component [navsat]
[1.464s] -- Looking for gz-sensors8-navsat -- found version 8.2.1
[1.464s] -- Searching for dependencies of gz-sensors8-navsat
[1.465s] -- Searching for <gz-sensors8> component [dvl]
[1.465s] -- Looking for gz-sensors8-dvl -- found version 8.2.1
[1.465s] -- Searching for dependencies of gz-sensors8-dvl
[1.466s] -- Looking for gz-sensors8 -- found version 8.2.1
[1.466s] -- Searching for dependencies of gz-sensors8
[1.495s] -- Looking for gz-math7 -- found version 7.5.1
[1.495s] -- Looking for gz-common5 -- found version 5.7.0
[1.496s] -- Looking for gz-transport13 -- found version 13.4.0
[1.496s] -- Looking for gz-rendering8 -- found version 8.2.1
[1.497s] -- Looking for gz-msgs10 -- found version 10.3.1
[1.497s] -- Looking for sdformat14 -- found version 14.5.0
[1.497s] -- Searching for <gz-sensors8> component [rendering]
[1.498s] -- Looking for gz-sensors8-rendering -- found version 8.2.1
[1.498s] -- Searching for dependencies of gz-sensors8-rendering
[1.499s] -- Searching for <gz-sensors8> component [rendering]
[1.499s] -- Searching for <gz-sensors8> component [lidar]
[1.500s] -- Looking for gz-sensors8-lidar -- found version 8.2.1
[1.500s] -- Searching for dependencies of gz-sensors8-lidar
[1.500s] -- Looking for gz-sensors8 -- found version 8.2.1
[1.501s] -- Searching for <gz-sensors8> component [gpu_lidar]
[1.501s] -- Looking for gz-sensors8-gpu_lidar -- found version 8.2.1
[1.501s] -- Searching for dependencies of gz-sensors8-gpu_lidar
[1.502s] -- Looking for gz-sensors8 -- found version 8.2.1
[1.502s] -- Searching for <gz-sensors8> component [camera]
[1.503s] -- Looking for gz-sensors8-camera -- found version 8.2.1
[1.503s] -- Searching for dependencies of gz-sensors8-camera
[1.503s] -- Looking for gz-sensors8 -- found version 8.2.1
[1.504s] -- Searching for <gz-sensors8> component [boundingbox_camera]
[1.504s] -- Looking for gz-sensors8-boundingbox_camera -- found version 8.2.1
[1.505s] -- Searching for dependencies of gz-sensors8-boundingbox_camera
[1.505s] -- Searching for <gz-sensors8> component [segmentation_camera]
[1.505s] -- Looking for gz-sensors8-segmentation_camera -- found version 8.2.1
[1.506s] -- Searching for dependencies of gz-sensors8-segmentation_camera
[1.506s] -- Searching for <gz-sensors8> component [depth_camera]
[1.507s] -- Looking for gz-sensors8-depth_camera -- found version 8.2.1
[1.507s] -- Searching for dependencies of gz-sensors8-depth_camera
[1.507s] -- Looking for gz-sensors8 -- found version 8.2.1
[1.508s] -- Searching for <gz-sensors8> component [rgbd_camera]
[1.508s] -- Looking for gz-sensors8-rgbd_camera -- found version 8.2.1
[1.508s] -- Searching for dependencies of gz-sensors8-rgbd_camera
[1.509s] -- Looking for gz-sensors8 -- found version 8.2.1
[1.509s] -- Searching for <gz-sensors8> component [thermal_camera]
[1.510s] -- Looking for gz-sensors8-thermal_camera -- found version 8.2.1
[1.510s] -- Searching for dependencies of gz-sensors8-thermal_camera
[1.510s] -- Looking for gz-sensors8 -- found version 8.2.1
[1.511s] -- Searching for <gz-sensors8> component [wide_angle_camera]
[1.511s] -- Looking for gz-sensors8-wide_angle_camera -- found version 8.2.1
[1.511s] -- Searching for dependencies of gz-sensors8-wide_angle_camera
[1.512s] -- Looking for gz-rendering8 -- found version 8.2.1
[1.513s] -- Looking for gz-math7 -- found version 7.5.1
[1.513s] -- Looking for gz-utils2 -- found version 2.2.0
[1.542s] -- Compiling against Gazebo Harmonic
[1.543s] -- Found ament_lint_auto: 0.17.1 (/opt/ros/jazzy/share/ament_lint_auto/cmake)
[1.635s] -- Configuring done (1.6s)
[1.660s] -- Generating done (0.0s)
[1.665s] -- Build files have been written to: /home/apoire/Documents/Robotica/robotica/ROSberta/build/ros_gz_example_gazebo
[1.675s] Invoked command in '/home/apoire/Documents/Robotica/robotica/ROSberta/build/ros_gz_example_gazebo' returned '0': AMENT_PREFIX_PATH=/home/apoire/Documents/Robotica/robotica/ROSberta/install/ros_gz_example_description:${AMENT_PREFIX_PATH} CMAKE_PREFIX_PATH=/home/apoire/Documents/Robotica/robotica/ROSberta/install/ros_gz_example_description:/opt/ros/jazzy/opt/gz_sim_vendor:/opt/ros/jazzy/opt/gz_sensors_vendor:/opt/ros/jazzy/opt/gz_physics_vendor:/opt/ros/jazzy/opt/sdformat_vendor:/opt/ros/jazzy/opt/gz_gui_vendor:/opt/ros/jazzy/opt/gz_transport_vendor:/opt/ros/jazzy/opt/gz_rendering_vendor:/opt/ros/jazzy/opt/gz_plugin_vendor:/opt/ros/jazzy/opt/gz_fuel_tools_vendor:/opt/ros/jazzy/opt/gz_msgs_vendor:/opt/ros/jazzy/opt/gz_common_vendor:/opt/ros/jazzy/opt/gz_math_vendor:/opt/ros/jazzy/opt/gz_utils_vendor:/opt/ros/jazzy/opt/gz_tools_vendor:/opt/ros/jazzy/opt/gz_ogre_next_vendor:/opt/ros/jazzy/opt/gz_dartsim_vendor:/opt/ros/jazzy/opt/gz_cmake_vendor:/opt/ros/jazzy DEBUGINFOD_URLS=https://debuginfod.ubuntu.com GZ_SIM_RESOURCE_PATH=/home/apoire/Documents/Robotica/robotica/ROSberta/install/ros_gz_example_description/share/ros_gz_example_description/models /usr/bin/cmake /home/apoire/Documents/Robotica/robotica/ROSberta/src/ros_gz_project_template/ros_gz_example_gazebo -DBUILD_TESTING=ON -DCMAKE_INSTALL_PREFIX=/home/apoire/Documents/Robotica/robotica/ROSberta/install/ros_gz_example_gazebo
[1.676s] Invoking command in '/home/apoire/Documents/Robotica/robotica/ROSberta/build/ros_gz_example_gazebo': AMENT_PREFIX_PATH=/home/apoire/Documents/Robotica/robotica/ROSberta/install/ros_gz_example_description:${AMENT_PREFIX_PATH} CMAKE_PREFIX_PATH=/home/apoire/Documents/Robotica/robotica/ROSberta/install/ros_gz_example_description:/opt/ros/jazzy/opt/gz_sim_vendor:/opt/ros/jazzy/opt/gz_sensors_vendor:/opt/ros/jazzy/opt/gz_physics_vendor:/opt/ros/jazzy/opt/sdformat_vendor:/opt/ros/jazzy/opt/gz_gui_vendor:/opt/ros/jazzy/opt/gz_transport_vendor:/opt/ros/jazzy/opt/gz_rendering_vendor:/opt/ros/jazzy/opt/gz_plugin_vendor:/opt/ros/jazzy/opt/gz_fuel_tools_vendor:/opt/ros/jazzy/opt/gz_msgs_vendor:/opt/ros/jazzy/opt/gz_common_vendor:/opt/ros/jazzy/opt/gz_math_vendor:/opt/ros/jazzy/opt/gz_utils_vendor:/opt/ros/jazzy/opt/gz_tools_vendor:/opt/ros/jazzy/opt/gz_ogre_next_vendor:/opt/ros/jazzy/opt/gz_dartsim_vendor:/opt/ros/jazzy/opt/gz_cmake_vendor:/opt/ros/jazzy DEBUGINFOD_URLS=https://debuginfod.ubuntu.com GZ_SIM_RESOURCE_PATH=/home/apoire/Documents/Robotica/robotica/ROSberta/install/ros_gz_example_description/share/ros_gz_example_description/models /usr/bin/cmake --build /home/apoire/Documents/Robotica/robotica/ROSberta/build/ros_gz_example_gazebo -- -j12 -l12
[1.751s] [ 50%] Built target FullSystem
[1.751s] [100%] Built target BasicSystem
[1.767s] Invoked command in '/home/apoire/Documents/Robotica/robotica/ROSberta/build/ros_gz_example_gazebo' returned '0': AMENT_PREFIX_PATH=/home/apoire/Documents/Robotica/robotica/ROSberta/install/ros_gz_example_description:${AMENT_PREFIX_PATH} CMAKE_PREFIX_PATH=/home/apoire/Documents/Robotica/robotica/ROSberta/install/ros_gz_example_description:/opt/ros/jazzy/opt/gz_sim_vendor:/opt/ros/jazzy/opt/gz_sensors_vendor:/opt/ros/jazzy/opt/gz_physics_vendor:/opt/ros/jazzy/opt/sdformat_vendor:/opt/ros/jazzy/opt/gz_gui_vendor:/opt/ros/jazzy/opt/gz_transport_vendor:/opt/ros/jazzy/opt/gz_rendering_vendor:/opt/ros/jazzy/opt/gz_plugin_vendor:/opt/ros/jazzy/opt/gz_fuel_tools_vendor:/opt/ros/jazzy/opt/gz_msgs_vendor:/opt/ros/jazzy/opt/gz_common_vendor:/opt/ros/jazzy/opt/gz_math_vendor:/opt/ros/jazzy/opt/gz_utils_vendor:/opt/ros/jazzy/opt/gz_tools_vendor:/opt/ros/jazzy/opt/gz_ogre_next_vendor:/opt/ros/jazzy/opt/gz_dartsim_vendor:/opt/ros/jazzy/opt/gz_cmake_vendor:/opt/ros/jazzy DEBUGINFOD_URLS=https://debuginfod.ubuntu.com GZ_SIM_RESOURCE_PATH=/home/apoire/Documents/Robotica/robotica/ROSberta/install/ros_gz_example_description/share/ros_gz_example_description/models /usr/bin/cmake --build /home/apoire/Documents/Robotica/robotica/ROSberta/build/ros_gz_example_gazebo -- -j12 -l12
[1.768s] Invoking command in '/home/apoire/Documents/Robotica/robotica/ROSberta/build/ros_gz_example_gazebo': AMENT_PREFIX_PATH=/home/apoire/Documents/Robotica/robotica/ROSberta/install/ros_gz_example_description:${AMENT_PREFIX_PATH} CMAKE_PREFIX_PATH=/home/apoire/Documents/Robotica/robotica/ROSberta/install/ros_gz_example_description:/opt/ros/jazzy/opt/gz_sim_vendor:/opt/ros/jazzy/opt/gz_sensors_vendor:/opt/ros/jazzy/opt/gz_physics_vendor:/opt/ros/jazzy/opt/sdformat_vendor:/opt/ros/jazzy/opt/gz_gui_vendor:/opt/ros/jazzy/opt/gz_transport_vendor:/opt/ros/jazzy/opt/gz_rendering_vendor:/opt/ros/jazzy/opt/gz_plugin_vendor:/opt/ros/jazzy/opt/gz_fuel_tools_vendor:/opt/ros/jazzy/opt/gz_msgs_vendor:/opt/ros/jazzy/opt/gz_common_vendor:/opt/ros/jazzy/opt/gz_math_vendor:/opt/ros/jazzy/opt/gz_utils_vendor:/opt/ros/jazzy/opt/gz_tools_vendor:/opt/ros/jazzy/opt/gz_ogre_next_vendor:/opt/ros/jazzy/opt/gz_dartsim_vendor:/opt/ros/jazzy/opt/gz_cmake_vendor:/opt/ros/jazzy DEBUGINFOD_URLS=https://debuginfod.ubuntu.com GZ_SIM_RESOURCE_PATH=/home/apoire/Documents/Robotica/robotica/ROSberta/install/ros_gz_example_description/share/ros_gz_example_description/models /usr/bin/cmake --install /home/apoire/Documents/Robotica/robotica/ROSberta/build/ros_gz_example_gazebo
[1.778s] -- Install configuration: ""
[1.778s] -- Up-to-date: /home/apoire/Documents/Robotica/robotica/ROSberta/install/ros_gz_example_gazebo/lib/ros_gz_example_gazebo/libBasicSystem.so
[1.779s] -- Up-to-date: /home/apoire/Documents/Robotica/robotica/ROSberta/install/ros_gz_example_gazebo/lib/ros_gz_example_gazebo/libFullSystem.so
[1.779s] -- Up-to-date: /home/apoire/Documents/Robotica/robotica/ROSberta/install/ros_gz_example_gazebo/share/ros_gz_example_gazebo/worlds
[1.779s] -- Up-to-date: /home/apoire/Documents/Robotica/robotica/ROSberta/install/ros_gz_example_gazebo/share/ros_gz_example_gazebo/worlds/diff_drive.sdf
[1.779s] -- Up-to-date: /home/apoire/Documents/Robotica/robotica/ROSberta/install/ros_gz_example_gazebo/share/ros_gz_example_gazebo/environment/ros_gz_example_gazebo.dsv
[1.779s] -- Up-to-date: /home/apoire/Documents/Robotica/robotica/ROSberta/install/ros_gz_example_gazebo/share/ros_gz_example_gazebo/environment/ros_gz_example_gazebo.sh
[1.779s] -- Up-to-date: /home/apoire/Documents/Robotica/robotica/ROSberta/install/ros_gz_example_gazebo/share/ament_index/resource_index/package_run_dependencies/ros_gz_example_gazebo
[1.780s] -- Installing: /home/apoire/Documents/Robotica/robotica/ROSberta/install/ros_gz_example_gazebo/share/ament_index/resource_index/parent_prefix_path/ros_gz_example_gazebo
[1.780s] -- Up-to-date: /home/apoire/Documents/Robotica/robotica/ROSberta/install/ros_gz_example_gazebo/share/ros_gz_example_gazebo/environment/ament_prefix_path.sh
[1.780s] -- Up-to-date: /home/apoire/Documents/Robotica/robotica/ROSberta/install/ros_gz_example_gazebo/share/ros_gz_example_gazebo/environment/ament_prefix_path.dsv
[1.780s] -- Up-to-date: /home/apoire/Documents/Robotica/robotica/ROSberta/install/ros_gz_example_gazebo/share/ros_gz_example_gazebo/environment/path.sh
[1.780s] -- Up-to-date: /home/apoire/Documents/Robotica/robotica/ROSberta/install/ros_gz_example_gazebo/share/ros_gz_example_gazebo/environment/path.dsv
[1.780s] -- Up-to-date: /home/apoire/Documents/Robotica/robotica/ROSberta/install/ros_gz_example_gazebo/share/ros_gz_example_gazebo/local_setup.bash
[1.780s] -- Up-to-date: /home/apoire/Documents/Robotica/robotica/ROSberta/install/ros_gz_example_gazebo/share/ros_gz_example_gazebo/local_setup.sh
[1.780s] -- Up-to-date: /home/apoire/Documents/Robotica/robotica/ROSberta/install/ros_gz_example_gazebo/share/ros_gz_example_gazebo/local_setup.zsh
[1.780s] -- Up-to-date: /home/apoire/Documents/Robotica/robotica/ROSberta/install/ros_gz_example_gazebo/share/ros_gz_example_gazebo/local_setup.dsv
[1.781s] -- Installing: /home/apoire/Documents/Robotica/robotica/ROSberta/install/ros_gz_example_gazebo/share/ros_gz_example_gazebo/package.dsv
[1.781s] -- Up-to-date: /home/apoire/Documents/Robotica/robotica/ROSberta/install/ros_gz_example_gazebo/share/ament_index/resource_index/packages/ros_gz_example_gazebo
[1.781s] -- Up-to-date: /home/apoire/Documents/Robotica/robotica/ROSberta/install/ros_gz_example_gazebo/share/ros_gz_example_gazebo/cmake/ros_gz_example_gazeboConfig.cmake
[1.781s] -- Up-to-date: /home/apoire/Documents/Robotica/robotica/ROSberta/install/ros_gz_example_gazebo/share/ros_gz_example_gazebo/cmake/ros_gz_example_gazeboConfig-version.cmake
[1.781s] -- Up-to-date: /home/apoire/Documents/Robotica/robotica/ROSberta/install/ros_gz_example_gazebo/share/ros_gz_example_gazebo/package.xml
[1.783s] Invoked command in '/home/apoire/Documents/Robotica/robotica/ROSberta/build/ros_gz_example_gazebo' returned '0': AMENT_PREFIX_PATH=/home/apoire/Documents/Robotica/robotica/ROSberta/install/ros_gz_example_description:${AMENT_PREFIX_PATH} CMAKE_PREFIX_PATH=/home/apoire/Documents/Robotica/robotica/ROSberta/install/ros_gz_example_description:/opt/ros/jazzy/opt/gz_sim_vendor:/opt/ros/jazzy/opt/gz_sensors_vendor:/opt/ros/jazzy/opt/gz_physics_vendor:/opt/ros/jazzy/opt/sdformat_vendor:/opt/ros/jazzy/opt/gz_gui_vendor:/opt/ros/jazzy/opt/gz_transport_vendor:/opt/ros/jazzy/opt/gz_rendering_vendor:/opt/ros/jazzy/opt/gz_plugin_vendor:/opt/ros/jazzy/opt/gz_fuel_tools_vendor:/opt/ros/jazzy/opt/gz_msgs_vendor:/opt/ros/jazzy/opt/gz_common_vendor:/opt/ros/jazzy/opt/gz_math_vendor:/opt/ros/jazzy/opt/gz_utils_vendor:/opt/ros/jazzy/opt/gz_tools_vendor:/opt/ros/jazzy/opt/gz_ogre_next_vendor:/opt/ros/jazzy/opt/gz_dartsim_vendor:/opt/ros/jazzy/opt/gz_cmake_vendor:/opt/ros/jazzy DEBUGINFOD_URLS=https://debuginfod.ubuntu.com GZ_SIM_RESOURCE_PATH=/home/apoire/Documents/Robotica/robotica/ROSberta/install/ros_gz_example_description/share/ros_gz_example_description/models /usr/bin/cmake --install /home/apoire/Documents/Robotica/robotica/ROSberta/build/ros_gz_example_gazebo
