[0.206s] DEBUG:colcon:Command line arguments: ['/usr/bin/colcon', 'build', '--packages-select', 'coverage']
[0.206s] DEBUG:colcon:Parsed command line arguments: Namespace(log_base=None, log_level=None, verb_name='build', build_base='build', install_base='install', merge_install=False, symlink_install=False, test_result_base=None, continue_on_error=False, executor='parallel', parallel_workers=12, event_handlers=None, ignore_user_meta=False, metas=['./colcon.meta'], base_paths=['.'], packages_ignore=None, packages_ignore_regex=None, paths=None, packages_up_to=None, packages_up_to_regex=None, packages_above=None, packages_above_and_dependencies=None, packages_above_depth=None, packages_select_by_dep=None, packages_skip_by_dep=None, packages_skip_up_to=None, packages_select_build_failed=False, packages_skip_build_finished=False, packages_select_test_failures=False, packages_skip_test_passed=False, packages_select=['coverage'], packages_skip=None, packages_select_regex=None, packages_skip_regex=None, packages_start=None, packages_end=None, allow_overriding=[], cmake_args=None, cmake_target=None, cmake_target_skip_unavailable=False, cmake_clean_cache=False, cmake_clean_first=False, cmake_force_configure=False, ament_cmake_args=None, catkin_cmake_args=None, catkin_skip_building_tests=False, mixin_files=None, mixin=None, verb_parser=<colcon_mixin.mixin.mixin_argument.MixinArgumentDecorator object at 0x7df562ad0cb0>, verb_extension=<colcon_core.verb.build.BuildVerb object at 0x7df562bf5ac0>, main=<bound method BuildVerb.main of <colcon_core.verb.build.BuildVerb object at 0x7df562bf5ac0>>, mixin_verb=('build',))
[0.256s] Level 1:colcon.colcon_core.package_discovery:discover_packages(colcon_meta) check parameters
[0.256s] Level 1:colcon.colcon_core.package_discovery:discover_packages(recursive) check parameters
[0.256s] Level 1:colcon.colcon_core.package_discovery:discover_packages(ignore) check parameters
[0.256s] Level 1:colcon.colcon_core.package_discovery:discover_packages(path) check parameters
[0.256s] Level 1:colcon.colcon_core.package_discovery:discover_packages(colcon_meta) discover
[0.256s] Level 1:colcon.colcon_core.package_discovery:discover_packages(recursive) discover
[0.256s] INFO:colcon.colcon_core.package_discovery:Crawling recursively for packages in '/home/apoire/Documents/Robotica/robotica'
[0.256s] Level 1:colcon.colcon_core.package_identification:_identify(.) by extensions ['ignore', 'ignore_ament_install']
[0.256s] Level 1:colcon.colcon_core.package_identification:_identify(.) by extension 'ignore'
[0.256s] Level 1:colcon.colcon_core.package_identification:_identify(.) by extension 'ignore_ament_install'
[0.256s] Level 1:colcon.colcon_core.package_identification:_identify(.) by extensions ['colcon_pkg']
[0.256s] Level 1:colcon.colcon_core.package_identification:_identify(.) by extension 'colcon_pkg'
[0.256s] Level 1:colcon.colcon_core.package_identification:_identify(.) by extensions ['colcon_meta']
[0.256s] Level 1:colcon.colcon_core.package_identification:_identify(.) by extension 'colcon_meta'
[0.256s] Level 1:colcon.colcon_core.package_identification:_identify(.) by extensions ['ros']
[0.257s] Level 1:colcon.colcon_core.package_identification:_identify(.) by extension 'ros'
[0.283s] Level 1:colcon.colcon_core.package_identification:_identify(.) by extensions ['cmake', 'python']
[0.283s] Level 1:colcon.colcon_core.package_identification:_identify(.) by extension 'cmake'
[0.283s] Level 1:colcon.colcon_core.package_identification:_identify(.) by extension 'python'
[0.283s] Level 1:colcon.colcon_core.package_identification:_identify(.) by extensions ['python_setup_py']
[0.283s] Level 1:colcon.colcon_core.package_identification:_identify(.) by extension 'python_setup_py'
[0.283s] Level 1:colcon.colcon_core.package_identification:_identify(agus) by extensions ['ignore', 'ignore_ament_install']
[0.284s] Level 1:colcon.colcon_core.package_identification:_identify(agus) by extension 'ignore'
[0.284s] Level 1:colcon.colcon_core.package_identification:_identify(agus) by extension 'ignore_ament_install'
[0.284s] Level 1:colcon.colcon_core.package_identification:_identify(agus) by extensions ['colcon_pkg']
[0.284s] Level 1:colcon.colcon_core.package_identification:_identify(agus) by extension 'colcon_pkg'
[0.284s] Level 1:colcon.colcon_core.package_identification:_identify(agus) by extensions ['colcon_meta']
[0.284s] Level 1:colcon.colcon_core.package_identification:_identify(agus) by extension 'colcon_meta'
[0.284s] Level 1:colcon.colcon_core.package_identification:_identify(agus) by extensions ['ros']
[0.284s] Level 1:colcon.colcon_core.package_identification:_identify(agus) by extension 'ros'
[0.284s] Level 1:colcon.colcon_core.package_identification:_identify(agus) by extensions ['cmake', 'python']
[0.284s] Level 1:colcon.colcon_core.package_identification:_identify(agus) by extension 'cmake'
[0.284s] Level 1:colcon.colcon_core.package_identification:_identify(agus) by extension 'python'
[0.284s] Level 1:colcon.colcon_core.package_identification:_identify(agus) by extensions ['python_setup_py']
[0.284s] Level 1:colcon.colcon_core.package_identification:_identify(agus) by extension 'python_setup_py'
[0.284s] Level 1:colcon.colcon_core.package_identification:_identify(agus/ros2_ws) by extensions ['ignore', 'ignore_ament_install']
[0.284s] Level 1:colcon.colcon_core.package_identification:_identify(agus/ros2_ws) by extension 'ignore'
[0.284s] Level 1:colcon.colcon_core.package_identification:_identify(agus/ros2_ws) by extension 'ignore_ament_install'
[0.284s] Level 1:colcon.colcon_core.package_identification:_identify(agus/ros2_ws) by extensions ['colcon_pkg']
[0.284s] Level 1:colcon.colcon_core.package_identification:_identify(agus/ros2_ws) by extension 'colcon_pkg'
[0.285s] Level 1:colcon.colcon_core.package_identification:_identify(agus/ros2_ws) by extensions ['colcon_meta']
[0.285s] Level 1:colcon.colcon_core.package_identification:_identify(agus/ros2_ws) by extension 'colcon_meta'
[0.285s] Level 1:colcon.colcon_core.package_identification:_identify(agus/ros2_ws) by extensions ['ros']
[0.285s] Level 1:colcon.colcon_core.package_identification:_identify(agus/ros2_ws) by extension 'ros'
[0.285s] Level 1:colcon.colcon_core.package_identification:_identify(agus/ros2_ws) by extensions ['cmake', 'python']
[0.285s] Level 1:colcon.colcon_core.package_identification:_identify(agus/ros2_ws) by extension 'cmake'
[0.285s] Level 1:colcon.colcon_core.package_identification:_identify(agus/ros2_ws) by extension 'python'
[0.285s] Level 1:colcon.colcon_core.package_identification:_identify(agus/ros2_ws) by extensions ['python_setup_py']
[0.285s] Level 1:colcon.colcon_core.package_identification:_identify(agus/ros2_ws) by extension 'python_setup_py'
[0.285s] Level 1:colcon.colcon_core.package_identification:_identify(agus/ros2_ws/build) by extensions ['ignore', 'ignore_ament_install']
[0.285s] Level 1:colcon.colcon_core.package_identification:_identify(agus/ros2_ws/build) by extension 'ignore'
[0.285s] Level 1:colcon.colcon_core.package_identification:_identify(agus/ros2_ws/build) ignored
[0.285s] Level 1:colcon.colcon_core.package_identification:_identify(agus/ros2_ws/install) by extensions ['ignore', 'ignore_ament_install']
[0.285s] Level 1:colcon.colcon_core.package_identification:_identify(agus/ros2_ws/install) by extension 'ignore'
[0.285s] Level 1:colcon.colcon_core.package_identification:_identify(agus/ros2_ws/install) ignored
[0.286s] Level 1:colcon.colcon_core.package_identification:_identify(agus/ros2_ws/log) by extensions ['ignore', 'ignore_ament_install']
[0.286s] Level 1:colcon.colcon_core.package_identification:_identify(agus/ros2_ws/log) by extension 'ignore'
[0.286s] Level 1:colcon.colcon_core.package_identification:_identify(agus/ros2_ws/log) ignored
[0.286s] Level 1:colcon.colcon_core.package_identification:_identify(agus/ros2_ws/src) by extensions ['ignore', 'ignore_ament_install']
[0.286s] Level 1:colcon.colcon_core.package_identification:_identify(agus/ros2_ws/src) by extension 'ignore'
[0.286s] Level 1:colcon.colcon_core.package_identification:_identify(agus/ros2_ws/src) by extension 'ignore_ament_install'
[0.286s] Level 1:colcon.colcon_core.package_identification:_identify(agus/ros2_ws/src) by extensions ['colcon_pkg']
[0.286s] Level 1:colcon.colcon_core.package_identification:_identify(agus/ros2_ws/src) by extension 'colcon_pkg'
[0.286s] Level 1:colcon.colcon_core.package_identification:_identify(agus/ros2_ws/src) by extensions ['colcon_meta']
[0.286s] Level 1:colcon.colcon_core.package_identification:_identify(agus/ros2_ws/src) by extension 'colcon_meta'
[0.286s] Level 1:colcon.colcon_core.package_identification:_identify(agus/ros2_ws/src) by extensions ['ros']
[0.286s] Level 1:colcon.colcon_core.package_identification:_identify(agus/ros2_ws/src) by extension 'ros'
[0.286s] Level 1:colcon.colcon_core.package_identification:_identify(agus/ros2_ws/src) by extensions ['cmake', 'python']
[0.286s] Level 1:colcon.colcon_core.package_identification:_identify(agus/ros2_ws/src) by extension 'cmake'
[0.286s] Level 1:colcon.colcon_core.package_identification:_identify(agus/ros2_ws/src) by extension 'python'
[0.286s] Level 1:colcon.colcon_core.package_identification:_identify(agus/ros2_ws/src) by extensions ['python_setup_py']
[0.287s] Level 1:colcon.colcon_core.package_identification:_identify(agus/ros2_ws/src) by extension 'python_setup_py'
[0.287s] Level 1:colcon.colcon_core.package_identification:_identify(agus/ros2_ws/src/coverage) by extensions ['ignore', 'ignore_ament_install']
[0.287s] Level 1:colcon.colcon_core.package_identification:_identify(agus/ros2_ws/src/coverage) by extension 'ignore'
[0.287s] Level 1:colcon.colcon_core.package_identification:_identify(agus/ros2_ws/src/coverage) by extension 'ignore_ament_install'
[0.287s] Level 1:colcon.colcon_core.package_identification:_identify(agus/ros2_ws/src/coverage) by extensions ['colcon_pkg']
[0.287s] Level 1:colcon.colcon_core.package_identification:_identify(agus/ros2_ws/src/coverage) by extension 'colcon_pkg'
[0.287s] Level 1:colcon.colcon_core.package_identification:_identify(agus/ros2_ws/src/coverage) by extensions ['colcon_meta']
[0.287s] Level 1:colcon.colcon_core.package_identification:_identify(agus/ros2_ws/src/coverage) by extension 'colcon_meta'
[0.287s] Level 1:colcon.colcon_core.package_identification:_identify(agus/ros2_ws/src/coverage) by extensions ['ros']
[0.287s] Level 1:colcon.colcon_core.package_identification:_identify(agus/ros2_ws/src/coverage) by extension 'ros'
[0.290s] DEBUG:colcon.colcon_core.package_identification:Package 'agus/ros2_ws/src/coverage' with type 'ros.ament_python' and name 'coverage'
[0.290s] Level 1:colcon.colcon_core.package_identification:_identify(agus/ros2_ws/src/ros_gz_project_template) by extensions ['ignore', 'ignore_ament_install']
[0.290s] Level 1:colcon.colcon_core.package_identification:_identify(agus/ros2_ws/src/ros_gz_project_template) by extension 'ignore'
[0.291s] Level 1:colcon.colcon_core.package_identification:_identify(agus/ros2_ws/src/ros_gz_project_template) by extension 'ignore_ament_install'
[0.291s] Level 1:colcon.colcon_core.package_identification:_identify(agus/ros2_ws/src/ros_gz_project_template) by extensions ['colcon_pkg']
[0.291s] Level 1:colcon.colcon_core.package_identification:_identify(agus/ros2_ws/src/ros_gz_project_template) by extension 'colcon_pkg'
[0.291s] Level 1:colcon.colcon_core.package_identification:_identify(agus/ros2_ws/src/ros_gz_project_template) by extensions ['colcon_meta']
[0.291s] Level 1:colcon.colcon_core.package_identification:_identify(agus/ros2_ws/src/ros_gz_project_template) by extension 'colcon_meta'
[0.291s] Level 1:colcon.colcon_core.package_identification:_identify(agus/ros2_ws/src/ros_gz_project_template) by extensions ['ros']
[0.291s] Level 1:colcon.colcon_core.package_identification:_identify(agus/ros2_ws/src/ros_gz_project_template) by extension 'ros'
[0.291s] Level 1:colcon.colcon_core.package_identification:_identify(agus/ros2_ws/src/ros_gz_project_template) by extensions ['cmake', 'python']
[0.291s] Level 1:colcon.colcon_core.package_identification:_identify(agus/ros2_ws/src/ros_gz_project_template) by extension 'cmake'
[0.291s] Level 1:colcon.colcon_core.package_identification:_identify(agus/ros2_ws/src/ros_gz_project_template) by extension 'python'
[0.291s] Level 1:colcon.colcon_core.package_identification:_identify(agus/ros2_ws/src/ros_gz_project_template) by extensions ['python_setup_py']
[0.291s] Level 1:colcon.colcon_core.package_identification:_identify(agus/ros2_ws/src/ros_gz_project_template) by extension 'python_setup_py'
[0.291s] Level 1:colcon.colcon_core.package_identification:_identify(agus/ros2_ws/src/ros_gz_project_template/ros_gz_example_application) by extensions ['ignore', 'ignore_ament_install']
[0.291s] Level 1:colcon.colcon_core.package_identification:_identify(agus/ros2_ws/src/ros_gz_project_template/ros_gz_example_application) by extension 'ignore'
[0.291s] Level 1:colcon.colcon_core.package_identification:_identify(agus/ros2_ws/src/ros_gz_project_template/ros_gz_example_application) by extension 'ignore_ament_install'
[0.291s] Level 1:colcon.colcon_core.package_identification:_identify(agus/ros2_ws/src/ros_gz_project_template/ros_gz_example_application) by extensions ['colcon_pkg']
[0.291s] Level 1:colcon.colcon_core.package_identification:_identify(agus/ros2_ws/src/ros_gz_project_template/ros_gz_example_application) by extension 'colcon_pkg'
[0.291s] Level 1:colcon.colcon_core.package_identification:_identify(agus/ros2_ws/src/ros_gz_project_template/ros_gz_example_application) by extensions ['colcon_meta']
[0.291s] Level 1:colcon.colcon_core.package_identification:_identify(agus/ros2_ws/src/ros_gz_project_template/ros_gz_example_application) by extension 'colcon_meta'
[0.292s] Level 1:colcon.colcon_core.package_identification:_identify(agus/ros2_ws/src/ros_gz_project_template/ros_gz_example_application) by extensions ['ros']
[0.292s] Level 1:colcon.colcon_core.package_identification:_identify(agus/ros2_ws/src/ros_gz_project_template/ros_gz_example_application) by extension 'ros'
[0.292s] DEBUG:colcon.colcon_core.package_identification:Package 'agus/ros2_ws/src/ros_gz_project_template/ros_gz_example_application' with type 'ros.ament_cmake' and name 'ros_gz_example_application'
[0.292s] Level 1:colcon.colcon_core.package_identification:_identify(agus/ros2_ws/src/ros_gz_project_template/ros_gz_example_bringup) by extensions ['ignore', 'ignore_ament_install']
[0.292s] Level 1:colcon.colcon_core.package_identification:_identify(agus/ros2_ws/src/ros_gz_project_template/ros_gz_example_bringup) by extension 'ignore'
[0.292s] Level 1:colcon.colcon_core.package_identification:_identify(agus/ros2_ws/src/ros_gz_project_template/ros_gz_example_bringup) by extension 'ignore_ament_install'
[0.292s] Level 1:colcon.colcon_core.package_identification:_identify(agus/ros2_ws/src/ros_gz_project_template/ros_gz_example_bringup) by extensions ['colcon_pkg']
[0.292s] Level 1:colcon.colcon_core.package_identification:_identify(agus/ros2_ws/src/ros_gz_project_template/ros_gz_example_bringup) by extension 'colcon_pkg'
[0.293s] Level 1:colcon.colcon_core.package_identification:_identify(agus/ros2_ws/src/ros_gz_project_template/ros_gz_example_bringup) by extensions ['colcon_meta']
[0.293s] Level 1:colcon.colcon_core.package_identification:_identify(agus/ros2_ws/src/ros_gz_project_template/ros_gz_example_bringup) by extension 'colcon_meta'
[0.293s] Level 1:colcon.colcon_core.package_identification:_identify(agus/ros2_ws/src/ros_gz_project_template/ros_gz_example_bringup) by extensions ['ros']
[0.293s] Level 1:colcon.colcon_core.package_identification:_identify(agus/ros2_ws/src/ros_gz_project_template/ros_gz_example_bringup) by extension 'ros'
[0.293s] DEBUG:colcon.colcon_core.package_identification:Package 'agus/ros2_ws/src/ros_gz_project_template/ros_gz_example_bringup' with type 'ros.ament_cmake' and name 'ros_gz_example_bringup'
[0.294s] Level 1:colcon.colcon_core.package_identification:_identify(agus/ros2_ws/src/ros_gz_project_template/ros_gz_example_description) by extensions ['ignore', 'ignore_ament_install']
[0.294s] Level 1:colcon.colcon_core.package_identification:_identify(agus/ros2_ws/src/ros_gz_project_template/ros_gz_example_description) by extension 'ignore'
[0.294s] Level 1:colcon.colcon_core.package_identification:_identify(agus/ros2_ws/src/ros_gz_project_template/ros_gz_example_description) by extension 'ignore_ament_install'
[0.294s] Level 1:colcon.colcon_core.package_identification:_identify(agus/ros2_ws/src/ros_gz_project_template/ros_gz_example_description) by extensions ['colcon_pkg']
[0.294s] Level 1:colcon.colcon_core.package_identification:_identify(agus/ros2_ws/src/ros_gz_project_template/ros_gz_example_description) by extension 'colcon_pkg'
[0.294s] Level 1:colcon.colcon_core.package_identification:_identify(agus/ros2_ws/src/ros_gz_project_template/ros_gz_example_description) by extensions ['colcon_meta']
[0.294s] Level 1:colcon.colcon_core.package_identification:_identify(agus/ros2_ws/src/ros_gz_project_template/ros_gz_example_description) by extension 'colcon_meta'
[0.294s] Level 1:colcon.colcon_core.package_identification:_identify(agus/ros2_ws/src/ros_gz_project_template/ros_gz_example_description) by extensions ['ros']
[0.294s] Level 1:colcon.colcon_core.package_identification:_identify(agus/ros2_ws/src/ros_gz_project_template/ros_gz_example_description) by extension 'ros'
[0.295s] DEBUG:colcon.colcon_core.package_identification:Package 'agus/ros2_ws/src/ros_gz_project_template/ros_gz_example_description' with type 'ros.ament_cmake' and name 'ros_gz_example_description'
[0.295s] Level 1:colcon.colcon_core.package_identification:_identify(agus/ros2_ws/src/ros_gz_project_template/ros_gz_example_gazebo) by extensions ['ignore', 'ignore_ament_install']
[0.295s] Level 1:colcon.colcon_core.package_identification:_identify(agus/ros2_ws/src/ros_gz_project_template/ros_gz_example_gazebo) by extension 'ignore'
[0.295s] Level 1:colcon.colcon_core.package_identification:_identify(agus/ros2_ws/src/ros_gz_project_template/ros_gz_example_gazebo) by extension 'ignore_ament_install'
[0.295s] Level 1:colcon.colcon_core.package_identification:_identify(agus/ros2_ws/src/ros_gz_project_template/ros_gz_example_gazebo) by extensions ['colcon_pkg']
[0.295s] Level 1:colcon.colcon_core.package_identification:_identify(agus/ros2_ws/src/ros_gz_project_template/ros_gz_example_gazebo) by extension 'colcon_pkg'
[0.295s] Level 1:colcon.colcon_core.package_identification:_identify(agus/ros2_ws/src/ros_gz_project_template/ros_gz_example_gazebo) by extensions ['colcon_meta']
[0.295s] Level 1:colcon.colcon_core.package_identification:_identify(agus/ros2_ws/src/ros_gz_project_template/ros_gz_example_gazebo) by extension 'colcon_meta'
[0.295s] Level 1:colcon.colcon_core.package_identification:_identify(agus/ros2_ws/src/ros_gz_project_template/ros_gz_example_gazebo) by extensions ['ros']
[0.295s] Level 1:colcon.colcon_core.package_identification:_identify(agus/ros2_ws/src/ros_gz_project_template/ros_gz_example_gazebo) by extension 'ros'
[0.296s] DEBUG:colcon.colcon_core.package_identification:Package 'agus/ros2_ws/src/ros_gz_project_template/ros_gz_example_gazebo' with type 'ros.ament_cmake' and name 'ros_gz_example_gazebo'
[0.296s] Level 1:colcon.colcon_core.package_identification:_identify(build) by extensions ['ignore', 'ignore_ament_install']
[0.296s] Level 1:colcon.colcon_core.package_identification:_identify(build) by extension 'ignore'
[0.296s] Level 1:colcon.colcon_core.package_identification:_identify(build) ignored
[0.296s] Level 1:colcon.colcon_core.package_identification:_identify(install) by extensions ['ignore', 'ignore_ament_install']
[0.296s] Level 1:colcon.colcon_core.package_identification:_identify(install) by extension 'ignore'
[0.296s] Level 1:colcon.colcon_core.package_identification:_identify(install) ignored
[0.296s] Level 1:colcon.colcon_core.package_identification:_identify(lau) by extensions ['ignore', 'ignore_ament_install']
[0.296s] Level 1:colcon.colcon_core.package_identification:_identify(lau) by extension 'ignore'
[0.296s] Level 1:colcon.colcon_core.package_identification:_identify(lau) by extension 'ignore_ament_install'
[0.296s] Level 1:colcon.colcon_core.package_identification:_identify(lau) by extensions ['colcon_pkg']
[0.296s] Level 1:colcon.colcon_core.package_identification:_identify(lau) by extension 'colcon_pkg'
[0.296s] Level 1:colcon.colcon_core.package_identification:_identify(lau) by extensions ['colcon_meta']
[0.296s] Level 1:colcon.colcon_core.package_identification:_identify(lau) by extension 'colcon_meta'
[0.296s] Level 1:colcon.colcon_core.package_identification:_identify(lau) by extensions ['ros']
[0.296s] Level 1:colcon.colcon_core.package_identification:_identify(lau) by extension 'ros'
[0.297s] Level 1:colcon.colcon_core.package_identification:_identify(lau) by extensions ['cmake', 'python']
[0.297s] Level 1:colcon.colcon_core.package_identification:_identify(lau) by extension 'cmake'
[0.297s] Level 1:colcon.colcon_core.package_identification:_identify(lau) by extension 'python'
[0.297s] Level 1:colcon.colcon_core.package_identification:_identify(lau) by extensions ['python_setup_py']
[0.297s] Level 1:colcon.colcon_core.package_identification:_identify(lau) by extension 'python_setup_py'
[0.297s] Level 1:colcon.colcon_core.package_identification:_identify(lau/tp) by extensions ['ignore', 'ignore_ament_install']
[0.297s] Level 1:colcon.colcon_core.package_identification:_identify(lau/tp) by extension 'ignore'
[0.297s] Level 1:colcon.colcon_core.package_identification:_identify(lau/tp) by extension 'ignore_ament_install'
[0.297s] Level 1:colcon.colcon_core.package_identification:_identify(lau/tp) by extensions ['colcon_pkg']
[0.297s] Level 1:colcon.colcon_core.package_identification:_identify(lau/tp) by extension 'colcon_pkg'
[0.297s] Level 1:colcon.colcon_core.package_identification:_identify(lau/tp) by extensions ['colcon_meta']
[0.297s] Level 1:colcon.colcon_core.package_identification:_identify(lau/tp) by extension 'colcon_meta'
[0.297s] Level 1:colcon.colcon_core.package_identification:_identify(lau/tp) by extensions ['ros']
[0.297s] Level 1:colcon.colcon_core.package_identification:_identify(lau/tp) by extension 'ros'
[0.297s] Level 1:colcon.colcon_core.package_identification:_identify(lau/tp) by extensions ['cmake', 'python']
[0.297s] Level 1:colcon.colcon_core.package_identification:_identify(lau/tp) by extension 'cmake'
[0.297s] Level 1:colcon.colcon_core.package_identification:_identify(lau/tp) by extension 'python'
[0.297s] Level 1:colcon.colcon_core.package_identification:_identify(lau/tp) by extensions ['python_setup_py']
[0.297s] Level 1:colcon.colcon_core.package_identification:_identify(lau/tp) by extension 'python_setup_py'
[0.298s] Level 1:colcon.colcon_core.package_identification:_identify(lau/tp/src) by extensions ['ignore', 'ignore_ament_install']
[0.298s] Level 1:colcon.colcon_core.package_identification:_identify(lau/tp/src) by extension 'ignore'
[0.298s] Level 1:colcon.colcon_core.package_identification:_identify(lau/tp/src) by extension 'ignore_ament_install'
[0.298s] Level 1:colcon.colcon_core.package_identification:_identify(lau/tp/src) by extensions ['colcon_pkg']
[0.298s] Level 1:colcon.colcon_core.package_identification:_identify(lau/tp/src) by extension 'colcon_pkg'
[0.298s] Level 1:colcon.colcon_core.package_identification:_identify(lau/tp/src) by extensions ['colcon_meta']
[0.298s] Level 1:colcon.colcon_core.package_identification:_identify(lau/tp/src) by extension 'colcon_meta'
[0.298s] Level 1:colcon.colcon_core.package_identification:_identify(lau/tp/src) by extensions ['ros']
[0.298s] Level 1:colcon.colcon_core.package_identification:_identify(lau/tp/src) by extension 'ros'
[0.298s] Level 1:colcon.colcon_core.package_identification:_identify(lau/tp/src) by extensions ['cmake', 'python']
[0.298s] Level 1:colcon.colcon_core.package_identification:_identify(lau/tp/src) by extension 'cmake'
[0.298s] Level 1:colcon.colcon_core.package_identification:_identify(lau/tp/src) by extension 'python'
[0.298s] Level 1:colcon.colcon_core.package_identification:_identify(lau/tp/src) by extensions ['python_setup_py']
[0.298s] Level 1:colcon.colcon_core.package_identification:_identify(lau/tp/src) by extension 'python_setup_py'
[0.298s] Level 1:colcon.colcon_core.package_identification:_identify(lau/tp/src/robot_master) by extensions ['ignore', 'ignore_ament_install']
[0.298s] Level 1:colcon.colcon_core.package_identification:_identify(lau/tp/src/robot_master) by extension 'ignore'
[0.299s] Level 1:colcon.colcon_core.package_identification:_identify(lau/tp/src/robot_master) by extension 'ignore_ament_install'
[0.299s] Level 1:colcon.colcon_core.package_identification:_identify(lau/tp/src/robot_master) by extensions ['colcon_pkg']
[0.299s] Level 1:colcon.colcon_core.package_identification:_identify(lau/tp/src/robot_master) by extension 'colcon_pkg'
[0.299s] Level 1:colcon.colcon_core.package_identification:_identify(lau/tp/src/robot_master) by extensions ['colcon_meta']
[0.299s] Level 1:colcon.colcon_core.package_identification:_identify(lau/tp/src/robot_master) by extension 'colcon_meta'
[0.299s] Level 1:colcon.colcon_core.package_identification:_identify(lau/tp/src/robot_master) by extensions ['ros']
[0.299s] Level 1:colcon.colcon_core.package_identification:_identify(lau/tp/src/robot_master) by extension 'ros'
[0.300s] DEBUG:colcon.colcon_core.package_identification:Package 'lau/tp/src/robot_master' with type 'ros.ament_python' and name 'robot_master'
[0.300s] Level 1:colcon.colcon_core.package_identification:_identify(lau/tp/src/ros_gz_project_template) by extensions ['ignore', 'ignore_ament_install']
[0.300s] Level 1:colcon.colcon_core.package_identification:_identify(lau/tp/src/ros_gz_project_template) by extension 'ignore'
[0.300s] Level 1:colcon.colcon_core.package_identification:_identify(lau/tp/src/ros_gz_project_template) by extension 'ignore_ament_install'
[0.300s] Level 1:colcon.colcon_core.package_identification:_identify(lau/tp/src/ros_gz_project_template) by extensions ['colcon_pkg']
[0.300s] Level 1:colcon.colcon_core.package_identification:_identify(lau/tp/src/ros_gz_project_template) by extension 'colcon_pkg'
[0.300s] Level 1:colcon.colcon_core.package_identification:_identify(lau/tp/src/ros_gz_project_template) by extensions ['colcon_meta']
[0.300s] Level 1:colcon.colcon_core.package_identification:_identify(lau/tp/src/ros_gz_project_template) by extension 'colcon_meta'
[0.300s] Level 1:colcon.colcon_core.package_identification:_identify(lau/tp/src/ros_gz_project_template) by extensions ['ros']
[0.300s] Level 1:colcon.colcon_core.package_identification:_identify(lau/tp/src/ros_gz_project_template) by extension 'ros'
[0.300s] Level 1:colcon.colcon_core.package_identification:_identify(lau/tp/src/ros_gz_project_template) by extensions ['cmake', 'python']
[0.300s] Level 1:colcon.colcon_core.package_identification:_identify(lau/tp/src/ros_gz_project_template) by extension 'cmake'
[0.300s] Level 1:colcon.colcon_core.package_identification:_identify(lau/tp/src/ros_gz_project_template) by extension 'python'
[0.300s] Level 1:colcon.colcon_core.package_identification:_identify(lau/tp/src/ros_gz_project_template) by extensions ['python_setup_py']
[0.300s] Level 1:colcon.colcon_core.package_identification:_identify(lau/tp/src/ros_gz_project_template) by extension 'python_setup_py'
[0.301s] Level 1:colcon.colcon_core.package_identification:_identify(lau/tp/src/ros_gz_project_template/ros_gz_example_application) by extensions ['ignore', 'ignore_ament_install']
[0.301s] Level 1:colcon.colcon_core.package_identification:_identify(lau/tp/src/ros_gz_project_template/ros_gz_example_application) by extension 'ignore'
[0.301s] Level 1:colcon.colcon_core.package_identification:_identify(lau/tp/src/ros_gz_project_template/ros_gz_example_application) by extension 'ignore_ament_install'
[0.301s] Level 1:colcon.colcon_core.package_identification:_identify(lau/tp/src/ros_gz_project_template/ros_gz_example_application) by extensions ['colcon_pkg']
[0.301s] Level 1:colcon.colcon_core.package_identification:_identify(lau/tp/src/ros_gz_project_template/ros_gz_example_application) by extension 'colcon_pkg'
[0.301s] Level 1:colcon.colcon_core.package_identification:_identify(lau/tp/src/ros_gz_project_template/ros_gz_example_application) by extensions ['colcon_meta']
[0.301s] Level 1:colcon.colcon_core.package_identification:_identify(lau/tp/src/ros_gz_project_template/ros_gz_example_application) by extension 'colcon_meta'
[0.301s] Level 1:colcon.colcon_core.package_identification:_identify(lau/tp/src/ros_gz_project_template/ros_gz_example_application) by extensions ['ros']
[0.301s] Level 1:colcon.colcon_core.package_identification:_identify(lau/tp/src/ros_gz_project_template/ros_gz_example_application) by extension 'ros'
[0.302s] DEBUG:colcon.colcon_core.package_identification:Package 'lau/tp/src/ros_gz_project_template/ros_gz_example_application' with type 'ros.ament_cmake' and name 'ros_gz_example_application'
[0.302s] Level 1:colcon.colcon_core.package_identification:_identify(lau/tp/src/ros_gz_project_template/ros_gz_example_bringup) by extensions ['ignore', 'ignore_ament_install']
[0.302s] Level 1:colcon.colcon_core.package_identification:_identify(lau/tp/src/ros_gz_project_template/ros_gz_example_bringup) by extension 'ignore'
[0.302s] Level 1:colcon.colcon_core.package_identification:_identify(lau/tp/src/ros_gz_project_template/ros_gz_example_bringup) by extension 'ignore_ament_install'
[0.302s] Level 1:colcon.colcon_core.package_identification:_identify(lau/tp/src/ros_gz_project_template/ros_gz_example_bringup) by extensions ['colcon_pkg']
[0.302s] Level 1:colcon.colcon_core.package_identification:_identify(lau/tp/src/ros_gz_project_template/ros_gz_example_bringup) by extension 'colcon_pkg'
[0.302s] Level 1:colcon.colcon_core.package_identification:_identify(lau/tp/src/ros_gz_project_template/ros_gz_example_bringup) by extensions ['colcon_meta']
[0.302s] Level 1:colcon.colcon_core.package_identification:_identify(lau/tp/src/ros_gz_project_template/ros_gz_example_bringup) by extension 'colcon_meta'
[0.302s] Level 1:colcon.colcon_core.package_identification:_identify(lau/tp/src/ros_gz_project_template/ros_gz_example_bringup) by extensions ['ros']
[0.302s] Level 1:colcon.colcon_core.package_identification:_identify(lau/tp/src/ros_gz_project_template/ros_gz_example_bringup) by extension 'ros'
[0.304s] DEBUG:colcon.colcon_core.package_identification:Package 'lau/tp/src/ros_gz_project_template/ros_gz_example_bringup' with type 'ros.ament_cmake' and name 'ros_gz_example_bringup'
[0.304s] Level 1:colcon.colcon_core.package_identification:_identify(lau/tp/src/ros_gz_project_template/ros_gz_example_description) by extensions ['ignore', 'ignore_ament_install']
[0.304s] Level 1:colcon.colcon_core.package_identification:_identify(lau/tp/src/ros_gz_project_template/ros_gz_example_description) by extension 'ignore'
[0.304s] Level 1:colcon.colcon_core.package_identification:_identify(lau/tp/src/ros_gz_project_template/ros_gz_example_description) by extension 'ignore_ament_install'
[0.304s] Level 1:colcon.colcon_core.package_identification:_identify(lau/tp/src/ros_gz_project_template/ros_gz_example_description) by extensions ['colcon_pkg']
[0.304s] Level 1:colcon.colcon_core.package_identification:_identify(lau/tp/src/ros_gz_project_template/ros_gz_example_description) by extension 'colcon_pkg'
[0.304s] Level 1:colcon.colcon_core.package_identification:_identify(lau/tp/src/ros_gz_project_template/ros_gz_example_description) by extensions ['colcon_meta']
[0.304s] Level 1:colcon.colcon_core.package_identification:_identify(lau/tp/src/ros_gz_project_template/ros_gz_example_description) by extension 'colcon_meta'
[0.304s] Level 1:colcon.colcon_core.package_identification:_identify(lau/tp/src/ros_gz_project_template/ros_gz_example_description) by extensions ['ros']
[0.304s] Level 1:colcon.colcon_core.package_identification:_identify(lau/tp/src/ros_gz_project_template/ros_gz_example_description) by extension 'ros'
[0.305s] DEBUG:colcon.colcon_core.package_identification:Package 'lau/tp/src/ros_gz_project_template/ros_gz_example_description' with type 'ros.ament_cmake' and name 'ros_gz_example_description'
[0.305s] Level 1:colcon.colcon_core.package_identification:_identify(lau/tp/src/ros_gz_project_template/ros_gz_example_gazebo) by extensions ['ignore', 'ignore_ament_install']
[0.305s] Level 1:colcon.colcon_core.package_identification:_identify(lau/tp/src/ros_gz_project_template/ros_gz_example_gazebo) by extension 'ignore'
[0.305s] Level 1:colcon.colcon_core.package_identification:_identify(lau/tp/src/ros_gz_project_template/ros_gz_example_gazebo) by extension 'ignore_ament_install'
[0.305s] Level 1:colcon.colcon_core.package_identification:_identify(lau/tp/src/ros_gz_project_template/ros_gz_example_gazebo) by extensions ['colcon_pkg']
[0.305s] Level 1:colcon.colcon_core.package_identification:_identify(lau/tp/src/ros_gz_project_template/ros_gz_example_gazebo) by extension 'colcon_pkg'
[0.305s] Level 1:colcon.colcon_core.package_identification:_identify(lau/tp/src/ros_gz_project_template/ros_gz_example_gazebo) by extensions ['colcon_meta']
[0.305s] Level 1:colcon.colcon_core.package_identification:_identify(lau/tp/src/ros_gz_project_template/ros_gz_example_gazebo) by extension 'colcon_meta'
[0.306s] Level 1:colcon.colcon_core.package_identification:_identify(lau/tp/src/ros_gz_project_template/ros_gz_example_gazebo) by extensions ['ros']
[0.306s] Level 1:colcon.colcon_core.package_identification:_identify(lau/tp/src/ros_gz_project_template/ros_gz_example_gazebo) by extension 'ros'
[0.307s] DEBUG:colcon.colcon_core.package_identification:Package 'lau/tp/src/ros_gz_project_template/ros_gz_example_gazebo' with type 'ros.ament_cmake' and name 'ros_gz_example_gazebo'
[0.307s] Level 1:colcon.colcon_core.package_identification:_identify(log) by extensions ['ignore', 'ignore_ament_install']
[0.307s] Level 1:colcon.colcon_core.package_identification:_identify(log) by extension 'ignore'
[0.307s] Level 1:colcon.colcon_core.package_identification:_identify(log) ignored
[0.307s] Level 1:colcon.colcon_core.package_discovery:discover_packages(recursive) using defaults
[0.307s] Level 1:colcon.colcon_core.package_discovery:discover_packages(ignore) discover
[0.307s] Level 1:colcon.colcon_core.package_discovery:discover_packages(ignore) using defaults
[0.307s] Level 1:colcon.colcon_core.package_discovery:discover_packages(path) discover
[0.307s] Level 1:colcon.colcon_core.package_discovery:discover_packages(path) using defaults
[0.332s] INFO:colcon.colcon_core.package_selection:Skipping not selected package 'robot_master' in 'lau/tp/src/robot_master'
[0.332s] INFO:colcon.colcon_core.package_selection:Skipping not selected package 'ros_gz_example_application' in 'agus/ros2_ws/src/ros_gz_project_template/ros_gz_example_application'
[0.332s] INFO:colcon.colcon_core.package_selection:Skipping not selected package 'ros_gz_example_application' in 'lau/tp/src/ros_gz_project_template/ros_gz_example_application'
[0.332s] INFO:colcon.colcon_core.package_selection:Skipping not selected package 'ros_gz_example_description' in 'agus/ros2_ws/src/ros_gz_project_template/ros_gz_example_description'
[0.332s] INFO:colcon.colcon_core.package_selection:Skipping not selected package 'ros_gz_example_description' in 'lau/tp/src/ros_gz_project_template/ros_gz_example_description'
[0.332s] INFO:colcon.colcon_core.package_selection:Skipping not selected package 'ros_gz_example_gazebo' in 'lau/tp/src/ros_gz_project_template/ros_gz_example_gazebo'
[0.332s] INFO:colcon.colcon_core.package_selection:Skipping not selected package 'ros_gz_example_gazebo' in 'agus/ros2_ws/src/ros_gz_project_template/ros_gz_example_gazebo'
[0.332s] INFO:colcon.colcon_core.package_selection:Skipping not selected package 'ros_gz_example_bringup' in 'lau/tp/src/ros_gz_project_template/ros_gz_example_bringup'
[0.332s] INFO:colcon.colcon_core.package_selection:Skipping not selected package 'ros_gz_example_bringup' in 'agus/ros2_ws/src/ros_gz_project_template/ros_gz_example_bringup'
[0.333s] Level 1:colcon.colcon_core.package_discovery:discover_packages(prefix_path) check parameters
[0.333s] Level 1:colcon.colcon_core.package_discovery:discover_packages(prefix_path) discover
[0.335s] Level 1:colcon.colcon_core.package_discovery:discover_packages(prefix_path) using defaults
[0.337s] Level 5:colcon.colcon_core.verb:set package 'coverage' build argument 'cmake_args' from command line to 'None'
[0.337s] Level 5:colcon.colcon_core.verb:set package 'coverage' build argument 'cmake_target' from command line to 'None'
[0.337s] Level 5:colcon.colcon_core.verb:set package 'coverage' build argument 'cmake_target_skip_unavailable' from command line to 'False'
[0.337s] Level 5:colcon.colcon_core.verb:set package 'coverage' build argument 'cmake_clean_cache' from command line to 'False'
[0.337s] Level 5:colcon.colcon_core.verb:set package 'coverage' build argument 'cmake_clean_first' from command line to 'False'
[0.337s] Level 5:colcon.colcon_core.verb:set package 'coverage' build argument 'cmake_force_configure' from command line to 'False'
[0.337s] Level 5:colcon.colcon_core.verb:set package 'coverage' build argument 'ament_cmake_args' from command line to 'None'
[0.337s] Level 5:colcon.colcon_core.verb:set package 'coverage' build argument 'catkin_cmake_args' from command line to 'None'
[0.337s] Level 5:colcon.colcon_core.verb:set package 'coverage' build argument 'catkin_skip_building_tests' from command line to 'False'
[0.337s] DEBUG:colcon.colcon_core.verb:Building package 'coverage' with the following arguments: {'ament_cmake_args': None, 'build_base': '/home/apoire/Documents/Robotica/robotica/build/coverage', 'catkin_cmake_args': None, 'catkin_skip_building_tests': False, 'cmake_args': None, 'cmake_clean_cache': False, 'cmake_clean_first': False, 'cmake_force_configure': False, 'cmake_target': None, 'cmake_target_skip_unavailable': False, 'install_base': '/home/apoire/Documents/Robotica/robotica/install/coverage', 'merge_install': False, 'path': '/home/apoire/Documents/Robotica/robotica/agus/ros2_ws/src/coverage', 'symlink_install': False, 'test_result_base': None}
[0.338s] INFO:colcon.colcon_core.executor:Executing jobs using 'parallel' executor
[0.338s] DEBUG:colcon.colcon_parallel_executor.executor.parallel:run_until_complete
[0.339s] INFO:colcon.colcon_ros.task.ament_python.build:Building ROS package in '/home/apoire/Documents/Robotica/robotica/agus/ros2_ws/src/coverage' with build type 'ament_python'
[0.339s] Level 1:colcon.colcon_core.shell:create_environment_hook('coverage', 'ament_prefix_path')
[0.345s] INFO:colcon.colcon_core.plugin_system:Skipping extension 'colcon_core.shell.bat': Not used on non-Windows systems
[0.346s] INFO:colcon.colcon_core.shell:Creating environment hook '/home/apoire/Documents/Robotica/robotica/install/coverage/share/coverage/hook/ament_prefix_path.ps1'
[0.346s] INFO:colcon.colcon_core.shell:Creating environment descriptor '/home/apoire/Documents/Robotica/robotica/install/coverage/share/coverage/hook/ament_prefix_path.dsv'
[0.347s] INFO:colcon.colcon_core.shell:Creating environment hook '/home/apoire/Documents/Robotica/robotica/install/coverage/share/coverage/hook/ament_prefix_path.sh'
[0.347s] INFO:colcon.colcon_core.shell:Skip shell extension 'powershell' for command environment: Not usable outside of PowerShell
[0.347s] DEBUG:colcon.colcon_core.shell:Skip shell extension 'dsv' for command environment
[0.553s] INFO:colcon.colcon_core.task.python.build:Building Python package in '/home/apoire/Documents/Robotica/robotica/agus/ros2_ws/src/coverage'
[0.553s] INFO:colcon.colcon_core.shell:Skip shell extension 'powershell' for command environment: Not usable outside of PowerShell
[0.553s] DEBUG:colcon.colcon_core.shell:Skip shell extension 'dsv' for command environment
[1.097s] DEBUG:colcon.colcon_core.event_handler.log_command:Invoking command in '/home/apoire/Documents/Robotica/robotica/agus/ros2_ws/src/coverage': DEBUGINFOD_URLS=https://debuginfod.ubuntu.com PYTHONPATH=/home/apoire/Documents/Robotica/robotica/build/coverage/prefix_override:/usr/lib/python3/dist-packages/colcon_core/task/python/colcon_distutils_commands:/home/apoire/Documents/Robotica/robotica/install/coverage/lib/python3.12/site-packages: /usr/bin/python3 -W ignore:setup.py install is deprecated -W ignore:easy_install command is deprecated setup.py egg_info --egg-base ../../../../build/coverage build --build-base /home/apoire/Documents/Robotica/robotica/build/coverage/build install --record /home/apoire/Documents/Robotica/robotica/build/coverage/install.log --single-version-externally-managed install_data
[1.578s] DEBUG:colcon.colcon_core.event_handler.log_command:Invoked command in '/home/apoire/Documents/Robotica/robotica/agus/ros2_ws/src/coverage' returned '0': DEBUGINFOD_URLS=https://debuginfod.ubuntu.com PYTHONPATH=/home/apoire/Documents/Robotica/robotica/build/coverage/prefix_override:/usr/lib/python3/dist-packages/colcon_core/task/python/colcon_distutils_commands:/home/apoire/Documents/Robotica/robotica/install/coverage/lib/python3.12/site-packages: /usr/bin/python3 -W ignore:setup.py install is deprecated -W ignore:easy_install command is deprecated setup.py egg_info --egg-base ../../../../build/coverage build --build-base /home/apoire/Documents/Robotica/robotica/build/coverage/build install --record /home/apoire/Documents/Robotica/robotica/build/coverage/install.log --single-version-externally-managed install_data
[1.583s] Level 1:colcon.colcon_core.environment:checking '/home/apoire/Documents/Robotica/robotica/install/coverage' for CMake module files
[1.583s] Level 1:colcon.colcon_core.environment:checking '/home/apoire/Documents/Robotica/robotica/install/coverage' for CMake config files
[1.584s] Level 1:colcon.colcon_core.environment:checking '/home/apoire/Documents/Robotica/robotica/install/coverage/lib'
[1.584s] Level 1:colcon.colcon_core.environment:checking '/home/apoire/Documents/Robotica/robotica/install/coverage/bin'
[1.584s] Level 1:colcon.colcon_core.environment:checking '/home/apoire/Documents/Robotica/robotica/install/coverage/lib/pkgconfig/coverage.pc'
[1.585s] Level 1:colcon.colcon_core.environment:checking '/home/apoire/Documents/Robotica/robotica/install/coverage/lib/python3.12/site-packages'
[1.585s] Level 1:colcon.colcon_core.shell:create_environment_hook('coverage', 'pythonpath')
[1.585s] INFO:colcon.colcon_core.shell:Creating environment hook '/home/apoire/Documents/Robotica/robotica/install/coverage/share/coverage/hook/pythonpath.ps1'
[1.585s] INFO:colcon.colcon_core.shell:Creating environment descriptor '/home/apoire/Documents/Robotica/robotica/install/coverage/share/coverage/hook/pythonpath.dsv'
[1.586s] INFO:colcon.colcon_core.shell:Creating environment hook '/home/apoire/Documents/Robotica/robotica/install/coverage/share/coverage/hook/pythonpath.sh'
[1.586s] Level 1:colcon.colcon_core.environment:checking '/home/apoire/Documents/Robotica/robotica/install/coverage/bin'
[1.586s] Level 1:colcon.colcon_core.environment:create_environment_scripts_only(coverage)
[1.586s] INFO:colcon.colcon_core.shell:Creating package script '/home/apoire/Documents/Robotica/robotica/install/coverage/share/coverage/package.ps1'
[1.587s] INFO:colcon.colcon_core.shell:Creating package descriptor '/home/apoire/Documents/Robotica/robotica/install/coverage/share/coverage/package.dsv'
[1.588s] INFO:colcon.colcon_core.shell:Creating package script '/home/apoire/Documents/Robotica/robotica/install/coverage/share/coverage/package.sh'
[1.588s] INFO:colcon.colcon_core.shell:Creating package script '/home/apoire/Documents/Robotica/robotica/install/coverage/share/coverage/package.bash'
[1.589s] INFO:colcon.colcon_core.shell:Creating package script '/home/apoire/Documents/Robotica/robotica/install/coverage/share/coverage/package.zsh'
[1.589s] Level 1:colcon.colcon_core.environment:create_file_with_runtime_dependencies(/home/apoire/Documents/Robotica/robotica/install/coverage/share/colcon-core/packages/coverage)
[1.590s] DEBUG:colcon.colcon_parallel_executor.executor.parallel:closing loop
[1.590s] DEBUG:colcon.colcon_parallel_executor.executor.parallel:loop closed
[1.590s] DEBUG:colcon.colcon_parallel_executor.executor.parallel:run_until_complete finished with '0'
[1.590s] DEBUG:colcon.colcon_core.event_reactor:joining thread
[1.598s] INFO:colcon.colcon_core.plugin_system:Skipping extension 'colcon_notification.desktop_notification.terminal_notifier': Not used on non-Darwin systems
[1.598s] INFO:colcon.colcon_core.plugin_system:Skipping extension 'colcon_notification.desktop_notification.win32': Not used on non-Windows systems
[1.598s] INFO:colcon.colcon_notification.desktop_notification:Sending desktop notification using 'notify2'
[1.611s] DEBUG:colcon.colcon_core.event_reactor:joined thread
[1.611s] INFO:colcon.colcon_core.shell:Creating prefix script '/home/apoire/Documents/Robotica/robotica/install/local_setup.ps1'
[1.612s] INFO:colcon.colcon_core.shell:Creating prefix util module '/home/apoire/Documents/Robotica/robotica/install/_local_setup_util_ps1.py'
[1.614s] INFO:colcon.colcon_core.shell:Creating prefix chain script '/home/apoire/Documents/Robotica/robotica/install/setup.ps1'
[1.614s] INFO:colcon.colcon_core.shell:Creating prefix script '/home/apoire/Documents/Robotica/robotica/install/local_setup.sh'
[1.615s] INFO:colcon.colcon_core.shell:Creating prefix util module '/home/apoire/Documents/Robotica/robotica/install/_local_setup_util_sh.py'
[1.615s] INFO:colcon.colcon_core.shell:Creating prefix chain script '/home/apoire/Documents/Robotica/robotica/install/setup.sh'
[1.616s] INFO:colcon.colcon_core.shell:Creating prefix script '/home/apoire/Documents/Robotica/robotica/install/local_setup.bash'
[1.616s] INFO:colcon.colcon_core.shell:Creating prefix chain script '/home/apoire/Documents/Robotica/robotica/install/setup.bash'
[1.617s] INFO:colcon.colcon_core.shell:Creating prefix script '/home/apoire/Documents/Robotica/robotica/install/local_setup.zsh'
[1.617s] INFO:colcon.colcon_core.shell:Creating prefix chain script '/home/apoire/Documents/Robotica/robotica/install/setup.zsh'
