[1.249s] Invoking command in '/home/apoire/Documents/Robotica/robotica/ROSberta/src/coverage': DEBUGINFOD_URLS=https://debuginfod.ubuntu.com PYTHONPATH=/home/apoire/Documents/Robotica/robotica/ROSberta/build/coverage/prefix_override:/usr/lib/python3/dist-packages/colcon_core/task/python/colcon_distutils_commands:/home/apoire/Documents/Robotica/robotica/ROSberta/install/coverage/lib/python3.12/site-packages:${PYTHONPATH} /usr/bin/python3 -W ignore:setup.py install is deprecated -W ignore:easy_install command is deprecated setup.py egg_info --egg-base ../../build/coverage build --build-base /home/apoire/Documents/Robotica/robotica/ROSberta/build/coverage/build install --record /home/apoire/Documents/Robotica/robotica/ROSberta/build/coverage/install.log --single-version-externally-managed install_data
[1.581s] running egg_info
[1.582s] creating ../../build/coverage/coverage.egg-info
[1.608s] writing ../../build/coverage/coverage.egg-info/PKG-INFO
[1.608s] writing dependency_links to ../../build/coverage/coverage.egg-info/dependency_links.txt
[1.608s] writing entry points to ../../build/coverage/coverage.egg-info/entry_points.txt
[1.608s] writing requirements to ../../build/coverage/coverage.egg-info/requires.txt
[1.608s] writing top-level names to ../../build/coverage/coverage.egg-info/top_level.txt
[1.608s] writing manifest file '../../build/coverage/coverage.egg-info/SOURCES.txt'
[1.636s] reading manifest file '../../build/coverage/coverage.egg-info/SOURCES.txt'
[1.636s] adding license file 'LICENSE'
[1.636s] writing manifest file '../../build/coverage/coverage.egg-info/SOURCES.txt'
[1.636s] running build
[1.637s] running install
[1.644s] running install_data
[1.644s] creating /home/apoire/Documents/Robotica/robotica/ROSberta/install/coverage/share/ament_index
[1.644s] creating /home/apoire/Documents/Robotica/robotica/ROSberta/install/coverage/share/ament_index/resource_index
[1.644s] creating /home/apoire/Documents/Robotica/robotica/ROSberta/install/coverage/share/ament_index/resource_index/packages
[1.644s] copying resource/coverage -> /home/apoire/Documents/Robotica/robotica/ROSberta/install/coverage/share/ament_index/resource_index/packages
[1.644s] copying package.xml -> /home/apoire/Documents/Robotica/robotica/ROSberta/install/coverage/share/coverage
[1.644s] running install_egg_info
[1.698s] Copying ../../build/coverage/coverage.egg-info to /home/apoire/Documents/Robotica/robotica/ROSberta/install/coverage/lib/python3.12/site-packages/coverage-0.0.0-py3.12.egg-info
[1.699s] running install_scripts
[1.871s] Installing coverage_server script to /home/apoire/Documents/Robotica/robotica/ROSberta/install/coverage/lib/coverage
[1.872s] writing list of installed files to '/home/apoire/Documents/Robotica/robotica/ROSberta/build/coverage/install.log'
[1.910s] Invoked command in '/home/apoire/Documents/Robotica/robotica/ROSberta/src/coverage' returned '0': DEBUGINFOD_URLS=https://debuginfod.ubuntu.com PYTHONPATH=/home/apoire/Documents/Robotica/robotica/ROSberta/build/coverage/prefix_override:/usr/lib/python3/dist-packages/colcon_core/task/python/colcon_distutils_commands:/home/apoire/Documents/Robotica/robotica/ROSberta/install/coverage/lib/python3.12/site-packages:${PYTHONPATH} /usr/bin/python3 -W ignore:setup.py install is deprecated -W ignore:easy_install command is deprecated setup.py egg_info --egg-base ../../build/coverage build --build-base /home/apoire/Documents/Robotica/robotica/ROSberta/build/coverage/build install --record /home/apoire/Documents/Robotica/robotica/ROSberta/build/coverage/install.log --single-version-externally-managed install_data
